#
# A fatal error has been detected by the Java Runtime Environment:
#
#  SIGSEGV (0xb) at pc=0x00007f3e28683b11, pid=31968, tid=139904968627968
#
# JRE version: OpenJDK Runtime Environment (8.0_91-b14) (build 1.8.0_91-8u91-b14-0ubuntu4~14.04-b14)
# Java VM: OpenJDK 64-Bit Server VM (25.91-b14 mixed mode linux-amd64 compressed oops)
# Problematic frame:
# V  [libjvm.so+0x426b11]
#
# Failed to write core dump. Core dumps have been disabled. To enable core dumping, try "ulimit -c unlimited" before starting Java again
#
# If you would like to submit a bug report, please visit:
#   http://bugreport.java.com/bugreport/crash.jsp
#

---------------  T H R E A D  ---------------

Current thread (0x00007f3e2000c800):  JavaThread "main" [_thread_in_vm, id=31969, stack(0x00007f3e29e51000,0x00007f3e29f52000)]

siginfo: si_signo: 11 (SIGSEGV), si_code: 2 (SEGV_ACCERR), si_addr: 0x00007f3e28683993

Registers:
RAX=0x00007f3e28683a10, RBX=0x00007f3e29f492c4, RCX=0x0000000000000021, RDX=0x0000000000000001
RSP=0x00007f3e29f49230, RBP=0x00007f3e29f49260, RSI=0x00007f3e29f492a2, RDI=0x00007f3e29f49a80
R8 =0x00007f3e2000c800, R9 =0x000000000000003b, R10=0x0000000000000000, R11=0x00007f3e29f492a2
R12=0x00007f3e29f492c5, R13=0x00007f3e28c8986c, R14=0x00007f3e29f49a80, R15=0x0000000000000023
RIP=0x00007f3e28683b11, EFLAGS=0x0000000000010246, CSGSFS=0x0000000000000033, ERR=0x0000000000000007
  TRAPNO=0x000000000000000e

Top of Stack: (sp=0x00007f3e29f49230)
0x00007f3e29f49230:   00007f3e29f49260 00007f3e2868bab9
0x00007f3e29f49240:   00007f3e2000c800 00007f3e29f49a80
0x00007f3e29f49250:   00007f3e202eb780 00007f3e20bab370
0x00007f3e29f49260:   00007f3e29f49360 00007f3e28684115
0x00007f3e29f49270:   0000000000000000 0000000000000000
0x00007f3e29f49280:   0000000000000000 0000000000000000
0x00007f3e29f49290:   0000000000000000 00007f3e29f492a2
0x00007f3e29f492a0:   616c6163734c2928 7463656c6665722f
0x00007f3e29f492b0:   616e7265746e692f 2473657079542f6c
0x00007f3e29f492c0:   0000003b65707954 00007f3dd8005b60
0x00007f3e29f492d0:   00007f3e29f49360 00007f3e28687062
0x00007f3e29f492e0:   000000000000000b 00007f3dd8005340
0x00007f3e29f492f0:   00007f3dd8005140 0000000000000000
0x00007f3e29f49300:   00000000000006a0 0000000000000000
0x00007f3e29f49310:   00007f3e29f49360 0000000000000600
0x00007f3e29f49320:   00007f3dd8005b00 9d377e5049faf000
0x00007f3e29f49330:   00007f3e087da830 00007f3e29f49a80
0x00007f3e29f49340:   00007f3e2000c800 00007f3e20009b60
0x00007f3e29f49350:   00007f3e29f49670 00007f3e29f49c60
0x00007f3e29f49360:   00007f3e29f49620 00007f3e28688928
0x00007f3e29f49370:   0000000000000000 00007f3d00000000
0x00007f3e29f49380:   0000000000000000 00007f3e00000000
0x00007f3e29f49390:   0000000000000000 00007f3e00000000
0x00007f3e29f493a0:   0000000000000000 00007f3e00000000
0x00007f3e29f493b0:   0000000000000000 00007f3e00000000
0x00007f3e29f493c0:   00007f3e2000c800 00007f3e28564614
0x00007f3e29f493d0:   00007f3dd8004740 0000005108afa7a8
0x00007f3e29f493e0:   00007f3e29f49550 00007f3e29f49530
0x00007f3e29f493f0:   00007f3e29f49540 00007f3e29f49560
0x00007f3e29f49400:   0000000000000ef0 0000000000000000
0x00007f3e29f49410:   0000000000000000 0000000000000000
0x00007f3e29f49420:   0000000000000000 0000000000000000 

Instructions: (pc=0x00007f3e28683b11)
0x00007f3e28683af1:   83 78 08 00 0f 84 e4 fe ff ff 31 c0 e9 00 ff ff
0x00007f3e28683b01:   ff 66 0f 1f 44 00 00 80 3b 3b 0f 85 ef fe ff ff
0x00007f3e28683b11:   48 83 c4 10 48 8d 43 01 5b 41 5c 41 5d 41 5e 5d
0x00007f3e28683b21:   c3 31 c0 c3 90 66 2e 0f 1f 84 00 00 00 00 00 55 

Register to memory mapping:

RAX=0x00007f3e28683a10: <offset 0x426a10> in /usr/lib/jvm/java-8-openjdk-amd64/jre/lib/amd64/server/libjvm.so at 0x00007f3e2825d000
RBX=0x00007f3e29f492c4 is pointing into the stack for thread: 0x00007f3e2000c800
RCX=0x0000000000000021 is an unknown value
RDX=0x0000000000000001 is an unknown value
RSP=0x00007f3e29f49230 is pointing into the stack for thread: 0x00007f3e2000c800
RBP=0x00007f3e29f49260 is pointing into the stack for thread: 0x00007f3e2000c800
RSI=0x00007f3e29f492a2 is pointing into the stack for thread: 0x00007f3e2000c800
RDI=0x00007f3e29f49a80 is pointing into the stack for thread: 0x00007f3e2000c800
R8 =0x00007f3e2000c800 is a thread
R9 =0x000000000000003b is an unknown value
R10=0x0000000000000000 is an unknown value
R11=0x00007f3e29f492a2 is pointing into the stack for thread: 0x00007f3e2000c800
R12=0x00007f3e29f492c5 is pointing into the stack for thread: 0x00007f3e2000c800
R13=0x00007f3e28c8986c: <offset 0xa2c86c> in /usr/lib/jvm/java-8-openjdk-amd64/jre/lib/amd64/server/libjvm.so at 0x00007f3e2825d000
R14=0x00007f3e29f49a80 is pointing into the stack for thread: 0x00007f3e2000c800
R15=0x0000000000000023 is an unknown value


Stack: [0x00007f3e29e51000,0x00007f3e29f52000],  sp=0x00007f3e29f49230,  free space=992k
Native frames: (J=compiled Java code, j=interpreted, Vv=VM code, C=native code)
V  [libjvm.so+0x426b11]
V  [libjvm.so+0x427115]
V  [libjvm.so+0x42b928]
V  [libjvm.so+0x42c20b]
V  [libjvm.so+0x42d3b3]
V  [libjvm.so+0x9700a6]
V  [libjvm.so+0x670d0c]
V  [libjvm.so+0x6726db]  JVM_DefineClassWithSource+0x9b
C  [libjava.so+0xec6d]  Java_java_lang_ClassLoader_defineClass1+0x16d
J 347  java.lang.ClassLoader.defineClass1(Ljava/lang/String;[BIILjava/security/ProtectionDomain;Ljava/lang/String;)Ljava/lang/Class; (0 bytes) @ 0x00007f3e111f034b [0x00007f3e111f0240+0x10b]
J 300 C1 java.lang.ClassLoader.defineClass(Ljava/lang/String;[BIILjava/security/ProtectionDomain;)Ljava/lang/Class; (43 bytes) @ 0x00007f3e111c9bf4 [0x00007f3e111c9600+0x5f4]
J 215 C1 java.net.URLClassLoader.defineClass(Ljava/lang/String;Lsun/misc/Resource;)Ljava/lang/Class; (142 bytes) @ 0x00007f3e11192534 [0x00007f3e111909a0+0x1b94]
J 158 C1 java.net.URLClassLoader$1.run()Ljava/lang/Class; (63 bytes) @ 0x00007f3e111590bc [0x00007f3e11158de0+0x2dc]
J 157 C1 java.net.URLClassLoader$1.run()Ljava/lang/Object; (5 bytes) @ 0x00007f3e11158a54 [0x00007f3e111589c0+0x94]
v  ~StubRoutines::call_stub
V  [libjvm.so+0x632f7a]
V  [libjvm.so+0x67e5db]  JVM_DoPrivileged+0x54b
J 156  java.security.AccessController.doPrivileged(Ljava/security/PrivilegedExceptionAction;Ljava/security/AccessControlContext;)Ljava/lang/Object; (0 bytes) @ 0x00007f3e111586d5 [0x00007f3e11158600+0xd5]
J 123 C1 java.net.URLClassLoader.findClass(Ljava/lang/String;)Ljava/lang/Class; (47 bytes) @ 0x00007f3e1114632c [0x00007f3e111461a0+0x18c]
j  java.lang.ClassLoader.loadClass(Ljava/lang/String;Z)Ljava/lang/Class;+70
J 217 C1 java.lang.ClassLoader.loadClass(Ljava/lang/String;)Ljava/lang/Class; (7 bytes) @ 0x00007f3e1118ca5c [0x00007f3e1118c940+0x11c]
v  ~StubRoutines::call_stub
V  [libjvm.so+0x632f7a]
V  [libjvm.so+0x630654]
V  [libjvm.so+0x630ca6]
V  [libjvm.so+0x96e178]
V  [libjvm.so+0x96ea26]
V  [libjvm.so+0x96f0be]
V  [libjvm.so+0x42d84a]
V  [libjvm.so+0x9700a6]
V  [libjvm.so+0x670d0c]
V  [libjvm.so+0x6726db]  JVM_DefineClassWithSource+0x9b
C  [libjava.so+0xec6d]  Java_java_lang_ClassLoader_defineClass1+0x16d
J 347  java.lang.ClassLoader.defineClass1(Ljava/lang/String;[BIILjava/security/ProtectionDomain;Ljava/lang/String;)Ljava/lang/Class; (0 bytes) @ 0x00007f3e111f034b [0x00007f3e111f0240+0x10b]
J 300 C1 java.lang.ClassLoader.defineClass(Ljava/lang/String;[BIILjava/security/ProtectionDomain;)Ljava/lang/Class; (43 bytes) @ 0x00007f3e111c9bf4 [0x00007f3e111c9600+0x5f4]
J 215 C1 java.net.URLClassLoader.defineClass(Ljava/lang/String;Lsun/misc/Resource;)Ljava/lang/Class; (142 bytes) @ 0x00007f3e11192534 [0x00007f3e111909a0+0x1b94]
J 158 C1 java.net.URLClassLoader$1.run()Ljava/lang/Class; (63 bytes) @ 0x00007f3e111590bc [0x00007f3e11158de0+0x2dc]
J 157 C1 java.net.URLClassLoader$1.run()Ljava/lang/Object; (5 bytes) @ 0x00007f3e11158a54 [0x00007f3e111589c0+0x94]
v  ~StubRoutines::call_stub
V  [libjvm.so+0x632f7a]
V  [libjvm.so+0x67e5db]  JVM_DoPrivileged+0x54b
J 156  java.security.AccessController.doPrivileged(Ljava/security/PrivilegedExceptionAction;Ljava/security/AccessControlContext;)Ljava/lang/Object; (0 bytes) @ 0x00007f3e111586d5 [0x00007f3e11158600+0xd5]
J 123 C1 java.net.URLClassLoader.findClass(Ljava/lang/String;)Ljava/lang/Class; (47 bytes) @ 0x00007f3e1114632c [0x00007f3e111461a0+0x18c]
j  java.lang.ClassLoader.loadClass(Ljava/lang/String;Z)Ljava/lang/Class;+70
J 217 C1 java.lang.ClassLoader.loadClass(Ljava/lang/String;)Ljava/lang/Class; (7 bytes) @ 0x00007f3e1118ca5c [0x00007f3e1118c940+0x11c]
v  ~StubRoutines::call_stub
V  [libjvm.so+0x632f7a]
V  [libjvm.so+0x630654]
V  [libjvm.so+0x630ca6]
V  [libjvm.so+0x96e178]
V  [libjvm.so+0x96ea26]
V  [libjvm.so+0x96ee88]
V  [libjvm.so+0x4b1c68]
V  [libjvm.so+0x6244bb]
j  scala.reflect.internal.SymbolTable.definitions$lzycompute()Lscala/reflect/internal/Definitions$definitions$;+12
j  scala.reflect.internal.SymbolTable.definitions()Lscala/reflect/internal/Definitions$definitions$;+8
j  scala.reflect.runtime.JavaMirrors$class.init(Lscala/reflect/runtime/SymbolTable;)V+4
j  scala.reflect.runtime.JavaUniverse.init()V+1
j  scala.reflect.runtime.JavaUniverse.<init>()V+41
j  scala.reflect.runtime.package$.universe$lzycompute()Lscala/reflect/api/JavaUniverse;+16
j  scala.reflect.runtime.package$.universe()Lscala/reflect/api/JavaUniverse;+15
j  sbt.Plugins$.hasAutoImportGetter(Lsbt/AutoPlugin;Ljava/lang/ClassLoader;)Z+3
j  sbt.PluginDiscovery$$anonfun$1.apply(Lscala/Tuple2;)Lsbt/DetectedAutoPlugin;+39
j  sbt.PluginDiscovery$$anonfun$1.apply(Ljava/lang/Object;)Ljava/lang/Object;+5
J 758 C1 scala.collection.TraversableLike$$anonfun$map$1.apply(Ljava/lang/Object;)Ljava/lang/Object; (6 bytes) @ 0x00007f3e112b4f04 [0x00007f3e112b4d20+0x1e4]
j  scala.collection.immutable.List.foreach(Lscala/Function1;)V+15
J 842 C1 scala.collection.AbstractTraversable.map(Lscala/Function1;Lscala/collection/generic/CanBuildFrom;)Ljava/lang/Object; (7 bytes) @ 0x00007f3e112e135c [0x00007f3e112e0e00+0x55c]
j  sbt.PluginDiscovery$.discoverAll(Lsbt/PluginData;Ljava/lang/ClassLoader;)Lsbt/DetectedPlugins;+155
j  sbt.Load$.loadPlugins(Ljava/io/File;Lsbt/PluginData;Ljava/lang/ClassLoader;)Lsbt/LoadedPlugins;+12
j  sbt.Load$.loadPluginDefinition(Ljava/io/File;Lsbt/LoadBuildConfiguration;Lsbt/PluginData;)Lsbt/LoadedPlugins;+96
j  sbt.Load$.noPlugins(Ljava/io/File;Lsbt/LoadBuildConfiguration;)Lsbt/LoadedPlugins;+19
j  sbt.Load$.plugins(Ljava/io/File;Lsbt/State;Lsbt/LoadBuildConfiguration;)Lsbt/LoadedPlugins;+29
j  sbt.Load$.loadUnit(Ljava/net/URI;Ljava/io/File;Lsbt/State;Lsbt/LoadBuildConfiguration;)Lsbt/BuildUnit;+167
j  sbt.Load$$anonfun$15$$anonfun$apply$11.apply()Lsbt/BuildUnit;+31
j  sbt.Load$$anonfun$15$$anonfun$apply$11.apply()Ljava/lang/Object;+1
j  sbt.BuildLoader$$anonfun$componentLoader$1$$anonfun$apply$4$$anonfun$apply$5$$anonfun$apply$6.apply()Lsbt/BuildUnit;+4
j  sbt.BuildLoader$$anonfun$componentLoader$1$$anonfun$apply$4$$anonfun$apply$5$$anonfun$apply$6.apply()Ljava/lang/Object;+1
j  sbt.BuildLoader.apply(Ljava/net/URI;)Lsbt/BuildUnit;+53
j  sbt.Load$.loadAll(Lscala/collection/immutable/List;Lscala/collection/immutable/Map;Lsbt/BuildLoader;Lscala/collection/immutable/Map;)Lscala/Tuple3;+65
j  sbt.Load$.loadURI(Ljava/net/URI;Lsbt/BuildLoader;Lscala/collection/immutable/List;)Lsbt/PartBuild;+36
j  sbt.Load$.load(Ljava/io/File;Lsbt/BuildLoader;Lscala/collection/immutable/List;)Lsbt/PartBuild;+10
j  sbt.Load$.load(Ljava/io/File;Lsbt/State;Lsbt/LoadBuildConfiguration;)Lsbt/PartBuild;+126
j  sbt.Load$.apply(Ljava/io/File;Lsbt/State;Lsbt/LoadBuildConfiguration;)Lscala/Tuple2;+27
j  sbt.Load$.buildPluginDefinition(Ljava/io/File;Lsbt/State;Lsbt/LoadBuildConfiguration;)Lsbt/PluginData;+4
j  sbt.Load$.buildPlugins(Ljava/io/File;Lsbt/State;Lsbt/LoadBuildConfiguration;)Lsbt/LoadedPlugins;+7
j  sbt.Load$.plugins(Ljava/io/File;Lsbt/State;Lsbt/LoadBuildConfiguration;)Lsbt/LoadedPlugins;+20
j  sbt.Load$.loadUnit(Ljava/net/URI;Ljava/io/File;Lsbt/State;Lsbt/LoadBuildConfiguration;)Lsbt/BuildUnit;+167
j  sbt.Load$$anonfun$15$$anonfun$apply$11.apply()Lsbt/BuildUnit;+31
j  sbt.Load$$anonfun$15$$anonfun$apply$11.apply()Ljava/lang/Object;+1
j  sbt.BuildLoader$$anonfun$componentLoader$1$$anonfun$apply$4$$anonfun$apply$5$$anonfun$apply$6.apply()Lsbt/BuildUnit;+4
j  sbt.BuildLoader$$anonfun$componentLoader$1$$anonfun$apply$4$$anonfun$apply$5$$anonfun$apply$6.apply()Ljava/lang/Object;+1
j  sbt.BuildLoader.apply(Ljava/net/URI;)Lsbt/BuildUnit;+53
j  sbt.Load$.loadAll(Lscala/collection/immutable/List;Lscala/collection/immutable/Map;Lsbt/BuildLoader;Lscala/collection/immutable/Map;)Lscala/Tuple3;+65
j  sbt.Load$.loadURI(Ljava/net/URI;Lsbt/BuildLoader;Lscala/collection/immutable/List;)Lsbt/PartBuild;+36
j  sbt.Load$.load(Ljava/io/File;Lsbt/BuildLoader;Lscala/collection/immutable/List;)Lsbt/PartBuild;+10
j  sbt.Load$.load(Ljava/io/File;Lsbt/State;Lsbt/LoadBuildConfiguration;)Lsbt/PartBuild;+126
j  sbt.Load$.apply(Ljava/io/File;Lsbt/State;Lsbt/LoadBuildConfiguration;)Lscala/Tuple2;+27
j  sbt.Load$.defaultLoad(Lsbt/State;Ljava/io/File;Lsbt/Logger;ZLscala/collection/immutable/List;)Lscala/Tuple2;+204
j  sbt.BuiltinCommands$.doLoadProject(Lsbt/State;Lscala/Enumeration$Value;)Lsbt/State;+154
j  sbt.BuiltinCommands$$anonfun$loadProjectImpl$2.apply(Lsbt/State;Lscala/Enumeration$Value;)Lsbt/State;+5
...<more frames>...

Java frames: (J=compiled Java code, j=interpreted, Vv=VM code)
J 347  java.lang.ClassLoader.defineClass1(Ljava/lang/String;[BIILjava/security/ProtectionDomain;Ljava/lang/String;)Ljava/lang/Class; (0 bytes) @ 0x00007f3e111f02d1 [0x00007f3e111f0240+0x91]
J 300 C1 java.lang.ClassLoader.defineClass(Ljava/lang/String;[BIILjava/security/ProtectionDomain;)Ljava/lang/Class; (43 bytes) @ 0x00007f3e111c9bf4 [0x00007f3e111c9600+0x5f4]
J 215 C1 java.net.URLClassLoader.defineClass(Ljava/lang/String;Lsun/misc/Resource;)Ljava/lang/Class; (142 bytes) @ 0x00007f3e11192534 [0x00007f3e111909a0+0x1b94]
J 158 C1 java.net.URLClassLoader$1.run()Ljava/lang/Class; (63 bytes) @ 0x00007f3e111590bc [0x00007f3e11158de0+0x2dc]
J 157 C1 java.net.URLClassLoader$1.run()Ljava/lang/Object; (5 bytes) @ 0x00007f3e11158a54 [0x00007f3e111589c0+0x94]
v  ~StubRoutines::call_stub
J 156  java.security.AccessController.doPrivileged(Ljava/security/PrivilegedExceptionAction;Ljava/security/AccessControlContext;)Ljava/lang/Object; (0 bytes) @ 0x00007f3e11158663 [0x00007f3e11158600+0x63]
J 123 C1 java.net.URLClassLoader.findClass(Ljava/lang/String;)Ljava/lang/Class; (47 bytes) @ 0x00007f3e1114632c [0x00007f3e111461a0+0x18c]
j  java.lang.ClassLoader.loadClass(Ljava/lang/String;Z)Ljava/lang/Class;+70
J 217 C1 java.lang.ClassLoader.loadClass(Ljava/lang/String;)Ljava/lang/Class; (7 bytes) @ 0x00007f3e1118ca5c [0x00007f3e1118c940+0x11c]
v  ~StubRoutines::call_stub
J 347  java.lang.ClassLoader.defineClass1(Ljava/lang/String;[BIILjava/security/ProtectionDomain;Ljava/lang/String;)Ljava/lang/Class; (0 bytes) @ 0x00007f3e111f02d1 [0x00007f3e111f0240+0x91]
J 300 C1 java.lang.ClassLoader.defineClass(Ljava/lang/String;[BIILjava/security/ProtectionDomain;)Ljava/lang/Class; (43 bytes) @ 0x00007f3e111c9bf4 [0x00007f3e111c9600+0x5f4]
J 215 C1 java.net.URLClassLoader.defineClass(Ljava/lang/String;Lsun/misc/Resource;)Ljava/lang/Class; (142 bytes) @ 0x00007f3e11192534 [0x00007f3e111909a0+0x1b94]
J 158 C1 java.net.URLClassLoader$1.run()Ljava/lang/Class; (63 bytes) @ 0x00007f3e111590bc [0x00007f3e11158de0+0x2dc]
J 157 C1 java.net.URLClassLoader$1.run()Ljava/lang/Object; (5 bytes) @ 0x00007f3e11158a54 [0x00007f3e111589c0+0x94]
v  ~StubRoutines::call_stub
J 156  java.security.AccessController.doPrivileged(Ljava/security/PrivilegedExceptionAction;Ljava/security/AccessControlContext;)Ljava/lang/Object; (0 bytes) @ 0x00007f3e11158663 [0x00007f3e11158600+0x63]
J 123 C1 java.net.URLClassLoader.findClass(Ljava/lang/String;)Ljava/lang/Class; (47 bytes) @ 0x00007f3e1114632c [0x00007f3e111461a0+0x18c]
j  java.lang.ClassLoader.loadClass(Ljava/lang/String;Z)Ljava/lang/Class;+70
J 217 C1 java.lang.ClassLoader.loadClass(Ljava/lang/String;)Ljava/lang/Class; (7 bytes) @ 0x00007f3e1118ca5c [0x00007f3e1118c940+0x11c]
v  ~StubRoutines::call_stub
j  scala.reflect.internal.SymbolTable.definitions$lzycompute()Lscala/reflect/internal/Definitions$definitions$;+12
j  scala.reflect.internal.SymbolTable.definitions()Lscala/reflect/internal/Definitions$definitions$;+8
j  scala.reflect.runtime.JavaMirrors$class.init(Lscala/reflect/runtime/SymbolTable;)V+4
j  scala.reflect.runtime.JavaUniverse.init()V+1
j  scala.reflect.runtime.JavaUniverse.<init>()V+41
j  scala.reflect.runtime.package$.universe$lzycompute()Lscala/reflect/api/JavaUniverse;+16
j  scala.reflect.runtime.package$.universe()Lscala/reflect/api/JavaUniverse;+15
j  sbt.Plugins$.hasAutoImportGetter(Lsbt/AutoPlugin;Ljava/lang/ClassLoader;)Z+3
j  sbt.PluginDiscovery$$anonfun$1.apply(Lscala/Tuple2;)Lsbt/DetectedAutoPlugin;+39
j  sbt.PluginDiscovery$$anonfun$1.apply(Ljava/lang/Object;)Ljava/lang/Object;+5
J 758 C1 scala.collection.TraversableLike$$anonfun$map$1.apply(Ljava/lang/Object;)Ljava/lang/Object; (6 bytes) @ 0x00007f3e112b4f04 [0x00007f3e112b4d20+0x1e4]
j  scala.collection.immutable.List.foreach(Lscala/Function1;)V+15
J 842 C1 scala.collection.AbstractTraversable.map(Lscala/Function1;Lscala/collection/generic/CanBuildFrom;)Ljava/lang/Object; (7 bytes) @ 0x00007f3e112e135c [0x00007f3e112e0e00+0x55c]
j  sbt.PluginDiscovery$.discoverAll(Lsbt/PluginData;Ljava/lang/ClassLoader;)Lsbt/DetectedPlugins;+155
j  sbt.Load$.loadPlugins(Ljava/io/File;Lsbt/PluginData;Ljava/lang/ClassLoader;)Lsbt/LoadedPlugins;+12
j  sbt.Load$.loadPluginDefinition(Ljava/io/File;Lsbt/LoadBuildConfiguration;Lsbt/PluginData;)Lsbt/LoadedPlugins;+96
j  sbt.Load$.noPlugins(Ljava/io/File;Lsbt/LoadBuildConfiguration;)Lsbt/LoadedPlugins;+19
j  sbt.Load$.plugins(Ljava/io/File;Lsbt/State;Lsbt/LoadBuildConfiguration;)Lsbt/LoadedPlugins;+29
j  sbt.Load$.loadUnit(Ljava/net/URI;Ljava/io/File;Lsbt/State;Lsbt/LoadBuildConfiguration;)Lsbt/BuildUnit;+167
j  sbt.Load$$anonfun$15$$anonfun$apply$11.apply()Lsbt/BuildUnit;+31
j  sbt.Load$$anonfun$15$$anonfun$apply$11.apply()Ljava/lang/Object;+1
j  sbt.BuildLoader$$anonfun$componentLoader$1$$anonfun$apply$4$$anonfun$apply$5$$anonfun$apply$6.apply()Lsbt/BuildUnit;+4
j  sbt.BuildLoader$$anonfun$componentLoader$1$$anonfun$apply$4$$anonfun$apply$5$$anonfun$apply$6.apply()Ljava/lang/Object;+1
j  sbt.BuildLoader.apply(Ljava/net/URI;)Lsbt/BuildUnit;+53
j  sbt.Load$.loadAll(Lscala/collection/immutable/List;Lscala/collection/immutable/Map;Lsbt/BuildLoader;Lscala/collection/immutable/Map;)Lscala/Tuple3;+65
j  sbt.Load$.loadURI(Ljava/net/URI;Lsbt/BuildLoader;Lscala/collection/immutable/List;)Lsbt/PartBuild;+36
j  sbt.Load$.load(Ljava/io/File;Lsbt/BuildLoader;Lscala/collection/immutable/List;)Lsbt/PartBuild;+10
j  sbt.Load$.load(Ljava/io/File;Lsbt/State;Lsbt/LoadBuildConfiguration;)Lsbt/PartBuild;+126
j  sbt.Load$.apply(Ljava/io/File;Lsbt/State;Lsbt/LoadBuildConfiguration;)Lscala/Tuple2;+27
j  sbt.Load$.buildPluginDefinition(Ljava/io/File;Lsbt/State;Lsbt/LoadBuildConfiguration;)Lsbt/PluginData;+4
j  sbt.Load$.buildPlugins(Ljava/io/File;Lsbt/State;Lsbt/LoadBuildConfiguration;)Lsbt/LoadedPlugins;+7
j  sbt.Load$.plugins(Ljava/io/File;Lsbt/State;Lsbt/LoadBuildConfiguration;)Lsbt/LoadedPlugins;+20
j  sbt.Load$.loadUnit(Ljava/net/URI;Ljava/io/File;Lsbt/State;Lsbt/LoadBuildConfiguration;)Lsbt/BuildUnit;+167
j  sbt.Load$$anonfun$15$$anonfun$apply$11.apply()Lsbt/BuildUnit;+31
j  sbt.Load$$anonfun$15$$anonfun$apply$11.apply()Ljava/lang/Object;+1
j  sbt.BuildLoader$$anonfun$componentLoader$1$$anonfun$apply$4$$anonfun$apply$5$$anonfun$apply$6.apply()Lsbt/BuildUnit;+4
j  sbt.BuildLoader$$anonfun$componentLoader$1$$anonfun$apply$4$$anonfun$apply$5$$anonfun$apply$6.apply()Ljava/lang/Object;+1
j  sbt.BuildLoader.apply(Ljava/net/URI;)Lsbt/BuildUnit;+53
j  sbt.Load$.loadAll(Lscala/collection/immutable/List;Lscala/collection/immutable/Map;Lsbt/BuildLoader;Lscala/collection/immutable/Map;)Lscala/Tuple3;+65
j  sbt.Load$.loadURI(Ljava/net/URI;Lsbt/BuildLoader;Lscala/collection/immutable/List;)Lsbt/PartBuild;+36
j  sbt.Load$.load(Ljava/io/File;Lsbt/BuildLoader;Lscala/collection/immutable/List;)Lsbt/PartBuild;+10
j  sbt.Load$.load(Ljava/io/File;Lsbt/State;Lsbt/LoadBuildConfiguration;)Lsbt/PartBuild;+126
j  sbt.Load$.apply(Ljava/io/File;Lsbt/State;Lsbt/LoadBuildConfiguration;)Lscala/Tuple2;+27
j  sbt.Load$.defaultLoad(Lsbt/State;Ljava/io/File;Lsbt/Logger;ZLscala/collection/immutable/List;)Lscala/Tuple2;+204
j  sbt.BuiltinCommands$.doLoadProject(Lsbt/State;Lscala/Enumeration$Value;)Lsbt/State;+154
j  sbt.BuiltinCommands$$anonfun$loadProjectImpl$2.apply(Lsbt/State;Lscala/Enumeration$Value;)Lsbt/State;+5
j  sbt.BuiltinCommands$$anonfun$loadProjectImpl$2.apply(Ljava/lang/Object;Ljava/lang/Object;)Ljava/lang/Object;+9
j  sbt.Command$$anonfun$applyEffect$1$$anonfun$apply$2.apply(Ljava/lang/Object;)Lsbt/State;+12
j  sbt.Command$$anonfun$applyEffect$1$$anonfun$apply$2.apply(Ljava/lang/Object;)Ljava/lang/Object;+2
j  sbt.Command$$anonfun$applyEffect$2$$anonfun$apply$3.apply()Lsbt/State;+11
j  sbt.Command$$anonfun$applyEffect$2$$anonfun$apply$3.apply()Ljava/lang/Object;+1
j  sbt.Command$.process(Ljava/lang/String;Lsbt/State;)Lsbt/State;+55
j  sbt.MainLoop$$anonfun$1$$anonfun$apply$1.apply(Ljava/lang/String;Lsbt/State;)Lsbt/State;+5
j  sbt.MainLoop$$anonfun$1$$anonfun$apply$1.apply(Ljava/lang/Object;Ljava/lang/Object;)Ljava/lang/Object;+9
j  sbt.State$$anon$1.process(Lscala/Function2;)Lsbt/State;+270
j  sbt.MainLoop$$anonfun$1.apply()Lsbt/State;+18
j  sbt.MainLoop$$anonfun$1.apply()Ljava/lang/Object;+1
j  sbt.ErrorHandling$.wideConvert(Lscala/Function0;)Lscala/util/Either;+7
j  sbt.MainLoop$.next(Lsbt/State;)Lsbt/State;+17
j  sbt.MainLoop$.run(Lsbt/State;)Lsbt/MainLoop$RunNext;+34
j  sbt.MainLoop$$anonfun$runWithNewLog$1.apply(Ljava/io/BufferedWriter;)Lsbt/MainLoop$RunNext;+151
j  sbt.MainLoop$$anonfun$runWithNewLog$1.apply(Ljava/lang/Object;)Ljava/lang/Object;+5
j  sbt.Using.apply(Ljava/lang/Object;Lscala/Function1;)Ljava/lang/Object;+8
j  sbt.MainLoop$.runWithNewLog(Lsbt/State;Lsbt/GlobalLogBacking;)Lsbt/MainLoop$RunNext;+35
j  sbt.MainLoop$.runAndClearLast(Lsbt/State;Lsbt/GlobalLogBacking;)Lsbt/MainLoop$RunNext;+3
j  sbt.MainLoop$.runLoggedLoop(Lsbt/State;Lsbt/GlobalLogBacking;)Lxsbti/MainResult;+3
j  sbt.MainLoop$.runLogged(Lsbt/State;)Lxsbti/MainResult;+31
j  sbt.StandardMain$.runManaged(Lsbt/State;)Lxsbti/MainResult;+11
j  sbt.xMain.run(Lxsbti/AppConfiguration;)Lxsbti/MainResult;+100
j  xsbt.boot.Launch$$anonfun$run$1.apply()Ljava/lang/Object;+10
j  xsbt.boot.Launch$.withContextLoader(Ljava/lang/ClassLoader;Lscala/Function0;)Ljava/lang/Object;+15
j  xsbt.boot.Launch$.run(Lxsbti/Launcher;Lxsbt/boot/RunConfiguration;)Lxsbti/MainResult;+97
j  xsbt.boot.Launch$$anonfun$apply$1.apply(Ljava/lang/Object;)Ljava/lang/Object;+16
j  xsbt.boot.Launch$.launch(Lscala/Function1;Lxsbt/boot/RunConfiguration;)Lscala/Option;+2
j  xsbt.boot.Launch$.apply(Lxsbt/boot/LauncherArguments;)Lscala/Option;+876
j  xsbt.boot.Boot$.runImpl(Lxsbt/boot/LauncherArguments;)Lscala/Option;+4
j  xsbt.boot.Boot$.main([Ljava/lang/String;)V+291
j  xsbt.boot.Boot.main([Ljava/lang/String;)V+4
v  ~StubRoutines::call_stub

---------------  P R O C E S S  ---------------

Java Threads: ( => current thread )
  0x00007f3e20732800 JavaThread "process reaper" daemon [_thread_blocked, id=32010, stack(0x00007f3e08f9f000,0x00007f3e08fd8000)]
  0x00007f3e200db800 JavaThread "Service Thread" daemon [_thread_blocked, id=31986, stack(0x00007f3e098f9000,0x00007f3e099fa000)]
  0x00007f3e200c6000 JavaThread "C1 CompilerThread2" daemon [_thread_blocked, id=31985, stack(0x00007f3e099fa000,0x00007f3e09afb000)]
  0x00007f3e200c4000 JavaThread "C2 CompilerThread1" daemon [_thread_blocked, id=31984, stack(0x00007f3e09afb000,0x00007f3e09bfc000)]
  0x00007f3e200c1800 JavaThread "C2 CompilerThread0" daemon [_thread_blocked, id=31983, stack(0x00007f3e09bfc000,0x00007f3e09cfd000)]
  0x00007f3de4001000 JavaThread "JDWP Command Reader" daemon [_thread_in_native, id=31980, stack(0x00007f3e09cfd000,0x00007f3e09dfe000)]
  0x00007f3e200bf000 JavaThread "JDWP Event Helper Thread" daemon [_thread_blocked, id=31979, stack(0x00007f3e09dfe000,0x00007f3e09eff000)]
  0x00007f3e200bb800 JavaThread "JDWP Transport Listener: dt_socket" daemon [_thread_blocked, id=31978, stack(0x00007f3e09eff000,0x00007f3e0a000000)]
  0x00007f3e200ac800 JavaThread "Signal Dispatcher" daemon [_thread_blocked, id=31977, stack(0x00007f3e102f3000,0x00007f3e103f4000)]
  0x00007f3e20086000 JavaThread "Finalizer" daemon [_thread_blocked, id=31976, stack(0x00007f3e103f4000,0x00007f3e104f5000)]
  0x00007f3e20081800 JavaThread "Reference Handler" daemon [_thread_blocked, id=31975, stack(0x00007f3e104f5000,0x00007f3e105f6000)]
=>0x00007f3e2000c800 JavaThread "main" [_thread_in_vm, id=31969, stack(0x00007f3e29e51000,0x00007f3e29f52000)]

Other Threads:
  0x00007f3e2007a000 VMThread [stack: 0x00007f3e105f6000,0x00007f3e106f7000] [id=31974]
  0x00007f3e200de000 WatcherThread [stack: 0x00007f3e097f8000,0x00007f3e098f9000] [id=31987]

VM state:not at safepoint (normal execution)

VM Mutex/Monitor currently owned by a thread: None

Heap:
 PSYoungGen      total 153088K, used 84545K [0x00000000eab00000, 0x00000000f5580000, 0x0000000100000000)
  eden space 131584K, 64% used [0x00000000eab00000,0x00000000efd90538,0x00000000f2b80000)
  from space 21504K, 0% used [0x00000000f4080000,0x00000000f4080000,0x00000000f5580000)
  to   space 21504K, 0% used [0x00000000f2b80000,0x00000000f2b80000,0x00000000f4080000)
 ParOldGen       total 349696K, used 0K [0x00000000c0000000, 0x00000000d5580000, 0x00000000eab00000)
  object space 349696K, 0% used [0x00000000c0000000,0x00000000c0000000,0x00000000d5580000)
 Metaspace       used 19768K, capacity 19992K, committed 20096K, reserved 1067008K
  class space    used 3261K, capacity 3374K, committed 3456K, reserved 1048576K

Card table byte_map: [0x00007f3e258ce000,0x00007f3e25acf000] byte_map_base: 0x00007f3e252ce000

Marking Bits: (ParMarkBitMap*) 0x00007f3e29127080
 Begin Bits: [0x00007f3e0a000000, 0x00007f3e0b000000)
 End Bits:   [0x00007f3e0b000000, 0x00007f3e0c000000)

Polling page: 0x00007f3e29f72000

CodeCache: size=245760Kb used=3403Kb max_used=3424Kb free=242357Kb
 bounds [0x00007f3e11000000, 0x00007f3e11360000, 0x00007f3e20000000]
 total_blobs=1389 nmethods=1046 adapters=265
 compilation: enabled

Compilation events (10 events):
Event: 2.951 Thread 0x00007f3e200c6000 nmethod 1042 0x00007f3e1134ca50 code [0x00007f3e1134cc00, 0x00007f3e1134d2a8]
Event: 2.951 Thread 0x00007f3e200c6000 1043       3       scala.reflect.internal.Names$Name::<init> (16 bytes)
Event: 2.952 Thread 0x00007f3e200c6000 nmethod 1043 0x00007f3e1134d690 code [0x00007f3e1134d820, 0x00007f3e1134db68]
Event: 2.965 Thread 0x00007f3e200c4000 1044       4       java.lang.Object::equals (11 bytes)
Event: 2.966 Thread 0x00007f3e200c4000 nmethod 1044 0x00007f3e113509d0 code [0x00007f3e11350b20, 0x00007f3e11350b98]
Event: 2.968 Thread 0x00007f3e200c4000 1045       4       java.lang.ref.Finalizer::register (10 bytes)
Event: 2.971 Thread 0x00007f3e200c4000 nmethod 1045 0x00007f3e1134ee90 code [0x00007f3e1134f000, 0x00007f3e1134f378]
Event: 2.974 Thread 0x00007f3e200c1800 nmethod 1022 0x00007f3e11356a90 code [0x00007f3e11356d80, 0x00007f3e11359a10]
Event: 2.986 Thread 0x00007f3e200c6000 1046       1       java.security.Permission::getName (5 bytes)
Event: 2.986 Thread 0x00007f3e200c6000 nmethod 1046 0x00007f3e1134e9d0 code [0x00007f3e1134eb20, 0x00007f3e1134ec30]

GC Heap History (0 events):
No events

Deoptimization events (5 events):
Event: 1.613 Thread 0x00007f3e2000c800 Uncommon trap: reason=unstable_if action=reinterpret pc=0x00007f3e1114afa0 method=java.lang.String.indexOf(II)I @ 49
Event: 2.140 Thread 0x00007f3e2000c800 Uncommon trap: reason=unstable_if action=reinterpret pc=0x00007f3e111f53fc method=java.lang.String.startsWith(Ljava/lang/String;I)Z @ 25
Event: 2.294 Thread 0x00007f3e2000c800 Uncommon trap: reason=unstable_if action=reinterpret pc=0x00007f3e111b8ee8 method=java.lang.String.indexOf([CII[CIII)I @ 3
Event: 2.313 Thread 0x00007f3e2000c800 Uncommon trap: reason=unstable_if action=reinterpret pc=0x00007f3e11201808 method=java.lang.CharacterDataLatin1.toUpperCase(I)I @ 12
Event: 2.772 Thread 0x00007f3e2000c800 Uncommon trap: reason=unstable_if action=reinterpret pc=0x00007f3e111f93cc method=sun.net.www.ParseUtil.encodePath(Ljava/lang/String;Z)Ljava/lang/String; @ 109

Internal exceptions (10 events):
Event: 1.605 Thread 0x00007f3e2000c800 Exception <a 'java/security/PrivilegedActionException'> (0x00000000eb3e0788) thrown at [/build/openjdk-8-vT_67x/openjdk-8-8u91-b14/src/hotspot/src/share/vm/prims/jvm.cpp, line 1386]
Event: 1.605 Thread 0x00007f3e2000c800 Exception <a 'java/security/PrivilegedActionException'> (0x00000000eb3e0998) thrown at [/build/openjdk-8-vT_67x/openjdk-8-8u91-b14/src/hotspot/src/share/vm/prims/jvm.cpp, line 1386]
Event: 1.606 Thread 0x00007f3e2000c800 Exception <a 'java/security/PrivilegedActionException'> (0x00000000eb3e2a00) thrown at [/build/openjdk-8-vT_67x/openjdk-8-8u91-b14/src/hotspot/src/share/vm/prims/jvm.cpp, line 1386]
Event: 1.606 Thread 0x00007f3e2000c800 Exception <a 'java/security/PrivilegedActionException'> (0x00000000eb3e2c10) thrown at [/build/openjdk-8-vT_67x/openjdk-8-8u91-b14/src/hotspot/src/share/vm/prims/jvm.cpp, line 1386]
Event: 1.606 Thread 0x00007f3e2000c800 Exception <a 'java/security/PrivilegedActionException'> (0x00000000eb3e36e0) thrown at [/build/openjdk-8-vT_67x/openjdk-8-8u91-b14/src/hotspot/src/share/vm/prims/jvm.cpp, line 1386]
Event: 1.606 Thread 0x00007f3e2000c800 Exception <a 'java/security/PrivilegedActionException'> (0x00000000eb3e38f0) thrown at [/build/openjdk-8-vT_67x/openjdk-8-8u91-b14/src/hotspot/src/share/vm/prims/jvm.cpp, line 1386]
Event: 2.174 Thread 0x00007f3e2000c800 Exception <a 'java/io/FileNotFoundException'> (0x00000000ecf47a98) thrown at [/build/openjdk-8-vT_67x/openjdk-8-8u91-b14/src/hotspot/src/share/vm/prims/jni.cpp, line 709]
Event: 2.236 Thread 0x00007f3e2000c800 Exception <a 'java/lang/NoSuchFieldError': method resolution failed> (0x00000000ed040720) thrown at [/build/openjdk-8-vT_67x/openjdk-8-8u91-b14/src/hotspot/src/share/vm/prims/methodHandles.cpp, line 1146]
Event: 2.239 Thread 0x00007f3e2000c800 Exception <a 'java/lang/NoSuchFieldError': method resolution failed> (0x00000000ed04de90) thrown at [/build/openjdk-8-vT_67x/openjdk-8-8u91-b14/src/hotspot/src/share/vm/prims/methodHandles.cpp, line 1146]
Event: 2.318 Thread 0x00007f3e2000c800 Exception <a 'java/io/FileNotFoundException'> (0x00000000ed48f458) thrown at [/build/openjdk-8-vT_67x/openjdk-8-8u91-b14/src/hotspot/src/share/vm/prims/jni.cpp, line 709]

Events (10 events):
Event: 2.991 Thread 0x00007f3e2000c800 DEOPT PACKING pc=0x00007f3e1132f770 sp=0x00007f3e29f4d050
Event: 2.991 Thread 0x00007f3e2000c800 DEOPT UNPACKING pc=0x00007f3e11047373 sp=0x00007f3e29f4cd90 mode 1
Event: 2.991 Thread 0x00007f3e2000c800 DEOPT PACKING pc=0x00007f3e111e4fe1 sp=0x00007f3e29f4b020
Event: 2.991 Thread 0x00007f3e2000c800 DEOPT UNPACKING pc=0x00007f3e11047373 sp=0x00007f3e29f4ad98 mode 1
Event: 2.991 Thread 0x00007f3e2000c800 DEOPT PACKING pc=0x00007f3e1132f770 sp=0x00007f3e29f4b0a0
Event: 2.991 Thread 0x00007f3e2000c800 DEOPT UNPACKING pc=0x00007f3e11047373 sp=0x00007f3e29f4ade0 mode 1
Event: 2.994 Thread 0x00007f3e2000c800 DEOPT PACKING pc=0x00007f3e111e4fe1 sp=0x00007f3e29f48fd0
Event: 2.994 Thread 0x00007f3e2000c800 DEOPT UNPACKING pc=0x00007f3e11047373 sp=0x00007f3e29f48d48 mode 1
Event: 2.994 Thread 0x00007f3e2000c800 DEOPT PACKING pc=0x00007f3e1132f770 sp=0x00007f3e29f49050
Event: 2.994 Thread 0x00007f3e2000c800 DEOPT UNPACKING pc=0x00007f3e11047373 sp=0x00007f3e29f48d90 mode 1


Dynamic libraries:
00400000-00401000 r-xp 00000000 08:06 3504                               /usr/lib/jvm/java-8-openjdk-amd64/jre/bin/java
00600000-00601000 r--p 00000000 08:06 3504                               /usr/lib/jvm/java-8-openjdk-amd64/jre/bin/java
00601000-00602000 rw-p 00001000 08:06 3504                               /usr/lib/jvm/java-8-openjdk-amd64/jre/bin/java
025c6000-025e7000 rw-p 00000000 00:00 0                                  [heap]
c0000000-d5580000 rw-p 00000000 00:00 0 
d5580000-eab00000 ---p 00000000 00:00 0 
eab00000-f5580000 rw-p 00000000 00:00 0 
f5580000-100000000 ---p 00000000 00:00 0 
100000000-100360000 rw-p 00000000 00:00 0 
100360000-140000000 ---p 00000000 00:00 0 
7f3dc4000000-7f3dc4021000 rw-p 00000000 00:00 0 
7f3dc4021000-7f3dc8000000 ---p 00000000 00:00 0 
7f3dcc000000-7f3dcc021000 rw-p 00000000 00:00 0 
7f3dcc021000-7f3dd0000000 ---p 00000000 00:00 0 
7f3dd0000000-7f3dd0021000 rw-p 00000000 00:00 0 
7f3dd0021000-7f3dd4000000 ---p 00000000 00:00 0 
7f3dd4000000-7f3dd41c6000 rw-p 00000000 00:00 0 
7f3dd41c6000-7f3dd8000000 ---p 00000000 00:00 0 
7f3dd8000000-7f3dd81f8000 rw-p 00000000 00:00 0 
7f3dd81f8000-7f3ddc000000 ---p 00000000 00:00 0 
7f3ddc000000-7f3ddc021000 rw-p 00000000 00:00 0 
7f3ddc021000-7f3de0000000 ---p 00000000 00:00 0 
7f3de0000000-7f3de01a6000 rw-p 00000000 00:00 0 
7f3de01a6000-7f3de4000000 ---p 00000000 00:00 0 
7f3de4000000-7f3de4021000 rw-p 00000000 00:00 0 
7f3de4021000-7f3de8000000 ---p 00000000 00:00 0 
7f3de8000000-7f3de803c000 rw-p 00000000 00:00 0 
7f3de803c000-7f3dec000000 ---p 00000000 00:00 0 
7f3dec000000-7f3dec021000 rw-p 00000000 00:00 0 
7f3dec021000-7f3df0000000 ---p 00000000 00:00 0 
7f3df0000000-7f3df0021000 rw-p 00000000 00:00 0 
7f3df0021000-7f3df4000000 ---p 00000000 00:00 0 
7f3df4000000-7f3df4021000 rw-p 00000000 00:00 0 
7f3df4021000-7f3df8000000 ---p 00000000 00:00 0 
7f3df8000000-7f3df8021000 rw-p 00000000 00:00 0 
7f3df8021000-7f3dfc000000 ---p 00000000 00:00 0 
7f3dfc000000-7f3dfc021000 rw-p 00000000 00:00 0 
7f3dfc021000-7f3e00000000 ---p 00000000 00:00 0 
7f3e00000000-7f3e00021000 rw-p 00000000 00:00 0 
7f3e00021000-7f3e04000000 ---p 00000000 00:00 0 
7f3e04000000-7f3e04021000 rw-p 00000000 00:00 0 
7f3e04021000-7f3e08000000 ---p 00000000 00:00 0 
7f3e0879a000-7f3e087db000 rw-p 00000000 00:00 0 
7f3e087db000-7f3e0899b000 ---p 00000000 00:00 0 
7f3e0899b000-7f3e08b9b000 rw-p 00000000 00:00 0 
7f3e08b9b000-7f3e08d9b000 rw-p 00000000 00:00 0 
7f3e08d9b000-7f3e08f9b000 rw-p 00000000 00:00 0 
7f3e08f9b000-7f3e08f9f000 r--s 00097000 08:06 38160                      /usr/lib/jvm/java-8-openjdk-amd64/jre/lib/jsse.jar
7f3e08f9f000-7f3e08fa2000 ---p 00000000 00:00 0 
7f3e08fa2000-7f3e08fd8000 rw-p 00000000 00:00 0                          [stack:32010]
7f3e08fd8000-7f3e08fda000 r--s 0000b000 08:06 589794                     /home/nivas/.sbt/boot/scala-2.10.4/org.scala-sbt/sbt/0.13.5/xsbti/interface-0.13.5.jar
7f3e08fda000-7f3e08fef000 r--s 00116000 08:06 589799                     /home/nivas/.sbt/boot/scala-2.10.4/org.scala-sbt/sbt/0.13.5/ivy-2.3.0.jar
7f3e08fef000-7f3e091ef000 rw-p 00000000 00:00 0 
7f3e091ef000-7f3e091f2000 r--s 00018000 08:06 589804                     /home/nivas/.sbt/boot/scala-2.10.4/org.scala-sbt/sbt/0.13.5/logging-0.13.5.jar
7f3e091f2000-7f3e091f9000 r--s 00049000 08:06 589816                     /home/nivas/.sbt/boot/scala-2.10.4/org.scala-sbt/sbt/0.13.5/api-0.13.5.jar
7f3e091f9000-7f3e091fc000 r--s 0000e000 08:06 589802                     /home/nivas/.sbt/boot/scala-2.10.4/org.scala-sbt/sbt/0.13.5/compiler-integration-0.13.5.jar
7f3e091fc000-7f3e091fe000 r--s 00014000 08:06 589811                     /home/nivas/.sbt/boot/scala-2.10.4/org.scala-sbt/sbt/0.13.5/apply-macro-0.13.5.jar
7f3e091fe000-7f3e09202000 r--s 00024000 08:06 589806                     /home/nivas/.sbt/boot/scala-2.10.4/org.scala-sbt/sbt/0.13.5/persist-0.13.5.jar
7f3e09202000-7f3e09204000 r--s 00001000 08:06 589795                     /home/nivas/.sbt/boot/scala-2.10.4/org.scala-sbt/sbt/0.13.5/launcher-interface-0.13.5.jar
7f3e09204000-7f3e09207000 r--s 0001a000 08:06 589803                     /home/nivas/.sbt/boot/scala-2.10.4/org.scala-sbt/sbt/0.13.5/cache-0.13.5.jar
7f3e09207000-7f3e09208000 r--s 00005000 08:06 591037                     /home/nivas/.sbt/boot/scala-2.10.4/org.scala-sbt/sbt/0.13.5/test-agent-0.13.5.jar
7f3e09208000-7f3e0920a000 r--s 00001000 08:06 589808                     /home/nivas/.sbt/boot/scala-2.10.4/org.scala-sbt/sbt/0.13.5/compiler-ivy-integration-0.13.5.jar
7f3e0920a000-7f3e09215000 r--s 000a3000 08:06 589820                     /home/nivas/.sbt/boot/scala-2.10.4/org.scala-sbt/sbt/0.13.5/ivy-0.13.5.jar
7f3e09215000-7f3e09219000 r--s 0001b000 08:06 591035                     /home/nivas/.sbt/boot/scala-2.10.4/org.scala-sbt/sbt/0.13.5/process-0.13.5.jar
7f3e09219000-7f3e09221000 r--s 0005c000 08:06 589817                     /home/nivas/.sbt/boot/scala-2.10.4/org.scala-sbt/sbt/0.13.5/collections-0.13.5.jar
7f3e09221000-7f3e09229000 r--s 0005e000 08:06 591027                     /home/nivas/.sbt/boot/scala-2.10.4/org.scala-sbt/sbt/0.13.5/incremental-compiler-0.13.5.jar
7f3e09229000-7f3e0925f000 r--s 002d9000 08:06 589792                     /home/nivas/.sbt/boot/scala-2.10.4/org.scala-sbt/sbt/0.13.5/scala-reflect-2.10.4.jar
7f3e0925f000-7f3e092d1000 r--s 0065a000 08:06 591040                     /home/nivas/.sbt/boot/scala-2.10.4/lib/scala-library.jar
7f3e092d1000-7f3e093ce000 r--s 00cca000 08:06 591044                     /home/nivas/.sbt/boot/scala-2.10.4/lib/scala-compiler.jar
7f3e093ce000-7f3e093df000 r-xp 00000000 08:06 38127                      /usr/lib/jvm/java-8-openjdk-amd64/jre/lib/amd64/libnio.so
7f3e093df000-7f3e095de000 ---p 00011000 08:06 38127                      /usr/lib/jvm/java-8-openjdk-amd64/jre/lib/amd64/libnio.so
7f3e095de000-7f3e095df000 r--p 00010000 08:06 38127                      /usr/lib/jvm/java-8-openjdk-amd64/jre/lib/amd64/libnio.so
7f3e095df000-7f3e095e0000 rw-p 00011000 08:06 38127                      /usr/lib/jvm/java-8-openjdk-amd64/jre/lib/amd64/libnio.so
7f3e095e0000-7f3e095f6000 r-xp 00000000 08:06 10055                      /usr/lib/jvm/java-8-openjdk-amd64/jre/lib/amd64/libnet.so
7f3e095f6000-7f3e097f6000 ---p 00016000 08:06 10055                      /usr/lib/jvm/java-8-openjdk-amd64/jre/lib/amd64/libnet.so
7f3e097f6000-7f3e097f7000 r--p 00016000 08:06 10055                      /usr/lib/jvm/java-8-openjdk-amd64/jre/lib/amd64/libnet.so
7f3e097f7000-7f3e097f8000 rw-p 00017000 08:06 10055                      /usr/lib/jvm/java-8-openjdk-amd64/jre/lib/amd64/libnet.so
7f3e097f8000-7f3e097f9000 ---p 00000000 00:00 0 
7f3e097f9000-7f3e098f9000 rw-p 00000000 00:00 0                          [stack:31987]
7f3e098f9000-7f3e098fc000 ---p 00000000 00:00 0 
7f3e098fc000-7f3e099fa000 rw-p 00000000 00:00 0                          [stack:31986]
7f3e099fa000-7f3e099fd000 ---p 00000000 00:00 0 
7f3e099fd000-7f3e09afb000 rw-p 00000000 00:00 0                          [stack:31985]
7f3e09afb000-7f3e09afe000 ---p 00000000 00:00 0 
7f3e09afe000-7f3e09bfc000 rw-p 00000000 00:00 0                          [stack:31984]
7f3e09bfc000-7f3e09bff000 ---p 00000000 00:00 0 
7f3e09bff000-7f3e09cfd000 rw-p 00000000 00:00 0                          [stack:31983]
7f3e09cfd000-7f3e09d00000 ---p 00000000 00:00 0 
7f3e09d00000-7f3e09dfe000 rw-p 00000000 00:00 0                          [stack:31980]
7f3e09dfe000-7f3e09e01000 ---p 00000000 00:00 0 
7f3e09e01000-7f3e09eff000 rw-p 00000000 00:00 0                          [stack:31979]
7f3e09eff000-7f3e09f02000 ---p 00000000 00:00 0 
7f3e09f02000-7f3e0c000000 rw-p 00000000 00:00 0                          [stack:31978]
7f3e0c000000-7f3e0c021000 rw-p 00000000 00:00 0 
7f3e0c021000-7f3e10000000 ---p 00000000 00:00 0 
7f3e10000000-7f3e10001000 r--s 0000a000 08:06 589809                     /home/nivas/.sbt/boot/scala-2.10.4/org.scala-sbt/sbt/0.13.5/tracking-0.13.5.jar
7f3e10001000-7f3e10003000 r--s 00001000 08:06 589813                     /home/nivas/.sbt/boot/scala-2.10.4/org.scala-sbt/sbt/0.13.5/cross-0.13.5.jar
7f3e10003000-7f3e10006000 r--s 00012000 08:06 589818                     /home/nivas/.sbt/boot/scala-2.10.4/org.scala-sbt/sbt/0.13.5/classfile-0.13.5.jar
7f3e10006000-7f3e10009000 r--s 0001d000 08:06 589800                     /home/nivas/.sbt/boot/scala-2.10.4/org.scala-sbt/sbt/0.13.5/tasks-0.13.5.jar
7f3e10009000-7f3e1000b000 r--s 00002000 08:06 589812                     /home/nivas/.sbt/boot/scala-2.10.4/org.scala-sbt/sbt/0.13.5/control-0.13.5.jar
7f3e1000b000-7f3e1000f000 r--s 00034000 08:06 589821                     /home/nivas/.sbt/boot/scala-2.10.4/org.scala-sbt/sbt/0.13.5/jsch-0.1.46.jar
7f3e1000f000-7f3e10014000 r--s 00036000 08:06 589819                     /home/nivas/.sbt/boot/scala-2.10.4/org.scala-sbt/sbt/0.13.5/command-0.13.5.jar
7f3e10014000-7f3e1001d000 r--s 00064000 08:06 591032                     /home/nivas/.sbt/boot/scala-2.10.4/org.scala-sbt/sbt/0.13.5/actions-0.13.5.jar
7f3e1001d000-7f3e10020000 r--s 00030000 08:06 591028                     /home/nivas/.sbt/boot/scala-2.10.4/org.scala-sbt/sbt/0.13.5/jline-2.11.jar
7f3e10020000-7f3e1002a000 r--s 00090000 08:06 589793                     /home/nivas/.sbt/boot/scala-2.10.4/org.scala-sbt/sbt/0.13.5/main-settings-0.13.5.jar
7f3e1002a000-7f3e1002e000 r--s 00022000 08:06 589823                     /home/nivas/.sbt/boot/scala-2.10.4/org.scala-sbt/sbt/0.13.5/sbinary_2.10-0.4.2.jar
7f3e1002e000-7f3e10034000 r--s 0003d000 08:06 589798                     /home/nivas/.sbt/boot/scala-2.10.4/org.scala-sbt/sbt/0.13.5/io-0.13.5.jar
7f3e10034000-7f3e1005b000 r--s 00200000 08:06 589797                     /home/nivas/.sbt/boot/scala-2.10.4/org.scala-sbt/sbt/0.13.5/main-0.13.5.jar
7f3e1005b000-7f3e1005e000 r--s 00017000 08:06 589805                     /home/nivas/.sbt/boot/scala-2.10.4/org.scala-sbt/sbt/0.13.5/testing-0.13.5.jar
7f3e1005e000-7f3e10061000 r--s 00019000 08:06 589814                     /home/nivas/.sbt/boot/scala-2.10.4/org.scala-sbt/sbt/0.13.5/compile-0.13.5.jar
7f3e10061000-7f3e10064000 r--s 0001d000 08:06 589801                     /home/nivas/.sbt/boot/scala-2.10.4/org.scala-sbt/sbt/0.13.5/task-system-0.13.5.jar
7f3e10064000-7f3e10087000 rw-p 00000000 00:00 0 
7f3e10087000-7f3e100bd000 r--s 002d9000 08:06 591041                     /home/nivas/.sbt/boot/scala-2.10.4/lib/scala-reflect.jar
7f3e100bd000-7f3e100ee000 rw-p 00000000 00:00 0 
7f3e100ee000-7f3e100f2000 r-xp 00000000 08:06 38122                      /usr/lib/jvm/java-8-openjdk-amd64/jre/lib/amd64/libdt_socket.so
7f3e100f2000-7f3e102f1000 ---p 00004000 08:06 38122                      /usr/lib/jvm/java-8-openjdk-amd64/jre/lib/amd64/libdt_socket.so
7f3e102f1000-7f3e102f2000 r--p 00003000 08:06 38122                      /usr/lib/jvm/java-8-openjdk-amd64/jre/lib/amd64/libdt_socket.so
7f3e102f2000-7f3e102f3000 rw-p 00004000 08:06 38122                      /usr/lib/jvm/java-8-openjdk-amd64/jre/lib/amd64/libdt_socket.so
7f3e102f3000-7f3e102f6000 ---p 00000000 00:00 0 
7f3e102f6000-7f3e103f4000 rw-p 00000000 00:00 0                          [stack:31977]
7f3e103f4000-7f3e103f7000 ---p 00000000 00:00 0 
7f3e103f7000-7f3e104f5000 rw-p 00000000 00:00 0                          [stack:31976]
7f3e104f5000-7f3e104f8000 ---p 00000000 00:00 0 
7f3e104f8000-7f3e105f6000 rw-p 00000000 00:00 0                          [stack:31975]
7f3e105f6000-7f3e105f7000 ---p 00000000 00:00 0 
7f3e105f7000-7f3e11000000 rw-p 00000000 00:00 0                          [stack:31974]
7f3e11000000-7f3e11360000 rwxp 00000000 00:00 0 
7f3e11360000-7f3e20000000 ---p 00000000 00:00 0 
7f3e20000000-7f3e20bb6000 rw-p 00000000 00:00 0 
7f3e20bb6000-7f3e24000000 ---p 00000000 00:00 0 
7f3e24000000-7f3e24002000 r--s 00002000 08:06 589810                     /home/nivas/.sbt/boot/scala-2.10.4/org.scala-sbt/sbt/0.13.5/test-interface-1.0.jar
7f3e24002000-7f3e24004000 r--s 0000e000 08:06 589815                     /home/nivas/.sbt/boot/scala-2.10.4/org.scala-sbt/sbt/0.13.5/logic-0.13.5.jar
7f3e24004000-7f3e2400c000 r--s 00057000 08:06 589807                     /home/nivas/.sbt/boot/scala-2.10.4/org.scala-sbt/sbt/0.13.5/completion-0.13.5.jar
7f3e2400c000-7f3e2400f000 r--s 0001e000 08:06 591036                     /home/nivas/.sbt/boot/scala-2.10.4/org.scala-sbt/sbt/0.13.5/run-0.13.5.jar
7f3e2400f000-7f3e24010000 r--s 00005000 08:06 591038                     /home/nivas/.sbt/boot/scala-2.10.4/org.scala-sbt/sbt/0.13.5/sbt-0.13.5.jar
7f3e24010000-7f3e24013000 r--s 00013000 08:06 591031                     /home/nivas/.sbt/boot/scala-2.10.4/org.scala-sbt/sbt/0.13.5/classpath-0.13.5.jar
7f3e24013000-7f3e24015000 r--s 00006000 08:06 589796                     /home/nivas/.sbt/boot/scala-2.10.4/org.scala-sbt/sbt/0.13.5/relation-0.13.5.jar
7f3e24015000-7f3e24019000 r--s 00025000 08:06 591043                     /home/nivas/.sbt/boot/scala-2.10.4/lib/jline.jar
7f3e24019000-7f3e2401c000 r--s 00018000 08:06 591042                     /home/nivas/.sbt/boot/scala-2.10.4/lib/jansi.jar
7f3e2401c000-7f3e2401e000 r--s 0001e000 08:06 679903                     /home/nivas/Desktop/idea-IU/lib/idea_rt.jar
7f3e2401e000-7f3e2403a000 r--s 0010c000 08:06 568021                     /home/nivas/.IntelliJIdea2016.2/config/plugins/Scala/launcher/sbt-launch.jar
7f3e2403a000-7f3e2403e000 r--s 00037000 08:06 38158                      /usr/lib/jvm/java-8-openjdk-amd64/jre/lib/ext/sunpkcs11.jar
7f3e2403e000-7f3e2403f000 r--s 0000a000 08:06 38153                      /usr/lib/jvm/java-8-openjdk-amd64/jre/lib/ext/jaccess.jar
7f3e2403f000-7f3e24041000 r--s 00006000 08:06 134067                     /usr/share/java/java-atk-wrapper.jar
7f3e24041000-7f3e24044000 r--s 0000f000 08:06 38156                      /usr/lib/jvm/java-8-openjdk-amd64/jre/lib/ext/icedtea-sound.jar
7f3e24044000-7f3e2405f000 r--s 001d7000 08:06 38149                      /usr/lib/jvm/java-8-openjdk-amd64/jre/lib/ext/nashorn.jar
7f3e2405f000-7f3e2407b000 r--s 00393000 08:06 38151                      /usr/lib/jvm/java-8-openjdk-amd64/jre/lib/ext/cldrdata.jar
7f3e2407b000-7f3e24731000 rw-p 00000000 00:00 0 
7f3e24731000-7f3e248fe000 r--s 03be7000 08:06 38140                      /usr/lib/jvm/java-8-openjdk-amd64/jre/lib/rt.jar
7f3e248fe000-7f3e25374000 rw-p 00000000 00:00 0 
7f3e25374000-7f3e25375000 ---p 00000000 00:00 0 
7f3e25375000-7f3e25475000 rw-p 00000000 00:00 0                          [stack:31973]
7f3e25475000-7f3e25476000 ---p 00000000 00:00 0 
7f3e25476000-7f3e25576000 rw-p 00000000 00:00 0                          [stack:31972]
7f3e25576000-7f3e25577000 ---p 00000000 00:00 0 
7f3e25577000-7f3e25677000 rw-p 00000000 00:00 0                          [stack:31971]
7f3e25677000-7f3e25678000 ---p 00000000 00:00 0 
7f3e25678000-7f3e25823000 rw-p 00000000 00:00 0                          [stack:31970]
7f3e25823000-7f3e258ce000 ---p 00000000 00:00 0 
7f3e258ce000-7f3e25979000 rw-p 00000000 00:00 0 
7f3e25979000-7f3e25a23000 ---p 00000000 00:00 0 
7f3e25a23000-7f3e25a79000 rw-p 00000000 00:00 0 
7f3e25a79000-7f3e25ace000 ---p 00000000 00:00 0 
7f3e25ace000-7f3e25add000 rw-p 00000000 00:00 0 
7f3e25add000-7f3e25e8f000 ---p 00000000 00:00 0 
7f3e25e8f000-7f3e25e97000 r-xp 00000000 08:06 38111                      /usr/lib/jvm/java-8-openjdk-amd64/jre/lib/amd64/libzip.so
7f3e25e97000-7f3e26096000 ---p 00008000 08:06 38111                      /usr/lib/jvm/java-8-openjdk-amd64/jre/lib/amd64/libzip.so
7f3e26096000-7f3e26097000 r--p 00007000 08:06 38111                      /usr/lib/jvm/java-8-openjdk-amd64/jre/lib/amd64/libzip.so
7f3e26097000-7f3e26098000 rw-p 00008000 08:06 38111                      /usr/lib/jvm/java-8-openjdk-amd64/jre/lib/amd64/libzip.so
7f3e26098000-7f3e260a2000 r-xp 00000000 08:06 658143                     /lib/x86_64-linux-gnu/libnss_files-2.19.so
7f3e260a2000-7f3e262a1000 ---p 0000a000 08:06 658143                     /lib/x86_64-linux-gnu/libnss_files-2.19.so
7f3e262a1000-7f3e262a2000 r--p 00009000 08:06 658143                     /lib/x86_64-linux-gnu/libnss_files-2.19.so
7f3e262a2000-7f3e262a3000 rw-p 0000a000 08:06 658143                     /lib/x86_64-linux-gnu/libnss_files-2.19.so
7f3e262a3000-7f3e262ae000 r-xp 00000000 08:06 658135                     /lib/x86_64-linux-gnu/libnss_nis-2.19.so
7f3e262ae000-7f3e264ad000 ---p 0000b000 08:06 658135                     /lib/x86_64-linux-gnu/libnss_nis-2.19.so
7f3e264ad000-7f3e264ae000 r--p 0000a000 08:06 658135                     /lib/x86_64-linux-gnu/libnss_nis-2.19.so
7f3e264ae000-7f3e264af000 rw-p 0000b000 08:06 658135                     /lib/x86_64-linux-gnu/libnss_nis-2.19.so
7f3e264af000-7f3e264c6000 r-xp 00000000 08:06 658131                     /lib/x86_64-linux-gnu/libnsl-2.19.so
7f3e264c6000-7f3e266c5000 ---p 00017000 08:06 658131                     /lib/x86_64-linux-gnu/libnsl-2.19.so
7f3e266c5000-7f3e266c6000 r--p 00016000 08:06 658131                     /lib/x86_64-linux-gnu/libnsl-2.19.so
7f3e266c6000-7f3e266c7000 rw-p 00017000 08:06 658131                     /lib/x86_64-linux-gnu/libnsl-2.19.so
7f3e266c7000-7f3e266c9000 rw-p 00000000 00:00 0 
7f3e266c9000-7f3e266d2000 r-xp 00000000 08:06 658130                     /lib/x86_64-linux-gnu/libnss_compat-2.19.so
7f3e266d2000-7f3e268d1000 ---p 00009000 08:06 658130                     /lib/x86_64-linux-gnu/libnss_compat-2.19.so
7f3e268d1000-7f3e268d2000 r--p 00008000 08:06 658130                     /lib/x86_64-linux-gnu/libnss_compat-2.19.so
7f3e268d2000-7f3e268d3000 rw-p 00009000 08:06 658130                     /lib/x86_64-linux-gnu/libnss_compat-2.19.so
7f3e268d3000-7f3e26fb5000 r--p 00000000 08:06 925914                     /usr/lib/locale/locale-archive
7f3e26fb5000-7f3e26fb7000 r-xp 00000000 08:06 3514                       /usr/lib/jvm/java-8-openjdk-amd64/jre/lib/amd64/libnpt.so
7f3e26fb7000-7f3e271b7000 ---p 00002000 08:06 3514                       /usr/lib/jvm/java-8-openjdk-amd64/jre/lib/amd64/libnpt.so
7f3e271b7000-7f3e271b8000 r--p 00002000 08:06 3514                       /usr/lib/jvm/java-8-openjdk-amd64/jre/lib/amd64/libnpt.so
7f3e271b8000-7f3e271b9000 rw-p 00003000 08:06 3514                       /usr/lib/jvm/java-8-openjdk-amd64/jre/lib/amd64/libnpt.so
7f3e271b9000-7f3e271f3000 r-xp 00000000 08:06 3517                       /usr/lib/jvm/java-8-openjdk-amd64/jre/lib/amd64/libjdwp.so
7f3e271f3000-7f3e273f2000 ---p 0003a000 08:06 3517                       /usr/lib/jvm/java-8-openjdk-amd64/jre/lib/amd64/libjdwp.so
7f3e273f2000-7f3e273f3000 r--p 00039000 08:06 3517                       /usr/lib/jvm/java-8-openjdk-amd64/jre/lib/amd64/libjdwp.so
7f3e273f3000-7f3e273f4000 rw-p 0003a000 08:06 3517                       /usr/lib/jvm/java-8-openjdk-amd64/jre/lib/amd64/libjdwp.so
7f3e273f4000-7f3e27420000 r-xp 00000000 08:06 3522                       /usr/lib/jvm/java-8-openjdk-amd64/jre/lib/amd64/libjava.so
7f3e27420000-7f3e27620000 ---p 0002c000 08:06 3522                       /usr/lib/jvm/java-8-openjdk-amd64/jre/lib/amd64/libjava.so
7f3e27620000-7f3e27621000 r--p 0002c000 08:06 3522                       /usr/lib/jvm/java-8-openjdk-amd64/jre/lib/amd64/libjava.so
7f3e27621000-7f3e27623000 rw-p 0002d000 08:06 3522                       /usr/lib/jvm/java-8-openjdk-amd64/jre/lib/amd64/libjava.so
7f3e27623000-7f3e27633000 r-xp 00000000 08:06 3523                       /usr/lib/jvm/java-8-openjdk-amd64/jre/lib/amd64/libverify.so
7f3e27633000-7f3e27832000 ---p 00010000 08:06 3523                       /usr/lib/jvm/java-8-openjdk-amd64/jre/lib/amd64/libverify.so
7f3e27832000-7f3e27834000 r--p 0000f000 08:06 3523                       /usr/lib/jvm/java-8-openjdk-amd64/jre/lib/amd64/libverify.so
7f3e27834000-7f3e27835000 rw-p 00011000 08:06 3523                       /usr/lib/jvm/java-8-openjdk-amd64/jre/lib/amd64/libverify.so
7f3e27835000-7f3e2783c000 r-xp 00000000 08:06 658139                     /lib/x86_64-linux-gnu/librt-2.19.so
7f3e2783c000-7f3e27a3b000 ---p 00007000 08:06 658139                     /lib/x86_64-linux-gnu/librt-2.19.so
7f3e27a3b000-7f3e27a3c000 r--p 00006000 08:06 658139                     /lib/x86_64-linux-gnu/librt-2.19.so
7f3e27a3c000-7f3e27a3d000 rw-p 00007000 08:06 658139                     /lib/x86_64-linux-gnu/librt-2.19.so
7f3e27a3d000-7f3e27a53000 r-xp 00000000 08:06 658147                     /lib/x86_64-linux-gnu/libgcc_s.so.1
7f3e27a53000-7f3e27c52000 ---p 00016000 08:06 658147                     /lib/x86_64-linux-gnu/libgcc_s.so.1
7f3e27c52000-7f3e27c53000 rw-p 00015000 08:06 658147                     /lib/x86_64-linux-gnu/libgcc_s.so.1
7f3e27c53000-7f3e27d58000 r-xp 00000000 08:06 658125                     /lib/x86_64-linux-gnu/libm-2.19.so
7f3e27d58000-7f3e27f57000 ---p 00105000 08:06 658125                     /lib/x86_64-linux-gnu/libm-2.19.so
7f3e27f57000-7f3e27f58000 r--p 00104000 08:06 658125                     /lib/x86_64-linux-gnu/libm-2.19.so
7f3e27f58000-7f3e27f59000 rw-p 00105000 08:06 658125                     /lib/x86_64-linux-gnu/libm-2.19.so
7f3e27f59000-7f3e2803f000 r-xp 00000000 08:06 918053                     /usr/lib/x86_64-linux-gnu/libstdc++.so.6.0.19
7f3e2803f000-7f3e2823e000 ---p 000e6000 08:06 918053                     /usr/lib/x86_64-linux-gnu/libstdc++.so.6.0.19
7f3e2823e000-7f3e28246000 r--p 000e5000 08:06 918053                     /usr/lib/x86_64-linux-gnu/libstdc++.so.6.0.19
7f3e28246000-7f3e28248000 rw-p 000ed000 08:06 918053                     /usr/lib/x86_64-linux-gnu/libstdc++.so.6.0.19
7f3e28248000-7f3e2825d000 rw-p 00000000 00:00 0 
7f3e2825d000-7f3e28e4b000 r-xp 00000000 08:06 38109                      /usr/lib/jvm/java-8-openjdk-amd64/jre/lib/amd64/server/libjvm.so
7f3e28e4b000-7f3e2904b000 ---p 00bee000 08:06 38109                      /usr/lib/jvm/java-8-openjdk-amd64/jre/lib/amd64/server/libjvm.so
7f3e2904b000-7f3e290e9000 r--p 00bee000 08:06 38109                      /usr/lib/jvm/java-8-openjdk-amd64/jre/lib/amd64/server/libjvm.so
7f3e290e9000-7f3e29112000 rw-p 00c8c000 08:06 38109                      /usr/lib/jvm/java-8-openjdk-amd64/jre/lib/amd64/server/libjvm.so
7f3e29112000-7f3e29144000 rw-p 00000000 00:00 0 
7f3e29144000-7f3e2915d000 r-xp 00000000 08:06 658132                     /lib/x86_64-linux-gnu/libpthread-2.19.so
7f3e2915d000-7f3e2935c000 ---p 00019000 08:06 658132                     /lib/x86_64-linux-gnu/libpthread-2.19.so
7f3e2935c000-7f3e2935d000 r--p 00018000 08:06 658132                     /lib/x86_64-linux-gnu/libpthread-2.19.so
7f3e2935d000-7f3e2935e000 rw-p 00019000 08:06 658132                     /lib/x86_64-linux-gnu/libpthread-2.19.so
7f3e2935e000-7f3e29362000 rw-p 00000000 00:00 0 
7f3e29362000-7f3e29365000 r-xp 00000000 08:06 658127                     /lib/x86_64-linux-gnu/libdl-2.19.so
7f3e29365000-7f3e29564000 ---p 00003000 08:06 658127                     /lib/x86_64-linux-gnu/libdl-2.19.so
7f3e29564000-7f3e29565000 r--p 00002000 08:06 658127                     /lib/x86_64-linux-gnu/libdl-2.19.so
7f3e29565000-7f3e29566000 rw-p 00003000 08:06 658127                     /lib/x86_64-linux-gnu/libdl-2.19.so
7f3e29566000-7f3e2957e000 r-xp 00000000 08:06 659979                     /lib/x86_64-linux-gnu/libz.so.1.2.8
7f3e2957e000-7f3e2977d000 ---p 00018000 08:06 659979                     /lib/x86_64-linux-gnu/libz.so.1.2.8
7f3e2977d000-7f3e2977e000 r--p 00017000 08:06 659979                     /lib/x86_64-linux-gnu/libz.so.1.2.8
7f3e2977e000-7f3e2977f000 rw-p 00018000 08:06 659979                     /lib/x86_64-linux-gnu/libz.so.1.2.8
7f3e2977f000-7f3e29939000 r-xp 00000000 08:06 658140                     /lib/x86_64-linux-gnu/libc-2.19.so
7f3e29939000-7f3e29b39000 ---p 001ba000 08:06 658140                     /lib/x86_64-linux-gnu/libc-2.19.so
7f3e29b39000-7f3e29b3d000 r--p 001ba000 08:06 658140                     /lib/x86_64-linux-gnu/libc-2.19.so
7f3e29b3d000-7f3e29b3f000 rw-p 001be000 08:06 658140                     /lib/x86_64-linux-gnu/libc-2.19.so
7f3e29b3f000-7f3e29b44000 rw-p 00000000 00:00 0 
7f3e29b44000-7f3e29b51000 r-xp 00000000 08:06 38124                      /usr/lib/jvm/java-8-openjdk-amd64/jre/lib/amd64/jli/libjli.so
7f3e29b51000-7f3e29d51000 ---p 0000d000 08:06 38124                      /usr/lib/jvm/java-8-openjdk-amd64/jre/lib/amd64/jli/libjli.so
7f3e29d51000-7f3e29d52000 r--p 0000d000 08:06 38124                      /usr/lib/jvm/java-8-openjdk-amd64/jre/lib/amd64/jli/libjli.so
7f3e29d52000-7f3e29d53000 rw-p 0000e000 08:06 38124                      /usr/lib/jvm/java-8-openjdk-amd64/jre/lib/amd64/jli/libjli.so
7f3e29d53000-7f3e29d76000 r-xp 00000000 08:06 658133                     /lib/x86_64-linux-gnu/ld-2.19.so
7f3e29d76000-7f3e29d78000 r--s 00001000 08:06 38150                      /usr/lib/jvm/java-8-openjdk-amd64/jre/lib/ext/dnsns.jar
7f3e29d78000-7f3e29e51000 rw-p 00000000 00:00 0 
7f3e29e51000-7f3e29e54000 ---p 00000000 00:00 0 
7f3e29e54000-7f3e29f57000 rw-p 00000000 00:00 0                          [stack:31969]
7f3e29f57000-7f3e29f58000 r--s 00008000 08:06 38152                      /usr/lib/jvm/java-8-openjdk-amd64/jre/lib/ext/sunec.jar
7f3e29f58000-7f3e29f5e000 r--s 0003a000 08:06 38155                      /usr/lib/jvm/java-8-openjdk-amd64/jre/lib/ext/sunjce_provider.jar
7f3e29f5e000-7f3e29f68000 r--s 00116000 08:06 38157                      /usr/lib/jvm/java-8-openjdk-amd64/jre/lib/ext/localedata.jar
7f3e29f68000-7f3e29f69000 r--s 00010000 08:06 38154                      /usr/lib/jvm/java-8-openjdk-amd64/jre/lib/ext/zipfs.jar
7f3e29f69000-7f3e29f71000 rw-s 00000000 08:06 789360                     /tmp/hsperfdata_nivas/31968
7f3e29f71000-7f3e29f72000 rw-p 00000000 00:00 0 
7f3e29f72000-7f3e29f73000 r--p 00000000 00:00 0 
7f3e29f73000-7f3e29f75000 rw-p 00000000 00:00 0 
7f3e29f75000-7f3e29f76000 r--p 00022000 08:06 658133                     /lib/x86_64-linux-gnu/ld-2.19.so
7f3e29f76000-7f3e29f77000 rw-p 00023000 08:06 658133                     /lib/x86_64-linux-gnu/ld-2.19.so
7f3e29f77000-7f3e29f78000 rw-p 00000000 00:00 0 
7ffd90763000-7ffd90784000 rw-p 00000000 00:00 0                          [stack]
7ffd90798000-7ffd9079a000 r-xp 00000000 00:00 0                          [vdso]
ffffffffff600000-ffffffffff601000 r-xp 00000000 00:00 0                  [vsyscall]

VM Arguments:
jvm_args: -agentlib:jdwp=transport=dt_socket,address=127.0.0.1:54816,suspend=y,server=n -Xms512M -Xmx1024M -Xss1M -XX:+CMSClassUnloadingEnabled -XX:MaxPermSize=256M -Dfile.encoding=UTF-8 
java_command: xsbt.boot.Boot run
java_class_path (initial): /home/nivas/.IntelliJIdea2016.2/config/plugins/Scala/launcher/sbt-launch.jar:/home/nivas/Desktop/idea-IU/lib/idea_rt.jar
Launcher Type: SUN_STANDARD

Environment Variables:
PATH=/usr/local/sbin:/usr/local/bin:/usr/sbin:/usr/bin:/sbin:/bin:/usr/games:/usr/local/games
LD_LIBRARY_PATH=.:
SHELL=/bin/bash
DISPLAY=:0

Signal Handlers:
SIGSEGV: [libjvm.so+0x9f6230], sa_mask[0]=11111111011111111101111111111110, sa_flags=SA_RESTART|SA_SIGINFO
SIGBUS: [libjvm.so+0x9f6230], sa_mask[0]=11111111011111111101111111111110, sa_flags=SA_RESTART|SA_SIGINFO
SIGFPE: [libjvm.so+0x856c80], sa_mask[0]=11111111011111111101111111111110, sa_flags=SA_RESTART|SA_SIGINFO
SIGPIPE: [libjvm.so+0x856c80], sa_mask[0]=11111111011111111101111111111110, sa_flags=SA_RESTART|SA_SIGINFO
SIGXFSZ: [libjvm.so+0x856c80], sa_mask[0]=11111111011111111101111111111110, sa_flags=SA_RESTART|SA_SIGINFO
SIGILL: [libjvm.so+0x856c80], sa_mask[0]=11111111011111111101111111111110, sa_flags=SA_RESTART|SA_SIGINFO
SIGUSR1: SIG_DFL, sa_mask[0]=00000000000000000000000000000000, sa_flags=none
SIGUSR2: [libjvm.so+0x856b50], sa_mask[0]=00100000000000000000000000000000, sa_flags=SA_RESTART|SA_SIGINFO
SIGHUP: [libjvm.so+0x856d40], sa_mask[0]=11111111011111111101111111111110, sa_flags=SA_RESTART|SA_SIGINFO
SIGINT: [libjvm.so+0x856d40], sa_mask[0]=11111111011111111101111111111110, sa_flags=SA_RESTART|SA_SIGINFO
SIGTERM: [libjvm.so+0x856d40], sa_mask[0]=11111111011111111101111111111110, sa_flags=SA_RESTART|SA_SIGINFO
SIGQUIT: [libjvm.so+0x856d40], sa_mask[0]=11111111011111111101111111111110, sa_flags=SA_RESTART|SA_SIGINFO


---------------  S Y S T E M  ---------------

OS:DISTRIB_ID=Ubuntu
DISTRIB_RELEASE=14.04
DISTRIB_CODENAME=trusty
DISTRIB_DESCRIPTION="Ubuntu 14.04.4 LTS"

uname:Linux 3.13.0-92-generic #139-Ubuntu SMP Tue Jun 28 20:42:26 UTC 2016 x86_64
libc:glibc 2.19 NPTL 2.19 
rlimit: STACK 8192k, CORE 0k, NPROC 63075, NOFILE 4096, AS infinity
load average:0.81 0.85 1.03

/proc/meminfo:
MemTotal:        8095288 kB
MemFree:          902028 kB
Buffers:          136632 kB
Cached:          1450520 kB
SwapCached:       562612 kB
Active:          4499416 kB
Inactive:        2325892 kB
Active(anon):    4082132 kB
Inactive(anon):  1708496 kB
Active(file):     417284 kB
Inactive(file):   617396 kB
Unevictable:         952 kB
Mlocked:             952 kB
SwapTotal:       8304636 kB
SwapFree:        6538256 kB
Dirty:             21244 kB
Writeback:            16 kB
AnonPages:       4979812 kB
Mapped:           366392 kB
Shmem:            552544 kB
Slab:             176356 kB
SReclaimable:     117588 kB
SUnreclaim:        58768 kB
KernelStack:        7056 kB
PageTables:        83564 kB
NFS_Unstable:          0 kB
Bounce:                0 kB
WritebackTmp:          0 kB
CommitLimit:    12352280 kB
Committed_AS:   16148008 kB
VmallocTotal:   34359738367 kB
VmallocUsed:      560660 kB
VmallocChunk:   34359089468 kB
HardwareCorrupted:     0 kB
AnonHugePages:   1384448 kB
HugePages_Total:       0
HugePages_Free:        0
HugePages_Rsvd:        0
HugePages_Surp:        0
Hugepagesize:       2048 kB
DirectMap4k:       84800 kB
DirectMap2M:     4028416 kB
DirectMap1G:     4194304 kB


CPU:total 4 (2 cores per cpu, 2 threads per core) family 6 model 61 stepping 4, cmov, cx8, fxsr, mmx, sse, sse2, sse3, ssse3, sse4.1, sse4.2, popcnt, avx, avx2, aes, clmul, erms, 3dnowpref, lzcnt, ht, tsc, tscinvbit, bmi1, bmi2, adx

/proc/cpuinfo:
processor	: 0
vendor_id	: GenuineIntel
cpu family	: 6
model		: 61
model name	: Intel(R) Core(TM) i5-5200U CPU @ 2.20GHz
stepping	: 4
microcode	: 0x12
cpu MHz		: 500.000
cache size	: 3072 KB
physical id	: 0
siblings	: 4
core id		: 0
cpu cores	: 2
apicid		: 0
initial apicid	: 0
fpu		: yes
fpu_exception	: yes
cpuid level	: 20
wp		: yes
flags		: fpu vme de pse tsc msr pae mce cx8 apic sep mtrr pge mca cmov pat pse36 clflush dts acpi mmx fxsr sse sse2 ss ht tm pbe syscall nx pdpe1gb rdtscp lm constant_tsc arch_perfmon pebs bts rep_good nopl xtopology nonstop_tsc aperfmperf eagerfpu pni pclmulqdq dtes64 monitor ds_cpl vmx est tm2 ssse3 fma cx16 xtpr pdcm pcid sse4_1 sse4_2 x2apic movbe popcnt tsc_deadline_timer aes xsave avx f16c rdrand lahf_lm abm 3dnowprefetch ida arat epb xsaveopt pln pts dtherm tpr_shadow vnmi flexpriority ept vpid fsgsbase tsc_adjust bmi1 avx2 smep bmi2 erms invpcid rdseed adx smap
bogomips	: 4389.94
clflush size	: 64
cache_alignment	: 64
address sizes	: 39 bits physical, 48 bits virtual
power management:

processor	: 1
vendor_id	: GenuineIntel
cpu family	: 6
model		: 61
model name	: Intel(R) Core(TM) i5-5200U CPU @ 2.20GHz
stepping	: 4
microcode	: 0x12
cpu MHz		: 500.000
cache size	: 3072 KB
physical id	: 0
siblings	: 4
core id		: 1
cpu cores	: 2
apicid		: 2
initial apicid	: 2
fpu		: yes
fpu_exception	: yes
cpuid level	: 20
wp		: yes
flags		: fpu vme de pse tsc msr pae mce cx8 apic sep mtrr pge mca cmov pat pse36 clflush dts acpi mmx fxsr sse sse2 ss ht tm pbe syscall nx pdpe1gb rdtscp lm constant_tsc arch_perfmon pebs bts rep_good nopl xtopology nonstop_tsc aperfmperf eagerfpu pni pclmulqdq dtes64 monitor ds_cpl vmx est tm2 ssse3 fma cx16 xtpr pdcm pcid sse4_1 sse4_2 x2apic movbe popcnt tsc_deadline_timer aes xsave avx f16c rdrand lahf_lm abm 3dnowprefetch ida arat epb xsaveopt pln pts dtherm tpr_shadow vnmi flexpriority ept vpid fsgsbase tsc_adjust bmi1 avx2 smep bmi2 erms invpcid rdseed adx smap
bogomips	: 4389.94
clflush size	: 64
cache_alignment	: 64
address sizes	: 39 bits physical, 48 bits virtual
power management:

processor	: 2
vendor_id	: GenuineIntel
cpu family	: 6
model		: 61
model name	: Intel(R) Core(TM) i5-5200U CPU @ 2.20GHz
stepping	: 4
microcode	: 0x12
cpu MHz		: 500.000
cache size	: 3072 KB
physical id	: 0
siblings	: 4
core id		: 0
cpu cores	: 2
apicid		: 1
initial apicid	: 1
fpu		: yes
fpu_exception	: yes
cpuid level	: 20
wp		: yes
flags		: fpu vme de pse tsc msr pae mce cx8 apic sep mtrr pge mca cmov pat pse36 clflush dts acpi mmx fxsr sse sse2 ss ht tm pbe syscall nx pdpe1gb rdtscp lm constant_tsc arch_perfmon pebs bts rep_good nopl xtopology nonstop_tsc aperfmperf eagerfpu pni pclmulqdq dtes64 monitor ds_cpl vmx est tm2 ssse3 fma cx16 xtpr pdcm pcid sse4_1 sse4_2 x2apic movbe popcnt tsc_deadline_timer aes xsave avx f16c rdrand lahf_lm abm 3dnowprefetch ida arat epb xsaveopt pln pts dtherm tpr_shadow vnmi flexpriority ept vpid fsgsbase tsc_adjust bmi1 avx2 smep bmi2 erms invpcid rdseed adx smap
bogomips	: 4389.94
clflush size	: 64
cache_alignment	: 64
address sizes	: 39 bits physical, 48 bits virtual
power management:

processor	: 3
vendor_id	: GenuineIntel
cpu family	: 6
model		: 61
model name	: Intel(R) Core(TM) i5-5200U CPU @ 2.20GHz
stepping	: 4
microcode	: 0x12
cpu MHz		: 2201.000
cache size	: 3072 KB
physical id	: 0
siblings	: 4
core id		: 1
cpu cores	: 2
apicid		: 3
initial apicid	: 3
fpu		: yes
fpu_exception	: yes
cpuid level	: 20
wp		: yes
flags		: fpu vme de pse tsc msr pae mce cx8 apic sep mtrr pge mca cmov pat pse36 clflush dts acpi mmx fxsr sse sse2 ss ht tm pbe syscall nx pdpe1gb rdtscp lm constant_tsc arch_perfmon pebs bts rep_good nopl xtopology nonstop_tsc aperfmperf eagerfpu pni pclmulqdq dtes64 monitor ds_cpl vmx est tm2 ssse3 fma cx16 xtpr pdcm pcid sse4_1 sse4_2 x2apic movbe popcnt tsc_deadline_timer aes xsave avx f16c rdrand lahf_lm abm 3dnowprefetch ida arat epb xsaveopt pln pts dtherm tpr_shadow vnmi flexpriority ept vpid fsgsbase tsc_adjust bmi1 avx2 smep bmi2 erms invpcid rdseed adx smap
bogomips	: 4389.94
clflush size	: 64
cache_alignment	: 64
address sizes	: 39 bits physical, 48 bits virtual
power management:



Memory: 4k page, physical 8095288k(901888k free), swap 8304636k(6538256k free)

vm_info: OpenJDK 64-Bit Server VM (25.91-b14) for linux-amd64 JRE (1.8.0_91-8u91-b14-0ubuntu4~14.04-b14), built on Apr 22 2016 12:27:31 by "buildd" with gcc 4.8.2

time: Wed Nov 30 00:20:11 2016
elapsed time: 3 seconds (0d 0h 0m 3s)

