#
# A fatal error has been detected by the Java Runtime Environment:
#
#  SIGSEGV (0xb) at pc=0x00007fabe3b57b11, pid=28262, tid=140375612315392
#
# JRE version: OpenJDK Runtime Environment (8.0_91-b14) (build 1.8.0_91-8u91-b14-0ubuntu4~14.04-b14)
# Java VM: OpenJDK 64-Bit Server VM (25.91-b14 mixed mode linux-amd64 compressed oops)
# Problematic frame:
# V  [libjvm.so+0x426b11]
#
# Failed to write core dump. Core dumps have been disabled. To enable core dumping, try "ulimit -c unlimited" before starting Java again
#
# If you would like to submit a bug report, please visit:
#   http://bugreport.java.com/bugreport/crash.jsp
#

---------------  T H R E A D  ---------------

Current thread (0x00007fabdca28000):  JavaThread "pool-4-thread-4" [_thread_in_vm, id=28309, stack(0x00007fabbe71d000,0x00007fabbe81e000)]

siginfo: si_signo: 11 (SIGSEGV), si_code: 128 (SI_KERNEL), si_addr: 0x0000000000000000

Registers:
RAX=0x00007fabe3b57a10, RBX=0x00007fabbe8178c7, RCX=0x0000000000000021, RDX=0x0000000000000001
RSP=0x00007fabbe817820, RBP=0x00007fabbe817850, RSI=0x00007fabbe8178a5, RDI=0x00007fabbe818070
R8 =0x00007fabdca28000, R9 =0x000000000000003b, R10=0x0000000000000003, R11=0x00007fabbe8178a5
R12=0x00007fabbe8178c8, R13=0x00007fabe415d86c, R14=0x00007fabbe818070, R15=0x0000000000000023
RIP=0x00007fabe3b57b11, EFLAGS=0x0000000000010246, CSGSFS=0x843d000000000033, ERR=0x0000000000000000
  TRAPNO=0x000000000000000d

Top of Stack: (sp=0x00007fabbe817820)
0x00007fabbe817820:   00007fabbe817850 00007fabe3b5fab9
0x00007fabbe817830:   00007fabdca28000 00007fabbe818070
0x00007fabbe817840:   00007fabdc5e10b0 00007fabdc5b37f0
0x00007fabbe817850:   00007fabbe817950 00007fabe3b58115
0x00007fabbe817860:   0000000000000000 0000000000000000
0x00007fabbe817870:   0000000000000000 0000000000000000
0x00007fabbe817880:   0000000000000003 00007fabbe8178a5
0x00007fabbe817890:   6c6163734c494928 6974636e75462f61
0x00007fabbe8178a0:   63734c293b316e6f 6c6c6f632f616c61
0x00007fabbe8178b0:   692f6e6f69746365 656c626174756d6d
0x00007fabbe8178c0:   3b6d61657274532f 00007fabe3b5b000
0x00007fabbe8178d0:   000000000000000b 00007faba420d4d0
0x00007fabbe8178e0:   00007faba420d2d0 00007fabe40d67d6
0x00007fabbe8178f0:   0000000000000630 00007fabe40d684b
0x00007fabbe817900:   00007fabbe817950 00007fabe39f9800
0x00007fabbe817910:   00007faba420dc00 77021f4e5af79600
0x00007fabbe817920:   00007fabbebe69e0 00007fabbe818070
0x00007fabbe817930:   00007fabdca28000 00007fabdc9ead50
0x00007fabbe817940:   00007fabbe817c60 00007fabbe818250
0x00007fabbe817950:   00007fabbe817c10 00007fabe3b5c928
0x00007fabbe817960:   0000000000000000 00007fab00000000
0x00007fabbe817970:   0000000000000000 00007fab00000000
0x00007fabbe817980:   0000000000000000 00007fab00000000
0x00007fabbe817990:   0000000000000000 00007fab00000000
0x00007fabbe8179a0:   0000000000000000 00007fab00000000
0x00007fabbe8179b0:   00007fabdca28000 00007fabe3b561b9
0x00007fabbe8179c0:   00007faba4055600 0000002fdca28000
0x00007fabbe8179d0:   00007fabbe817b40 00007fabbe817b20
0x00007fabbe8179e0:   00007fabbe817b30 00007fabbe817b50
0x00007fabbe8179f0:   00000000000003d0 0000000000000000
0x00007fabbe817a00:   0000000000000000 0000000000000000
0x00007fabbe817a10:   0000000000000000 0000000000000000 

Instructions: (pc=0x00007fabe3b57b11)
0x00007fabe3b57af1:   83 78 08 00 0f 84 e4 fe ff ff 31 c0 e9 00 ff ff
0x00007fabe3b57b01:   ff 66 0f 1f 44 00 00 80 3b 3b 0f 85 ef fe ff ff
0x00007fabe3b57b11:   48 83 c4 10 48 8d 43 01 5b 41 5c 41 5d 41 5e 5d
0x00007fabe3b57b21:   c3 31 c0 c3 90 66 2e 0f 1f 84 00 00 00 00 00 55 

Register to memory mapping:

RAX=0x00007fabe3b57a10: <offset 0x426a10> in /usr/lib/jvm/java-8-openjdk-amd64/jre/lib/amd64/server/libjvm.so at 0x00007fabe3731000
RBX=0x00007fabbe8178c7 is pointing into the stack for thread: 0x00007fabdca28000
RCX=0x0000000000000021 is an unknown value
RDX=0x0000000000000001 is an unknown value
RSP=0x00007fabbe817820 is pointing into the stack for thread: 0x00007fabdca28000
RBP=0x00007fabbe817850 is pointing into the stack for thread: 0x00007fabdca28000
RSI=0x00007fabbe8178a5 is pointing into the stack for thread: 0x00007fabdca28000
RDI=0x00007fabbe818070 is pointing into the stack for thread: 0x00007fabdca28000
R8 =0x00007fabdca28000 is a thread
R9 =0x000000000000003b is an unknown value
R10=0x0000000000000003 is an unknown value
R11=0x00007fabbe8178a5 is pointing into the stack for thread: 0x00007fabdca28000
R12=0x00007fabbe8178c8 is pointing into the stack for thread: 0x00007fabdca28000
R13=0x00007fabe415d86c: <offset 0xa2c86c> in /usr/lib/jvm/java-8-openjdk-amd64/jre/lib/amd64/server/libjvm.so at 0x00007fabe3731000
R14=0x00007fabbe818070 is pointing into the stack for thread: 0x00007fabdca28000
R15=0x0000000000000023 is an unknown value


Stack: [0x00007fabbe71d000,0x00007fabbe81e000],  sp=0x00007fabbe817820,  free space=1002k
Native frames: (J=compiled Java code, j=interpreted, Vv=VM code, C=native code)
V  [libjvm.so+0x426b11]
V  [libjvm.so+0x427115]
V  [libjvm.so+0x42b928]
V  [libjvm.so+0x42c20b]
V  [libjvm.so+0x42d3b3]
V  [libjvm.so+0x9700a6]
V  [libjvm.so+0x670d0c]
V  [libjvm.so+0x6726db]  JVM_DefineClassWithSource+0x9b
C  [libjava.so+0xec6d]  Java_java_lang_ClassLoader_defineClass1+0x16d
J 333  java.lang.ClassLoader.defineClass1(Ljava/lang/String;[BIILjava/security/ProtectionDomain;Ljava/lang/String;)Ljava/lang/Class; (0 bytes) @ 0x00007fabcd1cf4cb [0x00007fabcd1cf3c0+0x10b]
J 343 C1 java.lang.ClassLoader.defineClass(Ljava/lang/String;[BIILjava/security/ProtectionDomain;)Ljava/lang/Class; (43 bytes) @ 0x00007fabcd1e2f14 [0x00007fabcd1e2940+0x5d4]
J 5053 C1 java.security.SecureClassLoader.defineClass(Ljava/lang/String;[BIILjava/security/CodeSource;)Ljava/lang/Class; (16 bytes) @ 0x00007fabcda64994 [0x00007fabcda64840+0x154]
J 2986 C2 java.net.URLClassLoader$1.run()Ljava/lang/Object; (5 bytes) @ 0x00007fabcd806f30 [0x00007fabcd805020+0x1f10]
v  ~StubRoutines::call_stub
V  [libjvm.so+0x632f7a]
V  [libjvm.so+0x67e5db]  JVM_DoPrivileged+0x54b
J 192  java.security.AccessController.doPrivileged(Ljava/security/PrivilegedExceptionAction;Ljava/security/AccessControlContext;)Ljava/lang/Object; (0 bytes) @ 0x00007fabcd172055 [0x00007fabcd171f80+0xd5]
J 1312 C2 java.net.URLClassLoader.findClass(Ljava/lang/String;)Ljava/lang/Class; (47 bytes) @ 0x00007fabcd3b9e30 [0x00007fabcd3b9da0+0x90]
J 972 C2 java.lang.ClassLoader.loadClass(Ljava/lang/String;Z)Ljava/lang/Class; (122 bytes) @ 0x00007fabcd319684 [0x00007fabcd319280+0x404]
J 3820 C2 java.lang.ClassLoader.loadClass(Ljava/lang/String;)Ljava/lang/Class; (7 bytes) @ 0x00007fabcd110360 [0x00007fabcd110320+0x40]
v  ~StubRoutines::call_stub
V  [libjvm.so+0x632f7a]
V  [libjvm.so+0x630654]
V  [libjvm.so+0x630ca6]
V  [libjvm.so+0x96e178]
V  [libjvm.so+0x96ea26]
V  [libjvm.so+0x96ee88]
V  [libjvm.so+0x4b1c68]
V  [libjvm.so+0x4b2ab1]
V  [libjvm.so+0x7482f5]
V  [libjvm.so+0x629ed3]
j  scala.package$.<init>()V+90
j  scala.package$.<clinit>()V+3
v  ~StubRoutines::call_stub
V  [libjvm.so+0x632f7a]
V  [libjvm.so+0x5f5709]
V  [libjvm.so+0x5f5b61]
V  [libjvm.so+0x5f5f9a]
V  [libjvm.so+0x748063]
V  [libjvm.so+0x7484aa]
V  [libjvm.so+0x629ed3]
j  scala.Predef$.<init>()V+12
j  scala.Predef$.<clinit>()V+3
v  ~StubRoutines::call_stub
V  [libjvm.so+0x632f7a]
V  [libjvm.so+0x5f5709]
V  [libjvm.so+0x5f5b61]
V  [libjvm.so+0x5f5f9a]
V  [libjvm.so+0x748063]
V  [libjvm.so+0x7484aa]
V  [libjvm.so+0x629ed3]
j  play.core.server.ServerConfig$.rootDirConfig(Ljava/io/File;)Lscala/collection/immutable/Map;+0
j  play.core.server.DevServerStart$$anonfun$mainDev$1.apply()Lplay/core/server/ServerWithStop;+31
j  play.core.server.DevServerStart$$anonfun$mainDev$1.apply()Ljava/lang/Object;+1
j  play.utils.Threads$.withContextClassLoader(Ljava/lang/ClassLoader;Lscala/Function0;)Ljava/lang/Object;+16
j  play.core.server.DevServerStart$.mainDev(Lplay/core/BuildLink;Lplay/core/BuildDocHandler;Lscala/Option;Lscala/Option;Ljava/lang/String;)Lplay/core/server/ServerWithStop;+30
j  play.core.server.DevServerStart$.mainDevHttpMode(Lplay/core/BuildLink;Lplay/core/BuildDocHandler;ILjava/lang/String;)Lplay/core/server/ServerWithStop;+37
j  play.core.server.DevServerStart.mainDevHttpMode(Lplay/core/BuildLink;Lplay/core/BuildDocHandler;ILjava/lang/String;)Lplay/core/server/ServerWithStop;+7
v  ~StubRoutines::call_stub
V  [libjvm.so+0x632f7a]
V  [libjvm.so+0x8d7e7e]
V  [libjvm.so+0x8d98dc]
V  [libjvm.so+0x67b4c0]  JVM_InvokeMethod+0x180
j  sun.reflect.NativeMethodAccessorImpl.invoke0(Ljava/lang/reflect/Method;Ljava/lang/Object;[Ljava/lang/Object;)Ljava/lang/Object;+0
j  sun.reflect.NativeMethodAccessorImpl.invoke(Ljava/lang/Object;[Ljava/lang/Object;)Ljava/lang/Object;+100
j  sun.reflect.DelegatingMethodAccessorImpl.invoke(Ljava/lang/Object;[Ljava/lang/Object;)Ljava/lang/Object;+6
j  java.lang.reflect.Method.invoke(Ljava/lang/Object;[Ljava/lang/Object;)Ljava/lang/Object;+56
j  play.runsupport.Reloader$.startDevMode(Lscala/collection/Seq;Lscala/collection/Seq;Lscala/collection/Seq;Lscala/Function3;Lscala/Function0;Lscala/Function3;Lscala/Function1;Ljava/lang/ClassLoader;Lscala/collection/Seq;Lplay/runsupport/FileWatchService;Lscala/collection/Seq;Lscala/Option;ILjava/lang/String;Ljava/io/File;Lscala/collection/Seq;Lscala/collection/Seq;Lscala/Function1;Ljava/lang/String;)Lplay/runsupport/Reloader$PlayDevServer;+691
j  play.sbt.run.PlayRun$$anonfun$playRunTask$1$$anonfun$apply$2$$anonfun$apply$3.devModeServer$lzycompute$1(Lscala/collection/Seq;Lscala/Function0;Lscala/Function1;Lscala/runtime/ObjectRef;Lscala/collection/Seq;Lscala/collection/Seq;Lscala/collection/Seq;Lscala/Function3;Lscala/Function3;Lscala/Function1;Ljava/lang/ClassLoader;Lscala/collection/Seq;Lscala/collection/Seq;Lscala/Option;Lscala/Option;Lscala/runtime/VolatileByteRef;)Lplay/runsupport/Reloader$PlayDevServer;+106
j  play.sbt.run.PlayRun$$anonfun$playRunTask$1$$anonfun$apply$2$$anonfun$apply$3.play$sbt$run$PlayRun$$anonfun$$anonfun$$anonfun$$devModeServer$1(Lscala/collection/Seq;Lscala/Function0;Lscala/Function1;Lscala/runtime/ObjectRef;Lscala/collection/Seq;Lscala/collection/Seq;Lscala/collection/Seq;Lscala/Function3;Lscala/Function3;Lscala/Function1;Ljava/lang/ClassLoader;Lscala/collection/Seq;Lscala/collection/Seq;Lscala/Option;Lscala/Option;Lscala/runtime/VolatileByteRef;)Lplay/runsupport/Reloader$PlayDevServer;+42
j  play.sbt.run.PlayRun$$anonfun$playRunTask$1$$anonfun$apply$2$$anonfun$apply$3.apply(Lsbt/KCons;)V+411
j  play.sbt.run.PlayRun$$anonfun$playRunTask$1$$anonfun$apply$2$$anonfun$apply$3.apply(Ljava/lang/Object;)Ljava/lang/Object;+5
J 3870 C1 scala.Function1$$anonfun$compose$1.apply(Ljava/lang/Object;)Ljava/lang/Object; (20 bytes) @ 0x00007fabcd3003dc [0x00007fabcd300220+0x1bc]
j  sbt.$tilde$greater$$anonfun$$u2219$1.apply(Ljava/lang/Object;)Ljava/lang/Object;+13
j  sbt.std.Transform$$anon$4.work(Ljava/lang/Object;)Lscala/util/Either;+5
j  sbt.Execute$$anonfun$submit$1$$anonfun$apply$1.apply()Lscala/util/Either;+14
j  sbt.Execute$$anonfun$submit$1$$anonfun$apply$1.apply()Ljava/lang/Object;+1
j  sbt.ErrorHandling$.wideConvert(Lscala/Function0;)Lscala/util/Either;+7
j  sbt.Execute.work(Ljava/lang/Object;Lscala/Function0;Lsbt/CompletionService;)Lsbt/Completed;+14
j  sbt.Execute$$anonfun$submit$1.apply()Lsbt/Completed;+20
j  sbt.Execute$$anonfun$submit$1.apply()Ljava/lang/Object;+1
j  sbt.ConcurrentRestrictions$$anon$4$$anonfun$1.apply()Ljava/lang/Object;+4
j  sbt.CompletionService$$anon$2.call()Ljava/lang/Object;+4
J 3403 C1 java.util.concurrent.FutureTask.run()V (126 bytes) @ 0x00007fabcd77725c [0x00007fabcd777180+0xdc]
j  java.util.concurrent.Executors$RunnableAdapter.call()Ljava/lang/Object;+4
J 3403 C1 java.util.concurrent.FutureTask.run()V (126 bytes) @ 0x00007fabcd77725c [0x00007fabcd777180+0xdc]
j  java.util.concurrent.ThreadPoolExecutor.runWorker(Ljava/util/concurrent/ThreadPoolExecutor$Worker;)V+95
j  java.util.concurrent.ThreadPoolExecutor$Worker.run()V+5
j  java.lang.Thread.run()V+11
v  ~StubRoutines::call_stub
V  [libjvm.so+0x632f7a]
V  [libjvm.so+0x630654]
V  [libjvm.so+0x630c4a]
V  [libjvm.so+0x67048e]
V  [libjvm.so+0x9a0b70]
V  [libjvm.so+0x8584a2]
C  [libpthread.so.0+0x8184]  start_thread+0xc4

Java frames: (J=compiled Java code, j=interpreted, Vv=VM code)
J 333  java.lang.ClassLoader.defineClass1(Ljava/lang/String;[BIILjava/security/ProtectionDomain;Ljava/lang/String;)Ljava/lang/Class; (0 bytes) @ 0x00007fabcd1cf451 [0x00007fabcd1cf3c0+0x91]
J 343 C1 java.lang.ClassLoader.defineClass(Ljava/lang/String;[BIILjava/security/ProtectionDomain;)Ljava/lang/Class; (43 bytes) @ 0x00007fabcd1e2f14 [0x00007fabcd1e2940+0x5d4]
J 5053 C1 java.security.SecureClassLoader.defineClass(Ljava/lang/String;[BIILjava/security/CodeSource;)Ljava/lang/Class; (16 bytes) @ 0x00007fabcda64994 [0x00007fabcda64840+0x154]
J 2986 C2 java.net.URLClassLoader$1.run()Ljava/lang/Object; (5 bytes) @ 0x00007fabcd806f30 [0x00007fabcd805020+0x1f10]
v  ~StubRoutines::call_stub
J 192  java.security.AccessController.doPrivileged(Ljava/security/PrivilegedExceptionAction;Ljava/security/AccessControlContext;)Ljava/lang/Object; (0 bytes) @ 0x00007fabcd171fe3 [0x00007fabcd171f80+0x63]
J 1312 C2 java.net.URLClassLoader.findClass(Ljava/lang/String;)Ljava/lang/Class; (47 bytes) @ 0x00007fabcd3b9e30 [0x00007fabcd3b9da0+0x90]
J 972 C2 java.lang.ClassLoader.loadClass(Ljava/lang/String;Z)Ljava/lang/Class; (122 bytes) @ 0x00007fabcd319684 [0x00007fabcd319280+0x404]
J 3820 C2 java.lang.ClassLoader.loadClass(Ljava/lang/String;)Ljava/lang/Class; (7 bytes) @ 0x00007fabcd110360 [0x00007fabcd110320+0x40]
v  ~StubRoutines::call_stub
j  scala.package$.<init>()V+90
j  scala.package$.<clinit>()V+3
v  ~StubRoutines::call_stub
j  scala.Predef$.<init>()V+12
j  scala.Predef$.<clinit>()V+3
v  ~StubRoutines::call_stub
j  play.core.server.ServerConfig$.rootDirConfig(Ljava/io/File;)Lscala/collection/immutable/Map;+0
j  play.core.server.DevServerStart$$anonfun$mainDev$1.apply()Lplay/core/server/ServerWithStop;+31
j  play.core.server.DevServerStart$$anonfun$mainDev$1.apply()Ljava/lang/Object;+1
j  play.utils.Threads$.withContextClassLoader(Ljava/lang/ClassLoader;Lscala/Function0;)Ljava/lang/Object;+16
j  play.core.server.DevServerStart$.mainDev(Lplay/core/BuildLink;Lplay/core/BuildDocHandler;Lscala/Option;Lscala/Option;Ljava/lang/String;)Lplay/core/server/ServerWithStop;+30
j  play.core.server.DevServerStart$.mainDevHttpMode(Lplay/core/BuildLink;Lplay/core/BuildDocHandler;ILjava/lang/String;)Lplay/core/server/ServerWithStop;+37
j  play.core.server.DevServerStart.mainDevHttpMode(Lplay/core/BuildLink;Lplay/core/BuildDocHandler;ILjava/lang/String;)Lplay/core/server/ServerWithStop;+7
v  ~StubRoutines::call_stub
j  sun.reflect.NativeMethodAccessorImpl.invoke0(Ljava/lang/reflect/Method;Ljava/lang/Object;[Ljava/lang/Object;)Ljava/lang/Object;+0
j  sun.reflect.NativeMethodAccessorImpl.invoke(Ljava/lang/Object;[Ljava/lang/Object;)Ljava/lang/Object;+100
j  sun.reflect.DelegatingMethodAccessorImpl.invoke(Ljava/lang/Object;[Ljava/lang/Object;)Ljava/lang/Object;+6
j  java.lang.reflect.Method.invoke(Ljava/lang/Object;[Ljava/lang/Object;)Ljava/lang/Object;+56
j  play.runsupport.Reloader$.startDevMode(Lscala/collection/Seq;Lscala/collection/Seq;Lscala/collection/Seq;Lscala/Function3;Lscala/Function0;Lscala/Function3;Lscala/Function1;Ljava/lang/ClassLoader;Lscala/collection/Seq;Lplay/runsupport/FileWatchService;Lscala/collection/Seq;Lscala/Option;ILjava/lang/String;Ljava/io/File;Lscala/collection/Seq;Lscala/collection/Seq;Lscala/Function1;Ljava/lang/String;)Lplay/runsupport/Reloader$PlayDevServer;+691
j  play.sbt.run.PlayRun$$anonfun$playRunTask$1$$anonfun$apply$2$$anonfun$apply$3.devModeServer$lzycompute$1(Lscala/collection/Seq;Lscala/Function0;Lscala/Function1;Lscala/runtime/ObjectRef;Lscala/collection/Seq;Lscala/collection/Seq;Lscala/collection/Seq;Lscala/Function3;Lscala/Function3;Lscala/Function1;Ljava/lang/ClassLoader;Lscala/collection/Seq;Lscala/collection/Seq;Lscala/Option;Lscala/Option;Lscala/runtime/VolatileByteRef;)Lplay/runsupport/Reloader$PlayDevServer;+106
j  play.sbt.run.PlayRun$$anonfun$playRunTask$1$$anonfun$apply$2$$anonfun$apply$3.play$sbt$run$PlayRun$$anonfun$$anonfun$$anonfun$$devModeServer$1(Lscala/collection/Seq;Lscala/Function0;Lscala/Function1;Lscala/runtime/ObjectRef;Lscala/collection/Seq;Lscala/collection/Seq;Lscala/collection/Seq;Lscala/Function3;Lscala/Function3;Lscala/Function1;Ljava/lang/ClassLoader;Lscala/collection/Seq;Lscala/collection/Seq;Lscala/Option;Lscala/Option;Lscala/runtime/VolatileByteRef;)Lplay/runsupport/Reloader$PlayDevServer;+42
j  play.sbt.run.PlayRun$$anonfun$playRunTask$1$$anonfun$apply$2$$anonfun$apply$3.apply(Lsbt/KCons;)V+411
j  play.sbt.run.PlayRun$$anonfun$playRunTask$1$$anonfun$apply$2$$anonfun$apply$3.apply(Ljava/lang/Object;)Ljava/lang/Object;+5
J 3870 C1 scala.Function1$$anonfun$compose$1.apply(Ljava/lang/Object;)Ljava/lang/Object; (20 bytes) @ 0x00007fabcd3003dc [0x00007fabcd300220+0x1bc]
j  sbt.$tilde$greater$$anonfun$$u2219$1.apply(Ljava/lang/Object;)Ljava/lang/Object;+13
j  sbt.std.Transform$$anon$4.work(Ljava/lang/Object;)Lscala/util/Either;+5
j  sbt.Execute$$anonfun$submit$1$$anonfun$apply$1.apply()Lscala/util/Either;+14
j  sbt.Execute$$anonfun$submit$1$$anonfun$apply$1.apply()Ljava/lang/Object;+1
j  sbt.ErrorHandling$.wideConvert(Lscala/Function0;)Lscala/util/Either;+7
j  sbt.Execute.work(Ljava/lang/Object;Lscala/Function0;Lsbt/CompletionService;)Lsbt/Completed;+14
j  sbt.Execute$$anonfun$submit$1.apply()Lsbt/Completed;+20
j  sbt.Execute$$anonfun$submit$1.apply()Ljava/lang/Object;+1
j  sbt.ConcurrentRestrictions$$anon$4$$anonfun$1.apply()Ljava/lang/Object;+4
j  sbt.CompletionService$$anon$2.call()Ljava/lang/Object;+4
J 3403 C1 java.util.concurrent.FutureTask.run()V (126 bytes) @ 0x00007fabcd77725c [0x00007fabcd777180+0xdc]
j  java.util.concurrent.Executors$RunnableAdapter.call()Ljava/lang/Object;+4
J 3403 C1 java.util.concurrent.FutureTask.run()V (126 bytes) @ 0x00007fabcd77725c [0x00007fabcd777180+0xdc]
j  java.util.concurrent.ThreadPoolExecutor.runWorker(Ljava/util/concurrent/ThreadPoolExecutor$Worker;)V+95
j  java.util.concurrent.ThreadPoolExecutor$Worker.run()V+5
j  java.lang.Thread.run()V+11
v  ~StubRoutines::call_stub

---------------  P R O C E S S  ---------------

Java Threads: ( => current thread )
  0x00007fab6c5ea800 JavaThread "sbt-play-watch-service" daemon [_thread_blocked, id=28312, stack(0x00007fabbe0f9000,0x00007fabbe1fa000)]
  0x00007fab6c5e1800 JavaThread "Thread-1" daemon [_thread_in_native, id=28311, stack(0x00007fabbe1fa000,0x00007fabbe2fb000)]
  0x00007fab68001000 JavaThread "pool-4-thread-5" [_thread_blocked, id=28310, stack(0x00007fabbe61c000,0x00007fabbe71d000)]
=>0x00007fabdca28000 JavaThread "pool-4-thread-4" [_thread_in_vm, id=28309, stack(0x00007fabbe71d000,0x00007fabbe81e000)]
  0x00007fabdca20800 JavaThread "pool-4-thread-3" [_thread_blocked, id=28308, stack(0x00007fabbe81e000,0x00007fabbe91f000)]
  0x00007fabdca25800 JavaThread "pool-4-thread-2" [_thread_blocked, id=28307, stack(0x00007fabbe91f000,0x00007fabbea20000)]
  0x00007fabdca25000 JavaThread "pool-4-thread-1" [_thread_blocked, id=28306, stack(0x00007fabbfafd000,0x00007fabbfbfe000)]
  0x00007fabdca00000 JavaThread "sbt-web-akka.actor.default-dispatcher-4" [_thread_blocked, id=28305, stack(0x00007fabbf6fb000,0x00007fabbf7fc000)]
  0x00007fabdc9fe800 JavaThread "sbt-web-akka.actor.default-dispatcher-3" [_thread_blocked, id=28304, stack(0x00007fabbf9fc000,0x00007fabbfafd000)]
  0x00007fabdc9eb800 JavaThread "sbt-web-akka.actor.default-dispatcher-2" [_thread_blocked, id=28303, stack(0x00007fabbfbfe000,0x00007fabbfcff000)]
  0x00007fabdc987000 JavaThread "sbt-web-scheduler-1" [_thread_blocked, id=28302, stack(0x00007fabbfcff000,0x00007fabbfe00000)]
  0x00007fabdc6f8000 JavaThread "process reaper" daemon [_thread_blocked, id=28280, stack(0x00007fabc4ab7000,0x00007fabc4af0000)]
  0x00007fabdc15d800 JavaThread "Monitor Ctrl-Break" daemon [_thread_in_native, id=28277, stack(0x00007fabc5318000,0x00007fabc5419000)]
  0x00007fabdc0c1800 JavaThread "Service Thread" daemon [_thread_blocked, id=28275, stack(0x00007fabc571c000,0x00007fabc581d000)]
  0x00007fabdc0b2000 JavaThread "C1 CompilerThread2" daemon [_thread_blocked, id=28274, stack(0x00007fabc581d000,0x00007fabc591e000)]
  0x00007fabdc0b0800 JavaThread "C2 CompilerThread1" daemon [_thread_blocked, id=28273, stack(0x00007fabcc0f1000,0x00007fabcc1f2000)]
  0x00007fabdc0ad800 JavaThread "C2 CompilerThread0" daemon [_thread_blocked, id=28272, stack(0x00007fabcc1f2000,0x00007fabcc2f3000)]
  0x00007fabdc0ab800 JavaThread "Signal Dispatcher" daemon [_thread_blocked, id=28271, stack(0x00007fabcc2f3000,0x00007fabcc3f4000)]
  0x00007fabdc083800 JavaThread "Finalizer" daemon [_thread_blocked, id=28270, stack(0x00007fabcc3f4000,0x00007fabcc4f5000)]
  0x00007fabdc07f000 JavaThread "Reference Handler" daemon [_thread_blocked, id=28269, stack(0x00007fabcc4f5000,0x00007fabcc5f6000)]
  0x00007fabdc00a000 JavaThread "main" [_thread_blocked, id=28263, stack(0x00007fabe5325000,0x00007fabe5426000)]

Other Threads:
  0x00007fabdc077800 VMThread [stack: 0x00007fabcc5f6000,0x00007fabcc6f7000] [id=28268]
  0x00007fabdc0c4000 WatcherThread [stack: 0x00007fabc561b000,0x00007fabc571c000] [id=28276]

VM state:not at safepoint (normal execution)

VM Mutex/Monitor currently owned by a thread: None

Heap:
 PSYoungGen      total 189952K, used 64868K [0x00000000eab00000, 0x00000000f9f80000, 0x0000000100000000)
  eden space 168448K, 33% used [0x00000000eab00000,0x00000000ee2de740,0x00000000f4f80000)
  from space 21504K, 35% used [0x00000000f6480000,0x00000000f6bfa918,0x00000000f7980000)
  to   space 21504K, 0% used [0x00000000f4f80000,0x00000000f4f80000,0x00000000f6480000)
 ParOldGen       total 381952K, used 12706K [0x00000000c0000000, 0x00000000d7500000, 0x00000000eab00000)
  object space 381952K, 3% used [0x00000000c0000000,0x00000000c0c68bd8,0x00000000d7500000)
 Metaspace       used 42671K, capacity 43126K, committed 43392K, reserved 1083392K
  class space    used 8380K, capacity 8506K, committed 8576K, reserved 1048576K

Card table byte_map: [0x00007fabe18c3000,0x00007fabe1ac4000] byte_map_base: 0x00007fabe12c3000

Marking Bits: (ParMarkBitMap*) 0x00007fabe45fb080
 Begin Bits: [0x00007fabc6000000, 0x00007fabc7000000)
 End Bits:   [0x00007fabc7000000, 0x00007fabc8000000)

Polling page: 0x00007fabe5446000

CodeCache: size=245760Kb used=10643Kb max_used=10654Kb free=235116Kb
 bounds [0x00007fabcd000000, 0x00007fabcda80000, 0x00007fabdc000000]
 total_blobs=4854 nmethods=4421 adapters=345
 compilation: enabled

Compilation events (10 events):
Event: 8.203 Thread 0x00007fabdc0b2000 5050       3       java.lang.System::getProperty (25 bytes)
Event: 8.204 Thread 0x00007fabdc0b2000 nmethod 5050 0x00007fabcda70a90 code [0x00007fabcda70cc0, 0x00007fabcda716d8]
Event: 8.217 Thread 0x00007fabdc0b2000 5051       3       play.runsupport.classloader.DelegatingClassLoader::loadClass (29 bytes)
Event: 8.217 Thread 0x00007fabdc0b2000 nmethod 5051 0x00007fabcda64b90 code [0x00007fabcda64d20, 0x00007fabcda65088]
Event: 8.218 Thread 0x00007fabdc0b0800 5052   !   4       sun.misc.URLClassPath$JarLoader::getResource (85 bytes)
Event: 8.224 Thread 0x00007fabdc0b2000 5053       3       java.security.SecureClassLoader::defineClass (16 bytes)
Event: 8.225 Thread 0x00007fabdc0b2000 nmethod 5053 0x00007fabcda646d0 code [0x00007fabcda64840, 0x00007fabcda64ab8]
Event: 8.225 Thread 0x00007fabdc0b0800 nmethod 5052 0x00007fabcda6e690 code [0x00007fabcda6e8c0, 0x00007fabcda6ef70]
Event: 8.229 Thread 0x00007fabdc0b2000 5054       1       akka.actor.LightArrayRevolverScheduler$$anon$8::akka$actor$LightArrayRevolverScheduler$$anon$$wheel (5 bytes)
Event: 8.229 Thread 0x00007fabdc0b2000 nmethod 5054 0x00007fabcda707d0 code [0x00007fabcda70920, 0x00007fabcda70a30]

GC Heap History (10 events):
Event: 2.100 GC heap before
{Heap before GC invocations=2 (full 1):
 PSYoungGen      total 153088K, used 15430K [0x00000000eab00000, 0x00000000f5580000, 0x0000000100000000)
  eden space 131584K, 0% used [0x00000000eab00000,0x00000000eab00000,0x00000000f2b80000)
  from space 21504K, 71% used [0x00000000f2b80000,0x00000000f3a91980,0x00000000f4080000)
  to   space 21504K, 0% used [0x00000000f4080000,0x00000000f4080000,0x00000000f5580000)
 ParOldGen       total 349696K, used 16K [0x00000000c0000000, 0x00000000d5580000, 0x00000000eab00000)
  object space 349696K, 0% used [0x00000000c0000000,0x00000000c0004000,0x00000000d5580000)
 Metaspace       used 20968K, capacity 21140K, committed 21296K, reserved 1067008K
  class space    used 3541K, capacity 3630K, committed 3712K, reserved 1048576K
Event: 2.144 GC heap after
Heap after GC invocations=2 (full 1):
 PSYoungGen      total 153088K, used 0K [0x00000000eab00000, 0x00000000f5580000, 0x0000000100000000)
  eden space 131584K, 0% used [0x00000000eab00000,0x00000000eab00000,0x00000000f2b80000)
  from space 21504K, 0% used [0x00000000f2b80000,0x00000000f2b80000,0x00000000f4080000)
  to   space 21504K, 0% used [0x00000000f4080000,0x00000000f4080000,0x00000000f5580000)
 ParOldGen       total 349696K, used 14690K [0x00000000c0000000, 0x00000000d5580000, 0x00000000eab00000)
  object space 349696K, 4% used [0x00000000c0000000,0x00000000c0e58940,0x00000000d5580000)
 Metaspace       used 20968K, capacity 21140K, committed 21296K, reserved 1067008K
  class space    used 3541K, capacity 3630K, committed 3712K, reserved 1048576K
}
Event: 5.093 GC heap before
{Heap before GC invocations=3 (full 1):
 PSYoungGen      total 153088K, used 131584K [0x00000000eab00000, 0x00000000f5580000, 0x0000000100000000)
  eden space 131584K, 100% used [0x00000000eab00000,0x00000000f2b80000,0x00000000f2b80000)
  from space 21504K, 0% used [0x00000000f2b80000,0x00000000f2b80000,0x00000000f4080000)
  to   space 21504K, 0% used [0x00000000f4080000,0x00000000f4080000,0x00000000f5580000)
 ParOldGen       total 349696K, used 14690K [0x00000000c0000000, 0x00000000d5580000, 0x00000000eab00000)
  object space 349696K, 4% used [0x00000000c0000000,0x00000000c0e58940,0x00000000d5580000)
 Metaspace       used 30300K, capacity 30578K, committed 30720K, reserved 1075200K
  class space    used 5773K, capacity 5878K, committed 5888K, reserved 1048576K
Event: 5.128 GC heap after
Heap after GC invocations=3 (full 1):
 PSYoungGen      total 153088K, used 10869K [0x00000000eab00000, 0x00000000f8000000, 0x0000000100000000)
  eden space 131584K, 0% used [0x00000000eab00000,0x00000000eab00000,0x00000000f2b80000)
  from space 21504K, 50% used [0x00000000f4080000,0x00000000f4b1d630,0x00000000f5580000)
  to   space 21504K, 0% used [0x00000000f2b80000,0x00000000f2b80000,0x00000000f4080000)
 ParOldGen       total 349696K, used 14698K [0x00000000c0000000, 0x00000000d5580000, 0x00000000eab00000)
  object space 349696K, 4% used [0x00000000c0000000,0x00000000c0e5a940,0x00000000d5580000)
 Metaspace       used 30300K, capacity 30578K, committed 30720K, reserved 1075200K
  class space    used 5773K, capacity 5878K, committed 5888K, reserved 1048576K
}
Event: 6.766 GC heap before
{Heap before GC invocations=4 (full 1):
 PSYoungGen      total 153088K, used 94527K [0x00000000eab00000, 0x00000000f8000000, 0x0000000100000000)
  eden space 131584K, 63% used [0x00000000eab00000,0x00000000efcb2928,0x00000000f2b80000)
  from space 21504K, 50% used [0x00000000f4080000,0x00000000f4b1d630,0x00000000f5580000)
  to   space 21504K, 0% used [0x00000000f2b80000,0x00000000f2b80000,0x00000000f4080000)
 ParOldGen       total 349696K, used 14698K [0x00000000c0000000, 0x00000000d5580000, 0x00000000eab00000)
  object space 349696K, 4% used [0x00000000c0000000,0x00000000c0e5a940,0x00000000d5580000)
 Metaspace       used 35129K, capacity 35480K, committed 35496K, reserved 1077248K
  class space    used 6788K, capacity 6896K, committed 6912K, reserved 1048576K
Event: 6.772 GC heap after
Heap after GC invocations=4 (full 1):
 PSYoungGen      total 153088K, used 9562K [0x00000000eab00000, 0x00000000f7980000, 0x0000000100000000)
  eden space 131584K, 0% used [0x00000000eab00000,0x00000000eab00000,0x00000000f2b80000)
  from space 21504K, 44% used [0x00000000f2b80000,0x00000000f34d69a8,0x00000000f4080000)
  to   space 21504K, 0% used [0x00000000f6480000,0x00000000f6480000,0x00000000f7980000)
 ParOldGen       total 349696K, used 14706K [0x00000000c0000000, 0x00000000d5580000, 0x00000000eab00000)
  object space 349696K, 4% used [0x00000000c0000000,0x00000000c0e5c940,0x00000000d5580000)
 Metaspace       used 35129K, capacity 35480K, committed 35496K, reserved 1077248K
  class space    used 6788K, capacity 6896K, committed 6912K, reserved 1048576K
}
Event: 6.772 GC heap before
{Heap before GC invocations=5 (full 2):
 PSYoungGen      total 153088K, used 9562K [0x00000000eab00000, 0x00000000f7980000, 0x0000000100000000)
  eden space 131584K, 0% used [0x00000000eab00000,0x00000000eab00000,0x00000000f2b80000)
  from space 21504K, 44% used [0x00000000f2b80000,0x00000000f34d69a8,0x00000000f4080000)
  to   space 21504K, 0% used [0x00000000f6480000,0x00000000f6480000,0x00000000f7980000)
 ParOldGen       total 349696K, used 14706K [0x00000000c0000000, 0x00000000d5580000, 0x00000000eab00000)
  object space 349696K, 4% used [0x00000000c0000000,0x00000000c0e5c940,0x00000000d5580000)
 Metaspace       used 35129K, capacity 35480K, committed 35496K, reserved 1077248K
  class space    used 6788K, capacity 6896K, committed 6912K, reserved 1048576K
Event: 6.808 GC heap after
Heap after GC invocations=5 (full 2):
 PSYoungGen      total 153088K, used 0K [0x00000000eab00000, 0x00000000f7980000, 0x0000000100000000)
  eden space 131584K, 0% used [0x00000000eab00000,0x00000000eab00000,0x00000000f2b80000)
  from space 21504K, 0% used [0x00000000f2b80000,0x00000000f2b80000,0x00000000f4080000)
  to   space 21504K, 0% used [0x00000000f6480000,0x00000000f6480000,0x00000000f7980000)
 ParOldGen       total 381952K, used 12698K [0x00000000c0000000, 0x00000000d7500000, 0x00000000eab00000)
  object space 381952K, 3% used [0x00000000c0000000,0x00000000c0c66bd8,0x00000000d7500000)
 Metaspace       used 35118K, capacity 35462K, committed 35496K, reserved 1077248K
  class space    used 6786K, capacity 6890K, committed 6912K, reserved 1048576K
}
Event: 7.685 GC heap before
{Heap before GC invocations=6 (full 2):
 PSYoungGen      total 153088K, used 131584K [0x00000000eab00000, 0x00000000f7980000, 0x0000000100000000)
  eden space 131584K, 100% used [0x00000000eab00000,0x00000000f2b80000,0x00000000f2b80000)
  from space 21504K, 0% used [0x00000000f2b80000,0x00000000f2b80000,0x00000000f4080000)
  to   space 21504K, 0% used [0x00000000f6480000,0x00000000f6480000,0x00000000f7980000)
 ParOldGen       total 381952K, used 12698K [0x00000000c0000000, 0x00000000d7500000, 0x00000000eab00000)
  object space 381952K, 3% used [0x00000000c0000000,0x00000000c0c66bd8,0x00000000d7500000)
 Metaspace       used 39267K, capacity 39718K, committed 39936K, reserved 1081344K
  class space    used 7658K, capacity 7818K, committed 7936K, reserved 1048576K
Event: 7.735 GC heap after
Heap after GC invocations=6 (full 2):
 PSYoungGen      total 189952K, used 7658K [0x00000000eab00000, 0x00000000f9f80000, 0x0000000100000000)
  eden space 168448K, 0% used [0x00000000eab00000,0x00000000eab00000,0x00000000f4f80000)
  from space 21504K, 35% used [0x00000000f6480000,0x00000000f6bfa918,0x00000000f7980000)
  to   space 21504K, 0% used [0x00000000f4f80000,0x00000000f4f80000,0x00000000f6480000)
 ParOldGen       total 381952K, used 12706K [0x00000000c0000000, 0x00000000d7500000, 0x00000000eab00000)
  object space 381952K, 3% used [0x00000000c0000000,0x00000000c0c68bd8,0x00000000d7500000)
 Metaspace       used 39267K, capacity 39718K, committed 39936K, reserved 1081344K
  class space    used 7658K, capacity 7818K, committed 7936K, reserved 1048576K
}

Deoptimization events (10 events):
Event: 7.961 Thread 0x00007fabdc00a000 Uncommon trap: reason=class_check action=maybe_recompile pc=0x00007fabcd4f1618 method=sbt.ScopeAxis$class.fold(Lsbt/ScopeAxis;Lscala/Function1;Lscala/Function0;Lscala/Function0;)Ljava/lang/Object; @ 106
Event: 7.961 Thread 0x00007fabdc00a000 Uncommon trap: reason=class_check action=maybe_recompile pc=0x00007fabcd4f1618 method=sbt.ScopeAxis$class.fold(Lsbt/ScopeAxis;Lscala/Function1;Lscala/Function0;Lscala/Function0;)Ljava/lang/Object; @ 106
Event: 7.964 Thread 0x00007fabdc00a000 Uncommon trap: reason=unstable_if action=reinterpret pc=0x00007fabcd6bc17c method=sbt.Execute.sbt$Execute$$State()Lsbt/Execute$State$; @ 4
Event: 7.969 Thread 0x00007fabdca25000 Uncommon trap: reason=unstable_if action=reinterpret pc=0x00007fabcd8f4bf4 method=java.net.URI$Parser.parseHierarchical(II)I @ 23
Event: 7.988 Thread 0x00007fabdc00a000 Uncommon trap: reason=unstable_if action=reinterpret pc=0x00007fabcd6ba8bc method=java.util.IdentityHashMap.nextKeyIndex(II)I @ 4
Event: 8.015 Thread 0x00007fabdca28000 Uncommon trap: reason=class_check action=maybe_recompile pc=0x00007fabcd8ae6f8 method=scala.collection.generic.GenTraversableFactory$ReusableCBF.apply()Lscala/collection/mutable/Builder; @ 4
Event: 8.020 Thread 0x00007fabdca25800 Uncommon trap: reason=class_check action=maybe_recompile pc=0x00007fabcd7e16c0 method=sbinary.JavaUTF$class.sbinary$JavaUTF$$fetchBuffers(Lsbinary/JavaUTF;I)Lscala/Tuple2; @ 24
Event: 8.052 Thread 0x00007fabdca28000 Uncommon trap: reason=unstable_if action=reinterpret pc=0x00007fabcd1555c0 method=sbt.ProjectRef.equals(Ljava/lang/Object;)Z @ 2
Event: 8.093 Thread 0x00007fabdca28000 Uncommon trap: reason=unstable_if action=reinterpret pc=0x00007fabcd5c4280 method=sun.misc.URLClassPath$JarLoader.getResource(Ljava/lang/String;Z)Lsun/misc/Resource; @ 62
Event: 8.105 Thread 0x00007fabdca28000 Uncommon trap: reason=unstable_if action=reinterpret pc=0x00007fabcd876f94 method=sun.misc.URLClassPath$JarLoader.getResource(Ljava/lang/String;Z)Lsun/misc/Resource; @ 62

Internal exceptions (10 events):
Event: 8.200 Thread 0x00007fab6c5e1800 Exception <a 'sun/nio/fs/UnixException'> (0x00000000edd23520) thrown at [/build/openjdk-8-vT_67x/openjdk-8-8u91-b14/src/hotspot/src/share/vm/prims/jni.cpp, line 709]
Event: 8.200 Thread 0x00007fab6c5e1800 Exception <a 'sun/nio/fs/UnixException'> (0x00000000edd23878) thrown at [/build/openjdk-8-vT_67x/openjdk-8-8u91-b14/src/hotspot/src/share/vm/prims/jni.cpp, line 709]
Event: 8.200 Thread 0x00007fab6c5e1800 Exception <a 'sun/nio/fs/UnixException'> (0x00000000edd23bd0) thrown at [/build/openjdk-8-vT_67x/openjdk-8-8u91-b14/src/hotspot/src/share/vm/prims/jni.cpp, line 709]
Event: 8.200 Thread 0x00007fab6c5e1800 Exception <a 'sun/nio/fs/UnixException'> (0x00000000edd23f28) thrown at [/build/openjdk-8-vT_67x/openjdk-8-8u91-b14/src/hotspot/src/share/vm/prims/jni.cpp, line 709]
Event: 8.200 Thread 0x00007fab6c5e1800 Exception <a 'sun/nio/fs/UnixException'> (0x00000000edd24280) thrown at [/build/openjdk-8-vT_67x/openjdk-8-8u91-b14/src/hotspot/src/share/vm/prims/jni.cpp, line 709]
Event: 8.201 Thread 0x00007fab6c5e1800 Exception <a 'sun/nio/fs/UnixException'> (0x00000000edd245d8) thrown at [/build/openjdk-8-vT_67x/openjdk-8-8u91-b14/src/hotspot/src/share/vm/prims/jni.cpp, line 709]
Event: 8.201 Thread 0x00007fab6c5e1800 Exception <a 'sun/nio/fs/UnixException'> (0x00000000edd24930) thrown at [/build/openjdk-8-vT_67x/openjdk-8-8u91-b14/src/hotspot/src/share/vm/prims/jni.cpp, line 709]
Event: 8.201 Thread 0x00007fab6c5e1800 Exception <a 'sun/nio/fs/UnixException'> (0x00000000edd24c88) thrown at [/build/openjdk-8-vT_67x/openjdk-8-8u91-b14/src/hotspot/src/share/vm/prims/jni.cpp, line 709]
Event: 8.201 Thread 0x00007fab6c5e1800 Exception <a 'sun/nio/fs/UnixException'> (0x00000000edd24fe0) thrown at [/build/openjdk-8-vT_67x/openjdk-8-8u91-b14/src/hotspot/src/share/vm/prims/jni.cpp, line 709]
Event: 8.201 Thread 0x00007fab6c5e1800 Exception <a 'sun/nio/fs/UnixException'> (0x00000000edd25338) thrown at [/build/openjdk-8-vT_67x/openjdk-8-8u91-b14/src/hotspot/src/share/vm/prims/jni.cpp, line 709]

Events (10 events):
Event: 8.233 loading class scala/collection/immutable/List$$anon$1
Event: 8.233 loading class scala/collection/immutable/List$$anon$1 done
Event: 8.234 loading class scala/collection/immutable/$colon$colon$
Event: 8.234 loading class scala/collection/immutable/$colon$colon$ done
Event: 8.234 loading class scala/collection/$plus$colon$
Event: 8.234 loading class scala/collection/$plus$colon$ done
Event: 8.234 loading class scala/collection/$colon$plus$
Event: 8.234 loading class scala/collection/$colon$plus$ done
Event: 8.234 loading class scala/collection/immutable/Stream$
Event: 8.234 loading class scala/collection/immutable/Stream$ done


Dynamic libraries:
00400000-00401000 r-xp 00000000 08:06 3504                               /usr/lib/jvm/java-8-openjdk-amd64/jre/bin/java
00600000-00601000 r--p 00000000 08:06 3504                               /usr/lib/jvm/java-8-openjdk-amd64/jre/bin/java
00601000-00602000 rw-p 00001000 08:06 3504                               /usr/lib/jvm/java-8-openjdk-amd64/jre/bin/java
01526000-01547000 rw-p 00000000 00:00 0                                  [heap]
c0000000-d7500000 rw-p 00000000 00:00 0 
d7500000-eab00000 ---p 00000000 00:00 0 
eab00000-f9f80000 rw-p 00000000 00:00 0 
f9f80000-100000000 ---p 00000000 00:00 0 
100000000-100860000 rw-p 00000000 00:00 0 
100860000-140000000 ---p 00000000 00:00 0 
7fab58000000-7fab58021000 rw-p 00000000 00:00 0 
7fab58021000-7fab5c000000 ---p 00000000 00:00 0 
7fab60000000-7fab60021000 rw-p 00000000 00:00 0 
7fab60021000-7fab64000000 ---p 00000000 00:00 0 
7fab64000000-7fab64021000 rw-p 00000000 00:00 0 
7fab64021000-7fab68000000 ---p 00000000 00:00 0 
7fab68000000-7fab68021000 rw-p 00000000 00:00 0 
7fab68021000-7fab6c000000 ---p 00000000 00:00 0 
7fab6c000000-7fab6c616000 rw-p 00000000 00:00 0 
7fab6c616000-7fab70000000 ---p 00000000 00:00 0 
7fab70000000-7fab70090000 rw-p 00000000 00:00 0 
7fab70090000-7fab74000000 ---p 00000000 00:00 0 
7fab74000000-7fab74027000 rw-p 00000000 00:00 0 
7fab74027000-7fab78000000 ---p 00000000 00:00 0 
7fab78000000-7fab78021000 rw-p 00000000 00:00 0 
7fab78021000-7fab7c000000 ---p 00000000 00:00 0 
7fab7c000000-7fab7c021000 rw-p 00000000 00:00 0 
7fab7c021000-7fab80000000 ---p 00000000 00:00 0 
7fab80000000-7fab80157000 rw-p 00000000 00:00 0 
7fab80157000-7fab84000000 ---p 00000000 00:00 0 
7fab84000000-7fab84021000 rw-p 00000000 00:00 0 
7fab84021000-7fab88000000 ---p 00000000 00:00 0 
7fab88000000-7fab88021000 rw-p 00000000 00:00 0 
7fab88021000-7fab8c000000 ---p 00000000 00:00 0 
7fab8c000000-7fab8c021000 rw-p 00000000 00:00 0 
7fab8c021000-7fab90000000 ---p 00000000 00:00 0 
7fab90000000-7fab90021000 rw-p 00000000 00:00 0 
7fab90021000-7fab94000000 ---p 00000000 00:00 0 
7fab94000000-7fab94021000 rw-p 00000000 00:00 0 
7fab94021000-7fab98000000 ---p 00000000 00:00 0 
7fab98000000-7fab99ab1000 rw-p 00000000 00:00 0 
7fab99ab1000-7fab9c000000 ---p 00000000 00:00 0 
7fab9c000000-7fab9ce43000 rw-p 00000000 00:00 0 
7fab9ce43000-7faba0000000 ---p 00000000 00:00 0 
7faba0000000-7faba0021000 rw-p 00000000 00:00 0 
7faba0021000-7faba4000000 ---p 00000000 00:00 0 
7faba4000000-7faba6358000 rw-p 00000000 00:00 0 
7faba6358000-7faba8000000 ---p 00000000 00:00 0 
7faba8000000-7faba8021000 rw-p 00000000 00:00 0 
7faba8021000-7fabac000000 ---p 00000000 00:00 0 
7fabac000000-7fabac021000 rw-p 00000000 00:00 0 
7fabac021000-7fabb0000000 ---p 00000000 00:00 0 
7fabb0000000-7fabb0021000 rw-p 00000000 00:00 0 
7fabb0021000-7fabb4000000 ---p 00000000 00:00 0 
7fabb4000000-7fabb4083000 rw-p 00000000 00:00 0 
7fabb4083000-7fabb8000000 ---p 00000000 00:00 0 
7fabb8000000-7fabb8021000 rw-p 00000000 00:00 0 
7fabb8021000-7fabbc000000 ---p 00000000 00:00 0 
7fabbe0f7000-7fabbe0f9000 rw-p 00000000 00:00 0 
7fabbe0f9000-7fabbe0fc000 ---p 00000000 00:00 0 
7fabbe0fc000-7fabbe1fa000 rw-p 00000000 00:00 0                          [stack:28312]
7fabbe1fa000-7fabbe1fd000 ---p 00000000 00:00 0 
7fabbe1fd000-7fabbe2fb000 rw-p 00000000 00:00 0                          [stack:28311]
7fabbe2fb000-7fabbe2ff000 r--s 00026000 08:06 589560                     /home/nivas/.ivy2/cache/com.typesafe.play/play-doc_2.11/jars/play-doc_2.11-1.2.2.jar
7fabbe2ff000-7fabbe32a000 r--s 001f5000 08:06 589410                     /home/nivas/.ivy2/cache/com.google.guava/guava/bundles/guava-16.0.1.jar
7fabbe32a000-7fabbe36f000 r--s 0080d000 08:06 585575                     /home/nivas/.ivy2/cache/com.typesafe.play/play-docs_2.11/jars/play-docs_2.11-2.4.2.jar
7fabbe36f000-7fabbe3c8000 r--s 004f6000 08:06 585503                     /home/nivas/.ivy2/cache/org.scala-lang/scala-library/jars/scala-library-2.11.6.jar
7fabbe3c8000-7fabbe3cf000 r--s 000ba000 08:06 593629                     /home/nivas/.ivy2/cache/mysql/mysql-connector-java/jars/mysql-connector-java-5.1.18.jar
7fabbe3cf000-7fabbe3d1000 r--s 0000d000 08:06 589439                     /home/nivas/.ivy2/cache/commons-logging/commons-logging/jars/commons-logging-1.1.1.jar
7fabbe3d1000-7fabbe3d9000 r--s 00040000 08:06 589438                     /home/nivas/.ivy2/cache/org.apache.httpcomponents/httpclient/jars/httpclient-4.0.1.jar
7fabbe3d9000-7fabbe3de000 r--s 00026000 08:06 589437                     /home/nivas/.ivy2/cache/org.apache.httpcomponents/httpcore/jars/httpcore-4.0.1.jar
7fabbe3de000-7fabbe3df000 r--s 00001000 08:06 589431                     /home/nivas/.ivy2/cache/oauth.signpost/signpost-commonshttp4/jars/signpost-commonshttp4-1.2.1.2.jar
7fabbe3df000-7fabbe3e2000 r--s 00009000 08:06 589430                     /home/nivas/.ivy2/cache/oauth.signpost/signpost-core/jars/signpost-core-1.2.1.2.jar
7fabbe3e2000-7fabbe3ec000 r--s 0007d000 08:06 585547                     /home/nivas/.ivy2/cache/com.ning/async-http-client/jars/async-http-client-1.9.21.jar
7fabbe3ec000-7fabbe3f7000 r--s 00086000 08:06 585546                     /home/nivas/.ivy2/cache/com.typesafe.play/play-ws_2.11/jars/play-ws_2.11-2.4.2.jar
7fabbe3f7000-7fabbe3f9000 r--s 00005000 08:06 585502                     /home/nivas/.ivy2/cache/com.typesafe.play/play-java-ws_2.11/jars/play-java-ws_2.11-2.4.2.jar
7fabbe3f9000-7fabbe414000 r--s 0012e000 08:06 589427                     /home/nivas/.ivy2/cache/net.sf.ehcache/ehcache-core/jars/ehcache-core-2.6.11.jar
7fabbe414000-7fabbe417000 r--s 00010000 08:06 585501                     /home/nivas/.ivy2/cache/com.typesafe.play/play-cache_2.11/jars/play-cache_2.11-2.4.2.jar
7fabbe417000-7fabbe41c000 r--s 0002d000 08:06 589426                     /home/nivas/.ivy2/cache/tyrex/tyrex/jars/tyrex-1.0.1.jar
7fabbe41c000-7fabbe41f000 r--s 00016000 08:06 585545                     /home/nivas/.ivy2/cache/com.zaxxer/HikariCP/bundles/HikariCP-2.3.7.jar
7fabbe41f000-7fabbe422000 r--s 00019000 08:06 589422                     /home/nivas/.ivy2/cache/com.jolbox/bonecp/bundles/bonecp-0.8.0.RELEASE.jar
7fabbe422000-7fabbe423000 r--s 00001000 08:06 585544                     /home/nivas/.ivy2/cache/com.typesafe.play/play-jdbc-api_2.11/jars/play-jdbc-api_2.11-2.4.2.jar
7fabbe423000-7fabbe426000 r--s 00017000 08:06 585543                     /home/nivas/.ivy2/cache/com.typesafe.play/play-jdbc_2.11/jars/play-jdbc_2.11-2.4.2.jar
7fabbe426000-7fabbe427000 r--s 00002000 08:06 585500                     /home/nivas/.ivy2/cache/com.typesafe.play/play-java-jdbc_2.11/jars/play-java-jdbc_2.11-2.4.2.jar
7fabbe427000-7fabbe428000 r--s 00001000 08:06 585542                     /home/nivas/.ivy2/cache/com.typesafe.netty/netty-http-pipelining/jars/netty-http-pipelining-1.1.4.jar
7fabbe428000-7fabbe441000 r--s 0012b000 08:06 585541                     /home/nivas/.ivy2/cache/io.netty/netty/bundles/netty-3.10.3.Final.jar
7fabbe441000-7fabbe447000 r--s 0002f000 08:06 585499                     /home/nivas/.ivy2/cache/com.typesafe.play/play-netty-server_2.11/jars/play-netty-server_2.11-2.4.2.jar
7fabbe447000-7fabbe44b000 r--s 00038000 08:06 585536                     /home/nivas/.ivy2/cache/org.apache.tomcat/tomcat-servlet-api/jars/tomcat-servlet-api-8.0.21.jar
7fabbe44b000-7fabbe44e000 r--s 00006000 08:06 592601                     /home/nivas/.ivy2/cache/com.google.code.findbugs/jsr305/jars/jsr305-2.0.3.jar
7fabbe44e000-7fabbe44f000 r--s 00002000 08:06 585535                     /home/nivas/.ivy2/cache/net.jodah/typetools/bundles/typetools-0.4.1.jar
7fabbe44f000-7fabbe453000 r--s 0000f000 08:06 585539                     /home/nivas/.ivy2/cache/com.google.code.findbugs/annotations/jars/annotations-2.0.1.jar
7fabbe453000-7fabbe456000 r--s 00020000 08:06 585534                     /home/nivas/.ivy2/cache/org.reflections/reflections/jars/reflections-0.9.9.jar
7fabbe456000-7fabbe463000 r--s 000a0000 08:06 585533                     /home/nivas/.ivy2/cache/org.springframework/spring-beans/jars/spring-beans-4.1.6.RELEASE.jar
7fabbe463000-7fabbe478000 r--s 000e2000 08:06 585532                     /home/nivas/.ivy2/cache/org.springframework/spring-core/jars/spring-core-4.1.6.RELEASE.jar
7fabbe478000-7fabbe490000 r--s 000e3000 08:06 585531                     /home/nivas/.ivy2/cache/org.springframework/spring-context/jars/spring-context-4.1.6.RELEASE.jar
7fabbe490000-7fabbe492000 r--s 0000f000 08:06 585530                     /home/nivas/.ivy2/cache/org.jboss.logging/jboss-logging/jars/jboss-logging-3.2.1.Final.jar
7fabbe492000-7fabbe494000 r--s 0000d000 08:06 585538                     /home/nivas/.ivy2/cache/com.fasterxml/classmate/bundles/classmate-1.0.0.jar
7fabbe494000-7fabbe498000 r--s 0000c000 08:06 585537                     /home/nivas/.ivy2/cache/javax.validation/validation-api/jars/validation-api-1.1.0.Final.jar
7fabbe498000-7fabbe4a5000 r--s 00080000 08:06 585529                     /home/nivas/.ivy2/cache/org.hibernate/hibernate-validator/jars/hibernate-validator-5.0.3.Final.jar
7fabbe4a5000-7fabbe4ab000 r--s 0003c000 08:06 585528                     /home/nivas/.ivy2/cache/org.yaml/snakeyaml/bundles/snakeyaml-1.15.jar
7fabbe4ab000-7fabbe4b0000 r--s 00015000 08:06 585527                     /home/nivas/.ivy2/cache/org.scala-lang.modules/scala-java8-compat_2.11/bundles/scala-java8-compat_2.11-0.3.0.jar
7fabbe4b0000-7fabbe4b3000 r--s 00019000 08:06 585498                     /home/nivas/.ivy2/cache/com.typesafe.play/play-java_2.11/jars/play-java_2.11-2.4.2.jar
7fabbe4b3000-7fabbe4b5000 r--s 00009000 08:06 589396                     /home/nivas/.ivy2/cache/com.google.inject.extensions/guice-assistedinject/jars/guice-assistedinject-4.0.jar
7fabbe4b5000-7fabbe4c3000 r--s 00096000 08:06 589395                     /home/nivas/.ivy2/cache/com.google.inject/guice/jars/guice-4.0.jar
7fabbe4c3000-7fabbe4c4000 r--s 00003000 08:06 589394                     /home/nivas/.ivy2/cache/javax.transaction/jta/jars/jta-1.1.jar
7fabbe4c4000-7fabbe4cd000 r--s 0002d000 08:06 589409                     /home/nivas/.ivy2/cache/xml-apis/xml-apis/jars/xml-apis-1.4.01.jar
7fabbe4cd000-7fabbe4e6000 r--s 00135000 08:06 589393                     /home/nivas/.ivy2/cache/xerces/xercesImpl/jars/xercesImpl-2.11.0.jar
7fabbe4e6000-7fabbe4ed000 r--s 0003f000 08:06 589284                     /home/nivas/.ivy2/cache/commons-codec/commons-codec/jars/commons-codec-1.10.jar
7fabbe4ed000-7fabbe4ee000 r--s 00003000 08:06 585514                     /home/nivas/.ivy2/cache/com.typesafe.akka/akka-slf4j_2.11/jars/akka-slf4j_2.11-2.3.11.jar
7fabbe4ee000-7fabbe515000 r--s 0025c000 08:06 585513                     /home/nivas/.ivy2/cache/com.typesafe.akka/akka-actor_2.11/jars/akka-actor_2.11-2.3.11.jar
7fabbe515000-7fabbe51b000 r--s 0003f000 08:06 585512                     /home/nivas/.ivy2/cache/ch.qos.logback/logback-classic/jars/logback-classic-1.1.3.jar
7fabbe51b000-7fabbe526000 r--s 00065000 08:06 585511                     /home/nivas/.ivy2/cache/ch.qos.logback/logback-core/jars/logback-core-1.1.3.jar
7fabbe526000-7fabbe531000 r--s 0005c000 08:06 592570                     /home/nivas/.ivy2/cache/org.scala-lang.modules/scala-parser-combinators_2.11/bundles/scala-parser-combinators_2.11-1.0.1.jar
7fabbe531000-7fabbe533000 r--s 00003000 08:06 585510                     /home/nivas/.ivy2/cache/org.slf4j/jcl-over-slf4j/jars/jcl-over-slf4j-1.7.12.jar
7fabbe533000-7fabbe535000 r--s 00000000 08:06 585509                     /home/nivas/.ivy2/cache/org.slf4j/jul-to-slf4j/jars/jul-to-slf4j-1.7.12.jar
7fabbe535000-7fabbe536000 r--s 00004000 08:06 585508                     /home/nivas/.ivy2/cache/com.typesafe.play/play-netty-utils/jars/play-netty-utils-2.4.2.jar
7fabbe536000-7fabbe539000 r--s 0000c000 08:06 585519                     /home/nivas/.ivy2/cache/com.fasterxml.jackson.datatype/jackson-datatype-jsr310/bundles/jackson-datatype-jsr310-2.5.4.jar
7fabbe539000-7fabbe53b000 r--s 00003000 08:06 585518                     /home/nivas/.ivy2/cache/com.fasterxml.jackson.datatype/jackson-datatype-jdk8/bundles/jackson-datatype-jdk8-2.5.4.jar
7fabbe53b000-7fabbe54d000 r--s 00106000 08:06 585517                     /home/nivas/.ivy2/cache/com.fasterxml.jackson.core/jackson-databind/bundles/jackson-databind-2.5.4.jar
7fabbe54d000-7fabbe54f000 r--s 00008000 08:06 585516                     /home/nivas/.ivy2/cache/com.fasterxml.jackson.core/jackson-annotations/bundles/jackson-annotations-2.5.4.jar
7fabbe54f000-7fabbe553000 r--s 00035000 08:06 585515                     /home/nivas/.ivy2/cache/com.fasterxml.jackson.core/jackson-core/bundles/jackson-core-2.5.4.jar
7fabbe553000-7fabbe59f000 r--s 003f3000 08:06 585523                     /home/nivas/.ivy2/cache/org.scala-lang/scala-reflect/jars/scala-reflect-2.11.6.jar
7fabbe59f000-7fabbe5af000 r--s 00088000 08:06 585520                     /home/nivas/.ivy2/cache/joda-time/joda-time/jars/joda-time-2.8.1.jar
7fabbe5af000-7fabbe5b8000 r--s 00059000 08:06 585524                     /home/nivas/.ivy2/cache/com.typesafe.play/play-functional_2.11/jars/play-functional_2.11-2.4.2.jar
7fabbe5b8000-7fabbe5c4000 r--s 0008c000 08:06 585507                     /home/nivas/.ivy2/cache/com.typesafe.play/play-json_2.11/jars/play-json_2.11-2.4.2.jar
7fabbe5c4000-7fabbe5cd000 r--s 00091000 08:06 589389                     /home/nivas/.ivy2/cache/org.scala-stm/scala-stm_2.11/jars/scala-stm_2.11-0.7.jar
7fabbe5cd000-7fabbe61c000 r--s 00350000 08:06 585504                     /home/nivas/.ivy2/cache/com.typesafe.play/play_2.11/jars/play_2.11-2.4.2.jar
7fabbe61c000-7fabbe61f000 ---p 00000000 00:00 0 
7fabbe61f000-7fabbe71d000 rw-p 00000000 00:00 0                          [stack:28310]
7fabbe71d000-7fabbe720000 ---p 00000000 00:00 0 
7fabbe720000-7fabbe81e000 rw-p 00000000 00:00 0                          [stack:28309]
7fabbe81e000-7fabbe821000 ---p 00000000 00:00 0 
7fabbe821000-7fabbe91f000 rw-p 00000000 00:00 0                          [stack:28308]
7fabbe91f000-7fabbe922000 ---p 00000000 00:00 0 
7fabbe922000-7fabbec20000 rw-p 00000000 00:00 0                          [stack:28307]
7fabbec20000-7fabbee20000 rw-p 00000000 00:00 0 
7fabbee20000-7fabbf020000 rw-p 00000000 00:00 0 
7fabbf020000-7fabbf024000 r--s 00016000 08:06 585522                     /home/nivas/.ivy2/cache/org.joda/joda-convert/jars/joda-convert-1.7.jar
7fabbf024000-7fabbf025000 r--s 00001000 08:06 585526                     /home/nivas/.ivy2/cache/com.typesafe.play/play-datacommons_2.11/jars/play-datacommons_2.11-2.4.2.jar
7fabbf025000-7fabbf038000 r--s 000a9000 08:06 585299                     /home/nivas/.ivy2/cache/com.typesafe.play/play-iteratees_2.11/jars/play-iteratees_2.11-2.4.2.jar
7fabbf038000-7fabbf03f000 r--s 00037000 08:06 585497                     /home/nivas/.ivy2/cache/com.typesafe.play/play-server_2.11/jars/play-server_2.11-2.4.2.jar
7fabbf03f000-7fabbf04a000 r--s 00096000 08:06 589373                     /home/nivas/.ivy2/cache/org.scala-lang.modules/scala-xml_2.11/bundles/scala-xml_2.11-1.0.1.jar
7fabbf04a000-7fabbf04c000 r--s 0000d000 08:06 589366                     /home/nivas/.ivy2/cache/com.typesafe.play/twirl-api_2.11/jars/twirl-api_2.11-1.1.1.jar
7fabbf04c000-7fabbf0a4000 r--s 00523000 08:06 589365                     /home/nivas/.ivy2/cache/org.scala-lang/scala-library/jars/scala-library-2.11.7.jar
7fabbf0a4000-7fabbf0a6000 r--s 00006000 08:06 592791                     /home/nivas/IdeaProjects/Project_RiskGame/lib/fest-util-1.1.6.jar
7fabbf0a6000-7fabbf0a8000 r--s 00009000 08:06 593227                     /home/nivas/IdeaProjects/Project_RiskGame/lib/hamcrest-core-1.3.jar
7fabbf0a8000-7fabbf0ab000 r--s 00011000 08:06 592585                     /home/nivas/IdeaProjects/Project_RiskGame/lib/fest-assert-1.4.jar
7fabbf0ab000-7fabbf0ad000 r--s 00002000 08:06 593288                     /home/nivas/IdeaProjects/Project_RiskGame/lib/junit-4.11-extended-1.0.4.jar
7fabbf0ad000-7fabbf0b3000 r--s 00036000 08:06 593297                     /home/nivas/IdeaProjects/Project_RiskGame/lib/junit-4.11.jar
7fabbf0b3000-7fabbf0ff000 r--s 0092d000 08:06 585574                     /home/nivas/.ivy2/cache/com.typesafe.play/play-omnidoc_2.11/jars/play-omnidoc_2.11-2.4.2.jar
7fabbf0ff000-7fabbf2ff000 rw-p 00000000 00:00 0 
7fabbf2ff000-7fabbf34f000 r--s 0028c000 08:06 588745                     /home/nivas/.ivy2/cache/org.webjars/npm/jars/npm-2.11.2.jar
7fabbf34f000-7fabbf350000 r--s 00001000 08:06 588720                     /home/nivas/.ivy2/cache/com.typesafe/npm_2.10/jars/npm_2.10-1.1.1.jar
7fabbf350000-7fabbf351000 r--s 00007000 08:06 588744                     /home/nivas/.ivy2/cache/org.slf4j/slf4j-api/jars/slf4j-api-1.7.12.jar
7fabbf351000-7fabbf352000 r--s 00002000 08:06 588726                     /home/nivas/.ivy2/cache/org.slf4j/slf4j-simple/jars/slf4j-simple-1.7.12.jar
7fabbf352000-7fabbf356000 r--s 00043000 08:06 588725                     /home/nivas/.ivy2/cache/io.spray/spray-json_2.10/bundles/spray-json_2.10-1.3.2.jar
7fabbf356000-7fabbf35a000 r--s 000ac000 08:06 588724                     /home/nivas/.ivy2/cache/io.apigee.trireme/trireme-node10src/jars/trireme-node10src-0.8.5.jar
7fabbf35a000-7fabbf367000 r--s 0010f000 08:06 588743                     /home/nivas/.ivy2/cache/io.apigee/rhino/jars/rhino-1.7R5pre4.jar
7fabbf367000-7fabbf36f000 r--s 00060000 08:06 588723                     /home/nivas/.ivy2/cache/io.apigee.trireme/trireme-core/jars/trireme-core-0.8.5.jar
7fabbf36f000-7fabbf370000 r--s 0001e000 08:06 588741                     /home/nivas/.ivy2/cache/org.fusesource.leveldbjni/leveldbjni-win64/jars/leveldbjni-win64-1.5.jar
7fabbf370000-7fabbf371000 r--s 0001b000 08:06 588740                     /home/nivas/.ivy2/cache/org.fusesource.leveldbjni/leveldbjni-win32/jars/leveldbjni-win32-1.5.jar
7fabbf371000-7fabbf372000 r--s 00044000 08:06 588739                     /home/nivas/.ivy2/cache/org.fusesource.leveldbjni/leveldbjni-linux64/jars/leveldbjni-linux64-1.5.jar
7fabbf372000-7fabbf373000 r--s 00044000 08:06 588738                     /home/nivas/.ivy2/cache/org.fusesource.leveldbjni/leveldbjni-linux32/jars/leveldbjni-linux32-1.5.jar
7fabbf373000-7fabbf374000 r--s 00028000 08:06 588737                     /home/nivas/.ivy2/cache/org.fusesource.leveldbjni/leveldbjni-osx/jars/leveldbjni-osx-1.5.jar
7fabbf374000-7fabbf375000 r--s 00004000 08:06 588742                     /home/nivas/.ivy2/cache/org.fusesource.hawtjni/hawtjni-runtime/jars/hawtjni-runtime-1.8.jar
7fabbf375000-7fabbf377000 r--s 0000c000 08:06 588736                     /home/nivas/.ivy2/cache/org.fusesource.leveldbjni/leveldbjni/jars/leveldbjni-1.7.jar
7fabbf377000-7fabbf37a000 r--s 000fa000 08:06 588734                     /home/nivas/.ivy2/cache/org.fusesource.leveldbjni/leveldbjni-all/bundles/leveldbjni-all-1.7.jar
7fabbf37a000-7fabbf37c000 r--s 00001000 08:06 588562                     /home/nivas/.ivy2/cache/org.iq80.leveldb/leveldb-api/jars/leveldb-api-0.5.jar
7fabbf37c000-7fabbf380000 r--s 00034000 08:06 588733                     /home/nivas/.ivy2/cache/org.iq80.leveldb/leveldb/jars/leveldb-0.5.jar
7fabbf380000-7fabbf38e000 r--s 000bf000 08:06 588729                     /home/nivas/.ivy2/cache/com.typesafe.akka/akka-persistence-experimental_2.10/jars/akka-persistence-experimental_2.10-2.3.11.jar
7fabbf38e000-7fabbf39e000 r--s 000f7000 08:06 588728                     /home/nivas/.ivy2/cache/com.typesafe.akka/akka-cluster_2.10/jars/akka-cluster_2.10-2.3.11.jar
7fabbf39e000-7fabbf3a0000 r--s 0000a000 08:06 588732                     /home/nivas/.ivy2/cache/org.uncommons.maths/uncommons-maths/jars/uncommons-maths-1.2.2a.jar
7fabbf3a0000-7fabbf3a8000 r--s 0007b000 08:06 588731                     /home/nivas/.ivy2/cache/com.google.protobuf/protobuf-java/bundles/protobuf-java-2.5.0.jar
7fabbf3a8000-7fabbf3c0000 r--s 00115000 08:06 588730                     /home/nivas/.ivy2/cache/io.netty/netty/bundles/netty-3.8.0.Final.jar
7fabbf3c0000-7fabbf3d6000 r--s 00135000 08:06 588727                     /home/nivas/.ivy2/cache/com.typesafe.akka/akka-remote_2.10/jars/akka-remote_2.10-2.3.11.jar
7fabbf3d6000-7fabbf3e5000 r--s 000bf000 08:06 588722                     /home/nivas/.ivy2/cache/com.typesafe.akka/akka-contrib_2.10/jars/akka-contrib_2.10-2.3.11.jar
7fabbf3e5000-7fabbf40b000 r--s 00263000 08:06 588721                     /home/nivas/.ivy2/cache/com.typesafe.akka/akka-actor_2.10/jars/akka-actor_2.10-2.3.11.jar
7fabbf40b000-7fabbf40f000 r--s 00022000 08:06 588719                     /home/nivas/.ivy2/cache/com.typesafe/jse_2.10/jars/jse_2.10-1.1.2.jar
7fabbf40f000-7fabbf413000 r--s 00020000 08:06 588597                     /home/nivas/.ivy2/cache/scala_2.10/sbt_0.13/com.typesafe.sbt/sbt-js-engine/jars/sbt-js-engine-1.1.3.jar
7fabbf413000-7fabbf416000 r--s 0002e000 08:06 588718                     /home/nivas/.ivy2/cache/com.fasterxml.jackson.core/jackson-core/bundles/jackson-core-2.3.3.jar
7fabbf416000-7fabbf418000 r--s 00007000 08:06 588717                     /home/nivas/.ivy2/cache/com.fasterxml.jackson.core/jackson-annotations/bundles/jackson-annotations-2.3.0.jar
7fabbf418000-7fabbf429000 r--s 000cf000 08:06 588715                     /home/nivas/.ivy2/cache/com.fasterxml.jackson.core/jackson-databind/bundles/jackson-databind-2.3.3.jar
7fabbf429000-7fabbf430000 r--s 00056000 08:06 588716                     /home/nivas/.ivy2/cache/org.apache.commons/commons-compress/jars/commons-compress-1.9.jar
7fabbf430000-7fabbf431000 r--s 00006000 08:06 588714                     /home/nivas/.ivy2/cache/org.webjars/webjars-locator-core/jars/webjars-locator-core-0.26.jar
7fabbf431000-7fabbf433000 r--s 00002000 08:06 588713                     /home/nivas/.ivy2/cache/org.webjars/webjars-locator/jars/webjars-locator-0.26.jar
7fabbf433000-7fabbf43b000 r--s 0003e000 08:06 585088                     /home/nivas/.ivy2/cache/scala_2.10/sbt_0.13/com.typesafe.sbt/sbt-web/jars/sbt-web-1.2.2.jar
7fabbf43b000-7fabbf47b000 r--s 00277000 08:06 588711                     /home/nivas/.ivy2/cache/org.bouncycastle/bcprov-jdk15on/jars/bcprov-jdk15on-1.51.jar
7fabbf47b000-7fabbf482000 r--s 00038000 08:06 588641                     /home/nivas/.ivy2/cache/org.bouncycastle/bcpg-jdk15on/jars/bcpg-jdk15on-1.51.jar
7fabbf482000-7fabbf483000 r--s 00004000 08:06 588710                     /home/nivas/.ivy2/cache/org.apache.ant/ant-launcher/jars/ant-launcher-1.9.3.jar
7fabbf483000-7fabbf4a2000 r--s 001cc000 08:06 583683                     /home/nivas/.ivy2/cache/org.apache.ant/ant/jars/ant-1.9.3.jar
7fabbf4a2000-7fabbf4a6000 r--s 00020000 08:06 588692                     /home/nivas/.ivy2/cache/org.eclipse.aether/aether-impl/jars/aether-impl-0.9.0.M2.jar
7fabbf4a6000-7fabbf4aa000 r--s 0001d000 08:06 588694                     /home/nivas/.ivy2/cache/org.eclipse.aether/aether-util/jars/aether-util-0.9.0.M2.jar
7fabbf4aa000-7fabbf4ac000 r--s 00003000 08:06 588709                     /home/nivas/.ivy2/cache/org.eclipse.aether/aether-spi/jars/aether-spi-0.9.0.M2.jar
7fabbf4ac000-7fabbf4b0000 r--s 0001d000 08:06 588693                     /home/nivas/.ivy2/cache/org.eclipse.aether/aether-api/jars/aether-api-0.9.0.M2.jar
7fabbf4b0000-7fabbf4b2000 r--s 0000e000 08:06 588691                     /home/nivas/.ivy2/cache/org.apache.maven/maven-aether-provider/jars/maven-aether-provider-3.2.2.jar
7fabbf4b2000-7fabbf4b7000 r--s 00025000 08:06 588689                     /home/nivas/.ivy2/cache/org.apache.maven/maven-model-builder/jars/maven-model-builder-3.2.2.jar
7fabbf4b7000-7fabbf4ba000 r--s 0000a000 08:06 588698                     /home/nivas/.ivy2/cache/org.codehaus.plexus/plexus-classworlds/bundles/plexus-classworlds-2.5.1.jar
7fabbf4ba000-7fabbf4c0000 r--s 00042000 08:06 588705                     /home/nivas/.ivy2/cache/org.eclipse.sisu/org.eclipse.sisu.inject/eclipse-plugins/org.eclipse.sisu.inject-0.0.0.M5.jar
7fabbf4c0000-7fabbf4c2000 r--s 00000000 08:06 588708                     /home/nivas/.ivy2/cache/aopalliance/aopalliance/jars/aopalliance-1.0.jar
7fabbf4c2000-7fabbf4ca000 r--s 00050000 08:06 588704                     /home/nivas/.ivy2/cache/org.sonatype.sisu/sisu-guice/jars/sisu-guice-3.1.3-no_aop.jar
7fabbf4ca000-7fabbf4cb000 r--s 00000000 08:06 588707                     /home/nivas/.ivy2/cache/javax.inject/javax.inject/jars/javax.inject-1.jar
7fabbf4cb000-7fabbf4cc000 r--s 00001000 08:06 588706                     /home/nivas/.ivy2/cache/javax.annotation/jsr250-api/jars/jsr250-api-1.0.jar
7fabbf4cc000-7fabbf4cf000 r--s 00008000 08:06 588702                     /home/nivas/.ivy2/cache/javax.enterprise/cdi-api/jars/cdi-api-1.0.jar
7fabbf4cf000-7fabbf4d5000 r--s 0002a000 08:06 588695                     /home/nivas/.ivy2/cache/org.eclipse.sisu/org.eclipse.sisu.plexus/eclipse-plugins/org.eclipse.sisu.plexus-0.0.0.M5.jar
7fabbf4d5000-7fabbf4d7000 r--s 0000a000 08:06 588639                     /home/nivas/.ivy2/cache/org.apache.maven/maven-plugin-api/jars/maven-plugin-api-3.2.2.jar
7fabbf4d7000-7fabbf4da000 r--s 0000b000 08:06 588683                     /home/nivas/.ivy2/cache/org.apache.maven/maven-artifact/jars/maven-artifact-3.2.2.jar
7fabbf4da000-7fabbf4dc000 r--s 00005000 08:06 583945                     /home/nivas/.ivy2/cache/org.apache.maven/maven-repository-metadata/jars/maven-repository-metadata-3.2.2.jar
7fabbf4dc000-7fabbf4de000 r--s 00002000 08:06 588701                     /home/nivas/.ivy2/cache/org.sonatype.plexus/plexus-cipher/jars/plexus-cipher-1.7.jar
7fabbf4de000-7fabbf4df000 r--s 00006000 08:06 588640                     /home/nivas/.ivy2/cache/org.sonatype.plexus/plexus-sec-dispatcher/jars/plexus-sec-dispatcher-1.3.jar
7fabbf4df000-7fabbf4e1000 r--s 00000000 08:06 588700                     /home/nivas/.ivy2/cache/org.codehaus.plexus/plexus-component-annotations/jars/plexus-component-annotations-1.5.5.jar
7fabbf4e1000-7fabbf4e4000 r--s 0000d000 08:06 588696                     /home/nivas/.ivy2/cache/org.codehaus.plexus/plexus-interpolation/jars/plexus-interpolation-1.19.jar
7fabbf4e4000-7fabbf4e6000 r--s 00009000 08:06 588644                     /home/nivas/.ivy2/cache/org.apache.maven/maven-settings-builder/jars/maven-settings-builder-3.2.2.jar
7fabbf4e6000-7fabbf4e8000 r--s 00009000 08:06 588643                     /home/nivas/.ivy2/cache/org.apache.maven/maven-settings/jars/maven-settings-3.2.2.jar
7fabbf4e8000-7fabbf4ec000 r--s 0003a000 08:06 588697                     /home/nivas/.ivy2/cache/org.codehaus.plexus/plexus-utils/jars/plexus-utils-3.0.17.jar
7fabbf4ec000-7fabbf4ef000 r--s 00025000 08:06 588642                     /home/nivas/.ivy2/cache/org.apache.maven/maven-model/jars/maven-model-3.2.2.jar
7fabbf4ef000-7fabbf4fb000 r--s 00081000 08:06 588637                     /home/nivas/.ivy2/cache/org.apache.maven/maven-core/jars/maven-core-3.2.2.jar
7fabbf4fb000-7fabbf6fb000 rw-p 00000000 00:00 0 
7fabbf6fb000-7fabbf6fe000 ---p 00000000 00:00 0 
7fabbf6fe000-7fabbf9fc000 rw-p 00000000 00:00 0                          [stack:28305]
7fabbf9fc000-7fabbf9ff000 ---p 00000000 00:00 0 
7fabbf9ff000-7fabbfafd000 rw-p 00000000 00:00 0                          [stack:28304]
7fabbfafd000-7fabbfb00000 ---p 00000000 00:00 0 
7fabbfb00000-7fabbfbfe000 rw-p 00000000 00:00 0                          [stack:28306]
7fabbfbfe000-7fabbfc01000 ---p 00000000 00:00 0 
7fabbfc01000-7fabbfcff000 rw-p 00000000 00:00 0                          [stack:28303]
7fabbfcff000-7fabbfd02000 ---p 00000000 00:00 0 
7fabbfd02000-7fabc0000000 rw-p 00000000 00:00 0                          [stack:28302]
7fabc0000000-7fabc0021000 rw-p 00000000 00:00 0 
7fabc0021000-7fabc4000000 ---p 00000000 00:00 0 
7fabc4000000-7fabc4016000 r--s 0010a000 08:06 588629                     /home/nivas/.ivy2/cache/org.vafer/jdeb/jars/jdeb-1.3.jar
7fabc4016000-7fabc402f000 r--s 000e7000 08:06 585087                     /home/nivas/.ivy2/cache/scala_2.10/sbt_0.13/com.typesafe.sbt/sbt-native-packager/jars/sbt-native-packager-1.0.1.jar
7fabc402f000-7fabc4037000 r--s 00041000 08:06 588613                     /home/nivas/.ivy2/cache/com.typesafe.play/twirl-parser_2.10/jars/twirl-parser_2.10-1.1.1.jar
7fabc4037000-7fabc403a000 r--s 00019000 08:06 588604                     /home/nivas/.ivy2/cache/com.typesafe.play/twirl-compiler_2.10/jars/twirl-compiler_2.10-1.1.1.jar
7fabc403a000-7fabc403d000 r--s 00011000 08:06 588594                     /home/nivas/.ivy2/cache/scala_2.10/sbt_0.13/com.typesafe.sbt/sbt-twirl/jars/sbt-twirl-1.1.1.jar
7fabc403d000-7fabc403f000 r--s 000a0000 08:06 588593                     /home/nivas/.ivy2/cache/net.contentobjects.jnotify/jnotify/jars/jnotify-0.94-play-1.jar
7fabc403f000-7fabc404d000 r--s 00191000 08:06 585083                     /home/nivas/.ivy2/cache/com.h2database/h2/jars/h2-1.4.187.jar
7fabc404d000-7fabc4078000 r--s 001fc000 08:06 585082                     /home/nivas/.ivy2/cache/com.google.guava/guava/bundles/guava-18.0.jar
7fabc4078000-7fabc407d000 r--s 0003f000 08:06 588592                     /home/nivas/.ivy2/cache/com.typesafe/config/bundles/config-1.3.0.jar
7fabc407d000-7fabc4086000 r--s 000ae000 08:06 585089                     /home/nivas/.ivy2/cache/org.javassist/javassist/bundles/javassist-3.19.0-GA.jar
7fabc4086000-7fabc4088000 r--s 00000000 08:06 585091                     /home/nivas/.ivy2/cache/com.typesafe.play/play-exceptions/jars/play-exceptions-2.4.2.jar
7fabc4088000-7fabc4089000 r--s 00000000 08:06 585090                     /home/nivas/.ivy2/cache/com.typesafe.play/build-link/jars/build-link-2.4.2.jar
7fabc4089000-7fabc408d000 r--s 00021000 08:06 585081                     /home/nivas/.ivy2/cache/com.typesafe.play/sbt-run-support_2.10/jars/sbt-run-support_2.10-2.4.2.jar
7fabc408d000-7fabc4091000 r--s 0002a000 08:06 588601                     /home/nivas/.ivy2/cache/commons-io/commons-io/jars/commons-io-2.4.jar
7fabc4091000-7fabc4098000 r--s 00064000 08:06 588602                     /home/nivas/.ivy2/cache/org.apache.commons/commons-lang3/jars/commons-lang3-3.4.jar
7fabc4098000-7fabc409a000 r--s 0000d000 08:06 588600                     /home/nivas/.ivy2/cache/com.typesafe.play/twirl-api_2.10/jars/twirl-api_2.10-1.1.1.jar
7fabc409a000-7fabc40aa000 r--s 00083000 08:06 585080                     /home/nivas/.ivy2/cache/com.typesafe.play/routes-compiler_2.10/jars/routes-compiler_2.10-2.4.2.jar
7fabc40aa000-7fabc40b3000 r--s 00054000 08:06 585079                     /home/nivas/.ivy2/cache/scala_2.10/sbt_0.13/com.typesafe.play/sbt-plugin/jars/sbt-plugin-2.4.2.jar
7fabc40b3000-7fabc42b3000 rw-p 00000000 00:00 0 
7fabc42b3000-7fabc44b3000 rw-p 00000000 00:00 0 
7fabc44b3000-7fabc46b3000 rw-p 00000000 00:00 0 
7fabc46b3000-7fabc48b3000 rw-p 00000000 00:00 0 
7fabc48b3000-7fabc4ab3000 rw-p 00000000 00:00 0 
7fabc4ab3000-7fabc4ab7000 r--s 00097000 08:06 38160                      /usr/lib/jvm/java-8-openjdk-amd64/jre/lib/jsse.jar
7fabc4ab7000-7fabc4aba000 ---p 00000000 00:00 0 
7fabc4aba000-7fabc4af0000 rw-p 00000000 00:00 0                          [stack:28280]
7fabc4af0000-7fabc4af2000 r--s 0000b000 08:06 589794                     /home/nivas/.sbt/boot/scala-2.10.4/org.scala-sbt/sbt/0.13.5/xsbti/interface-0.13.5.jar
7fabc4af2000-7fabc4b07000 r--s 00116000 08:06 589799                     /home/nivas/.sbt/boot/scala-2.10.4/org.scala-sbt/sbt/0.13.5/ivy-2.3.0.jar
7fabc4b07000-7fabc4d07000 rw-p 00000000 00:00 0 
7fabc4d07000-7fabc4d0a000 r--s 00018000 08:06 589804                     /home/nivas/.sbt/boot/scala-2.10.4/org.scala-sbt/sbt/0.13.5/logging-0.13.5.jar
7fabc4d0a000-7fabc4d11000 r--s 00049000 08:06 589816                     /home/nivas/.sbt/boot/scala-2.10.4/org.scala-sbt/sbt/0.13.5/api-0.13.5.jar
7fabc4d11000-7fabc4d14000 r--s 0000e000 08:06 589802                     /home/nivas/.sbt/boot/scala-2.10.4/org.scala-sbt/sbt/0.13.5/compiler-integration-0.13.5.jar
7fabc4d14000-7fabc4d16000 r--s 00014000 08:06 589811                     /home/nivas/.sbt/boot/scala-2.10.4/org.scala-sbt/sbt/0.13.5/apply-macro-0.13.5.jar
7fabc4d16000-7fabc4d1a000 r--s 00024000 08:06 589806                     /home/nivas/.sbt/boot/scala-2.10.4/org.scala-sbt/sbt/0.13.5/persist-0.13.5.jar
7fabc4d1a000-7fabc4d1c000 r--s 00001000 08:06 589795                     /home/nivas/.sbt/boot/scala-2.10.4/org.scala-sbt/sbt/0.13.5/launcher-interface-0.13.5.jar
7fabc4d1c000-7fabc4d1f000 r--s 0001a000 08:06 589803                     /home/nivas/.sbt/boot/scala-2.10.4/org.scala-sbt/sbt/0.13.5/cache-0.13.5.jar
7fabc4d1f000-7fabc4d20000 r--s 00005000 08:06 591037                     /home/nivas/.sbt/boot/scala-2.10.4/org.scala-sbt/sbt/0.13.5/test-agent-0.13.5.jar
7fabc4d20000-7fabc4d22000 r--s 00001000 08:06 589808                     /home/nivas/.sbt/boot/scala-2.10.4/org.scala-sbt/sbt/0.13.5/compiler-ivy-integration-0.13.5.jar
7fabc4d22000-7fabc4d2d000 r--s 000a3000 08:06 589820                     /home/nivas/.sbt/boot/scala-2.10.4/org.scala-sbt/sbt/0.13.5/ivy-0.13.5.jar
7fabc4d2d000-7fabc4d2f000 r--s 00001000 08:06 589813                     /home/nivas/.sbt/boot/scala-2.10.4/org.scala-sbt/sbt/0.13.5/cross-0.13.5.jar
7fabc4d2f000-7fabc4d33000 r--s 0001b000 08:06 591035                     /home/nivas/.sbt/boot/scala-2.10.4/org.scala-sbt/sbt/0.13.5/process-0.13.5.jar
7fabc4d33000-7fabc4d36000 r--s 00012000 08:06 589818                     /home/nivas/.sbt/boot/scala-2.10.4/org.scala-sbt/sbt/0.13.5/classfile-0.13.5.jar
7fabc4d36000-7fabc4d3e000 r--s 0005c000 08:06 589817                     /home/nivas/.sbt/boot/scala-2.10.4/org.scala-sbt/sbt/0.13.5/collections-0.13.5.jar
7fabc4d3e000-7fabc4d46000 r--s 0005e000 08:06 591027                     /home/nivas/.sbt/boot/scala-2.10.4/org.scala-sbt/sbt/0.13.5/incremental-compiler-0.13.5.jar
7fabc4d46000-7fabc4d49000 r--s 0001d000 08:06 589800                     /home/nivas/.sbt/boot/scala-2.10.4/org.scala-sbt/sbt/0.13.5/tasks-0.13.5.jar
7fabc4d49000-7fabc4d7f000 r--s 002d9000 08:06 589792                     /home/nivas/.sbt/boot/scala-2.10.4/org.scala-sbt/sbt/0.13.5/scala-reflect-2.10.4.jar
7fabc4d7f000-7fabc4df1000 r--s 0065a000 08:06 591040                     /home/nivas/.sbt/boot/scala-2.10.4/lib/scala-library.jar
7fabc4df1000-7fabc4eee000 r--s 00cca000 08:06 591044                     /home/nivas/.sbt/boot/scala-2.10.4/lib/scala-compiler.jar
7fabc4eee000-7fabc4eff000 r-xp 00000000 08:06 38127                      /usr/lib/jvm/java-8-openjdk-amd64/jre/lib/amd64/libnio.so
7fabc4eff000-7fabc50fe000 ---p 00011000 08:06 38127                      /usr/lib/jvm/java-8-openjdk-amd64/jre/lib/amd64/libnio.so
7fabc50fe000-7fabc50ff000 r--p 00010000 08:06 38127                      /usr/lib/jvm/java-8-openjdk-amd64/jre/lib/amd64/libnio.so
7fabc50ff000-7fabc5100000 rw-p 00011000 08:06 38127                      /usr/lib/jvm/java-8-openjdk-amd64/jre/lib/amd64/libnio.so
7fabc5100000-7fabc5116000 r-xp 00000000 08:06 10055                      /usr/lib/jvm/java-8-openjdk-amd64/jre/lib/amd64/libnet.so
7fabc5116000-7fabc5316000 ---p 00016000 08:06 10055                      /usr/lib/jvm/java-8-openjdk-amd64/jre/lib/amd64/libnet.so
7fabc5316000-7fabc5317000 r--p 00016000 08:06 10055                      /usr/lib/jvm/java-8-openjdk-amd64/jre/lib/amd64/libnet.so
7fabc5317000-7fabc5318000 rw-p 00017000 08:06 10055                      /usr/lib/jvm/java-8-openjdk-amd64/jre/lib/amd64/libnet.so
7fabc5318000-7fabc531b000 ---p 00000000 00:00 0 
7fabc531b000-7fabc5419000 rw-p 00000000 00:00 0                          [stack:28277]
7fabc5419000-7fabc541a000 r-xp 00000000 08:06 679805                     /home/nivas/Desktop/idea-IU/bin/libbreakgen64.so
7fabc541a000-7fabc5619000 ---p 00001000 08:06 679805                     /home/nivas/Desktop/idea-IU/bin/libbreakgen64.so
7fabc5619000-7fabc561a000 r--p 00000000 08:06 679805                     /home/nivas/Desktop/idea-IU/bin/libbreakgen64.so
7fabc561a000-7fabc561b000 rw-p 00001000 08:06 679805                     /home/nivas/Desktop/idea-IU/bin/libbreakgen64.so
7fabc561b000-7fabc561c000 ---p 00000000 00:00 0 
7fabc561c000-7fabc571c000 rw-p 00000000 00:00 0                          [stack:28276]
7fabc571c000-7fabc571f000 ---p 00000000 00:00 0 
7fabc571f000-7fabc581d000 rw-p 00000000 00:00 0                          [stack:28275]
7fabc581d000-7fabc5820000 ---p 00000000 00:00 0 
7fabc5820000-7fabc591e000 rw-p 00000000 00:00 0                          [stack:28274]
7fabc591e000-7fabc6000000 r--p 00000000 08:06 925914                     /usr/lib/locale/locale-archive
7fabc6000000-7fabc8000000 rw-p 00000000 00:00 0 
7fabc8000000-7fabc8026000 rw-p 00000000 00:00 0 
7fabc8026000-7fabcc000000 ---p 00000000 00:00 0 
7fabcc000000-7fabcc002000 r--s 00002000 08:06 589812                     /home/nivas/.sbt/boot/scala-2.10.4/org.scala-sbt/sbt/0.13.5/control-0.13.5.jar
7fabcc002000-7fabcc004000 r--s 00002000 08:06 589810                     /home/nivas/.sbt/boot/scala-2.10.4/org.scala-sbt/sbt/0.13.5/test-interface-1.0.jar
7fabcc004000-7fabcc008000 r--s 00034000 08:06 589821                     /home/nivas/.sbt/boot/scala-2.10.4/org.scala-sbt/sbt/0.13.5/jsch-0.1.46.jar
7fabcc008000-7fabcc00d000 r--s 00036000 08:06 589819                     /home/nivas/.sbt/boot/scala-2.10.4/org.scala-sbt/sbt/0.13.5/command-0.13.5.jar
7fabcc00d000-7fabcc016000 r--s 00064000 08:06 591032                     /home/nivas/.sbt/boot/scala-2.10.4/org.scala-sbt/sbt/0.13.5/actions-0.13.5.jar
7fabcc016000-7fabcc019000 r--s 00030000 08:06 591028                     /home/nivas/.sbt/boot/scala-2.10.4/org.scala-sbt/sbt/0.13.5/jline-2.11.jar
7fabcc019000-7fabcc023000 r--s 00090000 08:06 589793                     /home/nivas/.sbt/boot/scala-2.10.4/org.scala-sbt/sbt/0.13.5/main-settings-0.13.5.jar
7fabcc023000-7fabcc027000 r--s 00022000 08:06 589823                     /home/nivas/.sbt/boot/scala-2.10.4/org.scala-sbt/sbt/0.13.5/sbinary_2.10-0.4.2.jar
7fabcc027000-7fabcc02d000 r--s 0003d000 08:06 589798                     /home/nivas/.sbt/boot/scala-2.10.4/org.scala-sbt/sbt/0.13.5/io-0.13.5.jar
7fabcc02d000-7fabcc054000 r--s 00200000 08:06 589797                     /home/nivas/.sbt/boot/scala-2.10.4/org.scala-sbt/sbt/0.13.5/main-0.13.5.jar
7fabcc054000-7fabcc057000 r--s 00017000 08:06 589805                     /home/nivas/.sbt/boot/scala-2.10.4/org.scala-sbt/sbt/0.13.5/testing-0.13.5.jar
7fabcc057000-7fabcc05a000 r--s 00019000 08:06 589814                     /home/nivas/.sbt/boot/scala-2.10.4/org.scala-sbt/sbt/0.13.5/compile-0.13.5.jar
7fabcc05a000-7fabcc05d000 r--s 0001d000 08:06 589801                     /home/nivas/.sbt/boot/scala-2.10.4/org.scala-sbt/sbt/0.13.5/task-system-0.13.5.jar
7fabcc05d000-7fabcc05f000 r--s 0000e000 08:06 589815                     /home/nivas/.sbt/boot/scala-2.10.4/org.scala-sbt/sbt/0.13.5/logic-0.13.5.jar
7fabcc05f000-7fabcc067000 r--s 00057000 08:06 589807                     /home/nivas/.sbt/boot/scala-2.10.4/org.scala-sbt/sbt/0.13.5/completion-0.13.5.jar
7fabcc067000-7fabcc08a000 rw-p 00000000 00:00 0 
7fabcc08a000-7fabcc0c0000 r--s 002d9000 08:06 591041                     /home/nivas/.sbt/boot/scala-2.10.4/lib/scala-reflect.jar
7fabcc0c0000-7fabcc0f1000 rw-p 00000000 00:00 0 
7fabcc0f1000-7fabcc0f4000 ---p 00000000 00:00 0 
7fabcc0f4000-7fabcc1f2000 rw-p 00000000 00:00 0                          [stack:28273]
7fabcc1f2000-7fabcc1f5000 ---p 00000000 00:00 0 
7fabcc1f5000-7fabcc2f3000 rw-p 00000000 00:00 0                          [stack:28272]
7fabcc2f3000-7fabcc2f6000 ---p 00000000 00:00 0 
7fabcc2f6000-7fabcc3f4000 rw-p 00000000 00:00 0                          [stack:28271]
7fabcc3f4000-7fabcc3f7000 ---p 00000000 00:00 0 
7fabcc3f7000-7fabcc4f5000 rw-p 00000000 00:00 0                          [stack:28270]
7fabcc4f5000-7fabcc4f8000 ---p 00000000 00:00 0 
7fabcc4f8000-7fabcc5f6000 rw-p 00000000 00:00 0                          [stack:28269]
7fabcc5f6000-7fabcc5f7000 ---p 00000000 00:00 0 
7fabcc5f7000-7fabcd000000 rw-p 00000000 00:00 0                          [stack:28268]
7fabcd000000-7fabcda80000 rwxp 00000000 00:00 0 
7fabcda80000-7fabdc000000 ---p 00000000 00:00 0 
7fabdc000000-7fabdd9b4000 rw-p 00000000 00:00 0 
7fabdd9b4000-7fabe0000000 ---p 00000000 00:00 0 
7fabe0000000-7fabe0001000 r--s 0000a000 08:06 589809                     /home/nivas/.sbt/boot/scala-2.10.4/org.scala-sbt/sbt/0.13.5/tracking-0.13.5.jar
7fabe0001000-7fabe0004000 r--s 0001e000 08:06 591036                     /home/nivas/.sbt/boot/scala-2.10.4/org.scala-sbt/sbt/0.13.5/run-0.13.5.jar
7fabe0004000-7fabe0005000 r--s 00005000 08:06 591038                     /home/nivas/.sbt/boot/scala-2.10.4/org.scala-sbt/sbt/0.13.5/sbt-0.13.5.jar
7fabe0005000-7fabe0008000 r--s 00013000 08:06 591031                     /home/nivas/.sbt/boot/scala-2.10.4/org.scala-sbt/sbt/0.13.5/classpath-0.13.5.jar
7fabe0008000-7fabe000a000 r--s 00006000 08:06 589796                     /home/nivas/.sbt/boot/scala-2.10.4/org.scala-sbt/sbt/0.13.5/relation-0.13.5.jar
7fabe000a000-7fabe000e000 r--s 00025000 08:06 591043                     /home/nivas/.sbt/boot/scala-2.10.4/lib/jline.jar
7fabe000e000-7fabe0011000 r--s 00018000 08:06 591042                     /home/nivas/.sbt/boot/scala-2.10.4/lib/jansi.jar
7fabe0011000-7fabe0013000 r--s 0001e000 08:06 679903                     /home/nivas/Desktop/idea-IU/lib/idea_rt.jar
7fabe0013000-7fabe002f000 r--s 0010c000 08:06 568021                     /home/nivas/.IntelliJIdea2016.2/config/plugins/Scala/launcher/sbt-launch.jar
7fabe002f000-7fabe0033000 r--s 00037000 08:06 38158                      /usr/lib/jvm/java-8-openjdk-amd64/jre/lib/ext/sunpkcs11.jar
7fabe0033000-7fabe0034000 r--s 0000a000 08:06 38153                      /usr/lib/jvm/java-8-openjdk-amd64/jre/lib/ext/jaccess.jar
7fabe0034000-7fabe0036000 r--s 00006000 08:06 134067                     /usr/share/java/java-atk-wrapper.jar
7fabe0036000-7fabe0039000 r--s 0000f000 08:06 38156                      /usr/lib/jvm/java-8-openjdk-amd64/jre/lib/ext/icedtea-sound.jar
7fabe0039000-7fabe0054000 r--s 001d7000 08:06 38149                      /usr/lib/jvm/java-8-openjdk-amd64/jre/lib/ext/nashorn.jar
7fabe0054000-7fabe0070000 r--s 00393000 08:06 38151                      /usr/lib/jvm/java-8-openjdk-amd64/jre/lib/ext/cldrdata.jar
7fabe0070000-7fabe0726000 rw-p 00000000 00:00 0 
7fabe0726000-7fabe08f3000 r--s 03be7000 08:06 38140                      /usr/lib/jvm/java-8-openjdk-amd64/jre/lib/rt.jar
7fabe08f3000-7fabe1369000 rw-p 00000000 00:00 0 
7fabe1369000-7fabe136a000 ---p 00000000 00:00 0 
7fabe136a000-7fabe146a000 rw-p 00000000 00:00 0                          [stack:28267]
7fabe146a000-7fabe146b000 ---p 00000000 00:00 0 
7fabe146b000-7fabe156b000 rw-p 00000000 00:00 0                          [stack:28266]
7fabe156b000-7fabe156c000 ---p 00000000 00:00 0 
7fabe156c000-7fabe166c000 rw-p 00000000 00:00 0                          [stack:28265]
7fabe166c000-7fabe166d000 ---p 00000000 00:00 0 
7fabe166d000-7fabe1828000 rw-p 00000000 00:00 0                          [stack:28264]
7fabe1828000-7fabe18c3000 ---p 00000000 00:00 0 
7fabe18c3000-7fabe197e000 rw-p 00000000 00:00 0 
7fabe197e000-7fabe1a18000 ---p 00000000 00:00 0 
7fabe1a18000-7fabe1a93000 rw-p 00000000 00:00 0 
7fabe1a93000-7fabe1ac3000 ---p 00000000 00:00 0 
7fabe1ac3000-7fabe1aee000 rw-p 00000000 00:00 0 
7fabe1aee000-7fabe1e84000 ---p 00000000 00:00 0 
7fabe1e84000-7fabe1e8c000 r-xp 00000000 08:06 38111                      /usr/lib/jvm/java-8-openjdk-amd64/jre/lib/amd64/libzip.so
7fabe1e8c000-7fabe208b000 ---p 00008000 08:06 38111                      /usr/lib/jvm/java-8-openjdk-amd64/jre/lib/amd64/libzip.so
7fabe208b000-7fabe208c000 r--p 00007000 08:06 38111                      /usr/lib/jvm/java-8-openjdk-amd64/jre/lib/amd64/libzip.so
7fabe208c000-7fabe208d000 rw-p 00008000 08:06 38111                      /usr/lib/jvm/java-8-openjdk-amd64/jre/lib/amd64/libzip.so
7fabe208d000-7fabe2097000 r-xp 00000000 08:06 658143                     /lib/x86_64-linux-gnu/libnss_files-2.19.so
7fabe2097000-7fabe2296000 ---p 0000a000 08:06 658143                     /lib/x86_64-linux-gnu/libnss_files-2.19.so
7fabe2296000-7fabe2297000 r--p 00009000 08:06 658143                     /lib/x86_64-linux-gnu/libnss_files-2.19.so
7fabe2297000-7fabe2298000 rw-p 0000a000 08:06 658143                     /lib/x86_64-linux-gnu/libnss_files-2.19.so
7fabe2298000-7fabe22a3000 r-xp 00000000 08:06 658135                     /lib/x86_64-linux-gnu/libnss_nis-2.19.so
7fabe22a3000-7fabe24a2000 ---p 0000b000 08:06 658135                     /lib/x86_64-linux-gnu/libnss_nis-2.19.so
7fabe24a2000-7fabe24a3000 r--p 0000a000 08:06 658135                     /lib/x86_64-linux-gnu/libnss_nis-2.19.so
7fabe24a3000-7fabe24a4000 rw-p 0000b000 08:06 658135                     /lib/x86_64-linux-gnu/libnss_nis-2.19.so
7fabe24a4000-7fabe24bb000 r-xp 00000000 08:06 658131                     /lib/x86_64-linux-gnu/libnsl-2.19.so
7fabe24bb000-7fabe26ba000 ---p 00017000 08:06 658131                     /lib/x86_64-linux-gnu/libnsl-2.19.so
7fabe26ba000-7fabe26bb000 r--p 00016000 08:06 658131                     /lib/x86_64-linux-gnu/libnsl-2.19.so
7fabe26bb000-7fabe26bc000 rw-p 00017000 08:06 658131                     /lib/x86_64-linux-gnu/libnsl-2.19.so
7fabe26bc000-7fabe26be000 rw-p 00000000 00:00 0 
7fabe26be000-7fabe26c7000 r-xp 00000000 08:06 658130                     /lib/x86_64-linux-gnu/libnss_compat-2.19.so
7fabe26c7000-7fabe28c6000 ---p 00009000 08:06 658130                     /lib/x86_64-linux-gnu/libnss_compat-2.19.so
7fabe28c6000-7fabe28c7000 r--p 00008000 08:06 658130                     /lib/x86_64-linux-gnu/libnss_compat-2.19.so
7fabe28c7000-7fabe28c8000 rw-p 00009000 08:06 658130                     /lib/x86_64-linux-gnu/libnss_compat-2.19.so
7fabe28c8000-7fabe28f4000 r-xp 00000000 08:06 3522                       /usr/lib/jvm/java-8-openjdk-amd64/jre/lib/amd64/libjava.so
7fabe28f4000-7fabe2af4000 ---p 0002c000 08:06 3522                       /usr/lib/jvm/java-8-openjdk-amd64/jre/lib/amd64/libjava.so
7fabe2af4000-7fabe2af5000 r--p 0002c000 08:06 3522                       /usr/lib/jvm/java-8-openjdk-amd64/jre/lib/amd64/libjava.so
7fabe2af5000-7fabe2af7000 rw-p 0002d000 08:06 3522                       /usr/lib/jvm/java-8-openjdk-amd64/jre/lib/amd64/libjava.so
7fabe2af7000-7fabe2b07000 r-xp 00000000 08:06 3523                       /usr/lib/jvm/java-8-openjdk-amd64/jre/lib/amd64/libverify.so
7fabe2b07000-7fabe2d06000 ---p 00010000 08:06 3523                       /usr/lib/jvm/java-8-openjdk-amd64/jre/lib/amd64/libverify.so
7fabe2d06000-7fabe2d08000 r--p 0000f000 08:06 3523                       /usr/lib/jvm/java-8-openjdk-amd64/jre/lib/amd64/libverify.so
7fabe2d08000-7fabe2d09000 rw-p 00011000 08:06 3523                       /usr/lib/jvm/java-8-openjdk-amd64/jre/lib/amd64/libverify.so
7fabe2d09000-7fabe2d10000 r-xp 00000000 08:06 658139                     /lib/x86_64-linux-gnu/librt-2.19.so
7fabe2d10000-7fabe2f0f000 ---p 00007000 08:06 658139                     /lib/x86_64-linux-gnu/librt-2.19.so
7fabe2f0f000-7fabe2f10000 r--p 00006000 08:06 658139                     /lib/x86_64-linux-gnu/librt-2.19.so
7fabe2f10000-7fabe2f11000 rw-p 00007000 08:06 658139                     /lib/x86_64-linux-gnu/librt-2.19.so
7fabe2f11000-7fabe2f27000 r-xp 00000000 08:06 658147                     /lib/x86_64-linux-gnu/libgcc_s.so.1
7fabe2f27000-7fabe3126000 ---p 00016000 08:06 658147                     /lib/x86_64-linux-gnu/libgcc_s.so.1
7fabe3126000-7fabe3127000 rw-p 00015000 08:06 658147                     /lib/x86_64-linux-gnu/libgcc_s.so.1
7fabe3127000-7fabe322c000 r-xp 00000000 08:06 658125                     /lib/x86_64-linux-gnu/libm-2.19.so
7fabe322c000-7fabe342b000 ---p 00105000 08:06 658125                     /lib/x86_64-linux-gnu/libm-2.19.so
7fabe342b000-7fabe342c000 r--p 00104000 08:06 658125                     /lib/x86_64-linux-gnu/libm-2.19.so
7fabe342c000-7fabe342d000 rw-p 00105000 08:06 658125                     /lib/x86_64-linux-gnu/libm-2.19.so
7fabe342d000-7fabe3513000 r-xp 00000000 08:06 918053                     /usr/lib/x86_64-linux-gnu/libstdc++.so.6.0.19
7fabe3513000-7fabe3712000 ---p 000e6000 08:06 918053                     /usr/lib/x86_64-linux-gnu/libstdc++.so.6.0.19
7fabe3712000-7fabe371a000 r--p 000e5000 08:06 918053                     /usr/lib/x86_64-linux-gnu/libstdc++.so.6.0.19
7fabe371a000-7fabe371c000 rw-p 000ed000 08:06 918053                     /usr/lib/x86_64-linux-gnu/libstdc++.so.6.0.19
7fabe371c000-7fabe3731000 rw-p 00000000 00:00 0 
7fabe3731000-7fabe431f000 r-xp 00000000 08:06 38109                      /usr/lib/jvm/java-8-openjdk-amd64/jre/lib/amd64/server/libjvm.so
7fabe431f000-7fabe451f000 ---p 00bee000 08:06 38109                      /usr/lib/jvm/java-8-openjdk-amd64/jre/lib/amd64/server/libjvm.so
7fabe451f000-7fabe45bd000 r--p 00bee000 08:06 38109                      /usr/lib/jvm/java-8-openjdk-amd64/jre/lib/amd64/server/libjvm.so
7fabe45bd000-7fabe45e6000 rw-p 00c8c000 08:06 38109                      /usr/lib/jvm/java-8-openjdk-amd64/jre/lib/amd64/server/libjvm.so
7fabe45e6000-7fabe4618000 rw-p 00000000 00:00 0 
7fabe4618000-7fabe4631000 r-xp 00000000 08:06 658132                     /lib/x86_64-linux-gnu/libpthread-2.19.so
7fabe4631000-7fabe4830000 ---p 00019000 08:06 658132                     /lib/x86_64-linux-gnu/libpthread-2.19.so
7fabe4830000-7fabe4831000 r--p 00018000 08:06 658132                     /lib/x86_64-linux-gnu/libpthread-2.19.so
7fabe4831000-7fabe4832000 rw-p 00019000 08:06 658132                     /lib/x86_64-linux-gnu/libpthread-2.19.so
7fabe4832000-7fabe4836000 rw-p 00000000 00:00 0 
7fabe4836000-7fabe4839000 r-xp 00000000 08:06 658127                     /lib/x86_64-linux-gnu/libdl-2.19.so
7fabe4839000-7fabe4a38000 ---p 00003000 08:06 658127                     /lib/x86_64-linux-gnu/libdl-2.19.so
7fabe4a38000-7fabe4a39000 r--p 00002000 08:06 658127                     /lib/x86_64-linux-gnu/libdl-2.19.so
7fabe4a39000-7fabe4a3a000 rw-p 00003000 08:06 658127                     /lib/x86_64-linux-gnu/libdl-2.19.so
7fabe4a3a000-7fabe4a52000 r-xp 00000000 08:06 659979                     /lib/x86_64-linux-gnu/libz.so.1.2.8
7fabe4a52000-7fabe4c51000 ---p 00018000 08:06 659979                     /lib/x86_64-linux-gnu/libz.so.1.2.8
7fabe4c51000-7fabe4c52000 r--p 00017000 08:06 659979                     /lib/x86_64-linux-gnu/libz.so.1.2.8
7fabe4c52000-7fabe4c53000 rw-p 00018000 08:06 659979                     /lib/x86_64-linux-gnu/libz.so.1.2.8
7fabe4c53000-7fabe4e0d000 r-xp 00000000 08:06 658140                     /lib/x86_64-linux-gnu/libc-2.19.so
7fabe4e0d000-7fabe500d000 ---p 001ba000 08:06 658140                     /lib/x86_64-linux-gnu/libc-2.19.so
7fabe500d000-7fabe5011000 r--p 001ba000 08:06 658140                     /lib/x86_64-linux-gnu/libc-2.19.so
7fabe5011000-7fabe5013000 rw-p 001be000 08:06 658140                     /lib/x86_64-linux-gnu/libc-2.19.so
7fabe5013000-7fabe5018000 rw-p 00000000 00:00 0 
7fabe5018000-7fabe5025000 r-xp 00000000 08:06 38124                      /usr/lib/jvm/java-8-openjdk-amd64/jre/lib/amd64/jli/libjli.so
7fabe5025000-7fabe5225000 ---p 0000d000 08:06 38124                      /usr/lib/jvm/java-8-openjdk-amd64/jre/lib/amd64/jli/libjli.so
7fabe5225000-7fabe5226000 r--p 0000d000 08:06 38124                      /usr/lib/jvm/java-8-openjdk-amd64/jre/lib/amd64/jli/libjli.so
7fabe5226000-7fabe5227000 rw-p 0000e000 08:06 38124                      /usr/lib/jvm/java-8-openjdk-amd64/jre/lib/amd64/jli/libjli.so
7fabe5227000-7fabe524a000 r-xp 00000000 08:06 658133                     /lib/x86_64-linux-gnu/ld-2.19.so
7fabe524a000-7fabe524c000 r--s 00001000 08:06 38150                      /usr/lib/jvm/java-8-openjdk-amd64/jre/lib/ext/dnsns.jar
7fabe524c000-7fabe5325000 rw-p 00000000 00:00 0 
7fabe5325000-7fabe5328000 ---p 00000000 00:00 0 
7fabe5328000-7fabe542b000 rw-p 00000000 00:00 0                          [stack:28263]
7fabe542b000-7fabe542c000 r--s 00008000 08:06 38152                      /usr/lib/jvm/java-8-openjdk-amd64/jre/lib/ext/sunec.jar
7fabe542c000-7fabe5432000 r--s 0003a000 08:06 38155                      /usr/lib/jvm/java-8-openjdk-amd64/jre/lib/ext/sunjce_provider.jar
7fabe5432000-7fabe543c000 r--s 00116000 08:06 38157                      /usr/lib/jvm/java-8-openjdk-amd64/jre/lib/ext/localedata.jar
7fabe543c000-7fabe543d000 r--s 00010000 08:06 38154                      /usr/lib/jvm/java-8-openjdk-amd64/jre/lib/ext/zipfs.jar
7fabe543d000-7fabe5445000 rw-s 00000000 08:06 815097                     /tmp/hsperfdata_nivas/28262
7fabe5445000-7fabe5446000 rw-p 00000000 00:00 0 
7fabe5446000-7fabe5447000 r--p 00000000 00:00 0 
7fabe5447000-7fabe5449000 rw-p 00000000 00:00 0 
7fabe5449000-7fabe544a000 r--p 00022000 08:06 658133                     /lib/x86_64-linux-gnu/ld-2.19.so
7fabe544a000-7fabe544b000 rw-p 00023000 08:06 658133                     /lib/x86_64-linux-gnu/ld-2.19.so
7fabe544b000-7fabe544c000 rw-p 00000000 00:00 0 
7ffeed1d9000-7ffeed1fa000 rw-p 00000000 00:00 0                          [stack]
7ffeed1fe000-7ffeed200000 r-xp 00000000 00:00 0                          [vdso]
ffffffffff600000-ffffffffff601000 r-xp 00000000 00:00 0                  [vsyscall]

VM Arguments:
jvm_args: -Xms512M -Xmx1024M -Xss1M -XX:+CMSClassUnloadingEnabled -XX:MaxPermSize=256M -Didea.launcher.port=7532 -Didea.launcher.bin.path=/home/nivas/Desktop/idea-IU/bin -Dfile.encoding=UTF-8 
java_command: com.intellij.rt.execution.application.AppMain xsbt.boot.Boot run
java_class_path (initial): /home/nivas/.IntelliJIdea2016.2/config/plugins/Scala/launcher/sbt-launch.jar:/home/nivas/Desktop/idea-IU/lib/idea_rt.jar
Launcher Type: SUN_STANDARD

Environment Variables:
PATH=/usr/local/sbin:/usr/local/bin:/usr/sbin:/usr/bin:/sbin:/bin:/usr/games:/usr/local/games
LD_LIBRARY_PATH=.:
SHELL=/bin/bash
DISPLAY=:0

Signal Handlers:
SIGSEGV: [libjvm.so+0x9f6230], sa_mask[0]=11111111011111111101111111111110, sa_flags=SA_RESTART|SA_SIGINFO
SIGBUS: [libjvm.so+0x9f6230], sa_mask[0]=11111111011111111101111111111110, sa_flags=SA_RESTART|SA_SIGINFO
SIGFPE: [libjvm.so+0x856c80], sa_mask[0]=11111111011111111101111111111110, sa_flags=SA_RESTART|SA_SIGINFO
SIGPIPE: [libjvm.so+0x856c80], sa_mask[0]=11111111011111111101111111111110, sa_flags=SA_RESTART|SA_SIGINFO
SIGXFSZ: [libjvm.so+0x856c80], sa_mask[0]=11111111011111111101111111111110, sa_flags=SA_RESTART|SA_SIGINFO
SIGILL: [libjvm.so+0x856c80], sa_mask[0]=11111111011111111101111111111110, sa_flags=SA_RESTART|SA_SIGINFO
SIGUSR1: SIG_DFL, sa_mask[0]=00000000000000000000000000000000, sa_flags=none
SIGUSR2: [libjvm.so+0x856b50], sa_mask[0]=00100000000000000000000000000000, sa_flags=SA_RESTART|SA_SIGINFO
SIGHUP: [libjvm.so+0x856d40], sa_mask[0]=11111111011111111101111111111110, sa_flags=SA_RESTART|SA_SIGINFO
SIGINT: [libjvm.so+0x856d40], sa_mask[0]=11111111011111111101111111111110, sa_flags=SA_RESTART|SA_SIGINFO
SIGTERM: [libjvm.so+0x856d40], sa_mask[0]=11111111011111111101111111111110, sa_flags=SA_RESTART|SA_SIGINFO
SIGQUIT: [libjvm.so+0x856d40], sa_mask[0]=11111111011111111101111111111110, sa_flags=SA_RESTART|SA_SIGINFO


---------------  S Y S T E M  ---------------

OS:DISTRIB_ID=Ubuntu
DISTRIB_RELEASE=14.04
DISTRIB_CODENAME=trusty
DISTRIB_DESCRIPTION="Ubuntu 14.04.4 LTS"

uname:Linux 3.13.0-92-generic #139-Ubuntu SMP Tue Jun 28 20:42:26 UTC 2016 x86_64
libc:glibc 2.19 NPTL 2.19 
rlimit: STACK 8192k, CORE 0k, NPROC 63075, NOFILE 4096, AS infinity
load average:4.12 2.37 1.55

/proc/meminfo:
MemTotal:        8095288 kB
MemFree:          671972 kB
Buffers:          104876 kB
Cached:          1386596 kB
SwapCached:         8412 kB
Active:          5460088 kB
Inactive:        1514872 kB
Active(anon):    4871420 kB
Inactive(anon):  1044488 kB
Active(file):     588668 kB
Inactive(file):   470384 kB
Unevictable:         748 kB
Mlocked:             748 kB
SwapTotal:       8304636 kB
SwapFree:        8215580 kB
Dirty:             19272 kB
Writeback:             0 kB
AnonPages:       5476164 kB
Mapped:           414808 kB
Shmem:            432420 kB
Slab:             272532 kB
SReclaimable:     221596 kB
SUnreclaim:        50936 kB
KernelStack:        6512 kB
PageTables:        71400 kB
NFS_Unstable:          0 kB
Bounce:                0 kB
WritebackTmp:          0 kB
CommitLimit:    12352280 kB
Committed_AS:   13413092 kB
VmallocTotal:   34359738367 kB
VmallocUsed:      560580 kB
VmallocChunk:   34359118416 kB
HardwareCorrupted:     0 kB
AnonHugePages:   1978368 kB
HugePages_Total:       0
HugePages_Free:        0
HugePages_Rsvd:        0
HugePages_Surp:        0
Hugepagesize:       2048 kB
DirectMap4k:       80704 kB
DirectMap2M:     4032512 kB
DirectMap1G:     4194304 kB


CPU:total 4 (2 cores per cpu, 2 threads per core) family 6 model 61 stepping 4, cmov, cx8, fxsr, mmx, sse, sse2, sse3, ssse3, sse4.1, sse4.2, popcnt, avx, avx2, aes, clmul, erms, 3dnowpref, lzcnt, ht, tsc, tscinvbit, bmi1, bmi2, adx

/proc/cpuinfo:
processor	: 0
vendor_id	: GenuineIntel
cpu family	: 6
model		: 61
model name	: Intel(R) Core(TM) i5-5200U CPU @ 2.20GHz
stepping	: 4
microcode	: 0x12
cpu MHz		: 700.000
cache size	: 3072 KB
physical id	: 0
siblings	: 4
core id		: 0
cpu cores	: 2
apicid		: 0
initial apicid	: 0
fpu		: yes
fpu_exception	: yes
cpuid level	: 20
wp		: yes
flags		: fpu vme de pse tsc msr pae mce cx8 apic sep mtrr pge mca cmov pat pse36 clflush dts acpi mmx fxsr sse sse2 ss ht tm pbe syscall nx pdpe1gb rdtscp lm constant_tsc arch_perfmon pebs bts rep_good nopl xtopology nonstop_tsc aperfmperf eagerfpu pni pclmulqdq dtes64 monitor ds_cpl vmx est tm2 ssse3 fma cx16 xtpr pdcm pcid sse4_1 sse4_2 x2apic movbe popcnt tsc_deadline_timer aes xsave avx f16c rdrand lahf_lm abm 3dnowprefetch ida arat epb xsaveopt pln pts dtherm tpr_shadow vnmi flexpriority ept vpid fsgsbase tsc_adjust bmi1 avx2 smep bmi2 erms invpcid rdseed adx smap
bogomips	: 4389.94
clflush size	: 64
cache_alignment	: 64
address sizes	: 39 bits physical, 48 bits virtual
power management:

processor	: 1
vendor_id	: GenuineIntel
cpu family	: 6
model		: 61
model name	: Intel(R) Core(TM) i5-5200U CPU @ 2.20GHz
stepping	: 4
microcode	: 0x12
cpu MHz		: 2200.000
cache size	: 3072 KB
physical id	: 0
siblings	: 4
core id		: 1
cpu cores	: 2
apicid		: 2
initial apicid	: 2
fpu		: yes
fpu_exception	: yes
cpuid level	: 20
wp		: yes
flags		: fpu vme de pse tsc msr pae mce cx8 apic sep mtrr pge mca cmov pat pse36 clflush dts acpi mmx fxsr sse sse2 ss ht tm pbe syscall nx pdpe1gb rdtscp lm constant_tsc arch_perfmon pebs bts rep_good nopl xtopology nonstop_tsc aperfmperf eagerfpu pni pclmulqdq dtes64 monitor ds_cpl vmx est tm2 ssse3 fma cx16 xtpr pdcm pcid sse4_1 sse4_2 x2apic movbe popcnt tsc_deadline_timer aes xsave avx f16c rdrand lahf_lm abm 3dnowprefetch ida arat epb xsaveopt pln pts dtherm tpr_shadow vnmi flexpriority ept vpid fsgsbase tsc_adjust bmi1 avx2 smep bmi2 erms invpcid rdseed adx smap
bogomips	: 4389.94
clflush size	: 64
cache_alignment	: 64
address sizes	: 39 bits physical, 48 bits virtual
power management:

processor	: 2
vendor_id	: GenuineIntel
cpu family	: 6
model		: 61
model name	: Intel(R) Core(TM) i5-5200U CPU @ 2.20GHz
stepping	: 4
microcode	: 0x12
cpu MHz		: 900.000
cache size	: 3072 KB
physical id	: 0
siblings	: 4
core id		: 0
cpu cores	: 2
apicid		: 1
initial apicid	: 1
fpu		: yes
fpu_exception	: yes
cpuid level	: 20
wp		: yes
flags		: fpu vme de pse tsc msr pae mce cx8 apic sep mtrr pge mca cmov pat pse36 clflush dts acpi mmx fxsr sse sse2 ss ht tm pbe syscall nx pdpe1gb rdtscp lm constant_tsc arch_perfmon pebs bts rep_good nopl xtopology nonstop_tsc aperfmperf eagerfpu pni pclmulqdq dtes64 monitor ds_cpl vmx est tm2 ssse3 fma cx16 xtpr pdcm pcid sse4_1 sse4_2 x2apic movbe popcnt tsc_deadline_timer aes xsave avx f16c rdrand lahf_lm abm 3dnowprefetch ida arat epb xsaveopt pln pts dtherm tpr_shadow vnmi flexpriority ept vpid fsgsbase tsc_adjust bmi1 avx2 smep bmi2 erms invpcid rdseed adx smap
bogomips	: 4389.94
clflush size	: 64
cache_alignment	: 64
address sizes	: 39 bits physical, 48 bits virtual
power management:

processor	: 3
vendor_id	: GenuineIntel
cpu family	: 6
model		: 61
model name	: Intel(R) Core(TM) i5-5200U CPU @ 2.20GHz
stepping	: 4
microcode	: 0x12
cpu MHz		: 2200.000
cache size	: 3072 KB
physical id	: 0
siblings	: 4
core id		: 1
cpu cores	: 2
apicid		: 3
initial apicid	: 3
fpu		: yes
fpu_exception	: yes
cpuid level	: 20
wp		: yes
flags		: fpu vme de pse tsc msr pae mce cx8 apic sep mtrr pge mca cmov pat pse36 clflush dts acpi mmx fxsr sse sse2 ss ht tm pbe syscall nx pdpe1gb rdtscp lm constant_tsc arch_perfmon pebs bts rep_good nopl xtopology nonstop_tsc aperfmperf eagerfpu pni pclmulqdq dtes64 monitor ds_cpl vmx est tm2 ssse3 fma cx16 xtpr pdcm pcid sse4_1 sse4_2 x2apic movbe popcnt tsc_deadline_timer aes xsave avx f16c rdrand lahf_lm abm 3dnowprefetch ida arat epb xsaveopt pln pts dtherm tpr_shadow vnmi flexpriority ept vpid fsgsbase tsc_adjust bmi1 avx2 smep bmi2 erms invpcid rdseed adx smap
bogomips	: 4389.94
clflush size	: 64
cache_alignment	: 64
address sizes	: 39 bits physical, 48 bits virtual
power management:



Memory: 4k page, physical 8095288k(671972k free), swap 8304636k(8215580k free)

vm_info: OpenJDK 64-Bit Server VM (25.91-b14) for linux-amd64 JRE (1.8.0_91-8u91-b14-0ubuntu4~14.04-b14), built on Apr 22 2016 12:27:31 by "buildd" with gcc 4.8.2

time: Sun Nov 27 23:40:18 2016
elapsed time: 8 seconds (0d 0h 0m 8s)

