New log file opened at Sat Jul 29 02:42:51 EDT 2017 by 8026@Dineshs-MacBook-Air.local
Sending msg to client activator-bd10d26c-a478-4aa8-9e4f-99edfd9d36a4: TaskLogEvent(12003,LogMessage(debug,Copy resource mappings: 
	(/Users/dineshp/Desktop/Project/RISK_GAME_DEVELOPMENT/Project_RiskGame/conf/application.conf,/Users/dineshp/Desktop/Project/RISK_GAME_DEVELOPMENT/Project_RiskGame/target/scala-2.11/classes/application.conf)
	(/Users/dineshp/Desktop/Project/RISK_GAME_DEVELOPMENT/Project_RiskGame/conf/routes,/Users/dineshp/Desktop/Project/RISK_GAME_DEVELOPMENT/Project_RiskGame/target/scala-2.11/classes/routes)))
Sending msg to client activator-bd10d26c-a478-4aa8-9e4f-99edfd9d36a4: TaskFinished(65,12003,Some(AttributeKey[scala.collection.Seq[scala.Tuple2[java.io.File,java.io.File]]]("copyResources") in Scope(Build: file:/Users/dineshp/Desktop/Project/RISK_GAME_DEVELOPMENT/Project_RiskGame/, , Project: ProjectReference(file:/Users/dineshp/Desktop/Project/RISK_GAME_DEVELOPMENT/Project_RiskGame/,riskgame), Config: compile)),true,None)
Sending msg to client activator-bd10d26c-a478-4aa8-9e4f-99edfd9d36a4: TaskStarted(65,12002,Some(AttributeKey[scala.collection.Seq[java.io.File]]("products") in Scope(Build: file:/Users/dineshp/Desktop/Project/RISK_GAME_DEVELOPMENT/Project_RiskGame/, , Project: ProjectReference(file:/Users/dineshp/Desktop/Project/RISK_GAME_DEVELOPMENT/Project_RiskGame/,riskgame), Config: runtime)))
Sending msg to client activator-bd10d26c-a478-4aa8-9e4f-99edfd9d36a4: TaskStarted(65,12078,Some(AttributeKey[scala.collection.Seq[java.io.File]]("products") in Scope(Build: file:/Users/dineshp/Desktop/Project/RISK_GAME_DEVELOPMENT/Project_RiskGame/, , Project: ProjectReference(file:/Users/dineshp/Desktop/Project/RISK_GAME_DEVELOPMENT/Project_RiskGame/,riskgame), Config: compile)))
Sending msg to client activator-bd10d26c-a478-4aa8-9e4f-99edfd9d36a4: TaskFinished(65,12002,Some(AttributeKey[scala.collection.Seq[java.io.File]]("products") in Scope(Build: file:/Users/dineshp/Desktop/Project/RISK_GAME_DEVELOPMENT/Project_RiskGame/, , Project: ProjectReference(file:/Users/dineshp/Desktop/Project/RISK_GAME_DEVELOPMENT/Project_RiskGame/,riskgame), Config: runtime)),true,None)
Sending msg to client activator-bd10d26c-a478-4aa8-9e4f-99edfd9d36a4: TaskFinished(65,11932,None,true,None)
Sending msg to client activator-bd10d26c-a478-4aa8-9e4f-99edfd9d36a4: TaskStarted(65,11931,None)
Sending msg to client activator-bd10d26c-a478-4aa8-9e4f-99edfd9d36a4: TaskFinished(65,12078,Some(AttributeKey[scala.collection.Seq[java.io.File]]("products") in Scope(Build: file:/Users/dineshp/Desktop/Project/RISK_GAME_DEVELOPMENT/Project_RiskGame/, , Project: ProjectReference(file:/Users/dineshp/Desktop/Project/RISK_GAME_DEVELOPMENT/Project_RiskGame/,riskgame), Config: compile)),true,None)
Sending msg to client activator-bd10d26c-a478-4aa8-9e4f-99edfd9d36a4: TaskFinished(65,12041,None,true,None)
Sending msg to client activator-bd10d26c-a478-4aa8-9e4f-99edfd9d36a4: TaskStarted(65,12040,None)
Sending msg to client activator-bd10d26c-a478-4aa8-9e4f-99edfd9d36a4: TaskFinished(65,11931,None,true,None)
Sending msg to client activator-bd10d26c-a478-4aa8-9e4f-99edfd9d36a4: TaskStarted(65,11929,Some(AttributeKey[scala.collection.Seq[sbt.Attributed[java.io.File]]]("exportedProducts") in Scope(Build: file:/Users/dineshp/Desktop/Project/RISK_GAME_DEVELOPMENT/Project_RiskGame/, , Project: ProjectReference(file:/Users/dineshp/Desktop/Project/RISK_GAME_DEVELOPMENT/Project_RiskGame/,riskgame), Config: runtime)))
Sending msg to client activator-bd10d26c-a478-4aa8-9e4f-99edfd9d36a4: TaskFinished(65,12040,None,true,None)
Sending msg to client activator-bd10d26c-a478-4aa8-9e4f-99edfd9d36a4: TaskStarted(65,12039,Some(AttributeKey[scala.collection.Seq[sbt.Attributed[java.io.File]]]("exportedProducts") in Scope(Build: file:/Users/dineshp/Desktop/Project/RISK_GAME_DEVELOPMENT/Project_RiskGame/, , Project: ProjectReference(file:/Users/dineshp/Desktop/Project/RISK_GAME_DEVELOPMENT/Project_RiskGame/,riskgame), Config: compile)))
Sending msg to client activator-bd10d26c-a478-4aa8-9e4f-99edfd9d36a4: TaskFinished(65,11929,Some(AttributeKey[scala.collection.Seq[sbt.Attributed[java.io.File]]]("exportedProducts") in Scope(Build: file:/Users/dineshp/Desktop/Project/RISK_GAME_DEVELOPMENT/Project_RiskGame/, , Project: ProjectReference(file:/Users/dineshp/Desktop/Project/RISK_GAME_DEVELOPMENT/Project_RiskGame/,riskgame), Config: runtime)),true,None)
Sending msg to client activator-bd10d26c-a478-4aa8-9e4f-99edfd9d36a4: TaskFinished(65,12039,Some(AttributeKey[scala.collection.Seq[sbt.Attributed[java.io.File]]]("exportedProducts") in Scope(Build: file:/Users/dineshp/Desktop/Project/RISK_GAME_DEVELOPMENT/Project_RiskGame/, , Project: ProjectReference(file:/Users/dineshp/Desktop/Project/RISK_GAME_DEVELOPMENT/Project_RiskGame/,riskgame), Config: compile)),true,None)
Sending msg to client activator-bd10d26c-a478-4aa8-9e4f-99edfd9d36a4: TaskFinished(65,12074,Some(AttributeKey[scala.collection.Seq[java.io.File]]("unmanagedResources") in Scope(Build: file:/Users/dineshp/Desktop/Project/RISK_GAME_DEVELOPMENT/Project_RiskGame/, , Project: ProjectReference(file:/Users/dineshp/Desktop/Project/RISK_GAME_DEVELOPMENT/Project_RiskGame/,riskgame), Config: web-assets)),true,None)
Sending msg to client activator-bd10d26c-a478-4aa8-9e4f-99edfd9d36a4: TaskStarted(65,12070,Some(AttributeKey[scala.collection.Seq[java.io.File]]("resources") in Scope(Build: file:/Users/dineshp/Desktop/Project/RISK_GAME_DEVELOPMENT/Project_RiskGame/, , Project: ProjectReference(file:/Users/dineshp/Desktop/Project/RISK_GAME_DEVELOPMENT/Project_RiskGame/,riskgame), Config: web-assets)))
Sending msg to client activator-bd10d26c-a478-4aa8-9e4f-99edfd9d36a4: TaskFinished(65,12070,Some(AttributeKey[scala.collection.Seq[java.io.File]]("resources") in Scope(Build: file:/Users/dineshp/Desktop/Project/RISK_GAME_DEVELOPMENT/Project_RiskGame/, , Project: ProjectReference(file:/Users/dineshp/Desktop/Project/RISK_GAME_DEVELOPMENT/Project_RiskGame/,riskgame), Config: web-assets)),true,None)
Sending msg to client activator-bd10d26c-a478-4aa8-9e4f-99edfd9d36a4: TaskStarted(65,12069,Some(AttributeKey[scala.collection.Seq[scala.Tuple2[java.io.File,java.lang.String]]]("mappings") in Scope(Build: file:/Users/dineshp/Desktop/Project/RISK_GAME_DEVELOPMENT/Project_RiskGame/, , Project: ProjectReference(file:/Users/dineshp/Desktop/Project/RISK_GAME_DEVELOPMENT/Project_RiskGame/,riskgame), Config: web-assets, Task: AttributeKey[scala.collection.Seq[java.io.File]]("resources"))))
Sending msg to client activator-bd10d26c-a478-4aa8-9e4f-99edfd9d36a4: TaskFinished(65,12069,Some(AttributeKey[scala.collection.Seq[scala.Tuple2[java.io.File,java.lang.String]]]("mappings") in Scope(Build: file:/Users/dineshp/Desktop/Project/RISK_GAME_DEVELOPMENT/Project_RiskGame/, , Project: ProjectReference(file:/Users/dineshp/Desktop/Project/RISK_GAME_DEVELOPMENT/Project_RiskGame/,riskgame), Config: web-assets, Task: AttributeKey[scala.collection.Seq[java.io.File]]("resources"))),true,None)
Sending msg to client activator-bd10d26c-a478-4aa8-9e4f-99edfd9d36a4: TaskStarted(65,12051,Some(AttributeKey[scala.collection.Seq[scala.Tuple2[java.io.File,java.lang.String]]]("mappings") in Scope(Build: file:/Users/dineshp/Desktop/Project/RISK_GAME_DEVELOPMENT/Project_RiskGame/, , Project: ProjectReference(file:/Users/dineshp/Desktop/Project/RISK_GAME_DEVELOPMENT/Project_RiskGame/,riskgame), Config: web-assets)))
Sending msg to client activator-bd10d26c-a478-4aa8-9e4f-99edfd9d36a4: TaskFinished(65,12051,Some(AttributeKey[scala.collection.Seq[scala.Tuple2[java.io.File,java.lang.String]]]("mappings") in Scope(Build: file:/Users/dineshp/Desktop/Project/RISK_GAME_DEVELOPMENT/Project_RiskGame/, , Project: ProjectReference(file:/Users/dineshp/Desktop/Project/RISK_GAME_DEVELOPMENT/Project_RiskGame/,riskgame), Config: web-assets)),true,None)
Sending msg to client activator-bd10d26c-a478-4aa8-9e4f-99edfd9d36a4: TaskStarted(65,12050,Some(AttributeKey[scala.collection.Seq[scala.Tuple2[java.io.File,java.lang.String]]]("mappings") in Scope(Build: file:/Users/dineshp/Desktop/Project/RISK_GAME_DEVELOPMENT/Project_RiskGame/, , Project: ProjectReference(file:/Users/dineshp/Desktop/Project/RISK_GAME_DEVELOPMENT/Project_RiskGame/,riskgame), Config: web-assets)))
Sending msg to client activator-bd10d26c-a478-4aa8-9e4f-99edfd9d36a4: TaskFinished(65,12050,Some(AttributeKey[scala.collection.Seq[scala.Tuple2[java.io.File,java.lang.String]]]("mappings") in Scope(Build: file:/Users/dineshp/Desktop/Project/RISK_GAME_DEVELOPMENT/Project_RiskGame/, , Project: ProjectReference(file:/Users/dineshp/Desktop/Project/RISK_GAME_DEVELOPMENT/Project_RiskGame/,riskgame), Config: web-assets)),true,None)
Sending msg to client activator-bd10d26c-a478-4aa8-9e4f-99edfd9d36a4: TaskStarted(65,12048,Some(AttributeKey[scala.collection.Seq[scala.Tuple2[java.io.File,java.lang.String]]]("mappings") in Scope(Build: file:/Users/dineshp/Desktop/Project/RISK_GAME_DEVELOPMENT/Project_RiskGame/, , Project: ProjectReference(file:/Users/dineshp/Desktop/Project/RISK_GAME_DEVELOPMENT/Project_RiskGame/,riskgame), Config: web-assets)))
Sending msg to client activator-bd10d26c-a478-4aa8-9e4f-99edfd9d36a4: TaskFinished(65,12048,Some(AttributeKey[scala.collection.Seq[scala.Tuple2[java.io.File,java.lang.String]]]("mappings") in Scope(Build: file:/Users/dineshp/Desktop/Project/RISK_GAME_DEVELOPMENT/Project_RiskGame/, , Project: ProjectReference(file:/Users/dineshp/Desktop/Project/RISK_GAME_DEVELOPMENT/Project_RiskGame/,riskgame), Config: web-assets)),true,None)
Sending msg to client activator-bd10d26c-a478-4aa8-9e4f-99edfd9d36a4: TaskStarted(65,12047,Some(AttributeKey[scala.collection.Seq[scala.Tuple2[java.io.File,java.lang.String]]]("webExportedMappings") in Scope(Build: file:/Users/dineshp/Desktop/Project/RISK_GAME_DEVELOPMENT/Project_RiskGame/, , Project: ProjectReference(file:/Users/dineshp/Desktop/Project/RISK_GAME_DEVELOPMENT/Project_RiskGame/,riskgame), Config: web-assets)))
Sending msg to client activator-bd10d26c-a478-4aa8-9e4f-99edfd9d36a4: TaskStarted(65,12084,Some(AttributeKey[java.io.File]("assets") in Scope(Build: file:/Users/dineshp/Desktop/Project/RISK_GAME_DEVELOPMENT/Project_RiskGame/, , Project: ProjectReference(file:/Users/dineshp/Desktop/Project/RISK_GAME_DEVELOPMENT/Project_RiskGame/,riskgame), Config: web-assets)))
Sending msg to client activator-bd10d26c-a478-4aa8-9e4f-99edfd9d36a4: TaskFinished(65,12047,Some(AttributeKey[scala.collection.Seq[scala.Tuple2[java.io.File,java.lang.String]]]("webExportedMappings") in Scope(Build: file:/Users/dineshp/Desktop/Project/RISK_GAME_DEVELOPMENT/Project_RiskGame/, , Project: ProjectReference(file:/Users/dineshp/Desktop/Project/RISK_GAME_DEVELOPMENT/Project_RiskGame/,riskgame), Config: web-assets)),true,None)
Sending msg to client activator-bd10d26c-a478-4aa8-9e4f-99edfd9d36a4: TaskStarted(65,12046,Some(AttributeKey[java.io.File]("webExportedDirectory") in Scope(Build: file:/Users/dineshp/Desktop/Project/RISK_GAME_DEVELOPMENT/Project_RiskGame/, , Project: ProjectReference(file:/Users/dineshp/Desktop/Project/RISK_GAME_DEVELOPMENT/Project_RiskGame/,riskgame), Config: web-assets)))
Sending msg to client activator-bd10d26c-a478-4aa8-9e4f-99edfd9d36a4: TaskFinished(65,12084,Some(AttributeKey[java.io.File]("assets") in Scope(Build: file:/Users/dineshp/Desktop/Project/RISK_GAME_DEVELOPMENT/Project_RiskGame/, , Project: ProjectReference(file:/Users/dineshp/Desktop/Project/RISK_GAME_DEVELOPMENT/Project_RiskGame/,riskgame), Config: web-assets)),true,None)
Sending msg to client activator-bd10d26c-a478-4aa8-9e4f-99edfd9d36a4: TaskStarted(65,12083,None)
Sending msg to client activator-bd10d26c-a478-4aa8-9e4f-99edfd9d36a4: TaskFinished(65,12083,None,true,None)
Sending msg to client activator-bd10d26c-a478-4aa8-9e4f-99edfd9d36a4: TaskStarted(65,12082,Some(AttributeKey[sbt.inc.Analysis]("playAssetsWithCompilation") in Scope(Build: file:/Users/dineshp/Desktop/Project/RISK_GAME_DEVELOPMENT/Project_RiskGame/, , Project: ProjectReference(file:/Users/dineshp/Desktop/Project/RISK_GAME_DEVELOPMENT/Project_RiskGame/,riskgame))))
Sending msg to client activator-bd10d26c-a478-4aa8-9e4f-99edfd9d36a4: TaskFinished(65,12082,Some(AttributeKey[sbt.inc.Analysis]("playAssetsWithCompilation") in Scope(Build: file:/Users/dineshp/Desktop/Project/RISK_GAME_DEVELOPMENT/Project_RiskGame/, , Project: ProjectReference(file:/Users/dineshp/Desktop/Project/RISK_GAME_DEVELOPMENT/Project_RiskGame/,riskgame))),true,None)
Sending msg to client activator-bd10d26c-a478-4aa8-9e4f-99edfd9d36a4: TaskStarted(65,12081,None)
Sending msg to client activator-bd10d26c-a478-4aa8-9e4f-99edfd9d36a4: TaskFinished(65,12081,None,true,None)
Sending msg to client activator-bd10d26c-a478-4aa8-9e4f-99edfd9d36a4: TaskFinished(65,12026,None,true,None)
Sending msg to client activator-bd10d26c-a478-4aa8-9e4f-99edfd9d36a4: TaskStarted(65,12025,None)
Sending msg to client activator-bd10d26c-a478-4aa8-9e4f-99edfd9d36a4: TaskFinished(65,12025,None,true,None)
Sending msg to client activator-bd10d26c-a478-4aa8-9e4f-99edfd9d36a4: TaskFinished(65,12000,Some(AttributeKey[scala.collection.Seq[sbt.inc.Analysis]]("playCompileEverything") in Scope(Build: file:/Users/dineshp/Desktop/Project/RISK_GAME_DEVELOPMENT/Project_RiskGame/, , Project: ProjectReference(file:/Users/dineshp/Desktop/Project/RISK_GAME_DEVELOPMENT/Project_RiskGame/,riskgame))),true,None)
Sending msg to client activator-bd10d26c-a478-4aa8-9e4f-99edfd9d36a4: TaskStarted(65,11999,Some(AttributeKey[sbt.inc.Analysis]("playReload") in Scope(Build: file:/Users/dineshp/Desktop/Project/RISK_GAME_DEVELOPMENT/Project_RiskGame/, , Project: ProjectReference(file:/Users/dineshp/Desktop/Project/RISK_GAME_DEVELOPMENT/Project_RiskGame/,riskgame))))
Sending msg to client activator-bd10d26c-a478-4aa8-9e4f-99edfd9d36a4: TaskFinished(65,11999,Some(AttributeKey[sbt.inc.Analysis]("playReload") in Scope(Build: file:/Users/dineshp/Desktop/Project/RISK_GAME_DEVELOPMENT/Project_RiskGame/, , Project: ProjectReference(file:/Users/dineshp/Desktop/Project/RISK_GAME_DEVELOPMENT/Project_RiskGame/,riskgame))),true,None)
Sending msg to client activator-bd10d26c-a478-4aa8-9e4f-99edfd9d36a4: TaskStarted(65,11998,None)
Sending msg to client activator-bd10d26c-a478-4aa8-9e4f-99edfd9d36a4: TaskFinished(65,11998,None,true,None)
Sending msg to client activator-bd10d26c-a478-4aa8-9e4f-99edfd9d36a4: TaskFinished(65,12046,Some(AttributeKey[java.io.File]("webExportedDirectory") in Scope(Build: file:/Users/dineshp/Desktop/Project/RISK_GAME_DEVELOPMENT/Project_RiskGame/, , Project: ProjectReference(file:/Users/dineshp/Desktop/Project/RISK_GAME_DEVELOPMENT/Project_RiskGame/,riskgame), Config: web-assets)),true,None)
Sending msg to client activator-bd10d26c-a478-4aa8-9e4f-99edfd9d36a4: TaskStarted(65,12045,Some(AttributeKey[scala.collection.Seq[sbt.Attributed[java.io.File]]]("exportedProducts") in Scope(Build: file:/Users/dineshp/Desktop/Project/RISK_GAME_DEVELOPMENT/Project_RiskGame/, , Project: ProjectReference(file:/Users/dineshp/Desktop/Project/RISK_GAME_DEVELOPMENT/Project_RiskGame/,riskgame), Config: web-assets)))
Sending msg to client activator-bd10d26c-a478-4aa8-9e4f-99edfd9d36a4: TaskFinished(65,12045,Some(AttributeKey[scala.collection.Seq[sbt.Attributed[java.io.File]]]("exportedProducts") in Scope(Build: file:/Users/dineshp/Desktop/Project/RISK_GAME_DEVELOPMENT/Project_RiskGame/, , Project: ProjectReference(file:/Users/dineshp/Desktop/Project/RISK_GAME_DEVELOPMENT/Project_RiskGame/,riskgame), Config: web-assets)),true,None)
Sending msg to client activator-bd10d26c-a478-4aa8-9e4f-99edfd9d36a4: TaskStarted(65,12044,None)
Sending msg to client activator-bd10d26c-a478-4aa8-9e4f-99edfd9d36a4: TaskFinished(65,12044,None,true,None)
Sending msg to client activator-bd10d26c-a478-4aa8-9e4f-99edfd9d36a4: TaskStarted(65,12043,None)
Sending msg to client activator-bd10d26c-a478-4aa8-9e4f-99edfd9d36a4: TaskFinished(65,12043,None,true,None)
Sending msg to client activator-bd10d26c-a478-4aa8-9e4f-99edfd9d36a4: TaskStarted(65,12038,Some(AttributeKey[scala.collection.Seq[sbt.Attributed[java.io.File]]]("exportedProducts") in Scope(Build: file:/Users/dineshp/Desktop/Project/RISK_GAME_DEVELOPMENT/Project_RiskGame/, , Project: ProjectReference(file:/Users/dineshp/Desktop/Project/RISK_GAME_DEVELOPMENT/Project_RiskGame/,riskgame), Config: compile)))
Sending msg to client activator-bd10d26c-a478-4aa8-9e4f-99edfd9d36a4: TaskFinished(65,12038,Some(AttributeKey[scala.collection.Seq[sbt.Attributed[java.io.File]]]("exportedProducts") in Scope(Build: file:/Users/dineshp/Desktop/Project/RISK_GAME_DEVELOPMENT/Project_RiskGame/, , Project: ProjectReference(file:/Users/dineshp/Desktop/Project/RISK_GAME_DEVELOPMENT/Project_RiskGame/,riskgame), Config: compile)),true,None)
Sending msg to client activator-bd10d26c-a478-4aa8-9e4f-99edfd9d36a4: TaskStarted(65,12036,None)
Sending msg to client activator-bd10d26c-a478-4aa8-9e4f-99edfd9d36a4: TaskFinished(65,12036,None,true,None)
Sending msg to client activator-bd10d26c-a478-4aa8-9e4f-99edfd9d36a4: TaskStarted(65,12035,None)
Sending msg to client activator-bd10d26c-a478-4aa8-9e4f-99edfd9d36a4: TaskFinished(65,12035,None,true,None)
Sending msg to client activator-bd10d26c-a478-4aa8-9e4f-99edfd9d36a4: TaskFinished(65,11889,None,true,None)
Sending msg to client activator-bd10d26c-a478-4aa8-9e4f-99edfd9d36a4: TaskStarted(65,11888,Some(AttributeKey[scala.collection.Seq[sbt.Attributed[java.io.File]]]("internalDependencyClasspath") in Scope(Build: file:/Users/dineshp/Desktop/Project/RISK_GAME_DEVELOPMENT/Project_RiskGame/, , Project: ProjectReference(file:/Users/dineshp/Desktop/Project/RISK_GAME_DEVELOPMENT/Project_RiskGame/,riskgame), Config: runtime)))
Sending msg to client activator-bd10d26c-a478-4aa8-9e4f-99edfd9d36a4: TaskFinished(65,11888,Some(AttributeKey[scala.collection.Seq[sbt.Attributed[java.io.File]]]("internalDependencyClasspath") in Scope(Build: file:/Users/dineshp/Desktop/Project/RISK_GAME_DEVELOPMENT/Project_RiskGame/, , Project: ProjectReference(file:/Users/dineshp/Desktop/Project/RISK_GAME_DEVELOPMENT/Project_RiskGame/,riskgame), Config: runtime)),true,None)
Sending msg to client activator-bd10d26c-a478-4aa8-9e4f-99edfd9d36a4: TaskStarted(65,11887,Some(AttributeKey[scala.collection.Seq[sbt.Attributed[java.io.File]]]("playReloaderClasspath") in Scope(Build: file:/Users/dineshp/Desktop/Project/RISK_GAME_DEVELOPMENT/Project_RiskGame/, , Project: ProjectReference(file:/Users/dineshp/Desktop/Project/RISK_GAME_DEVELOPMENT/Project_RiskGame/,riskgame))))
Sending msg to client activator-bd10d26c-a478-4aa8-9e4f-99edfd9d36a4: TaskFinished(65,11887,Some(AttributeKey[scala.collection.Seq[sbt.Attributed[java.io.File]]]("playReloaderClasspath") in Scope(Build: file:/Users/dineshp/Desktop/Project/RISK_GAME_DEVELOPMENT/Project_RiskGame/, , Project: ProjectReference(file:/Users/dineshp/Desktop/Project/RISK_GAME_DEVELOPMENT/Project_RiskGame/,riskgame))),true,None)
Sending msg to client activator-bd10d26c-a478-4aa8-9e4f-99edfd9d36a4: TaskStarted(65,11886,Some(AttributeKey[scala.collection.Seq[sbt.Attributed[java.io.File]]]("playReloaderClasspath") in Scope(Build: file:/Users/dineshp/Desktop/Project/RISK_GAME_DEVELOPMENT/Project_RiskGame/, , Project: ProjectReference(file:/Users/dineshp/Desktop/Project/RISK_GAME_DEVELOPMENT/Project_RiskGame/,riskgame))))
Sending msg to client activator-bd10d26c-a478-4aa8-9e4f-99edfd9d36a4: TaskFinished(65,11886,Some(AttributeKey[scala.collection.Seq[sbt.Attributed[java.io.File]]]("playReloaderClasspath") in Scope(Build: file:/Users/dineshp/Desktop/Project/RISK_GAME_DEVELOPMENT/Project_RiskGame/, , Project: ProjectReference(file:/Users/dineshp/Desktop/Project/RISK_GAME_DEVELOPMENT/Project_RiskGame/,riskgame))),true,None)
Sending msg to client activator-bd10d26c-a478-4aa8-9e4f-99edfd9d36a4: TaskStarted(65,11885,None)
Sending msg to client activator-bd10d26c-a478-4aa8-9e4f-99edfd9d36a4: TaskFinished(65,11885,None,true,None)
Sending msg to client activator-bd10d26c-a478-4aa8-9e4f-99edfd9d36a4: TaskStarted(65,11884,Some(AttributeKey[play.runsupport.Reloader$CompileResult]("playForkReload") in Scope(Build: file:/Users/dineshp/Desktop/Project/RISK_GAME_DEVELOPMENT/Project_RiskGame/, , Project: ProjectReference(file:/Users/dineshp/Desktop/Project/RISK_GAME_DEVELOPMENT/Project_RiskGame/,riskgame))))
Sending msg to client activator-bd10d26c-a478-4aa8-9e4f-99edfd9d36a4: TaskFinished(65,11884,Some(AttributeKey[play.runsupport.Reloader$CompileResult]("playForkReload") in Scope(Build: file:/Users/dineshp/Desktop/Project/RISK_GAME_DEVELOPMENT/Project_RiskGame/, , Project: ProjectReference(file:/Users/dineshp/Desktop/Project/RISK_GAME_DEVELOPMENT/Project_RiskGame/,riskgame))),true,None)
Sending msg to client activator-bd10d26c-a478-4aa8-9e4f-99edfd9d36a4: TaskStarted(65,11883,None)
Sending msg to client activator-bd10d26c-a478-4aa8-9e4f-99edfd9d36a4: TaskFinished(65,11883,None,true,None)
Sending msg to client activator-bd10d26c-a478-4aa8-9e4f-99edfd9d36a4: TaskStarted(65,11882,None)
Sending msg to client activator-bd10d26c-a478-4aa8-9e4f-99edfd9d36a4: TaskFinished(65,11882,None,true,None)
Sending msg to client activator-bd10d26c-a478-4aa8-9e4f-99edfd9d36a4: DetachedLogEvent(LogMessage(debug,cancel strategy finish enabled=false lastCommand=Some(LastCommand(CommandExecutionWork(ExecutionId(65),{file:/Users/dineshp/Desktop/Project/RISK_GAME_DEVELOPMENT/Project_RiskGame/}riskgame/*:playForkReload,Set(LiveClient(play-fork-run 3d2fef04-9878-4e90-938e-1c21558e3398)),sbt.server.WorkCancellationStatus$$anon$1@10a9b1cd)))))
Sending msg to client activator-bd10d26c-a478-4aa8-9e4f-99edfd9d36a4: DetachedLogEvent(LogSuccess(Total time: 0 s, completed Jul 29, 2017 2:42:51 AM))
Sending msg to client activator-bd10d26c-a478-4aa8-9e4f-99edfd9d36a4: DetachedLogEvent(LogMessage(debug,> server-post-command-cleanup))
Sending msg to client activator-bd10d26c-a478-4aa8-9e4f-99edfd9d36a4: ExecutionSuccess(65)
Sending msg to client activator-bd10d26c-a478-4aa8-9e4f-99edfd9d36a4: DetachedLogEvent(LogMessage(debug,> server-handle-next-server-request))
