<<<<<<< HEAD
New log file opened at Sat Jul 29 21:04:47 EDT 2017 by 9408@Dineshs-Air.wv.cc.cmu.edu
Taking next connection to: 54942
New client attempting to connect on port: 54943-54942
  Address = /128.237.217.174:54942
This client on port 54943 has uuid 49500f90-f4ca-4d24-9390-59d7031121e2 configName activator humanReadableName Activator protocolVersion 3 featureTags Vector()
Connected Clients: activator-49500f90-f4ca-4d24-9390-59d7031121e2
Taking next connection to: 54942
New client attempting to connect on port: 54948-54942
  Address = /128.237.217.174:54942
Handshake exception on socket: 54948
=======
New log file opened at Sat Jul 29 17:53:43 EDT 2017 by 4718@Aruls-Air.wv.cc.cmu.edu
Taking next connection to: 54542
New client attempting to connect on port: 54543-54542
  Address = /128.237.213.125:54542
This client on port 54543 has uuid 19b7f53e-9718-4425-b78b-bb4dd722b4fd configName activator humanReadableName Activator protocolVersion 3 featureTags Vector()
Connected Clients: activator-19b7f53e-9718-4425-b78b-bb4dd722b4fd
Taking next connection to: 54542
New client attempting to connect on port: 54549-54542
  Address = /128.237.213.125:54542
Handshake exception on socket: 54549
>>>>>>> origin/master
sbt.impl.ipc.HandshakeException: Unable to perform handshake
	at sbt.impl.ipc.Peer.handshake(IPC.scala:46)
	at sbt.impl.ipc.MultiClientServer.<init>(IPC.scala:150)
	at sbt.server.SbtServerSocketHandler$$anon$1.run(SbtServerSocketHandler.scala:43)
Caused by: java.io.EOFException
	at java.io.DataInputStream.readInt(DataInputStream.java:392)
	at sbt.impl.ipc.Peer.receive(IPC.scala:95)
	at sbt.impl.ipc.Peer.handshake(IPC.scala:49)
	... 2 more
<<<<<<< HEAD
Taking next connection to: 54942
New client attempting to connect on port: 54949-54942
  Address = /128.237.217.174:54942
This client on port 54949 has uuid 5a6b3154-3ce9-484e-8ec8-914084d62431 configName play-fork-run humanReadableName Play Fork Run protocolVersion 1 featureTags Vector()
Connected Clients: activator-49500f90-f4ca-4d24-9390-59d7031121e2, play-fork-run-5a6b3154-3ce9-484e-8ec8-914084d62431
Taking next connection to: 54942
Checking to see if clients are empty...
We have 1 non-daemon clients, continuing serving connections.
Taking next connection to: 54942
Checking to see if clients are empty...
We have 1 non-daemon clients, continuing serving connections.
Taking next connection to: 54942
Checking to see if clients are empty...
We have 1 non-daemon clients, continuing serving connections.
Taking next connection to: 54942
Checking to see if clients are empty...
We have 1 non-daemon clients, continuing serving connections.
Taking next connection to: 54942
Checking to see if clients are empty...
We have 1 non-daemon clients, continuing serving connections.
Taking next connection to: 54942
Checking to see if clients are empty...
We have 1 non-daemon clients, continuing serving connections.
Taking next connection to: 54942
Checking to see if clients are empty...
We have 1 non-daemon clients, continuing serving connections.
Taking next connection to: 54942
Checking to see if clients are empty...
We have 1 non-daemon clients, continuing serving connections.
Taking next connection to: 54942
Checking to see if clients are empty...
We have 1 non-daemon clients, continuing serving connections.
Taking next connection to: 54942
=======
Taking next connection to: 54542
New client attempting to connect on port: 54550-54542
  Address = /128.237.213.125:54542
This client on port 54550 has uuid ed1cae13-6047-41bf-8323-ef817b618a46 configName play-fork-run humanReadableName Play Fork Run protocolVersion 1 featureTags Vector()
Connected Clients: activator-19b7f53e-9718-4425-b78b-bb4dd722b4fd, play-fork-run-ed1cae13-6047-41bf-8323-ef817b618a46
Taking next connection to: 54542
Checking to see if clients are empty...
We have 1 non-daemon clients, continuing serving connections.
Taking next connection to: 54542
Checking to see if clients are empty...
We have 1 non-daemon clients, continuing serving connections.
Taking next connection to: 54542
>>>>>>> origin/master
