New log file opened at Thu Jul 27 15:44:29 EDT 2017 by 3395@Aruls-Air.wv.cc.cmu.edu
Sending msg to client play-fork-run-f53b23fc-a6e5-4e3c-a4b4-e682e74697bd: DetachedLogEvent(LogMessage(debug,sbt server socket logs are in: /Users/Arul/Documents/RISK_GAME_DEVELOPMENT/Project_RiskGame/.sbtserver/connections/master.log))
Sending msg to client play-fork-run-f53b23fc-a6e5-4e3c-a4b4-e682e74697bd: DetachedLogEvent(LogMessage(debug,sbt client logs are in: /Users/Arul/Documents/RISK_GAME_DEVELOPMENT/Project_RiskGame/.sbtserver/connections/play-fork-run-f53b23fc-a6e5-4e3c-a4b4-e682e74697bd.log))
Sending msg to client play-fork-run-f53b23fc-a6e5-4e3c-a4b4-e682e74697bd: DetachedLogEvent(LogMessage(debug,sbt general server logs are in: /Users/Arul/Documents/RISK_GAME_DEVELOPMENT/Project_RiskGame/.sbtserver/master.log))
Reading next message from client.
Got request: DaemonRequest(true)
Reading next message from client.
Sending msg to client play-fork-run-f53b23fc-a6e5-4e3c-a4b4-e682e74697bd: (3,ReceivedResponse())
Got request: ListenToEvents()
Reading next message from client.
Sending msg to client play-fork-run-f53b23fc-a6e5-4e3c-a4b4-e682e74697bd: BackgroundJobStarted(27,BackgroundJobInfo(7,backgroundRun,AttributeKey[sbt.BackgroundJobHandle]("backgroundRun") in Scope(Build: file:/Users/Arul/Documents/RISK_GAME_DEVELOPMENT/Project_RiskGame/, , Project: ProjectReference(file:/Users/Arul/Documents/RISK_GAME_DEVELOPMENT/Project_RiskGame/,riskgame), Config: compile)))
Sending msg to client play-fork-run-f53b23fc-a6e5-4e3c-a4b4-e682e74697bd: BackgroundJobStarted(25,BackgroundJobInfo(6,backgroundRun,AttributeKey[sbt.BackgroundJobHandle]("backgroundRun") in Scope(Build: file:/Users/Arul/Documents/RISK_GAME_DEVELOPMENT/Project_RiskGame/, , Project: ProjectReference(file:/Users/Arul/Documents/RISK_GAME_DEVELOPMENT/Project_RiskGame/,riskgame), Config: compile)))
Sending msg to client play-fork-run-f53b23fc-a6e5-4e3c-a4b4-e682e74697bd: BackgroundJobStarted(23,BackgroundJobInfo(5,backgroundRun,AttributeKey[sbt.BackgroundJobHandle]("backgroundRun") in Scope(Build: file:/Users/Arul/Documents/RISK_GAME_DEVELOPMENT/Project_RiskGame/, , Project: ProjectReference(file:/Users/Arul/Documents/RISK_GAME_DEVELOPMENT/Project_RiskGame/,riskgame), Config: compile)))
Sending msg to client play-fork-run-f53b23fc-a6e5-4e3c-a4b4-e682e74697bd: BackgroundJobStarted(20,BackgroundJobInfo(4,backgroundRun,AttributeKey[sbt.BackgroundJobHandle]("backgroundRun") in Scope(Build: file:/Users/Arul/Documents/RISK_GAME_DEVELOPMENT/Project_RiskGame/, , Project: ProjectReference(file:/Users/Arul/Documents/RISK_GAME_DEVELOPMENT/Project_RiskGame/,riskgame), Config: compile)))
Sending msg to client play-fork-run-f53b23fc-a6e5-4e3c-a4b4-e682e74697bd: (4,ReceivedResponse())
Got request: KeyLookupRequest(riskgame/playForkConfig)
Reading next message from client.
Sending msg to client play-fork-run-f53b23fc-a6e5-4e3c-a4b4-e682e74697bd: (5,KeyLookupResponse(riskgame/playForkConfig,Vector(AttributeKey[play.forkrun.protocol.ForkConfig]("playForkConfig") in Scope(Build: file:/Users/Arul/Documents/RISK_GAME_DEVELOPMENT/Project_RiskGame/, , Project: ProjectReference(file:/Users/Arul/Documents/RISK_GAME_DEVELOPMENT/Project_RiskGame/,riskgame)))))
Got request: ListenToValue(AttributeKey[play.forkrun.protocol.ForkConfig]("playForkConfig") in Scope(Build: file:/Users/Arul/Documents/RISK_GAME_DEVELOPMENT/Project_RiskGame/, , Project: ProjectReference(file:/Users/Arul/Documents/RISK_GAME_DEVELOPMENT/Project_RiskGame/,riskgame)))
Reading next message from client.
Sending msg to client play-fork-run-f53b23fc-a6e5-4e3c-a4b4-e682e74697bd: (6,ReceivedResponse())
Got request: KeyExecutionRequest(AttributeKey[play.forkrun.protocol.ForkConfig]("playForkConfig") in Scope(Build: file:/Users/Arul/Documents/RISK_GAME_DEVELOPMENT/Project_RiskGame/, , Project: ProjectReference(file:/Users/Arul/Documents/RISK_GAME_DEVELOPMENT/Project_RiskGame/,riskgame)))
Reading next message from client.
Sending msg to client play-fork-run-f53b23fc-a6e5-4e3c-a4b4-e682e74697bd: (7,ExecutionRequestReceived(28))
Sending msg to client play-fork-run-f53b23fc-a6e5-4e3c-a4b4-e682e74697bd: ExecutionWaiting(28,{file:/Users/Arul/Documents/RISK_GAME_DEVELOPMENT/Project_RiskGame/}riskgame/*:playForkConfig,ClientInfo(f53b23fc-a6e5-4e3c-a4b4-e682e74697bd,play-fork-run,Play Fork Run,1,Vector()))
Sending msg to client play-fork-run-f53b23fc-a6e5-4e3c-a4b4-e682e74697bd: ExecutionStarting(28)
Sending msg to client play-fork-run-f53b23fc-a6e5-4e3c-a4b4-e682e74697bd: DetachedLogEvent(LogMessage(debug,> {file:/Users/Arul/Documents/RISK_GAME_DEVELOPMENT/Project_RiskGame/}riskgame/*:playForkConfig))
Sending msg to client play-fork-run-f53b23fc-a6e5-4e3c-a4b4-e682e74697bd: DetachedLogEvent(LogMessage(debug,Evaluating tasks: *:playForkConfig))
Sending msg to client play-fork-run-f53b23fc-a6e5-4e3c-a4b4-e682e74697bd: DetachedLogEvent(LogMessage(debug,Running task... Cancel: sbt.server.ServerTaskCancellation@3a17727b, check cycles: false))
Sending msg to client play-fork-run-f53b23fc-a6e5-4e3c-a4b4-e682e74697bd: DetachedLogEvent(LogMessage(debug,cancel strategy start enabled=true lastCommand=Some(LastCommand(CommandExecutionWork(ExecutionId(28),{file:/Users/Arul/Documents/RISK_GAME_DEVELOPMENT/Project_RiskGame/}riskgame/*:playForkConfig,Set(LiveClient(play-fork-run f53b23fc-a6e5-4e3c-a4b4-e682e74697bd)),sbt.server.WorkCancellationStatus$$anon$1@7e34da6e)))))
Sending msg to client play-fork-run-f53b23fc-a6e5-4e3c-a4b4-e682e74697bd: TaskStarted(28,1772,None)
Sending msg to client play-fork-run-f53b23fc-a6e5-4e3c-a4b4-e682e74697bd: TaskStarted(28,1773,None)
Sending msg to client play-fork-run-f53b23fc-a6e5-4e3c-a4b4-e682e74697bd: TaskStarted(28,1774,None)
Sending msg to client play-fork-run-f53b23fc-a6e5-4e3c-a4b4-e682e74697bd: TaskStarted(28,1781,None)
Sending msg to client play-fork-run-f53b23fc-a6e5-4e3c-a4b4-e682e74697bd: TaskStarted(28,1785,Some(AttributeKey[scala.collection.Seq[sbt.Resolver]]("externalResolvers") in Scope(Build: file:/Users/Arul/Documents/RISK_GAME_DEVELOPMENT/Project_RiskGame/, , Project: ProjectReference(file:/Users/Arul/Documents/RISK_GAME_DEVELOPMENT/Project_RiskGame/,riskgame))))
Sending msg to client play-fork-run-f53b23fc-a6e5-4e3c-a4b4-e682e74697bd: TaskStarted(28,1789,None)
Sending msg to client play-fork-run-f53b23fc-a6e5-4e3c-a4b4-e682e74697bd: TaskStarted(28,1790,Some(AttributeKey[scala.Option[scala.collection.Seq[sbt.Resolver]]]("bootResolvers") in Scope(Build: file:/Users/Arul/Documents/RISK_GAME_DEVELOPMENT/Project_RiskGame/, , Project: ProjectReference(file:/Users/Arul/Documents/RISK_GAME_DEVELOPMENT/Project_RiskGame/,riskgame))))
Sending msg to client play-fork-run-f53b23fc-a6e5-4e3c-a4b4-e682e74697bd: TaskStarted(28,1792,Some(AttributeKey[scala.collection.Seq[sbt.Credentials]]("credentials") in Scope(Global)))
Sending msg to client play-fork-run-f53b23fc-a6e5-4e3c-a4b4-e682e74697bd: TaskStarted(28,1794,Some(AttributeKey[java.lang.String]("updateCacheName") in Scope(Build: file:/Users/Arul/Documents/RISK_GAME_DEVELOPMENT/Project_RiskGame/, , Project: ProjectReference(file:/Users/Arul/Documents/RISK_GAME_DEVELOPMENT/Project_RiskGame/,riskgame))))
Sending msg to client play-fork-run-f53b23fc-a6e5-4e3c-a4b4-e682e74697bd: TaskStarted(28,1796,None)
Sending msg to client play-fork-run-f53b23fc-a6e5-4e3c-a4b4-e682e74697bd: TaskStarted(28,1797,Some(AttributeKey[boolean]("skip") in Scope(Global)))
Sending msg to client play-fork-run-f53b23fc-a6e5-4e3c-a4b4-e682e74697bd: TaskStarted(28,1804,Some(AttributeKey[scala.Tuple2[java.lang.String,java.io.File]]("playPrefixAndAssets") in Scope(Build: file:/Users/Arul/Documents/RISK_GAME_DEVELOPMENT/Project_RiskGame/, , Project: ProjectReference(file:/Users/Arul/Documents/RISK_GAME_DEVELOPMENT/Project_RiskGame/,riskgame))))
Sending msg to client play-fork-run-f53b23fc-a6e5-4e3c-a4b4-e682e74697bd: TaskStarted(28,1805,Some(AttributeKey[scala.collection.Seq[java.lang.String]]("javaOptions") in Scope(Global)))
Sending msg to client play-fork-run-f53b23fc-a6e5-4e3c-a4b4-e682e74697bd: TaskStarted(28,1814,None)
Sending msg to client play-fork-run-f53b23fc-a6e5-4e3c-a4b4-e682e74697bd: TaskStarted(28,1819,Some(AttributeKey[scala.Option[java.lang.String]]("mainClass") in Scope(Build: file:/Users/Arul/Documents/RISK_GAME_DEVELOPMENT/Project_RiskGame/, , Project: ProjectReference(file:/Users/Arul/Documents/RISK_GAME_DEVELOPMENT/Project_RiskGame/,riskgame), Config: compile, Task: AttributeKey[void]("run"))))
Sending msg to client play-fork-run-f53b23fc-a6e5-4e3c-a4b4-e682e74697bd: TaskStarted(28,1821,None)
Sending msg to client play-fork-run-f53b23fc-a6e5-4e3c-a4b4-e682e74697bd: TaskFinished(28,1772,None,true,None)
Sending msg to client play-fork-run-f53b23fc-a6e5-4e3c-a4b4-e682e74697bd: TaskFinished(28,1773,None,true,None)
Sending msg to client play-fork-run-f53b23fc-a6e5-4e3c-a4b4-e682e74697bd: TaskStarted(28,1771,Some(AttributeKey[scala.collection.Seq[sbt.UpdateReport]]("transitiveUpdate") in Scope(Build: file:/Users/Arul/Documents/RISK_GAME_DEVELOPMENT/Project_RiskGame/, , Project: ProjectReference(file:/Users/Arul/Documents/RISK_GAME_DEVELOPMENT/Project_RiskGame/,riskgame))))
Sending msg to client play-fork-run-f53b23fc-a6e5-4e3c-a4b4-e682e74697bd: TaskFinished(28,1774,None,true,None)
Sending msg to client play-fork-run-f53b23fc-a6e5-4e3c-a4b4-e682e74697bd: TaskFinished(28,1781,None,true,None)
Sending msg to client play-fork-run-f53b23fc-a6e5-4e3c-a4b4-e682e74697bd: TaskStarted(28,1780,Some(AttributeKey[sbt.BuildStructure]("buildStructure") in Scope(Global)))
Sending msg to client play-fork-run-f53b23fc-a6e5-4e3c-a4b4-e682e74697bd: TaskStarted(28,1798,Some(AttributeKey[java.io.File]("dependencyCacheDirectory") in Scope(Build: file:/Users/Arul/Documents/RISK_GAME_DEVELOPMENT/Project_RiskGame/, , Project: ProjectReference(file:/Users/Arul/Documents/RISK_GAME_DEVELOPMENT/Project_RiskGame/,riskgame))))
Sending msg to client play-fork-run-f53b23fc-a6e5-4e3c-a4b4-e682e74697bd: TaskFinished(28,1785,Some(AttributeKey[scala.collection.Seq[sbt.Resolver]]("externalResolvers") in Scope(Build: file:/Users/Arul/Documents/RISK_GAME_DEVELOPMENT/Project_RiskGame/, , Project: ProjectReference(file:/Users/Arul/Documents/RISK_GAME_DEVELOPMENT/Project_RiskGame/,riskgame))),true,None)
Sending msg to client play-fork-run-f53b23fc-a6e5-4e3c-a4b4-e682e74697bd: TaskFinished(28,1789,None,true,None)
Sending msg to client play-fork-run-f53b23fc-a6e5-4e3c-a4b4-e682e74697bd: TaskStarted(28,1788,None)
Sending msg to client play-fork-run-f53b23fc-a6e5-4e3c-a4b4-e682e74697bd: TaskStarted(28,1791,None)
Sending msg to client play-fork-run-f53b23fc-a6e5-4e3c-a4b4-e682e74697bd: TaskStarted(28,1793,None)
Sending msg to client play-fork-run-f53b23fc-a6e5-4e3c-a4b4-e682e74697bd: TaskStarted(28,1799,None)
Sending msg to client play-fork-run-f53b23fc-a6e5-4e3c-a4b4-e682e74697bd: TaskStarted(28,1802,None)
Sending msg to client play-fork-run-f53b23fc-a6e5-4e3c-a4b4-e682e74697bd: TaskStarted(28,1809,None)
Sending msg to client play-fork-run-f53b23fc-a6e5-4e3c-a4b4-e682e74697bd: TaskStarted(28,1816,None)
Sending msg to client play-fork-run-f53b23fc-a6e5-4e3c-a4b4-e682e74697bd: TaskStarted(28,1818,None)
Sending msg to client play-fork-run-f53b23fc-a6e5-4e3c-a4b4-e682e74697bd: TaskFinished(28,1790,Some(AttributeKey[scala.Option[scala.collection.Seq[sbt.Resolver]]]("bootResolvers") in Scope(Build: file:/Users/Arul/Documents/RISK_GAME_DEVELOPMENT/Project_RiskGame/, , Project: ProjectReference(file:/Users/Arul/Documents/RISK_GAME_DEVELOPMENT/Project_RiskGame/,riskgame))),true,None)
Sending msg to client play-fork-run-f53b23fc-a6e5-4e3c-a4b4-e682e74697bd: TaskFinished(28,1792,Some(AttributeKey[scala.collection.Seq[sbt.Credentials]]("credentials") in Scope(Global)),true,None)
Sending msg to client play-fork-run-f53b23fc-a6e5-4e3c-a4b4-e682e74697bd: TaskFinished(28,1794,Some(AttributeKey[java.lang.String]("updateCacheName") in Scope(Build: file:/Users/Arul/Documents/RISK_GAME_DEVELOPMENT/Project_RiskGame/, , Project: ProjectReference(file:/Users/Arul/Documents/RISK_GAME_DEVELOPMENT/Project_RiskGame/,riskgame))),true,None)
Sending msg to client play-fork-run-f53b23fc-a6e5-4e3c-a4b4-e682e74697bd: TaskFinished(28,1796,None,true,None)
Sending msg to client play-fork-run-f53b23fc-a6e5-4e3c-a4b4-e682e74697bd: TaskFinished(28,1797,Some(AttributeKey[boolean]("skip") in Scope(Global)),true,None)
Sending msg to client play-fork-run-f53b23fc-a6e5-4e3c-a4b4-e682e74697bd: TaskFinished(28,1804,Some(AttributeKey[scala.Tuple2[java.lang.String,java.io.File]]("playPrefixAndAssets") in Scope(Build: file:/Users/Arul/Documents/RISK_GAME_DEVELOPMENT/Project_RiskGame/, , Project: ProjectReference(file:/Users/Arul/Documents/RISK_GAME_DEVELOPMENT/Project_RiskGame/,riskgame))),true,None)
Sending msg to client play-fork-run-f53b23fc-a6e5-4e3c-a4b4-e682e74697bd: TaskStarted(28,1803,Some(AttributeKey[scala.collection.Seq[scala.Tuple2[java.lang.String,java.io.File]]]("playAllAssets") in Scope(Build: file:/Users/Arul/Documents/RISK_GAME_DEVELOPMENT/Project_RiskGame/, , Project: ProjectReference(file:/Users/Arul/Documents/RISK_GAME_DEVELOPMENT/Project_RiskGame/,riskgame))))
Sending msg to client play-fork-run-f53b23fc-a6e5-4e3c-a4b4-e682e74697bd: TaskFinished(28,1805,Some(AttributeKey[scala.collection.Seq[java.lang.String]]("javaOptions") in Scope(Global)),true,None)
Sending msg to client play-fork-run-f53b23fc-a6e5-4e3c-a4b4-e682e74697bd: TaskFinished(28,1814,None,true,None)
Sending msg to client play-fork-run-f53b23fc-a6e5-4e3c-a4b4-e682e74697bd: TaskFinished(28,1819,Some(AttributeKey[scala.Option[java.lang.String]]("mainClass") in Scope(Build: file:/Users/Arul/Documents/RISK_GAME_DEVELOPMENT/Project_RiskGame/, , Project: ProjectReference(file:/Users/Arul/Documents/RISK_GAME_DEVELOPMENT/Project_RiskGame/,riskgame), Config: compile, Task: AttributeKey[void]("run"))),true,None)
Sending msg to client play-fork-run-f53b23fc-a6e5-4e3c-a4b4-e682e74697bd: TaskFinished(28,1821,None,true,None)
Sending msg to client play-fork-run-f53b23fc-a6e5-4e3c-a4b4-e682e74697bd: TaskFinished(28,1771,Some(AttributeKey[scala.collection.Seq[sbt.UpdateReport]]("transitiveUpdate") in Scope(Build: file:/Users/Arul/Documents/RISK_GAME_DEVELOPMENT/Project_RiskGame/, , Project: ProjectReference(file:/Users/Arul/Documents/RISK_GAME_DEVELOPMENT/Project_RiskGame/,riskgame))),true,None)
Sending msg to client play-fork-run-f53b23fc-a6e5-4e3c-a4b4-e682e74697bd: TaskFinished(28,1780,Some(AttributeKey[sbt.BuildStructure]("buildStructure") in Scope(Global)),true,None)
Sending msg to client play-fork-run-f53b23fc-a6e5-4e3c-a4b4-e682e74697bd: TaskStarted(28,1779,Some(AttributeKey[sbt.Settings[sbt.Scope]]("settingsData") in Scope(Global)))
Sending msg to client play-fork-run-f53b23fc-a6e5-4e3c-a4b4-e682e74697bd: TaskFinished(28,1798,Some(AttributeKey[java.io.File]("dependencyCacheDirectory") in Scope(Build: file:/Users/Arul/Documents/RISK_GAME_DEVELOPMENT/Project_RiskGame/, , Project: ProjectReference(file:/Users/Arul/Documents/RISK_GAME_DEVELOPMENT/Project_RiskGame/,riskgame))),true,None)
Sending msg to client play-fork-run-f53b23fc-a6e5-4e3c-a4b4-e682e74697bd: TaskFinished(28,1788,None,true,None)
Sending msg to client play-fork-run-f53b23fc-a6e5-4e3c-a4b4-e682e74697bd: TaskFinished(28,1791,None,true,None)
Sending msg to client play-fork-run-f53b23fc-a6e5-4e3c-a4b4-e682e74697bd: TaskFinished(28,1793,None,true,None)
Sending msg to client play-fork-run-f53b23fc-a6e5-4e3c-a4b4-e682e74697bd: TaskFinished(28,1799,None,true,None)
Sending msg to client play-fork-run-f53b23fc-a6e5-4e3c-a4b4-e682e74697bd: TaskFinished(28,1802,None,true,None)
Sending msg to client play-fork-run-f53b23fc-a6e5-4e3c-a4b4-e682e74697bd: TaskStarted(28,1801,Some(AttributeKey[scala.collection.immutable.Map[sbt.ModuleID,sbt.SourcePosition]]("dependencyPositions") in Scope(Build: file:/Users/Arul/Documents/RISK_GAME_DEVELOPMENT/Project_RiskGame/, , Project: ProjectReference(file:/Users/Arul/Documents/RISK_GAME_DEVELOPMENT/Project_RiskGame/,riskgame))))
Sending msg to client play-fork-run-f53b23fc-a6e5-4e3c-a4b4-e682e74697bd: TaskFinished(28,1809,None,true,None)
Sending msg to client play-fork-run-f53b23fc-a6e5-4e3c-a4b4-e682e74697bd: TaskFinished(28,1816,None,true,None)
Sending msg to client play-fork-run-f53b23fc-a6e5-4e3c-a4b4-e682e74697bd: TaskFinished(28,1818,None,true,None)
Sending msg to client play-fork-run-f53b23fc-a6e5-4e3c-a4b4-e682e74697bd: TaskFinished(28,1803,Some(AttributeKey[scala.collection.Seq[scala.Tuple2[java.lang.String,java.io.File]]]("playAllAssets") in Scope(Build: file:/Users/Arul/Documents/RISK_GAME_DEVELOPMENT/Project_RiskGame/, , Project: ProjectReference(file:/Users/Arul/Documents/RISK_GAME_DEVELOPMENT/Project_RiskGame/,riskgame))),true,None)
Sending msg to client play-fork-run-f53b23fc-a6e5-4e3c-a4b4-e682e74697bd: TaskFinished(28,1779,Some(AttributeKey[sbt.Settings[sbt.Scope]]("settingsData") in Scope(Global)),true,None)
Sending msg to client play-fork-run-f53b23fc-a6e5-4e3c-a4b4-e682e74697bd: TaskStarted(28,1778,Some(AttributeKey[scala.collection.Seq[sbt.ModuleID]]("projectDependencies") in Scope(Build: file:/Users/Arul/Documents/RISK_GAME_DEVELOPMENT/Project_RiskGame/, , Project: ProjectReference(file:/Users/Arul/Documents/RISK_GAME_DEVELOPMENT/Project_RiskGame/,riskgame))))
Sending msg to client play-fork-run-f53b23fc-a6e5-4e3c-a4b4-e682e74697bd: TaskStarted(28,1787,Some(AttributeKey[scala.collection.immutable.Map[org.apache.ivy.core.module.id.ModuleRevisionId,org.apache.ivy.core.module.descriptor.ModuleDescriptor]]("projectDescriptors") in Scope(Build: file:/Users/Arul/Documents/RISK_GAME_DEVELOPMENT/Project_RiskGame/, , Project: ProjectReference(file:/Users/Arul/Documents/RISK_GAME_DEVELOPMENT/Project_RiskGame/,riskgame))))
Sending msg to client play-fork-run-f53b23fc-a6e5-4e3c-a4b4-e682e74697bd: TaskStarted(28,1795,None)
Sending msg to client play-fork-run-f53b23fc-a6e5-4e3c-a4b4-e682e74697bd: TaskStarted(28,1817,None)
Sending msg to client play-fork-run-f53b23fc-a6e5-4e3c-a4b4-e682e74697bd: TaskStarted(28,1820,Some(AttributeKey[scala.collection.Seq[java.io.File]]("playMonitoredFiles") in Scope(Build: file:/Users/Arul/Documents/RISK_GAME_DEVELOPMENT/Project_RiskGame/, , Project: ProjectReference(file:/Users/Arul/Documents/RISK_GAME_DEVELOPMENT/Project_RiskGame/,riskgame))))
Sending msg to client play-fork-run-f53b23fc-a6e5-4e3c-a4b4-e682e74697bd: TaskFinished(28,1801,Some(AttributeKey[scala.collection.immutable.Map[sbt.ModuleID,sbt.SourcePosition]]("dependencyPositions") in Scope(Build: file:/Users/Arul/Documents/RISK_GAME_DEVELOPMENT/Project_RiskGame/, , Project: ProjectReference(file:/Users/Arul/Documents/RISK_GAME_DEVELOPMENT/Project_RiskGame/,riskgame))),true,None)
Sending msg to client play-fork-run-f53b23fc-a6e5-4e3c-a4b4-e682e74697bd: TaskStarted(28,1800,Some(AttributeKey[sbt.UnresolvedWarningConfiguration]("unresolvedWarningConfiguration") in Scope(Build: file:/Users/Arul/Documents/RISK_GAME_DEVELOPMENT/Project_RiskGame/, , Project: ProjectReference(file:/Users/Arul/Documents/RISK_GAME_DEVELOPMENT/Project_RiskGame/,riskgame), Task: AttributeKey[sbt.UpdateReport]("update"))))
Sending msg to client play-fork-run-f53b23fc-a6e5-4e3c-a4b4-e682e74697bd: TaskFinished(28,1778,Some(AttributeKey[scala.collection.Seq[sbt.ModuleID]]("projectDependencies") in Scope(Build: file:/Users/Arul/Documents/RISK_GAME_DEVELOPMENT/Project_RiskGame/, , Project: ProjectReference(file:/Users/Arul/Documents/RISK_GAME_DEVELOPMENT/Project_RiskGame/,riskgame))),true,None)
Sending msg to client play-fork-run-f53b23fc-a6e5-4e3c-a4b4-e682e74697bd: TaskStarted(28,1777,Some(AttributeKey[scala.collection.Seq[sbt.ModuleID]]("allDependencies") in Scope(Build: file:/Users/Arul/Documents/RISK_GAME_DEVELOPMENT/Project_RiskGame/, , Project: ProjectReference(file:/Users/Arul/Documents/RISK_GAME_DEVELOPMENT/Project_RiskGame/,riskgame))))
Sending msg to client play-fork-run-f53b23fc-a6e5-4e3c-a4b4-e682e74697bd: TaskStarted(28,1824,None)
Sending msg to client play-fork-run-f53b23fc-a6e5-4e3c-a4b4-e682e74697bd: TaskStarted(28,1825,None)
Sending msg to client play-fork-run-f53b23fc-a6e5-4e3c-a4b4-e682e74697bd: TaskStarted(28,1829,None)
Sending msg to client play-fork-run-f53b23fc-a6e5-4e3c-a4b4-e682e74697bd: TaskStarted(28,1830,None)
Sending msg to client play-fork-run-f53b23fc-a6e5-4e3c-a4b4-e682e74697bd: TaskStarted(28,1833,None)
Sending msg to client play-fork-run-f53b23fc-a6e5-4e3c-a4b4-e682e74697bd: TaskStarted(28,1835,None)
Sending msg to client play-fork-run-f53b23fc-a6e5-4e3c-a4b4-e682e74697bd: TaskStarted(28,1836,None)
Sending msg to client play-fork-run-f53b23fc-a6e5-4e3c-a4b4-e682e74697bd: TaskStarted(28,1837,None)
Sending msg to client play-fork-run-f53b23fc-a6e5-4e3c-a4b4-e682e74697bd: TaskFinished(28,1800,Some(AttributeKey[sbt.UnresolvedWarningConfiguration]("unresolvedWarningConfiguration") in Scope(Build: file:/Users/Arul/Documents/RISK_GAME_DEVELOPMENT/Project_RiskGame/, , Project: ProjectReference(file:/Users/Arul/Documents/RISK_GAME_DEVELOPMENT/Project_RiskGame/,riskgame), Task: AttributeKey[sbt.UpdateReport]("update"))),true,None)
Sending msg to client play-fork-run-f53b23fc-a6e5-4e3c-a4b4-e682e74697bd: TaskFinished(28,1777,Some(AttributeKey[scala.collection.Seq[sbt.ModuleID]]("allDependencies") in Scope(Build: file:/Users/Arul/Documents/RISK_GAME_DEVELOPMENT/Project_RiskGame/, , Project: ProjectReference(file:/Users/Arul/Documents/RISK_GAME_DEVELOPMENT/Project_RiskGame/,riskgame))),true,None)
Sending msg to client play-fork-run-f53b23fc-a6e5-4e3c-a4b4-e682e74697bd: TaskStarted(28,1776,Some(AttributeKey[sbt.ModuleSettings]("moduleSettings") in Scope(Build: file:/Users/Arul/Documents/RISK_GAME_DEVELOPMENT/Project_RiskGame/, , Project: ProjectReference(file:/Users/Arul/Documents/RISK_GAME_DEVELOPMENT/Project_RiskGame/,riskgame))))
Sending msg to client play-fork-run-f53b23fc-a6e5-4e3c-a4b4-e682e74697bd: TaskFinished(28,1824,None,true,None)
Sending msg to client play-fork-run-f53b23fc-a6e5-4e3c-a4b4-e682e74697bd: TaskStarted(28,1823,None)
Sending msg to client play-fork-run-f53b23fc-a6e5-4e3c-a4b4-e682e74697bd: TaskFinished(28,1825,None,true,None)
Sending msg to client play-fork-run-f53b23fc-a6e5-4e3c-a4b4-e682e74697bd: TaskFinished(28,1795,None,true,None)
Sending msg to client play-fork-run-f53b23fc-a6e5-4e3c-a4b4-e682e74697bd: TaskFinished(28,1829,None,true,None)
Sending msg to client play-fork-run-f53b23fc-a6e5-4e3c-a4b4-e682e74697bd: TaskFinished(28,1830,None,true,None)
Sending msg to client play-fork-run-f53b23fc-a6e5-4e3c-a4b4-e682e74697bd: TaskStarted(28,1828,Some(AttributeKey[scala.collection.Seq[sbt.Attributed[java.io.File]]]("unmanagedJars") in Scope(Build: file:/Users/Arul/Documents/RISK_GAME_DEVELOPMENT/Project_RiskGame/, , Project: ProjectReference(file:/Users/Arul/Documents/RISK_GAME_DEVELOPMENT/Project_RiskGame/,riskgame), Config: runtime)))
Sending msg to client play-fork-run-f53b23fc-a6e5-4e3c-a4b4-e682e74697bd: TaskFinished(28,1833,None,true,None)
Sending msg to client play-fork-run-f53b23fc-a6e5-4e3c-a4b4-e682e74697bd: TaskStarted(28,1832,None)
Sending msg to client play-fork-run-f53b23fc-a6e5-4e3c-a4b4-e682e74697bd: TaskFinished(28,1835,None,true,None)
Sending msg to client play-fork-run-f53b23fc-a6e5-4e3c-a4b4-e682e74697bd: TaskFinished(28,1836,None,true,None)
Sending msg to client play-fork-run-f53b23fc-a6e5-4e3c-a4b4-e682e74697bd: TaskStarted(28,1834,Some(AttributeKey[scala.collection.Seq[sbt.Attributed[java.io.File]]]("unmanagedJars") in Scope(Build: file:/Users/Arul/Documents/RISK_GAME_DEVELOPMENT/Project_RiskGame/, , Project: ProjectReference(file:/Users/Arul/Documents/RISK_GAME_DEVELOPMENT/Project_RiskGame/,riskgame), Config: compile)))
Sending msg to client play-fork-run-f53b23fc-a6e5-4e3c-a4b4-e682e74697bd: TaskFinished(28,1837,None,true,None)
Sending msg to client play-fork-run-f53b23fc-a6e5-4e3c-a4b4-e682e74697bd: TaskFinished(28,1820,Some(AttributeKey[scala.collection.Seq[java.io.File]]("playMonitoredFiles") in Scope(Build: file:/Users/Arul/Documents/RISK_GAME_DEVELOPMENT/Project_RiskGame/, , Project: ProjectReference(file:/Users/Arul/Documents/RISK_GAME_DEVELOPMENT/Project_RiskGame/,riskgame))),true,None)
Sending msg to client play-fork-run-f53b23fc-a6e5-4e3c-a4b4-e682e74697bd: TaskFinished(28,1776,Some(AttributeKey[sbt.ModuleSettings]("moduleSettings") in Scope(Build: file:/Users/Arul/Documents/RISK_GAME_DEVELOPMENT/Project_RiskGame/, , Project: ProjectReference(file:/Users/Arul/Documents/RISK_GAME_DEVELOPMENT/Project_RiskGame/,riskgame))),true,None)
Sending msg to client play-fork-run-f53b23fc-a6e5-4e3c-a4b4-e682e74697bd: TaskFinished(28,1823,None,true,None)
Sending msg to client play-fork-run-f53b23fc-a6e5-4e3c-a4b4-e682e74697bd: TaskFinished(28,1787,Some(AttributeKey[scala.collection.immutable.Map[org.apache.ivy.core.module.id.ModuleRevisionId,org.apache.ivy.core.module.descriptor.ModuleDescriptor]]("projectDescriptors") in Scope(Build: file:/Users/Arul/Documents/RISK_GAME_DEVELOPMENT/Project_RiskGame/, , Project: ProjectReference(file:/Users/Arul/Documents/RISK_GAME_DEVELOPMENT/Project_RiskGame/,riskgame))),true,None)
Sending msg to client play-fork-run-f53b23fc-a6e5-4e3c-a4b4-e682e74697bd: TaskStarted(28,1786,Some(AttributeKey[sbt.Resolver]("projectResolver") in Scope(Build: file:/Users/Arul/Documents/RISK_GAME_DEVELOPMENT/Project_RiskGame/, , Project: ProjectReference(file:/Users/Arul/Documents/RISK_GAME_DEVELOPMENT/Project_RiskGame/,riskgame))))
Sending msg to client play-fork-run-f53b23fc-a6e5-4e3c-a4b4-e682e74697bd: TaskFinished(28,1828,Some(AttributeKey[scala.collection.Seq[sbt.Attributed[java.io.File]]]("unmanagedJars") in Scope(Build: file:/Users/Arul/Documents/RISK_GAME_DEVELOPMENT/Project_RiskGame/, , Project: ProjectReference(file:/Users/Arul/Documents/RISK_GAME_DEVELOPMENT/Project_RiskGame/,riskgame), Config: runtime)),true,None)
Sending msg to client play-fork-run-f53b23fc-a6e5-4e3c-a4b4-e682e74697bd: TaskStarted(28,1838,None)
Sending msg to client play-fork-run-f53b23fc-a6e5-4e3c-a4b4-e682e74697bd: TaskFinished(28,1834,Some(AttributeKey[scala.collection.Seq[sbt.Attributed[java.io.File]]]("unmanagedJars") in Scope(Build: file:/Users/Arul/Documents/RISK_GAME_DEVELOPMENT/Project_RiskGame/, , Project: ProjectReference(file:/Users/Arul/Documents/RISK_GAME_DEVELOPMENT/Project_RiskGame/,riskgame), Config: compile)),true,None)
Sending msg to client play-fork-run-f53b23fc-a6e5-4e3c-a4b4-e682e74697bd: TaskFinished(28,1786,Some(AttributeKey[sbt.Resolver]("projectResolver") in Scope(Build: file:/Users/Arul/Documents/RISK_GAME_DEVELOPMENT/Project_RiskGame/, , Project: ProjectReference(file:/Users/Arul/Documents/RISK_GAME_DEVELOPMENT/Project_RiskGame/,riskgame))),true,None)
Sending msg to client play-fork-run-f53b23fc-a6e5-4e3c-a4b4-e682e74697bd: TaskStarted(28,1784,Some(AttributeKey[scala.collection.Seq[sbt.Resolver]]("fullResolvers") in Scope(Build: file:/Users/Arul/Documents/RISK_GAME_DEVELOPMENT/Project_RiskGame/, , Project: ProjectReference(file:/Users/Arul/Documents/RISK_GAME_DEVELOPMENT/Project_RiskGame/,riskgame))))
Sending msg to client play-fork-run-f53b23fc-a6e5-4e3c-a4b4-e682e74697bd: TaskFinished(28,1838,None,true,None)
Sending msg to client play-fork-run-f53b23fc-a6e5-4e3c-a4b4-e682e74697bd: TaskFinished(28,1832,None,true,None)
Sending msg to client play-fork-run-f53b23fc-a6e5-4e3c-a4b4-e682e74697bd: TaskStarted(28,1831,Some(AttributeKey[scala.collection.Seq[sbt.Attributed[java.io.File]]]("unmanagedJars") in Scope(Build: file:/Users/Arul/Documents/RISK_GAME_DEVELOPMENT/Project_RiskGame/, , Project: ProjectReference(file:/Users/Arul/Documents/RISK_GAME_DEVELOPMENT/Project_RiskGame/,riskgame), Config: compile)))
Sending msg to client play-fork-run-f53b23fc-a6e5-4e3c-a4b4-e682e74697bd: TaskFinished(28,1784,Some(AttributeKey[scala.collection.Seq[sbt.Resolver]]("fullResolvers") in Scope(Build: file:/Users/Arul/Documents/RISK_GAME_DEVELOPMENT/Project_RiskGame/, , Project: ProjectReference(file:/Users/Arul/Documents/RISK_GAME_DEVELOPMENT/Project_RiskGame/,riskgame))),true,None)
Sending msg to client play-fork-run-f53b23fc-a6e5-4e3c-a4b4-e682e74697bd: TaskStarted(28,1783,Some(AttributeKey[sbt.IvyConfiguration]("ivyConfiguration") in Scope(Build: file:/Users/Arul/Documents/RISK_GAME_DEVELOPMENT/Project_RiskGame/, , Project: ProjectReference(file:/Users/Arul/Documents/RISK_GAME_DEVELOPMENT/Project_RiskGame/,riskgame))))
Sending msg to client play-fork-run-f53b23fc-a6e5-4e3c-a4b4-e682e74697bd: TaskFinished(28,1831,Some(AttributeKey[scala.collection.Seq[sbt.Attributed[java.io.File]]]("unmanagedJars") in Scope(Build: file:/Users/Arul/Documents/RISK_GAME_DEVELOPMENT/Project_RiskGame/, , Project: ProjectReference(file:/Users/Arul/Documents/RISK_GAME_DEVELOPMENT/Project_RiskGame/,riskgame), Config: compile)),true,None)
Sending msg to client play-fork-run-f53b23fc-a6e5-4e3c-a4b4-e682e74697bd: TaskStarted(28,1827,None)
Sending msg to client play-fork-run-f53b23fc-a6e5-4e3c-a4b4-e682e74697bd: TaskFinished(28,1783,Some(AttributeKey[sbt.IvyConfiguration]("ivyConfiguration") in Scope(Build: file:/Users/Arul/Documents/RISK_GAME_DEVELOPMENT/Project_RiskGame/, , Project: ProjectReference(file:/Users/Arul/Documents/RISK_GAME_DEVELOPMENT/Project_RiskGame/,riskgame))),true,None)
Sending msg to client play-fork-run-f53b23fc-a6e5-4e3c-a4b4-e682e74697bd: TaskStarted(28,1782,Some(AttributeKey[sbt.IvySbt]("ivySbt") in Scope(Build: file:/Users/Arul/Documents/RISK_GAME_DEVELOPMENT/Project_RiskGame/, , Project: ProjectReference(file:/Users/Arul/Documents/RISK_GAME_DEVELOPMENT/Project_RiskGame/,riskgame))))
Sending msg to client play-fork-run-f53b23fc-a6e5-4e3c-a4b4-e682e74697bd: TaskFinished(28,1827,None,true,None)
Sending msg to client play-fork-run-f53b23fc-a6e5-4e3c-a4b4-e682e74697bd: TaskStarted(28,1826,None)
Sending msg to client play-fork-run-f53b23fc-a6e5-4e3c-a4b4-e682e74697bd: TaskFinished(28,1782,Some(AttributeKey[sbt.IvySbt]("ivySbt") in Scope(Build: file:/Users/Arul/Documents/RISK_GAME_DEVELOPMENT/Project_RiskGame/, , Project: ProjectReference(file:/Users/Arul/Documents/RISK_GAME_DEVELOPMENT/Project_RiskGame/,riskgame))),true,None)
Sending msg to client play-fork-run-f53b23fc-a6e5-4e3c-a4b4-e682e74697bd: TaskStarted(28,1775,Some(AttributeKey[sbt.IvySbt$Module]("ivyModule") in Scope(Build: file:/Users/Arul/Documents/RISK_GAME_DEVELOPMENT/Project_RiskGame/, , Project: ProjectReference(file:/Users/Arul/Documents/RISK_GAME_DEVELOPMENT/Project_RiskGame/,riskgame))))
Sending msg to client play-fork-run-f53b23fc-a6e5-4e3c-a4b4-e682e74697bd: TaskFinished(28,1826,None,true,None)
Sending msg to client play-fork-run-f53b23fc-a6e5-4e3c-a4b4-e682e74697bd: TaskFinished(28,1817,None,true,None)
Sending msg to client play-fork-run-f53b23fc-a6e5-4e3c-a4b4-e682e74697bd: TaskStarted(28,1815,Some(AttributeKey[scala.collection.Seq[sbt.Attributed[java.io.File]]]("unmanagedClasspath") in Scope(Build: file:/Users/Arul/Documents/RISK_GAME_DEVELOPMENT/Project_RiskGame/, , Project: ProjectReference(file:/Users/Arul/Documents/RISK_GAME_DEVELOPMENT/Project_RiskGame/,riskgame), Config: runtime)))
Sending msg to client play-fork-run-f53b23fc-a6e5-4e3c-a4b4-e682e74697bd: TaskFinished(28,1775,Some(AttributeKey[sbt.IvySbt$Module]("ivyModule") in Scope(Build: file:/Users/Arul/Documents/RISK_GAME_DEVELOPMENT/Project_RiskGame/, , Project: ProjectReference(file:/Users/Arul/Documents/RISK_GAME_DEVELOPMENT/Project_RiskGame/,riskgame))),true,None)
Sending msg to client play-fork-run-f53b23fc-a6e5-4e3c-a4b4-e682e74697bd: TaskStarted(28,1770,Some(AttributeKey[sbt.UpdateReport]("update") in Scope(Build: file:/Users/Arul/Documents/RISK_GAME_DEVELOPMENT/Project_RiskGame/, , Project: ProjectReference(file:/Users/Arul/Documents/RISK_GAME_DEVELOPMENT/Project_RiskGame/,riskgame))))
Sending msg to client play-fork-run-f53b23fc-a6e5-4e3c-a4b4-e682e74697bd: TaskFinished(28,1815,Some(AttributeKey[scala.collection.Seq[sbt.Attributed[java.io.File]]]("unmanagedClasspath") in Scope(Build: file:/Users/Arul/Documents/RISK_GAME_DEVELOPMENT/Project_RiskGame/, , Project: ProjectReference(file:/Users/Arul/Documents/RISK_GAME_DEVELOPMENT/Project_RiskGame/,riskgame), Config: runtime)),true,None)
Sending msg to client play-fork-run-f53b23fc-a6e5-4e3c-a4b4-e682e74697bd: TaskFinished(28,1770,Some(AttributeKey[sbt.UpdateReport]("update") in Scope(Build: file:/Users/Arul/Documents/RISK_GAME_DEVELOPMENT/Project_RiskGame/, , Project: ProjectReference(file:/Users/Arul/Documents/RISK_GAME_DEVELOPMENT/Project_RiskGame/,riskgame))),true,None)
Sending msg to client play-fork-run-f53b23fc-a6e5-4e3c-a4b4-e682e74697bd: TaskStarted(28,1769,Some(AttributeKey[sbt.UpdateReport]("update") in Scope(Build: file:/Users/Arul/Documents/RISK_GAME_DEVELOPMENT/Project_RiskGame/, , Project: ProjectReference(file:/Users/Arul/Documents/RISK_GAME_DEVELOPMENT/Project_RiskGame/,riskgame))))
Sending msg to client play-fork-run-f53b23fc-a6e5-4e3c-a4b4-e682e74697bd: TaskFinished(28,1769,Some(AttributeKey[sbt.UpdateReport]("update") in Scope(Build: file:/Users/Arul/Documents/RISK_GAME_DEVELOPMENT/Project_RiskGame/, , Project: ProjectReference(file:/Users/Arul/Documents/RISK_GAME_DEVELOPMENT/Project_RiskGame/,riskgame))),true,None)
Sending msg to client play-fork-run-f53b23fc-a6e5-4e3c-a4b4-e682e74697bd: TaskStarted(28,1768,Some(AttributeKey[scala.collection.Seq[sbt.Attributed[java.io.File]]]("managedClasspath") in Scope(Build: file:/Users/Arul/Documents/RISK_GAME_DEVELOPMENT/Project_RiskGame/, , Project: ProjectReference(file:/Users/Arul/Documents/RISK_GAME_DEVELOPMENT/Project_RiskGame/,riskgame), Config: docs)))
Sending msg to client play-fork-run-f53b23fc-a6e5-4e3c-a4b4-e682e74697bd: TaskStarted(28,1813,Some(AttributeKey[sbt.Configuration]("classpathConfiguration") in Scope(Build: file:/Users/Arul/Documents/RISK_GAME_DEVELOPMENT/Project_RiskGame/, , Project: ProjectReference(file:/Users/Arul/Documents/RISK_GAME_DEVELOPMENT/Project_RiskGame/,riskgame), Config: compile)))
Sending msg to client play-fork-run-f53b23fc-a6e5-4e3c-a4b4-e682e74697bd: TaskFinished(28,1813,Some(AttributeKey[sbt.Configuration]("classpathConfiguration") in Scope(Build: file:/Users/Arul/Documents/RISK_GAME_DEVELOPMENT/Project_RiskGame/, , Project: ProjectReference(file:/Users/Arul/Documents/RISK_GAME_DEVELOPMENT/Project_RiskGame/,riskgame), Config: compile)),true,None)
Sending msg to client play-fork-run-f53b23fc-a6e5-4e3c-a4b4-e682e74697bd: TaskStarted(28,1812,None)
Sending msg to client play-fork-run-f53b23fc-a6e5-4e3c-a4b4-e682e74697bd: TaskFinished(28,1812,None,true,None)
Sending msg to client play-fork-run-f53b23fc-a6e5-4e3c-a4b4-e682e74697bd: TaskStarted(28,1811,Some(AttributeKey[sbt.Configuration]("classpathConfiguration") in Scope(Build: file:/Users/Arul/Documents/RISK_GAME_DEVELOPMENT/Project_RiskGame/, , Project: ProjectReference(file:/Users/Arul/Documents/RISK_GAME_DEVELOPMENT/Project_RiskGame/,riskgame), Config: runtime)))
Sending msg to client play-fork-run-f53b23fc-a6e5-4e3c-a4b4-e682e74697bd: TaskFinished(28,1811,Some(AttributeKey[sbt.Configuration]("classpathConfiguration") in Scope(Build: file:/Users/Arul/Documents/RISK_GAME_DEVELOPMENT/Project_RiskGame/, , Project: ProjectReference(file:/Users/Arul/Documents/RISK_GAME_DEVELOPMENT/Project_RiskGame/,riskgame), Config: runtime)),true,None)
Sending msg to client play-fork-run-f53b23fc-a6e5-4e3c-a4b4-e682e74697bd: TaskStarted(28,1810,None)
Sending msg to client play-fork-run-f53b23fc-a6e5-4e3c-a4b4-e682e74697bd: TaskFinished(28,1810,None,true,None)
Sending msg to client play-fork-run-f53b23fc-a6e5-4e3c-a4b4-e682e74697bd: TaskStarted(28,1808,Some(AttributeKey[scala.collection.Seq[sbt.Attributed[java.io.File]]]("managedClasspath") in Scope(Build: file:/Users/Arul/Documents/RISK_GAME_DEVELOPMENT/Project_RiskGame/, , Project: ProjectReference(file:/Users/Arul/Documents/RISK_GAME_DEVELOPMENT/Project_RiskGame/,riskgame), Config: runtime)))
Sending msg to client play-fork-run-f53b23fc-a6e5-4e3c-a4b4-e682e74697bd: TaskFinished(28,1808,Some(AttributeKey[scala.collection.Seq[sbt.Attributed[java.io.File]]]("managedClasspath") in Scope(Build: file:/Users/Arul/Documents/RISK_GAME_DEVELOPMENT/Project_RiskGame/, , Project: ProjectReference(file:/Users/Arul/Documents/RISK_GAME_DEVELOPMENT/Project_RiskGame/,riskgame), Config: runtime)),true,None)
Sending msg to client play-fork-run-f53b23fc-a6e5-4e3c-a4b4-e682e74697bd: TaskStarted(28,1807,None)
Sending msg to client play-fork-run-f53b23fc-a6e5-4e3c-a4b4-e682e74697bd: TaskFinished(28,1807,None,true,None)
Sending msg to client play-fork-run-f53b23fc-a6e5-4e3c-a4b4-e682e74697bd: TaskStarted(28,1806,Some(AttributeKey[scala.collection.Seq[sbt.Attributed[java.io.File]]]("playDependencyClasspath") in Scope(Build: file:/Users/Arul/Documents/RISK_GAME_DEVELOPMENT/Project_RiskGame/, , Project: ProjectReference(file:/Users/Arul/Documents/RISK_GAME_DEVELOPMENT/Project_RiskGame/,riskgame))))
Sending msg to client play-fork-run-f53b23fc-a6e5-4e3c-a4b4-e682e74697bd: TaskFinished(28,1768,Some(AttributeKey[scala.collection.Seq[sbt.Attributed[java.io.File]]]("managedClasspath") in Scope(Build: file:/Users/Arul/Documents/RISK_GAME_DEVELOPMENT/Project_RiskGame/, , Project: ProjectReference(file:/Users/Arul/Documents/RISK_GAME_DEVELOPMENT/Project_RiskGame/,riskgame), Config: docs)),true,None)
Sending msg to client play-fork-run-f53b23fc-a6e5-4e3c-a4b4-e682e74697bd: TaskStarted(28,1822,Some(AttributeKey[scala.Option[java.io.File]]("playDocsJar") in Scope(Build: file:/Users/Arul/Documents/RISK_GAME_DEVELOPMENT/Project_RiskGame/, , Project: ProjectReference(file:/Users/Arul/Documents/RISK_GAME_DEVELOPMENT/Project_RiskGame/,riskgame))))
Sending msg to client play-fork-run-f53b23fc-a6e5-4e3c-a4b4-e682e74697bd: TaskFinished(28,1806,Some(AttributeKey[scala.collection.Seq[sbt.Attributed[java.io.File]]]("playDependencyClasspath") in Scope(Build: file:/Users/Arul/Documents/RISK_GAME_DEVELOPMENT/Project_RiskGame/, , Project: ProjectReference(file:/Users/Arul/Documents/RISK_GAME_DEVELOPMENT/Project_RiskGame/,riskgame))),true,None)
Sending msg to client play-fork-run-f53b23fc-a6e5-4e3c-a4b4-e682e74697bd: TaskFinished(28,1822,Some(AttributeKey[scala.Option[java.io.File]]("playDocsJar") in Scope(Build: file:/Users/Arul/Documents/RISK_GAME_DEVELOPMENT/Project_RiskGame/, , Project: ProjectReference(file:/Users/Arul/Documents/RISK_GAME_DEVELOPMENT/Project_RiskGame/,riskgame))),true,None)
Sending msg to client play-fork-run-f53b23fc-a6e5-4e3c-a4b4-e682e74697bd: TaskStarted(28,1767,Some(AttributeKey[play.forkrun.protocol.ForkConfig]("playForkConfig") in Scope(Build: file:/Users/Arul/Documents/RISK_GAME_DEVELOPMENT/Project_RiskGame/, , Project: ProjectReference(file:/Users/Arul/Documents/RISK_GAME_DEVELOPMENT/Project_RiskGame/,riskgame))))
Sending msg to client play-fork-run-f53b23fc-a6e5-4e3c-a4b4-e682e74697bd: TaskFinished(28,1767,Some(AttributeKey[play.forkrun.protocol.ForkConfig]("playForkConfig") in Scope(Build: file:/Users/Arul/Documents/RISK_GAME_DEVELOPMENT/Project_RiskGame/, , Project: ProjectReference(file:/Users/Arul/Documents/RISK_GAME_DEVELOPMENT/Project_RiskGame/,riskgame))),true,None)
Sending msg to client play-fork-run-f53b23fc-a6e5-4e3c-a4b4-e682e74697bd: ValueChanged(AttributeKey[play.forkrun.protocol.ForkConfig]("playForkConfig") in Scope(Build: file:/Users/Arul/Documents/RISK_GAME_DEVELOPMENT/Project_RiskGame/, , Project: ProjectReference(file:/Users/Arul/Documents/RISK_GAME_DEVELOPMENT/Project_RiskGame/,riskgame)),TaskSuccess(BuildValue(LazyValue(ForkConfig(/Users/Arul/Documents/RISK_GAME_DEVELOPMENT/Project_RiskGame,List(),List(/Users/Arul/Documents/RISK_GAME_DEVELOPMENT/Project_RiskGame/lib/fest-assert-1.4.jar, /Users/Arul/Documents/RISK_GAME_DEVELOPMENT/Project_RiskGame/lib/fest-util-1.1.6.jar, /Users/Arul/Documents/RISK_GAME_DEVELOPMENT/Project_RiskGame/lib/hamcrest-core-1.3.jar, /Users/Arul/Documents/RISK_GAME_DEVELOPMENT/Project_RiskGame/lib/junit-4.11-extended-1.0.4.jar, /Users/Arul/Documents/RISK_GAME_DEVELOPMENT/Project_RiskGame/lib/junit-4.11.jar, /Users/Arul/.ivy2/cache/org.scala-lang/scala-library/jars/scala-library-2.11.7.jar, /Users/Arul/.ivy2/cache/com.typesafe.play/twirl-api_2.11/jars/twirl-api_2.11-1.1.1.jar, /Users/Arul/.ivy2/cache/org.apache.commons/commons-lang3/jars/commons-lang3-3.4.jar, /Users/Arul/.ivy2/cache/org.scala-lang.modules/scala-xml_2.11/bundles/scala-xml_2.11-1.0.1.jar, /Users/Arul/.ivy2/cache/com.typesafe.play/play-server_2.11/jars/play-server_2.11-2.4.2.jar, /Users/Arul/.ivy2/cache/com.typesafe.play/play_2.11/jars/play_2.11-2.4.2.jar, /Users/Arul/.ivy2/cache/com.typesafe.play/build-link/jars/build-link-2.4.2.jar, /Users/Arul/.ivy2/cache/com.typesafe.play/play-exceptions/jars/play-exceptions-2.4.2.jar, /Users/Arul/.ivy2/cache/org.javassist/javassist/bundles/javassist-3.19.0-GA.jar, /Users/Arul/.ivy2/cache/com.typesafe.play/play-iteratees_2.11/jars/play-iteratees_2.11-2.4.2.jar, /Users/Arul/.ivy2/cache/org.scala-stm/scala-stm_2.11/jars/scala-stm_2.11-0.7.jar, /Users/Arul/.ivy2/cache/com.typesafe/config/bundles/config-1.3.0.jar, /Users/Arul/.ivy2/cache/com.typesafe.play/play-json_2.11/jars/play-json_2.11-2.4.2.jar, /Users/Arul/.ivy2/cache/com.typesafe.play/play-functional_2.11/jars/play-functional_2.11-2.4.2.jar, /Users/Arul/.ivy2/cache/com.typesafe.play/play-datacommons_2.11/jars/play-datacommons_2.11-2.4.2.jar, /Users/Arul/.ivy2/cache/joda-time/joda-time/jars/joda-time-2.8.1.jar, /Users/Arul/.ivy2/cache/org.joda/joda-convert/jars/joda-convert-1.7.jar, /Users/Arul/.ivy2/cache/org.scala-lang/scala-reflect/jars/scala-reflect-2.11.6.jar, /Users/Arul/.ivy2/cache/com.fasterxml.jackson.core/jackson-core/bundles/jackson-core-2.5.4.jar, /Users/Arul/.ivy2/cache/com.fasterxml.jackson.core/jackson-annotations/bundles/jackson-annotations-2.5.4.jar, /Users/Arul/.ivy2/cache/com.fasterxml.jackson.core/jackson-databind/bundles/jackson-databind-2.5.4.jar, /Users/Arul/.ivy2/cache/com.fasterxml.jackson.datatype/jackson-datatype-jdk8/bundles/jackson-datatype-jdk8-2.5.4.jar, /Users/Arul/.ivy2/cache/com.fasterxml.jackson.datatype/jackson-datatype-jsr310/bundles/jackson-datatype-jsr310-2.5.4.jar, /Users/Arul/.ivy2/cache/com.typesafe.play/play-netty-utils/jars/play-netty-utils-2.4.2.jar, /Users/Arul/.ivy2/cache/org.slf4j/slf4j-api/jars/slf4j-api-1.7.12.jar, /Users/Arul/.ivy2/cache/org.slf4j/jul-to-slf4j/jars/jul-to-slf4j-1.7.12.jar, /Users/Arul/.ivy2/cache/org.slf4j/jcl-over-slf4j/jars/jcl-over-slf4j-1.7.12.jar, /Users/Arul/.ivy2/cache/org.scala-lang.modules/scala-parser-combinators_2.11/bundles/scala-parser-combinators_2.11-1.0.1.jar, /Users/Arul/.ivy2/cache/ch.qos.logback/logback-core/jars/logback-core-1.1.3.jar, /Users/Arul/.ivy2/cache/ch.qos.logback/logback-classic/jars/logback-classic-1.1.3.jar, /Users/Arul/.ivy2/cache/com.typesafe.akka/akka-actor_2.11/jars/akka-actor_2.11-2.3.11.jar, /Users/Arul/.ivy2/cache/com.typesafe.akka/akka-slf4j_2.11/jars/akka-slf4j_2.11-2.3.11.jar, /Users/Arul/.ivy2/cache/commons-codec/commons-codec/jars/commons-codec-1.10.jar, /Users/Arul/.ivy2/cache/xerces/xercesImpl/jars/xercesImpl-2.11.0.jar, /Users/Arul/.ivy2/cache/xml-apis/xml-apis/jars/xml-apis-1.4.01.jar, /Users/Arul/.ivy2/cache/javax.transaction/jta/jars/jta-1.1.jar, /Users/Arul/.ivy2/cache/com.google.inject/guice/jars/guice-4.0.jar, /Users/Arul/.ivy2/cache/javax.inject/javax.inject/jars/javax.inject-1.jar, /Users/Arul/.ivy2/cache/aopalliance/aopalliance/jars/aopalliance-1.0.jar, /Users/Arul/.ivy2/cache/com.google.inject.extensions/guice-assistedinject/jars/guice-assistedinject-4.0.jar, /Users/Arul/.ivy2/cache/com.typesafe.play/play-java_2.11/jars/play-java_2.11-2.4.2.jar, /Users/Arul/.ivy2/cache/org.scala-lang.modules/scala-java8-compat_2.11/bundles/scala-java8-compat_2.11-0.3.0.jar, /Users/Arul/.ivy2/cache/org.yaml/snakeyaml/bundles/snakeyaml-1.15.jar, /Users/Arul/.ivy2/cache/org.hibernate/hibernate-validator/jars/hibernate-validator-5.0.3.Final.jar, /Users/Arul/.ivy2/cache/javax.validation/validation-api/jars/validation-api-1.1.0.Final.jar, /Users/Arul/.ivy2/cache/com.fasterxml/classmate/bundles/classmate-1.0.0.jar, /Users/Arul/.ivy2/cache/org.jboss.logging/jboss-logging/jars/jboss-logging-3.2.1.Final.jar, /Users/Arul/.ivy2/cache/org.springframework/spring-context/jars/spring-context-4.1.6.RELEASE.jar, /Users/Arul/.ivy2/cache/org.springframework/spring-core/jars/spring-core-4.1.6.RELEASE.jar, /Users/Arul/.ivy2/cache/org.springframework/spring-beans/jars/spring-beans-4.1.6.RELEASE.jar, /Users/Arul/.ivy2/cache/org.reflections/reflections/jars/reflections-0.9.9.jar, /Users/Arul/.ivy2/cache/com.google.guava/guava/bundles/guava-18.0.jar, /Users/Arul/.ivy2/cache/com.google.code.findbugs/annotations/jars/annotations-2.0.1.jar, /Users/Arul/.ivy2/cache/net.jodah/typetools/bundles/typetools-0.4.1.jar, /Users/Arul/.ivy2/cache/com.google.code.findbugs/jsr305/jars/jsr305-2.0.3.jar, /Users/Arul/.ivy2/cache/org.apache.tomcat/tomcat-servlet-api/jars/tomcat-servlet-api-8.0.21.jar, /Users/Arul/.ivy2/cache/com.typesafe.play/play-netty-server_2.11/jars/play-netty-server_2.11-2.4.2.jar, /Users/Arul/.ivy2/cache/io.netty/netty/bundles/netty-3.10.3.Final.jar, /Users/Arul/.ivy2/cache/com.typesafe.netty/netty-http-pipelining/jars/netty-http-pipelining-1.1.4.jar, /Users/Arul/.ivy2/cache/com.typesafe.play/play-java-jdbc_2.11/jars/play-java-jdbc_2.11-2.4.2.jar, /Users/Arul/.ivy2/cache/com.typesafe.play/play-jdbc_2.11/jars/play-jdbc_2.11-2.4.2.jar, /Users/Arul/.ivy2/cache/com.typesafe.play/play-jdbc-api_2.11/jars/play-jdbc-api_2.11-2.4.2.jar, /Users/Arul/.ivy2/cache/com.jolbox/bonecp/bundles/bonecp-0.8.0.RELEASE.jar, /Users/Arul/.ivy2/cache/com.zaxxer/HikariCP/bundles/HikariCP-2.3.7.jar, /Users/Arul/.ivy2/cache/com.h2database/h2/jars/h2-1.4.187.jar, /Users/Arul/.ivy2/cache/tyrex/tyrex/jars/tyrex-1.0.1.jar, /Users/Arul/.ivy2/cache/com.typesafe.play/play-cache_2.11/jars/play-cache_2.11-2.4.2.jar, /Users/Arul/.ivy2/cache/net.sf.ehcache/ehcache-core/jars/ehcache-core-2.6.11.jar, /Users/Arul/.ivy2/cache/com.typesafe.play/play-java-ws_2.11/jars/play-java-ws_2.11-2.4.2.jar, /Users/Arul/.ivy2/cache/com.typesafe.play/play-ws_2.11/jars/play-ws_2.11-2.4.2.jar, /Users/Arul/.ivy2/cache/com.ning/async-http-client/jars/async-http-client-1.9.21.jar, /Users/Arul/.ivy2/cache/oauth.signpost/signpost-core/jars/signpost-core-1.2.1.2.jar, /Users/Arul/.ivy2/cache/oauth.signpost/signpost-commonshttp4/jars/signpost-commonshttp4-1.2.1.2.jar, /Users/Arul/.ivy2/cache/org.apache.httpcomponents/httpcore/jars/httpcore-4.0.1.jar, /Users/Arul/.ivy2/cache/org.apache.httpcomponents/httpclient/jars/httpclient-4.0.1.jar, /Users/Arul/.ivy2/cache/commons-logging/commons-logging/jars/commons-logging-1.1.1.jar, /Users/Arul/.ivy2/cache/mysql/mysql-connector-java/jars/mysql-connector-java-5.1.18.jar),List((public/,/Users/Arul/Documents/RISK_GAME_DEVELOPMENT/Project_RiskGame/target/web/public/main)),List(/Users/Arul/.ivy2/cache/com.typesafe.play/play-omnidoc_2.11/jars/play-omnidoc_2.11-2.4.2.jar, /Users/Arul/.ivy2/cache/org.scala-lang/scala-library/jars/scala-library-2.11.6.jar, /Users/Arul/.ivy2/cache/com.typesafe.play/play-docs_2.11/jars/play-docs_2.11-2.4.2.jar, /Users/Arul/.ivy2/cache/com.typesafe.play/play-netty-server_2.11/jars/play-netty-server_2.11-2.4.2.jar, /Users/Arul/.ivy2/cache/com.typesafe.play/play-server_2.11/jars/play-server_2.11-2.4.2.jar, /Users/Arul/.ivy2/cache/com.typesafe.play/play_2.11/jars/play_2.11-2.4.2.jar, /Users/Arul/.ivy2/cache/com.typesafe.play/build-link/jars/build-link-2.4.2.jar, /Users/Arul/.ivy2/cache/com.typesafe.play/play-exceptions/jars/play-exceptions-2.4.2.jar, /Users/Arul/.ivy2/cache/org.javassist/javassist/bundles/javassist-3.19.0-GA.jar, /Users/Arul/.ivy2/cache/com.typesafe.play/play-iteratees_2.11/jars/play-iteratees_2.11-2.4.2.jar, /Users/Arul/.ivy2/cache/org.scala-stm/scala-stm_2.11/jars/scala-stm_2.11-0.7.jar, /Users/Arul/.ivy2/cache/com.typesafe/config/bundles/config-1.3.0.jar, /Users/Arul/.ivy2/cache/com.typesafe.play/play-json_2.11/jars/play-json_2.11-2.4.2.jar, /Users/Arul/.ivy2/cache/com.typesafe.play/play-functional_2.11/jars/play-functional_2.11-2.4.2.jar, /Users/Arul/.ivy2/cache/com.typesafe.play/play-datacommons_2.11/jars/play-datacommons_2.11-2.4.2.jar, /Users/Arul/.ivy2/cache/joda-time/joda-time/jars/joda-time-2.8.1.jar, /Users/Arul/.ivy2/cache/org.joda/joda-convert/jars/joda-convert-1.7.jar, /Users/Arul/.ivy2/cache/org.scala-lang/scala-reflect/jars/scala-reflect-2.11.6.jar, /Users/Arul/.ivy2/cache/com.fasterxml.jackson.core/jackson-core/bundles/jackson-core-2.5.4.jar, /Users/Arul/.ivy2/cache/com.fasterxml.jackson.core/jackson-annotations/bundles/jackson-annotations-2.5.4.jar, /Users/Arul/.ivy2/cache/com.fasterxml.jackson.core/jackson-databind/bundles/jackson-databind-2.5.4.jar, /Users/Arul/.ivy2/cache/com.fasterxml.jackson.datatype/jackson-datatype-jdk8/bundles/jackson-datatype-jdk8-2.5.4.jar, /Users/Arul/.ivy2/cache/com.fasterxml.jackson.datatype/jackson-datatype-jsr310/bundles/jackson-datatype-jsr310-2.5.4.jar, /Users/Arul/.ivy2/cache/com.typesafe.play/play-netty-utils/jars/play-netty-utils-2.4.2.jar, /Users/Arul/.ivy2/cache/org.slf4j/slf4j-api/jars/slf4j-api-1.7.12.jar, /Users/Arul/.ivy2/cache/org.slf4j/jul-to-slf4j/jars/jul-to-slf4j-1.7.12.jar, /Users/Arul/.ivy2/cache/org.slf4j/jcl-over-slf4j/jars/jcl-over-slf4j-1.7.12.jar, /Users/Arul/.ivy2/cache/com.typesafe.play/twirl-api_2.11/jars/twirl-api_2.11-1.1.1.jar, /Users/Arul/.ivy2/cache/org.apache.commons/commons-lang3/jars/commons-lang3-3.4.jar, /Users/Arul/.ivy2/cache/org.scala-lang.modules/scala-xml_2.11/bundles/scala-xml_2.11-1.0.1.jar, /Users/Arul/.ivy2/cache/org.scala-lang.modules/scala-parser-combinators_2.11/bundles/scala-parser-combinators_2.11-1.0.1.jar, /Users/Arul/.ivy2/cache/ch.qos.logback/logback-core/jars/logback-core-1.1.3.jar, /Users/Arul/.ivy2/cache/ch.qos.logback/logback-classic/jars/logback-classic-1.1.3.jar, /Users/Arul/.ivy2/cache/com.typesafe.akka/akka-actor_2.11/jars/akka-actor_2.11-2.3.11.jar, /Users/Arul/.ivy2/cache/com.typesafe.akka/akka-slf4j_2.11/jars/akka-slf4j_2.11-2.3.11.jar, /Users/Arul/.ivy2/cache/commons-codec/commons-codec/jars/commons-codec-1.10.jar, /Users/Arul/.ivy2/cache/xerces/xercesImpl/jars/xercesImpl-2.11.0.jar, /Users/Arul/.ivy2/cache/xml-apis/xml-apis/jars/xml-apis-1.4.01.jar, /Users/Arul/.ivy2/cache/javax.transaction/jta/jars/jta-1.1.jar, /Users/Arul/.ivy2/cache/com.google.inject/guice/jars/guice-4.0.jar, /Users/Arul/.ivy2/cache/javax.inject/javax.inject/jars/javax.inject-1.jar, /Users/Arul/.ivy2/cache/aopalliance/aopalliance/jars/aopalliance-1.0.jar, /Users/Arul/.ivy2/cache/com.google.guava/guava/bundles/guava-16.0.1.jar, /Users/Arul/.ivy2/cache/com.google.inject.extensions/guice-assistedinject/jars/guice-assistedinject-4.0.jar, /Users/Arul/.ivy2/cache/io.netty/netty/bundles/netty-3.10.3.Final.jar, /Users/Arul/.ivy2/cache/com.typesafe.netty/netty-http-pipelining/jars/netty-http-pipelining-1.1.4.jar, /Users/Arul/.ivy2/cache/com.typesafe.play/play-doc_2.11/jars/play-doc_2.11-1.2.2.jar, /Users/Arul/.ivy2/cache/org.pegdown/pegdown/jars/pegdown-1.4.0.jar, /Users/Arul/.ivy2/cache/org.parboiled/parboiled-java/bundles/parboiled-java-1.1.5.jar, /Users/Arul/.ivy2/cache/org.parboiled/parboiled-core/bundles/parboiled-core-1.1.5.jar, /Users/Arul/.ivy2/cache/org.ow2.asm/asm/jars/asm-4.1.jar, /Users/Arul/.ivy2/cache/org.ow2.asm/asm-tree/jars/asm-tree-4.1.jar, /Users/Arul/.ivy2/cache/org.ow2.asm/asm-analysis/jars/asm-analysis-4.1.jar, /Users/Arul/.ivy2/cache/org.ow2.asm/asm-util/jars/asm-util-4.1.jar, /Users/Arul/.ivy2/cache/commons-io/commons-io/jars/commons-io-2.4.jar),Some(/Users/Arul/.ivy2/cache/com.typesafe.play/play-omnidoc_2.11/jars/play-omnidoc_2.11-2.4.2.jar),List(),9000,0.0.0.0,DefaultWatchService,List(/Users/Arul/Documents/RISK_GAME_DEVELOPMENT/Project_RiskGame/public, /Users/Arul/Documents/RISK_GAME_DEVELOPMENT/Project_RiskGame/conf, /Users/Arul/Documents/RISK_GAME_DEVELOPMENT/Project_RiskGame/app),/Users/Arul/Documents/RISK_GAME_DEVELOPMENT/Project_RiskGame/target,500,riskgame/playForkNotifyStart,riskgame/playForkReload,300000,play.core.server.DevServerStart),scala.pickling.PicklerUnpickler$DelegatingPicklerUnpickler@5e8302d5),ForkConfig(/Users/Arul/Documents/RISK_GAME_DEVELOPMENT/Project_RiskGame,List(),List(/Users/Arul/Documents/RISK_GAME_DEVELOPMENT/Project_RiskGame/lib/fest-assert-1.4.jar, /Users/Arul/Documents/RISK_GAME_DEVELOPMENT/Project_RiskGame/lib/fest-util-1.1.6.jar, /Users/Arul/Documents/RISK_GAME_DEVELOPMENT/Project_RiskGame/lib/hamcrest-core-1.3.jar, /Users/Arul/Documents/RISK_GAME_DEVELOPMENT/Project_RiskGame/lib/junit-4.11-extended-1.0.4.jar, /Users/Arul/Documents/RISK_GAME_DEVELOPMENT/Project_RiskGame/lib/junit-4.11.jar, /Users/Arul/.ivy2/cache/org.scala-lang/scala-library/jars/scala-library-2.11.7.jar, /Users/Arul/.ivy2/cache/com.typesafe.play/twirl-api_2.11/jars/twirl-api_2.11-1.1.1.jar, /Users/Arul/.ivy2/cache/org.apache.commons/commons-lang3/jars/commons-lang3-3.4.jar, /Users/Arul/.ivy2/cache/org.scala-lang.modules/scala-xml_2.11/bundles/scala-xml_2.11-1.0.1.jar, /Users/Arul/.ivy2/cache/com.typesafe.play/play-server_2.11/jars/play-server_2.11-2.4.2.jar, /Users/Arul/.ivy2/cache/com.typesafe.play/play_2.11/jars/play_2.11-2.4.2.jar, /Users/Arul/.ivy2/cache/com.typesafe.play/build-link/jars/build-link-2.4.2.jar, /Users/Arul/.ivy2/cache/com.typesafe.play/play-exceptions/jars/play-exceptions-2.4.2.jar, /Users/Arul/.ivy2/cache/org.javassist/javassist/bundles/javassist-3.19.0-GA.jar, /Users/Arul/.ivy2/cache/com.typesafe.play/play-iteratees_2.11/jars/play-iteratees_2.11-2.4.2.jar, /Users/Arul/.ivy2/cache/org.scala-stm/scala-stm_2.11/jars/scala-stm_2.11-0.7.jar, /Users/Arul/.ivy2/cache/com.typesafe/config/bundles/config-1.3.0.jar, /Users/Arul/.ivy2/cache/com.typesafe.play/play-json_2.11/jars/play-json_2.11-2.4.2.jar, /Users/Arul/.ivy2/cache/com.typesafe.play/play-functional_2.11/jars/play-functional_2.11-2.4.2.jar, /Users/Arul/.ivy2/cache/com.typesafe.play/play-datacommons_2.11/jars/play-datacommons_2.11-2.4.2.jar, /Users/Arul/.ivy2/cache/joda-time/joda-time/jars/joda-time-2.8.1.jar, /Users/Arul/.ivy2/cache/org.joda/joda-convert/jars/joda-convert-1.7.jar, /Users/Arul/.ivy2/cache/org.scala-lang/scala-reflect/jars/scala-reflect-2.11.6.jar, /Users/Arul/.ivy2/cache/com.fasterxml.jackson.core/jackson-core/bundles/jackson-core-2.5.4.jar, /Users/Arul/.ivy2/cache/com.fasterxml.jackson.core/jackson-annotations/bundles/jackson-annotations-2.5.4.jar, /Users/Arul/.ivy2/cache/com.fasterxml.jackson.core/jackson-databind/bundles/jackson-databind-2.5.4.jar, /Users/Arul/.ivy2/cache/com.fasterxml.jackson.datatype/jackson-datatype-jdk8/bundles/jackson-datatype-jdk8-2.5.4.jar, /Users/Arul/.ivy2/cache/com.fasterxml.jackson.datatype/jackson-datatype-jsr310/bundles/jackson-datatype-jsr310-2.5.4.jar, /Users/Arul/.ivy2/cache/com.typesafe.play/play-netty-utils/jars/play-netty-utils-2.4.2.jar, /Users/Arul/.ivy2/cache/org.slf4j/slf4j-api/jars/slf4j-api-1.7.12.jar, /Users/Arul/.ivy2/cache/org.slf4j/jul-to-slf4j/jars/jul-to-slf4j-1.7.12.jar, /Users/Arul/.ivy2/cache/org.slf4j/jcl-over-slf4j/jars/jcl-over-slf4j-1.7.12.jar, /Users/Arul/.ivy2/cache/org.scala-lang.modules/scala-parser-combinators_2.11/bundles/scala-parser-combinators_2.11-1.0.1.jar, /Users/Arul/.ivy2/cache/ch.qos.logback/logback-core/jars/logback-core-1.1.3.jar, /Users/Arul/.ivy2/cache/ch.qos.logback/logback-classic/jars/logback-classic-1.1.3.jar, /Users/Arul/.ivy2/cache/com.typesafe.akka/akka-actor_2.11/jars/akka-actor_2.11-2.3.11.jar, /Users/Arul/.ivy2/cache/com.typesafe.akka/akka-slf4j_2.11/jars/akka-slf4j_2.11-2.3.11.jar, /Users/Arul/.ivy2/cache/commons-codec/commons-codec/jars/commons-codec-1.10.jar, /Users/Arul/.ivy2/cache/xerces/xercesImpl/jars/xercesImpl-2.11.0.jar, /Users/Arul/.ivy2/cache/xml-apis/xml-apis/jars/xml-apis-1.4.01.jar, /Users/Arul/.ivy2/cache/javax.transaction/jta/jars/jta-1.1.jar, /Users/Arul/.ivy2/cache/com.google.inject/guice/jars/guice-4.0.jar, /Users/Arul/.ivy2/cache/javax.inject/javax.inject/jars/javax.inject-1.jar, /Users/Arul/.ivy2/cache/aopalliance/aopalliance/jars/aopalliance-1.0.jar, /Users/Arul/.ivy2/cache/com.google.inject.extensions/guice-assistedinject/jars/guice-assistedinject-4.0.jar, /Users/Arul/.ivy2/cache/com.typesafe.play/play-java_2.11/jars/play-java_2.11-2.4.2.jar, /Users/Arul/.ivy2/cache/org.scala-lang.modules/scala-java8-compat_2.11/bundles/scala-java8-compat_2.11-0.3.0.jar, /Users/Arul/.ivy2/cache/org.yaml/snakeyaml/bundles/snakeyaml-1.15.jar, /Users/Arul/.ivy2/cache/org.hibernate/hibernate-validator/jars/hibernate-validator-5.0.3.Final.jar, /Users/Arul/.ivy2/cache/javax.validation/validation-api/jars/validation-api-1.1.0.Final.jar, /Users/Arul/.ivy2/cache/com.fasterxml/classmate/bundles/classmate-1.0.0.jar, /Users/Arul/.ivy2/cache/org.jboss.logging/jboss-logging/jars/jboss-logging-3.2.1.Final.jar, /Users/Arul/.ivy2/cache/org.springframework/spring-context/jars/spring-context-4.1.6.RELEASE.jar, /Users/Arul/.ivy2/cache/org.springframework/spring-core/jars/spring-core-4.1.6.RELEASE.jar, /Users/Arul/.ivy2/cache/org.springframework/spring-beans/jars/spring-beans-4.1.6.RELEASE.jar, /Users/Arul/.ivy2/cache/org.reflections/reflections/jars/reflections-0.9.9.jar, /Users/Arul/.ivy2/cache/com.google.guava/guava/bundles/guava-18.0.jar, /Users/Arul/.ivy2/cache/com.google.code.findbugs/annotations/jars/annotations-2.0.1.jar, /Users/Arul/.ivy2/cache/net.jodah/typetools/bundles/typetools-0.4.1.jar, /Users/Arul/.ivy2/cache/com.google.code.findbugs/jsr305/jars/jsr305-2.0.3.jar, /Users/Arul/.ivy2/cache/org.apache.tomcat/tomcat-servlet-api/jars/tomcat-servlet-api-8.0.21.jar, /Users/Arul/.ivy2/cache/com.typesafe.play/play-netty-server_2.11/jars/play-netty-server_2.11-2.4.2.jar, /Users/Arul/.ivy2/cache/io.netty/netty/bundles/netty-3.10.3.Final.jar, /Users/Arul/.ivy2/cache/com.typesafe.netty/netty-http-pipelining/jars/netty-http-pipelining-1.1.4.jar, /Users/Arul/.ivy2/cache/com.typesafe.play/play-java-jdbc_2.11/jars/play-java-jdbc_2.11-2.4.2.jar, /Users/Arul/.ivy2/cache/com.typesafe.play/play-jdbc_2.11/jars/play-jdbc_2.11-2.4.2.jar, /Users/Arul/.ivy2/cache/com.typesafe.play/play-jdbc-api_2.11/jars/play-jdbc-api_2.11-2.4.2.jar, /Users/Arul/.ivy2/cache/com.jolbox/bonecp/bundles/bonecp-0.8.0.RELEASE.jar, /Users/Arul/.ivy2/cache/com.zaxxer/HikariCP/bundles/HikariCP-2.3.7.jar, /Users/Arul/.ivy2/cache/com.h2database/h2/jars/h2-1.4.187.jar, /Users/Arul/.ivy2/cache/tyrex/tyrex/jars/tyrex-1.0.1.jar, /Users/Arul/.ivy2/cache/com.typesafe.play/play-cache_2.11/jars/play-cache_2.11-2.4.2.jar, /Users/Arul/.ivy2/cache/net.sf.ehcache/ehcache-core/jars/ehcache-core-2.6.11.jar, /Users/Arul/.ivy2/cache/com.typesafe.play/play-java-ws_2.11/jars/play-java-ws_2.11-2.4.2.jar, /Users/Arul/.ivy2/cache/com.typesafe.play/play-ws_2.11/jars/play-ws_2.11-2.4.2.jar, /Users/Arul/.ivy2/cache/com.ning/async-http-client/jars/async-http-client-1.9.21.jar, /Users/Arul/.ivy2/cache/oauth.signpost/signpost-core/jars/signpost-core-1.2.1.2.jar, /Users/Arul/.ivy2/cache/oauth.signpost/signpost-commonshttp4/jars/signpost-commonshttp4-1.2.1.2.jar, /Users/Arul/.ivy2/cache/org.apache.httpcomponents/httpcore/jars/httpcore-4.0.1.jar, /Users/Arul/.ivy2/cache/org.apache.httpcomponents/httpclient/jars/httpclient-4.0.1.jar, /Users/Arul/.ivy2/cache/commons-logging/commons-logging/jars/commons-logging-1.1.1.jar, /Users/Arul/.ivy2/cache/mysql/mysql-connector-java/jars/mysql-connector-java-5.1.18.jar),List((public/,/Users/Arul/Documents/RISK_GAME_DEVELOPMENT/Project_RiskGame/target/web/public/main)),List(/Users/Arul/.ivy2/cache/com.typesafe.play/play-omnidoc_2.11/jars/play-omnidoc_2.11-2.4.2.jar, /Users/Arul/.ivy2/cache/org.scala-lang/scala-library/jars/scala-library-2.11.6.jar, /Users/Arul/.ivy2/cache/com.typesafe.play/play-docs_2.11/jars/play-docs_2.11-2.4.2.jar, /Users/Arul/.ivy2/cache/com.typesafe.play/play-netty-server_2.11/jars/play-netty-server_2.11-2.4.2.jar, /Users/Arul/.ivy2/cache/com.typesafe.play/play-server_2.11/jars/play-server_2.11-2.4.2.jar, /Users/Arul/.ivy2/cache/com.typesafe.play/play_2.11/jars/play_2.11-2.4.2.jar, /Users/Arul/.ivy2/cache/com.typesafe.play/build-link/jars/build-link-2.4.2.jar, /Users/Arul/.ivy2/cache/com.typesafe.play/play-exceptions/jars/play-exceptions-2.4.2.jar, /Users/Arul/.ivy2/cache/org.javassist/javassist/bundles/javassist-3.19.0-GA.jar, /Users/Arul/.ivy2/cache/com.typesafe.play/play-iteratees_2.11/jars/play-iteratees_2.11-2.4.2.jar, /Users/Arul/.ivy2/cache/org.scala-stm/scala-stm_2.11/jars/scala-stm_2.11-0.7.jar, /Users/Arul/.ivy2/cache/com.typesafe/config/bundles/config-1.3.0.jar, /Users/Arul/.ivy2/cache/com.typesafe.play/play-json_2.11/jars/play-json_2.11-2.4.2.jar, /Users/Arul/.ivy2/cache/com.typesafe.play/play-functional_2.11/jars/play-functional_2.11-2.4.2.jar, /Users/Arul/.ivy2/cache/com.typesafe.play/play-datacommons_2.11/jars/play-datacommons_2.11-2.4.2.jar, /Users/Arul/.ivy2/cache/joda-time/joda-time/jars/joda-time-2.8.1.jar, /Users/Arul/.ivy2/cache/org.joda/joda-convert/jars/joda-convert-1.7.jar, /Users/Arul/.ivy2/cache/org.scala-lang/scala-reflect/jars/scala-reflect-2.11.6.jar, /Users/Arul/.ivy2/cache/com.fasterxml.jackson.core/jackson-core/bundles/jackson-core-2.5.4.jar, /Users/Arul/.ivy2/cache/com.fasterxml.jackson.core/jackson-annotations/bundles/jackson-annotations-2.5.4.jar, /Users/Arul/.ivy2/cache/com.fasterxml.jackson.core/jackson-databind/bundles/jackson-databind-2.5.4.jar, /Users/Arul/.ivy2/cache/com.fasterxml.jackson.datatype/jackson-datatype-jdk8/bundles/jackson-datatype-jdk8-2.5.4.jar, /Users/Arul/.ivy2/cache/com.fasterxml.jackson.datatype/jackson-datatype-jsr310/bundles/jackson-datatype-jsr310-2.5.4.jar, /Users/Arul/.ivy2/cache/com.typesafe.play/play-netty-utils/jars/play-netty-utils-2.4.2.jar, /Users/Arul/.ivy2/cache/org.slf4j/slf4j-api/jars/slf4j-api-1.7.12.jar, /Users/Arul/.ivy2/cache/org.slf4j/jul-to-slf4j/jars/jul-to-slf4j-1.7.12.jar, /Users/Arul/.ivy2/cache/org.slf4j/jcl-over-slf4j/jars/jcl-over-slf4j-1.7.12.jar, /Users/Arul/.ivy2/cache/com.typesafe.play/twirl-api_2.11/jars/twirl-api_2.11-1.1.1.jar, /Users/Arul/.ivy2/cache/org.apache.commons/commons-lang3/jars/commons-lang3-3.4.jar, /Users/Arul/.ivy2/cache/org.scala-lang.modules/scala-xml_2.11/bundles/scala-xml_2.11-1.0.1.jar, /Users/Arul/.ivy2/cache/org.scala-lang.modules/scala-parser-combinators_2.11/bundles/scala-parser-combinators_2.11-1.0.1.jar, /Users/Arul/.ivy2/cache/ch.qos.logback/logback-core/jars/logback-core-1.1.3.jar, /Users/Arul/.ivy2/cache/ch.qos.logback/logback-classic/jars/logback-classic-1.1.3.jar, /Users/Arul/.ivy2/cache/com.typesafe.akka/akka-actor_2.11/jars/akka-actor_2.11-2.3.11.jar, /Users/Arul/.ivy2/cache/com.typesafe.akka/akka-slf4j_2.11/jars/akka-slf4j_2.11-2.3.11.jar, /Users/Arul/.ivy2/cache/commons-codec/commons-codec/jars/commons-codec-1.10.jar, /Users/Arul/.ivy2/cache/xerces/xercesImpl/jars/xercesImpl-2.11.0.jar, /Users/Arul/.ivy2/cache/xml-apis/xml-apis/jars/xml-apis-1.4.01.jar, /Users/Arul/.ivy2/cache/javax.transaction/jta/jars/jta-1.1.jar, /Users/Arul/.ivy2/cache/com.google.inject/guice/jars/guice-4.0.jar, /Users/Arul/.ivy2/cache/javax.inject/javax.inject/jars/javax.inject-1.jar, /Users/Arul/.ivy2/cache/aopalliance/aopalliance/jars/aopalliance-1.0.jar, /Users/Arul/.ivy2/cache/com.google.guava/guava/bundles/guava-16.0.1.jar, /Users/Arul/.ivy2/cache/com.google.inject.extensions/guice-assistedinject/jars/guice-assistedinject-4.0.jar, /Users/Arul/.ivy2/cache/io.netty/netty/bundles/netty-3.10.3.Final.jar, /Users/Arul/.ivy2/cache/com.typesafe.netty/netty-http-pipelining/jars/netty-http-pipelining-1.1.4.jar, /Users/Arul/.ivy2/cache/com.typesafe.play/play-doc_2.11/jars/play-doc_2.11-1.2.2.jar, /Users/Arul/.ivy2/cache/org.pegdown/pegdown/jars/pegdown-1.4.0.jar, /Users/Arul/.ivy2/cache/org.parboiled/parboiled-java/bundles/parboiled-java-1.1.5.jar, /Users/Arul/.ivy2/cache/org.parboiled/parboiled-core/bundles/parboiled-core-1.1.5.jar, /Users/Arul/.ivy2/cache/org.ow2.asm/asm/jars/asm-4.1.jar, /Users/Arul/.ivy2/cache/org.ow2.asm/asm-tree/jars/asm-tree-4.1.jar, /Users/Arul/.ivy2/cache/org.ow2.asm/asm-analysis/jars/asm-analysis-4.1.jar, /Users/Arul/.ivy2/cache/org.ow2.asm/asm-util/jars/asm-util-4.1.jar, /Users/Arul/.ivy2/cache/commons-io/commons-io/jars/commons-io-2.4.jar),Some(/Users/Arul/.ivy2/cache/com.typesafe.play/play-omnidoc_2.11/jars/play-omnidoc_2.11-2.4.2.jar),List(),9000,0.0.0.0,DefaultWatchService,List(/Users/Arul/Documents/RISK_GAME_DEVELOPMENT/Project_RiskGame/public, /Users/Arul/Documents/RISK_GAME_DEVELOPMENT/Project_RiskGame/conf, /Users/Arul/Documents/RISK_GAME_DEVELOPMENT/Project_RiskGame/app),/Users/Arul/Documents/RISK_GAME_DEVELOPMENT/Project_RiskGame/target,500,riskgame/playForkNotifyStart,riskgame/playForkReload,300000,play.core.server.DevServerStart))))
Sending msg to client play-fork-run-f53b23fc-a6e5-4e3c-a4b4-e682e74697bd: TaskStarted(28,1766,None)
Sending msg to client play-fork-run-f53b23fc-a6e5-4e3c-a4b4-e682e74697bd: TaskFinished(28,1766,None,true,None)
Sending msg to client play-fork-run-f53b23fc-a6e5-4e3c-a4b4-e682e74697bd: TaskStarted(28,1765,None)
Sending msg to client play-fork-run-f53b23fc-a6e5-4e3c-a4b4-e682e74697bd: TaskFinished(28,1765,None,true,None)
Sending msg to client play-fork-run-f53b23fc-a6e5-4e3c-a4b4-e682e74697bd: DetachedLogEvent(LogMessage(debug,cancel strategy finish enabled=false lastCommand=Some(LastCommand(CommandExecutionWork(ExecutionId(28),{file:/Users/Arul/Documents/RISK_GAME_DEVELOPMENT/Project_RiskGame/}riskgame/*:playForkConfig,Set(LiveClient(play-fork-run f53b23fc-a6e5-4e3c-a4b4-e682e74697bd)),sbt.server.WorkCancellationStatus$$anon$1@7e34da6e)))))
Sending msg to client play-fork-run-f53b23fc-a6e5-4e3c-a4b4-e682e74697bd: DetachedLogEvent(LogSuccess(Total time: 1 s, completed Jul 27, 2017 3:44:30 PM))
Sending msg to client play-fork-run-f53b23fc-a6e5-4e3c-a4b4-e682e74697bd: DetachedLogEvent(LogMessage(debug,> server-post-command-cleanup))
Sending msg to client play-fork-run-f53b23fc-a6e5-4e3c-a4b4-e682e74697bd: ExecutionSuccess(28)
Sending msg to client play-fork-run-f53b23fc-a6e5-4e3c-a4b4-e682e74697bd: DetachedLogEvent(LogMessage(debug,> server-handle-next-server-request))
Sending msg to client play-fork-run-f53b23fc-a6e5-4e3c-a4b4-e682e74697bd: BackgroundJobLogEvent(7,LogMessage(info,))
Sending msg to client play-fork-run-f53b23fc-a6e5-4e3c-a4b4-e682e74697bd: BackgroundJobLogEvent(7,LogMessage(info,[35m--- (Running the application, auto-reloading is enabled) ---[0m))
Sending msg to client play-fork-run-f53b23fc-a6e5-4e3c-a4b4-e682e74697bd: BackgroundJobLogEvent(7,LogMessage(info,))
Sending msg to client play-fork-run-f53b23fc-a6e5-4e3c-a4b4-e682e74697bd: BackgroundJobLogEvent(7,LogMessage(info,p.a.l.c.ActorSystemProvider - Starting application default Akka system: application))
Sending msg to client play-fork-run-f53b23fc-a6e5-4e3c-a4b4-e682e74697bd: BackgroundJobLogEvent(7,LogMessage(error,Play fork run has failed due to:))
Sending msg to client play-fork-run-f53b23fc-a6e5-4e3c-a4b4-e682e74697bd: BackgroundJobLogEvent(7,LogMessage(error,java.lang.reflect.InvocationTargetException))
Sending msg to client play-fork-run-f53b23fc-a6e5-4e3c-a4b4-e682e74697bd: BackgroundJobLogEvent(7,LogMessage(error,	at sun.reflect.NativeMethodAccessorImpl.invoke0(Native Method)))
Sending msg to client play-fork-run-f53b23fc-a6e5-4e3c-a4b4-e682e74697bd: BackgroundJobLogEvent(7,LogMessage(error,	at sun.reflect.NativeMethodAccessorImpl.invoke(NativeMethodAccessorImpl.java:62)))
Sending msg to client play-fork-run-f53b23fc-a6e5-4e3c-a4b4-e682e74697bd: BackgroundJobLogEvent(7,LogMessage(error,	at sun.reflect.DelegatingMethodAccessorImpl.invoke(DelegatingMethodAccessorImpl.java:43)))
Sending msg to client play-fork-run-f53b23fc-a6e5-4e3c-a4b4-e682e74697bd: BackgroundJobLogEvent(7,LogMessage(error,	at java.lang.reflect.Method.invoke(Method.java:498)))
Sending msg to client play-fork-run-f53b23fc-a6e5-4e3c-a4b4-e682e74697bd: BackgroundJobLogEvent(7,LogMessage(error,	at play.runsupport.Reloader$.startDevMode(Reloader.scala:207)))
Sending msg to client play-fork-run-f53b23fc-a6e5-4e3c-a4b4-e682e74697bd: BackgroundJobLogEvent(7,LogMessage(error,	at play.forkrun.ForkRun$.startServer(ForkRun.scala:82)))
Sending msg to client play-fork-run-f53b23fc-a6e5-4e3c-a4b4-e682e74697bd: BackgroundJobLogEvent(7,LogMessage(error,	at play.forkrun.ForkRun.run(ForkRun.scala:177)))
Sending msg to client play-fork-run-f53b23fc-a6e5-4e3c-a4b4-e682e74697bd: BackgroundJobLogEvent(7,LogMessage(error,	at play.forkrun.ForkRun$$anonfun$settingUp$1.applyOrElse(ForkRun.scala:166)))
Sending msg to client play-fork-run-f53b23fc-a6e5-4e3c-a4b4-e682e74697bd: BackgroundJobLogEvent(7,LogMessage(error,	at akka.actor.Actor$class.aroundReceive(Actor.scala:465)))
Sending msg to client play-fork-run-f53b23fc-a6e5-4e3c-a4b4-e682e74697bd: BackgroundJobLogEvent(7,LogMessage(error,	at play.forkrun.ForkRun.aroundReceive(ForkRun.scala:152)))
Sending msg to client play-fork-run-f53b23fc-a6e5-4e3c-a4b4-e682e74697bd: BackgroundJobLogEvent(7,LogMessage(error,	at akka.actor.ActorCell.receiveMessage(ActorCell.scala:516)))
Sending msg to client play-fork-run-f53b23fc-a6e5-4e3c-a4b4-e682e74697bd: BackgroundJobLogEvent(7,LogMessage(error,	at akka.actor.ActorCell.invoke(ActorCell.scala:487)))
Sending msg to client play-fork-run-f53b23fc-a6e5-4e3c-a4b4-e682e74697bd: BackgroundJobLogEvent(7,LogMessage(error,	at akka.dispatch.Mailbox.processMailbox(Mailbox.scala:254)))
Sending msg to client play-fork-run-f53b23fc-a6e5-4e3c-a4b4-e682e74697bd: BackgroundJobLogEvent(7,LogMessage(error,	at akka.dispatch.Mailbox.run(Mailbox.scala:221)))
Sending msg to client play-fork-run-f53b23fc-a6e5-4e3c-a4b4-e682e74697bd: BackgroundJobLogEvent(7,LogMessage(error,	at akka.dispatch.Mailbox.exec(Mailbox.scala:231)))
Sending msg to client play-fork-run-f53b23fc-a6e5-4e3c-a4b4-e682e74697bd: BackgroundJobLogEvent(7,LogMessage(error,	at scala.concurrent.forkjoin.ForkJoinTask.doExec(ForkJoinTask.java:260)))
Sending msg to client play-fork-run-f53b23fc-a6e5-4e3c-a4b4-e682e74697bd: BackgroundJobLogEvent(7,LogMessage(error,	at scala.concurrent.forkjoin.ForkJoinPool$WorkQueue.runTask(ForkJoinPool.java:1339)))
Sending msg to client play-fork-run-f53b23fc-a6e5-4e3c-a4b4-e682e74697bd: BackgroundJobLogEvent(7,LogMessage(error,	at scala.concurrent.forkjoin.ForkJoinPool.runWorker(ForkJoinPool.java:1979)))
Sending msg to client play-fork-run-f53b23fc-a6e5-4e3c-a4b4-e682e74697bd: BackgroundJobLogEvent(7,LogMessage(error,	at scala.concurrent.forkjoin.ForkJoinWorkerThread.run(ForkJoinWorkerThread.java:107)))
Sending msg to client play-fork-run-f53b23fc-a6e5-4e3c-a4b4-e682e74697bd: BackgroundJobLogEvent(7,LogMessage(error,Caused by: org.jboss.netty.channel.ChannelException: Failed to bind to: /0.0.0.0:9000))
Sending msg to client play-fork-run-f53b23fc-a6e5-4e3c-a4b4-e682e74697bd: BackgroundJobLogEvent(7,LogMessage(error,	at org.jboss.netty.bootstrap.ServerBootstrap.bind(ServerBootstrap.java:272)))
Sending msg to client play-fork-run-f53b23fc-a6e5-4e3c-a4b4-e682e74697bd: BackgroundJobLogEvent(7,LogMessage(error,	at play.core.server.NettyServer$$anonfun$1.apply(NettyServer.scala:132)))
Sending msg to client play-fork-run-f53b23fc-a6e5-4e3c-a4b4-e682e74697bd: BackgroundJobLogEvent(7,LogMessage(error,	at play.core.server.NettyServer$$anonfun$1.apply(NettyServer.scala:129)))
Sending msg to client play-fork-run-f53b23fc-a6e5-4e3c-a4b4-e682e74697bd: BackgroundJobLogEvent(7,LogMessage(error,	at scala.Option.map(Option.scala:146)))
Sending msg to client play-fork-run-f53b23fc-a6e5-4e3c-a4b4-e682e74697bd: BackgroundJobLogEvent(7,LogMessage(error,	at play.core.server.NettyServer.<init>(NettyServer.scala:129)))
Sending msg to client play-fork-run-f53b23fc-a6e5-4e3c-a4b4-e682e74697bd: BackgroundJobLogEvent(7,LogMessage(error,	at play.core.server.NettyServerProvider.createServer(NettyServer.scala:200)))
Sending msg to client play-fork-run-f53b23fc-a6e5-4e3c-a4b4-e682e74697bd: BackgroundJobLogEvent(7,LogMessage(error,	at play.core.server.NettyServerProvider.createServer(NettyServer.scala:199)))
Sending msg to client play-fork-run-f53b23fc-a6e5-4e3c-a4b4-e682e74697bd: BackgroundJobLogEvent(7,LogMessage(error,	at play.core.server.DevServerStart$$anonfun$mainDev$1.apply(DevServerStart.scala:208)))
Sending msg to client play-fork-run-f53b23fc-a6e5-4e3c-a4b4-e682e74697bd: BackgroundJobLogEvent(7,LogMessage(error,	at play.core.server.DevServerStart$$anonfun$mainDev$1.apply(DevServerStart.scala:61)))
Sending msg to client play-fork-run-f53b23fc-a6e5-4e3c-a4b4-e682e74697bd: BackgroundJobLogEvent(7,LogMessage(error,	at play.utils.Threads$.withContextClassLoader(Threads.scala:21)))
Sending msg to client play-fork-run-f53b23fc-a6e5-4e3c-a4b4-e682e74697bd: BackgroundJobLogEvent(7,LogMessage(error,	at play.core.server.DevServerStart$.mainDev(DevServerStart.scala:60)))
Sending msg to client play-fork-run-f53b23fc-a6e5-4e3c-a4b4-e682e74697bd: BackgroundJobLogEvent(7,LogMessage(error,	at play.core.server.DevServerStart$.mainDevHttpMode(DevServerStart.scala:50)))
Sending msg to client play-fork-run-f53b23fc-a6e5-4e3c-a4b4-e682e74697bd: BackgroundJobLogEvent(7,LogMessage(error,	at play.core.server.DevServerStart.mainDevHttpMode(DevServerStart.scala)))
Sending msg to client play-fork-run-f53b23fc-a6e5-4e3c-a4b4-e682e74697bd: BackgroundJobLogEvent(7,LogMessage(error,	... 19 more))
Sending msg to client play-fork-run-f53b23fc-a6e5-4e3c-a4b4-e682e74697bd: BackgroundJobLogEvent(7,LogMessage(error,Caused by: java.net.BindException: Address already in use))
Sending msg to client play-fork-run-f53b23fc-a6e5-4e3c-a4b4-e682e74697bd: BackgroundJobLogEvent(7,LogMessage(error,	at sun.nio.ch.Net.bind0(Native Method)))
Sending msg to client play-fork-run-f53b23fc-a6e5-4e3c-a4b4-e682e74697bd: BackgroundJobLogEvent(7,LogMessage(error,	at sun.nio.ch.Net.bind(Net.java:433)))
Sending msg to client play-fork-run-f53b23fc-a6e5-4e3c-a4b4-e682e74697bd: BackgroundJobLogEvent(7,LogMessage(error,	at sun.nio.ch.Net.bind(Net.java:425)))
Sending msg to client play-fork-run-f53b23fc-a6e5-4e3c-a4b4-e682e74697bd: BackgroundJobLogEvent(7,LogMessage(error,	at sun.nio.ch.ServerSocketChannelImpl.bind(ServerSocketChannelImpl.java:223)))
Sending msg to client play-fork-run-f53b23fc-a6e5-4e3c-a4b4-e682e74697bd: BackgroundJobLogEvent(7,LogMessage(error,	at sun.nio.ch.ServerSocketAdaptor.bind(ServerSocketAdaptor.java:74)))
Sending msg to client play-fork-run-f53b23fc-a6e5-4e3c-a4b4-e682e74697bd: BackgroundJobLogEvent(7,LogMessage(error,	at org.jboss.netty.channel.socket.nio.NioServerBoss$RegisterTask.run(NioServerBoss.java:193)))
Sending msg to client play-fork-run-f53b23fc-a6e5-4e3c-a4b4-e682e74697bd: BackgroundJobLogEvent(7,LogMessage(error,	at org.jboss.netty.channel.socket.nio.AbstractNioSelector.processTaskQueue(AbstractNioSelector.java:391)))
Sending msg to client play-fork-run-f53b23fc-a6e5-4e3c-a4b4-e682e74697bd: BackgroundJobLogEvent(7,LogMessage(error,	at org.jboss.netty.channel.socket.nio.AbstractNioSelector.run(AbstractNioSelector.java:315)))
Sending msg to client play-fork-run-f53b23fc-a6e5-4e3c-a4b4-e682e74697bd: BackgroundJobLogEvent(7,LogMessage(error,	at org.jboss.netty.channel.socket.nio.NioServerBoss.run(NioServerBoss.java:42)))
Sending msg to client play-fork-run-f53b23fc-a6e5-4e3c-a4b4-e682e74697bd: BackgroundJobLogEvent(7,LogMessage(error,	at org.jboss.netty.util.ThreadRenamingRunnable.run(ThreadRenamingRunnable.java:108)))
Sending msg to client play-fork-run-f53b23fc-a6e5-4e3c-a4b4-e682e74697bd: BackgroundJobLogEvent(7,LogMessage(error,	at org.jboss.netty.util.internal.DeadLockProofWorker$1.run(DeadLockProofWorker.java:42)))
Sending msg to client play-fork-run-f53b23fc-a6e5-4e3c-a4b4-e682e74697bd: BackgroundJobLogEvent(7,LogMessage(error,	at java.util.concurrent.ThreadPoolExecutor.runWorker(ThreadPoolExecutor.java:1142)))
Sending msg to client play-fork-run-f53b23fc-a6e5-4e3c-a4b4-e682e74697bd: BackgroundJobLogEvent(7,LogMessage(error,	at java.util.concurrent.ThreadPoolExecutor$Worker.run(ThreadPoolExecutor.java:617)))
Sending msg to client play-fork-run-f53b23fc-a6e5-4e3c-a4b4-e682e74697bd: BackgroundJobLogEvent(7,LogMessage(error,	at java.lang.Thread.run(Thread.java:745)))
Got request: UnlistenToEvents()
Reading next message from client.
Sending msg to client play-fork-run-f53b23fc-a6e5-4e3c-a4b4-e682e74697bd: (8,ReceivedResponse())
Got request: UnlistenToValue(AttributeKey[play.forkrun.protocol.ForkConfig]("playForkConfig") in Scope(Build: file:/Users/Arul/Documents/RISK_GAME_DEVELOPMENT/Project_RiskGame/, , Project: ProjectReference(file:/Users/Arul/Documents/RISK_GAME_DEVELOPMENT/Project_RiskGame/,riskgame)))
Reading next message from client.
Client play-fork-run-f53b23fc-a6e5-4e3c-a4b4-e682e74697bd EOF, shutting down.
Stopping client.
Client play-fork-run-f53b23fc-a6e5-4e3c-a4b4-e682e74697bd thread exiting.
Dropping message (9,ReceivedResponse()) to dead client play-fork-run-f53b23fc-a6e5-4e3c-a4b4-e682e74697bd
Dropping message (0,ReceivedResponse()) to dead client play-fork-run-f53b23fc-a6e5-4e3c-a4b4-e682e74697bd
