New log file opened at Thu Jul 06 19:08:01 EDT 2017 by 4379@Arul-MacBook-Air.wv.cc.cmu.edu
Sending msg to client play-fork-run-1b4830e1-38e5-47a4-aa65-35a257c57114: DetachedLogEvent(LogMessage(debug,sbt server socket logs are in: /Users/Arul/Downloads/Project_RiskGame/.sbtserver/connections/master.log))
Sending msg to client play-fork-run-1b4830e1-38e5-47a4-aa65-35a257c57114: DetachedLogEvent(LogMessage(debug,sbt general server logs are in: /Users/Arul/Downloads/Project_RiskGame/.sbtserver/master.log))
Sending msg to client play-fork-run-1b4830e1-38e5-47a4-aa65-35a257c57114: DetachedLogEvent(LogMessage(debug,sbt client logs are in: /Users/Arul/Downloads/Project_RiskGame/.sbtserver/connections/play-fork-run-1b4830e1-38e5-47a4-aa65-35a257c57114.log))
Reading next message from client.
Got request: DaemonRequest(true)
Reading next message from client.
Sending msg to client play-fork-run-1b4830e1-38e5-47a4-aa65-35a257c57114: (3,ReceivedResponse())
Got request: ListenToEvents()
Reading next message from client.
Sending msg to client play-fork-run-1b4830e1-38e5-47a4-aa65-35a257c57114: BackgroundJobStarted(17,BackgroundJobInfo(3,backgroundRun,AttributeKey[sbt.BackgroundJobHandle]("backgroundRun") in Scope(Build: file:/Users/Arul/Downloads/Project_RiskGame/, , Project: ProjectReference(file:/Users/Arul/Downloads/Project_RiskGame/,riskgame), Config: compile)))
Sending msg to client play-fork-run-1b4830e1-38e5-47a4-aa65-35a257c57114: (4,ReceivedResponse())
Got request: KeyLookupRequest(riskgame/playForkConfig)
Reading next message from client.
Sending msg to client play-fork-run-1b4830e1-38e5-47a4-aa65-35a257c57114: (5,KeyLookupResponse(riskgame/playForkConfig,Vector(AttributeKey[play.forkrun.protocol.ForkConfig]("playForkConfig") in Scope(Build: file:/Users/Arul/Downloads/Project_RiskGame/, , Project: ProjectReference(file:/Users/Arul/Downloads/Project_RiskGame/,riskgame)))))
Got request: ListenToValue(AttributeKey[play.forkrun.protocol.ForkConfig]("playForkConfig") in Scope(Build: file:/Users/Arul/Downloads/Project_RiskGame/, , Project: ProjectReference(file:/Users/Arul/Downloads/Project_RiskGame/,riskgame)))
Reading next message from client.
Got request: KeyExecutionRequest(AttributeKey[play.forkrun.protocol.ForkConfig]("playForkConfig") in Scope(Build: file:/Users/Arul/Downloads/Project_RiskGame/, , Project: ProjectReference(file:/Users/Arul/Downloads/Project_RiskGame/,riskgame)))
Reading next message from client.
Sending msg to client play-fork-run-1b4830e1-38e5-47a4-aa65-35a257c57114: (6,ReceivedResponse())
Sending msg to client play-fork-run-1b4830e1-38e5-47a4-aa65-35a257c57114: (7,ExecutionRequestReceived(18))
Sending msg to client play-fork-run-1b4830e1-38e5-47a4-aa65-35a257c57114: ExecutionWaiting(18,{file:/Users/Arul/Downloads/Project_RiskGame/}riskgame/*:playForkConfig,ClientInfo(1b4830e1-38e5-47a4-aa65-35a257c57114,play-fork-run,Play Fork Run,1,Vector()))
Sending msg to client play-fork-run-1b4830e1-38e5-47a4-aa65-35a257c57114: ExecutionStarting(18)
Sending msg to client play-fork-run-1b4830e1-38e5-47a4-aa65-35a257c57114: DetachedLogEvent(LogMessage(debug,> {file:/Users/Arul/Downloads/Project_RiskGame/}riskgame/*:playForkConfig))
Sending msg to client play-fork-run-1b4830e1-38e5-47a4-aa65-35a257c57114: DetachedLogEvent(LogMessage(debug,Evaluating tasks: *:playForkConfig))
Sending msg to client play-fork-run-1b4830e1-38e5-47a4-aa65-35a257c57114: DetachedLogEvent(LogMessage(debug,Running task... Cancel: sbt.server.ServerTaskCancellation@7715de79, check cycles: false))
Sending msg to client play-fork-run-1b4830e1-38e5-47a4-aa65-35a257c57114: DetachedLogEvent(LogMessage(debug,cancel strategy start enabled=true lastCommand=Some(LastCommand(CommandExecutionWork(ExecutionId(18),{file:/Users/Arul/Downloads/Project_RiskGame/}riskgame/*:playForkConfig,Set(LiveClient(play-fork-run 1b4830e1-38e5-47a4-aa65-35a257c57114)),sbt.server.WorkCancellationStatus$$anon$1@21550d05)))))
Sending msg to client play-fork-run-1b4830e1-38e5-47a4-aa65-35a257c57114: TaskStarted(18,1214,None)
Sending msg to client play-fork-run-1b4830e1-38e5-47a4-aa65-35a257c57114: TaskStarted(18,1215,Some(AttributeKey[java.lang.String]("updateCacheName") in Scope(Build: file:/Users/Arul/Downloads/Project_RiskGame/, , Project: ProjectReference(file:/Users/Arul/Downloads/Project_RiskGame/,riskgame))))
Sending msg to client play-fork-run-1b4830e1-38e5-47a4-aa65-35a257c57114: TaskStarted(18,1222,None)
Sending msg to client play-fork-run-1b4830e1-38e5-47a4-aa65-35a257c57114: TaskStarted(18,1224,Some(AttributeKey[scala.collection.Seq[sbt.Credentials]]("credentials") in Scope(Global)))
Sending msg to client play-fork-run-1b4830e1-38e5-47a4-aa65-35a257c57114: TaskStarted(18,1227,None)
Sending msg to client play-fork-run-1b4830e1-38e5-47a4-aa65-35a257c57114: TaskStarted(18,1229,Some(AttributeKey[scala.collection.Seq[sbt.Resolver]]("externalResolvers") in Scope(Build: file:/Users/Arul/Downloads/Project_RiskGame/, , Project: ProjectReference(file:/Users/Arul/Downloads/Project_RiskGame/,riskgame))))
Sending msg to client play-fork-run-1b4830e1-38e5-47a4-aa65-35a257c57114: TaskStarted(18,1230,Some(AttributeKey[scala.Option[scala.collection.Seq[sbt.Resolver]]]("bootResolvers") in Scope(Build: file:/Users/Arul/Downloads/Project_RiskGame/, , Project: ProjectReference(file:/Users/Arul/Downloads/Project_RiskGame/,riskgame))))
Sending msg to client play-fork-run-1b4830e1-38e5-47a4-aa65-35a257c57114: TaskStarted(18,1241,None)
Sending msg to client play-fork-run-1b4830e1-38e5-47a4-aa65-35a257c57114: TaskStarted(18,1242,None)
Sending msg to client play-fork-run-1b4830e1-38e5-47a4-aa65-35a257c57114: TaskStarted(18,1244,None)
Sending msg to client play-fork-run-1b4830e1-38e5-47a4-aa65-35a257c57114: TaskStarted(18,1245,Some(AttributeKey[boolean]("skip") in Scope(Global)))
Sending msg to client play-fork-run-1b4830e1-38e5-47a4-aa65-35a257c57114: TaskStarted(18,1253,None)
Sending msg to client play-fork-run-1b4830e1-38e5-47a4-aa65-35a257c57114: TaskStarted(18,1260,Some(AttributeKey[scala.collection.Seq[java.lang.String]]("javaOptions") in Scope(Global)))
Sending msg to client play-fork-run-1b4830e1-38e5-47a4-aa65-35a257c57114: TaskStarted(18,1262,None)
Sending msg to client play-fork-run-1b4830e1-38e5-47a4-aa65-35a257c57114: TaskStarted(18,1263,Some(AttributeKey[scala.Option[java.lang.String]]("mainClass") in Scope(Build: file:/Users/Arul/Downloads/Project_RiskGame/, , Project: ProjectReference(file:/Users/Arul/Downloads/Project_RiskGame/,riskgame), Config: compile, Task: AttributeKey[void]("run"))))
Sending msg to client play-fork-run-1b4830e1-38e5-47a4-aa65-35a257c57114: TaskStarted(18,1265,Some(AttributeKey[scala.Tuple2[java.lang.String,java.io.File]]("playPrefixAndAssets") in Scope(Build: file:/Users/Arul/Downloads/Project_RiskGame/, , Project: ProjectReference(file:/Users/Arul/Downloads/Project_RiskGame/,riskgame))))
Sending msg to client play-fork-run-1b4830e1-38e5-47a4-aa65-35a257c57114: TaskFinished(18,1214,None,true,None)
Sending msg to client play-fork-run-1b4830e1-38e5-47a4-aa65-35a257c57114: TaskFinished(18,1215,Some(AttributeKey[java.lang.String]("updateCacheName") in Scope(Build: file:/Users/Arul/Downloads/Project_RiskGame/, , Project: ProjectReference(file:/Users/Arul/Downloads/Project_RiskGame/,riskgame))),true,None)
Sending msg to client play-fork-run-1b4830e1-38e5-47a4-aa65-35a257c57114: TaskFinished(18,1222,None,true,None)
Sending msg to client play-fork-run-1b4830e1-38e5-47a4-aa65-35a257c57114: TaskStarted(18,1221,Some(AttributeKey[sbt.BuildStructure]("buildStructure") in Scope(Global)))
Sending msg to client play-fork-run-1b4830e1-38e5-47a4-aa65-35a257c57114: TaskStarted(18,1235,Some(AttributeKey[java.io.File]("dependencyCacheDirectory") in Scope(Build: file:/Users/Arul/Downloads/Project_RiskGame/, , Project: ProjectReference(file:/Users/Arul/Downloads/Project_RiskGame/,riskgame))))
Sending msg to client play-fork-run-1b4830e1-38e5-47a4-aa65-35a257c57114: TaskFinished(18,1224,Some(AttributeKey[scala.collection.Seq[sbt.Credentials]]("credentials") in Scope(Global)),true,None)
Sending msg to client play-fork-run-1b4830e1-38e5-47a4-aa65-35a257c57114: TaskFinished(18,1227,None,true,None)
Sending msg to client play-fork-run-1b4830e1-38e5-47a4-aa65-35a257c57114: TaskStarted(18,1226,None)
Sending msg to client play-fork-run-1b4830e1-38e5-47a4-aa65-35a257c57114: TaskStarted(18,1233,None)
Sending msg to client play-fork-run-1b4830e1-38e5-47a4-aa65-35a257c57114: TaskStarted(18,1234,None)
Sending msg to client play-fork-run-1b4830e1-38e5-47a4-aa65-35a257c57114: TaskStarted(18,1238,None)
Sending msg to client play-fork-run-1b4830e1-38e5-47a4-aa65-35a257c57114: TaskStarted(18,1239,None)
Sending msg to client play-fork-run-1b4830e1-38e5-47a4-aa65-35a257c57114: TaskStarted(18,1254,None)
Sending msg to client play-fork-run-1b4830e1-38e5-47a4-aa65-35a257c57114: TaskStarted(18,1257,None)
Sending msg to client play-fork-run-1b4830e1-38e5-47a4-aa65-35a257c57114: TaskStarted(18,1258,None)
Sending msg to client play-fork-run-1b4830e1-38e5-47a4-aa65-35a257c57114: TaskFinished(18,1229,Some(AttributeKey[scala.collection.Seq[sbt.Resolver]]("externalResolvers") in Scope(Build: file:/Users/Arul/Downloads/Project_RiskGame/, , Project: ProjectReference(file:/Users/Arul/Downloads/Project_RiskGame/,riskgame))),true,None)
Sending msg to client play-fork-run-1b4830e1-38e5-47a4-aa65-35a257c57114: TaskFinished(18,1230,Some(AttributeKey[scala.Option[scala.collection.Seq[sbt.Resolver]]]("bootResolvers") in Scope(Build: file:/Users/Arul/Downloads/Project_RiskGame/, , Project: ProjectReference(file:/Users/Arul/Downloads/Project_RiskGame/,riskgame))),true,None)
Sending msg to client play-fork-run-1b4830e1-38e5-47a4-aa65-35a257c57114: TaskFinished(18,1241,None,true,None)
Sending msg to client play-fork-run-1b4830e1-38e5-47a4-aa65-35a257c57114: TaskFinished(18,1242,None,true,None)
Sending msg to client play-fork-run-1b4830e1-38e5-47a4-aa65-35a257c57114: TaskStarted(18,1240,Some(AttributeKey[scala.collection.Seq[sbt.UpdateReport]]("transitiveUpdate") in Scope(Build: file:/Users/Arul/Downloads/Project_RiskGame/, , Project: ProjectReference(file:/Users/Arul/Downloads/Project_RiskGame/,riskgame))))
Sending msg to client play-fork-run-1b4830e1-38e5-47a4-aa65-35a257c57114: TaskFinished(18,1244,None,true,None)
Sending msg to client play-fork-run-1b4830e1-38e5-47a4-aa65-35a257c57114: TaskFinished(18,1245,Some(AttributeKey[boolean]("skip") in Scope(Global)),true,None)
Sending msg to client play-fork-run-1b4830e1-38e5-47a4-aa65-35a257c57114: TaskFinished(18,1253,None,true,None)
Sending msg to client play-fork-run-1b4830e1-38e5-47a4-aa65-35a257c57114: TaskFinished(18,1260,Some(AttributeKey[scala.collection.Seq[java.lang.String]]("javaOptions") in Scope(Global)),true,None)
Sending msg to client play-fork-run-1b4830e1-38e5-47a4-aa65-35a257c57114: TaskFinished(18,1262,None,true,None)
Sending msg to client play-fork-run-1b4830e1-38e5-47a4-aa65-35a257c57114: TaskFinished(18,1263,Some(AttributeKey[scala.Option[java.lang.String]]("mainClass") in Scope(Build: file:/Users/Arul/Downloads/Project_RiskGame/, , Project: ProjectReference(file:/Users/Arul/Downloads/Project_RiskGame/,riskgame), Config: compile, Task: AttributeKey[void]("run"))),true,None)
Sending msg to client play-fork-run-1b4830e1-38e5-47a4-aa65-35a257c57114: TaskFinished(18,1265,Some(AttributeKey[scala.Tuple2[java.lang.String,java.io.File]]("playPrefixAndAssets") in Scope(Build: file:/Users/Arul/Downloads/Project_RiskGame/, , Project: ProjectReference(file:/Users/Arul/Downloads/Project_RiskGame/,riskgame))),true,None)
Sending msg to client play-fork-run-1b4830e1-38e5-47a4-aa65-35a257c57114: TaskStarted(18,1264,Some(AttributeKey[scala.collection.Seq[scala.Tuple2[java.lang.String,java.io.File]]]("playAllAssets") in Scope(Build: file:/Users/Arul/Downloads/Project_RiskGame/, , Project: ProjectReference(file:/Users/Arul/Downloads/Project_RiskGame/,riskgame))))
Sending msg to client play-fork-run-1b4830e1-38e5-47a4-aa65-35a257c57114: TaskFinished(18,1221,Some(AttributeKey[sbt.BuildStructure]("buildStructure") in Scope(Global)),true,None)
Sending msg to client play-fork-run-1b4830e1-38e5-47a4-aa65-35a257c57114: TaskStarted(18,1220,Some(AttributeKey[sbt.Settings[sbt.Scope]]("settingsData") in Scope(Global)))
Sending msg to client play-fork-run-1b4830e1-38e5-47a4-aa65-35a257c57114: TaskFinished(18,1235,Some(AttributeKey[java.io.File]("dependencyCacheDirectory") in Scope(Build: file:/Users/Arul/Downloads/Project_RiskGame/, , Project: ProjectReference(file:/Users/Arul/Downloads/Project_RiskGame/,riskgame))),true,None)
Sending msg to client play-fork-run-1b4830e1-38e5-47a4-aa65-35a257c57114: TaskFinished(18,1226,None,true,None)
Sending msg to client play-fork-run-1b4830e1-38e5-47a4-aa65-35a257c57114: TaskFinished(18,1233,None,true,None)
Sending msg to client play-fork-run-1b4830e1-38e5-47a4-aa65-35a257c57114: TaskFinished(18,1234,None,true,None)
Sending msg to client play-fork-run-1b4830e1-38e5-47a4-aa65-35a257c57114: TaskFinished(18,1238,None,true,None)
Sending msg to client play-fork-run-1b4830e1-38e5-47a4-aa65-35a257c57114: TaskStarted(18,1237,Some(AttributeKey[scala.collection.immutable.Map[sbt.ModuleID,sbt.SourcePosition]]("dependencyPositions") in Scope(Build: file:/Users/Arul/Downloads/Project_RiskGame/, , Project: ProjectReference(file:/Users/Arul/Downloads/Project_RiskGame/,riskgame))))
Sending msg to client play-fork-run-1b4830e1-38e5-47a4-aa65-35a257c57114: TaskFinished(18,1239,None,true,None)
Sending msg to client play-fork-run-1b4830e1-38e5-47a4-aa65-35a257c57114: TaskFinished(18,1254,None,true,None)
Sending msg to client play-fork-run-1b4830e1-38e5-47a4-aa65-35a257c57114: TaskFinished(18,1257,None,true,None)
Sending msg to client play-fork-run-1b4830e1-38e5-47a4-aa65-35a257c57114: TaskFinished(18,1258,None,true,None)
Sending msg to client play-fork-run-1b4830e1-38e5-47a4-aa65-35a257c57114: TaskFinished(18,1240,Some(AttributeKey[scala.collection.Seq[sbt.UpdateReport]]("transitiveUpdate") in Scope(Build: file:/Users/Arul/Downloads/Project_RiskGame/, , Project: ProjectReference(file:/Users/Arul/Downloads/Project_RiskGame/,riskgame))),true,None)
Sending msg to client play-fork-run-1b4830e1-38e5-47a4-aa65-35a257c57114: TaskFinished(18,1264,Some(AttributeKey[scala.collection.Seq[scala.Tuple2[java.lang.String,java.io.File]]]("playAllAssets") in Scope(Build: file:/Users/Arul/Downloads/Project_RiskGame/, , Project: ProjectReference(file:/Users/Arul/Downloads/Project_RiskGame/,riskgame))),true,None)
Sending msg to client play-fork-run-1b4830e1-38e5-47a4-aa65-35a257c57114: TaskFinished(18,1220,Some(AttributeKey[sbt.Settings[sbt.Scope]]("settingsData") in Scope(Global)),true,None)
Sending msg to client play-fork-run-1b4830e1-38e5-47a4-aa65-35a257c57114: TaskStarted(18,1219,Some(AttributeKey[scala.collection.Seq[sbt.ModuleID]]("projectDependencies") in Scope(Build: file:/Users/Arul/Downloads/Project_RiskGame/, , Project: ProjectReference(file:/Users/Arul/Downloads/Project_RiskGame/,riskgame))))
Sending msg to client play-fork-run-1b4830e1-38e5-47a4-aa65-35a257c57114: TaskStarted(18,1232,Some(AttributeKey[scala.collection.immutable.Map[org.apache.ivy.core.module.id.ModuleRevisionId,org.apache.ivy.core.module.descriptor.ModuleDescriptor]]("projectDescriptors") in Scope(Build: file:/Users/Arul/Downloads/Project_RiskGame/, , Project: ProjectReference(file:/Users/Arul/Downloads/Project_RiskGame/,riskgame))))
Sending msg to client play-fork-run-1b4830e1-38e5-47a4-aa65-35a257c57114: TaskStarted(18,1243,None)
Sending msg to client play-fork-run-1b4830e1-38e5-47a4-aa65-35a257c57114: TaskStarted(18,1256,None)
Sending msg to client play-fork-run-1b4830e1-38e5-47a4-aa65-35a257c57114: TaskStarted(18,1261,Some(AttributeKey[scala.collection.Seq[java.io.File]]("playMonitoredFiles") in Scope(Build: file:/Users/Arul/Downloads/Project_RiskGame/, , Project: ProjectReference(file:/Users/Arul/Downloads/Project_RiskGame/,riskgame))))
Sending msg to client play-fork-run-1b4830e1-38e5-47a4-aa65-35a257c57114: TaskFinished(18,1237,Some(AttributeKey[scala.collection.immutable.Map[sbt.ModuleID,sbt.SourcePosition]]("dependencyPositions") in Scope(Build: file:/Users/Arul/Downloads/Project_RiskGame/, , Project: ProjectReference(file:/Users/Arul/Downloads/Project_RiskGame/,riskgame))),true,None)
Sending msg to client play-fork-run-1b4830e1-38e5-47a4-aa65-35a257c57114: TaskStarted(18,1236,Some(AttributeKey[sbt.UnresolvedWarningConfiguration]("unresolvedWarningConfiguration") in Scope(Build: file:/Users/Arul/Downloads/Project_RiskGame/, , Project: ProjectReference(file:/Users/Arul/Downloads/Project_RiskGame/,riskgame), Task: AttributeKey[sbt.UpdateReport]("update"))))
Sending msg to client play-fork-run-1b4830e1-38e5-47a4-aa65-35a257c57114: TaskFinished(18,1219,Some(AttributeKey[scala.collection.Seq[sbt.ModuleID]]("projectDependencies") in Scope(Build: file:/Users/Arul/Downloads/Project_RiskGame/, , Project: ProjectReference(file:/Users/Arul/Downloads/Project_RiskGame/,riskgame))),true,None)
Sending msg to client play-fork-run-1b4830e1-38e5-47a4-aa65-35a257c57114: TaskStarted(18,1218,Some(AttributeKey[scala.collection.Seq[sbt.ModuleID]]("allDependencies") in Scope(Build: file:/Users/Arul/Downloads/Project_RiskGame/, , Project: ProjectReference(file:/Users/Arul/Downloads/Project_RiskGame/,riskgame))))
Sending msg to client play-fork-run-1b4830e1-38e5-47a4-aa65-35a257c57114: TaskStarted(18,1267,None)
Sending msg to client play-fork-run-1b4830e1-38e5-47a4-aa65-35a257c57114: TaskStarted(18,1268,None)
Sending msg to client play-fork-run-1b4830e1-38e5-47a4-aa65-35a257c57114: TaskStarted(18,1273,None)
Sending msg to client play-fork-run-1b4830e1-38e5-47a4-aa65-35a257c57114: TaskStarted(18,1274,None)
Sending msg to client play-fork-run-1b4830e1-38e5-47a4-aa65-35a257c57114: TaskStarted(18,1276,None)
Sending msg to client play-fork-run-1b4830e1-38e5-47a4-aa65-35a257c57114: TaskStarted(18,1278,None)
Sending msg to client play-fork-run-1b4830e1-38e5-47a4-aa65-35a257c57114: TaskStarted(18,1279,None)
Sending msg to client play-fork-run-1b4830e1-38e5-47a4-aa65-35a257c57114: TaskStarted(18,1280,None)
Sending msg to client play-fork-run-1b4830e1-38e5-47a4-aa65-35a257c57114: TaskFinished(18,1236,Some(AttributeKey[sbt.UnresolvedWarningConfiguration]("unresolvedWarningConfiguration") in Scope(Build: file:/Users/Arul/Downloads/Project_RiskGame/, , Project: ProjectReference(file:/Users/Arul/Downloads/Project_RiskGame/,riskgame), Task: AttributeKey[sbt.UpdateReport]("update"))),true,None)
Sending msg to client play-fork-run-1b4830e1-38e5-47a4-aa65-35a257c57114: TaskFinished(18,1218,Some(AttributeKey[scala.collection.Seq[sbt.ModuleID]]("allDependencies") in Scope(Build: file:/Users/Arul/Downloads/Project_RiskGame/, , Project: ProjectReference(file:/Users/Arul/Downloads/Project_RiskGame/,riskgame))),true,None)
Sending msg to client play-fork-run-1b4830e1-38e5-47a4-aa65-35a257c57114: TaskStarted(18,1217,Some(AttributeKey[sbt.ModuleSettings]("moduleSettings") in Scope(Build: file:/Users/Arul/Downloads/Project_RiskGame/, , Project: ProjectReference(file:/Users/Arul/Downloads/Project_RiskGame/,riskgame))))
Sending msg to client play-fork-run-1b4830e1-38e5-47a4-aa65-35a257c57114: TaskFinished(18,1267,None,true,None)
Sending msg to client play-fork-run-1b4830e1-38e5-47a4-aa65-35a257c57114: TaskStarted(18,1266,None)
Sending msg to client play-fork-run-1b4830e1-38e5-47a4-aa65-35a257c57114: TaskFinished(18,1268,None,true,None)
Sending msg to client play-fork-run-1b4830e1-38e5-47a4-aa65-35a257c57114: TaskFinished(18,1243,None,true,None)
Sending msg to client play-fork-run-1b4830e1-38e5-47a4-aa65-35a257c57114: TaskFinished(18,1273,None,true,None)
Sending msg to client play-fork-run-1b4830e1-38e5-47a4-aa65-35a257c57114: TaskFinished(18,1274,None,true,None)
Sending msg to client play-fork-run-1b4830e1-38e5-47a4-aa65-35a257c57114: TaskStarted(18,1272,Some(AttributeKey[scala.collection.Seq[sbt.Attributed[java.io.File]]]("unmanagedJars") in Scope(Build: file:/Users/Arul/Downloads/Project_RiskGame/, , Project: ProjectReference(file:/Users/Arul/Downloads/Project_RiskGame/,riskgame), Config: compile)))
Sending msg to client play-fork-run-1b4830e1-38e5-47a4-aa65-35a257c57114: TaskFinished(18,1276,None,true,None)
Sending msg to client play-fork-run-1b4830e1-38e5-47a4-aa65-35a257c57114: TaskStarted(18,1275,None)
Sending msg to client play-fork-run-1b4830e1-38e5-47a4-aa65-35a257c57114: TaskFinished(18,1278,None,true,None)
Sending msg to client play-fork-run-1b4830e1-38e5-47a4-aa65-35a257c57114: TaskFinished(18,1279,None,true,None)
Sending msg to client play-fork-run-1b4830e1-38e5-47a4-aa65-35a257c57114: TaskStarted(18,1277,Some(AttributeKey[scala.collection.Seq[sbt.Attributed[java.io.File]]]("unmanagedJars") in Scope(Build: file:/Users/Arul/Downloads/Project_RiskGame/, , Project: ProjectReference(file:/Users/Arul/Downloads/Project_RiskGame/,riskgame), Config: runtime)))
Sending msg to client play-fork-run-1b4830e1-38e5-47a4-aa65-35a257c57114: TaskFinished(18,1280,None,true,None)
Sending msg to client play-fork-run-1b4830e1-38e5-47a4-aa65-35a257c57114: TaskFinished(18,1261,Some(AttributeKey[scala.collection.Seq[java.io.File]]("playMonitoredFiles") in Scope(Build: file:/Users/Arul/Downloads/Project_RiskGame/, , Project: ProjectReference(file:/Users/Arul/Downloads/Project_RiskGame/,riskgame))),true,None)
Sending msg to client play-fork-run-1b4830e1-38e5-47a4-aa65-35a257c57114: TaskFinished(18,1217,Some(AttributeKey[sbt.ModuleSettings]("moduleSettings") in Scope(Build: file:/Users/Arul/Downloads/Project_RiskGame/, , Project: ProjectReference(file:/Users/Arul/Downloads/Project_RiskGame/,riskgame))),true,None)
Sending msg to client play-fork-run-1b4830e1-38e5-47a4-aa65-35a257c57114: TaskFinished(18,1266,None,true,None)
Sending msg to client play-fork-run-1b4830e1-38e5-47a4-aa65-35a257c57114: TaskFinished(18,1232,Some(AttributeKey[scala.collection.immutable.Map[org.apache.ivy.core.module.id.ModuleRevisionId,org.apache.ivy.core.module.descriptor.ModuleDescriptor]]("projectDescriptors") in Scope(Build: file:/Users/Arul/Downloads/Project_RiskGame/, , Project: ProjectReference(file:/Users/Arul/Downloads/Project_RiskGame/,riskgame))),true,None)
Sending msg to client play-fork-run-1b4830e1-38e5-47a4-aa65-35a257c57114: TaskStarted(18,1231,Some(AttributeKey[sbt.Resolver]("projectResolver") in Scope(Build: file:/Users/Arul/Downloads/Project_RiskGame/, , Project: ProjectReference(file:/Users/Arul/Downloads/Project_RiskGame/,riskgame))))
Sending msg to client play-fork-run-1b4830e1-38e5-47a4-aa65-35a257c57114: TaskFinished(18,1272,Some(AttributeKey[scala.collection.Seq[sbt.Attributed[java.io.File]]]("unmanagedJars") in Scope(Build: file:/Users/Arul/Downloads/Project_RiskGame/, , Project: ProjectReference(file:/Users/Arul/Downloads/Project_RiskGame/,riskgame), Config: compile)),true,None)
Sending msg to client play-fork-run-1b4830e1-38e5-47a4-aa65-35a257c57114: TaskStarted(18,1281,None)
Sending msg to client play-fork-run-1b4830e1-38e5-47a4-aa65-35a257c57114: TaskFinished(18,1277,Some(AttributeKey[scala.collection.Seq[sbt.Attributed[java.io.File]]]("unmanagedJars") in Scope(Build: file:/Users/Arul/Downloads/Project_RiskGame/, , Project: ProjectReference(file:/Users/Arul/Downloads/Project_RiskGame/,riskgame), Config: runtime)),true,None)
Sending msg to client play-fork-run-1b4830e1-38e5-47a4-aa65-35a257c57114: TaskFinished(18,1231,Some(AttributeKey[sbt.Resolver]("projectResolver") in Scope(Build: file:/Users/Arul/Downloads/Project_RiskGame/, , Project: ProjectReference(file:/Users/Arul/Downloads/Project_RiskGame/,riskgame))),true,None)
Sending msg to client play-fork-run-1b4830e1-38e5-47a4-aa65-35a257c57114: TaskStarted(18,1228,Some(AttributeKey[scala.collection.Seq[sbt.Resolver]]("fullResolvers") in Scope(Build: file:/Users/Arul/Downloads/Project_RiskGame/, , Project: ProjectReference(file:/Users/Arul/Downloads/Project_RiskGame/,riskgame))))
Sending msg to client play-fork-run-1b4830e1-38e5-47a4-aa65-35a257c57114: TaskFinished(18,1281,None,true,None)
Sending msg to client play-fork-run-1b4830e1-38e5-47a4-aa65-35a257c57114: TaskFinished(18,1275,None,true,None)
Sending msg to client play-fork-run-1b4830e1-38e5-47a4-aa65-35a257c57114: TaskStarted(18,1271,Some(AttributeKey[scala.collection.Seq[sbt.Attributed[java.io.File]]]("unmanagedJars") in Scope(Build: file:/Users/Arul/Downloads/Project_RiskGame/, , Project: ProjectReference(file:/Users/Arul/Downloads/Project_RiskGame/,riskgame), Config: compile)))
Sending msg to client play-fork-run-1b4830e1-38e5-47a4-aa65-35a257c57114: TaskFinished(18,1228,Some(AttributeKey[scala.collection.Seq[sbt.Resolver]]("fullResolvers") in Scope(Build: file:/Users/Arul/Downloads/Project_RiskGame/, , Project: ProjectReference(file:/Users/Arul/Downloads/Project_RiskGame/,riskgame))),true,None)
Sending msg to client play-fork-run-1b4830e1-38e5-47a4-aa65-35a257c57114: TaskStarted(18,1225,Some(AttributeKey[sbt.IvyConfiguration]("ivyConfiguration") in Scope(Build: file:/Users/Arul/Downloads/Project_RiskGame/, , Project: ProjectReference(file:/Users/Arul/Downloads/Project_RiskGame/,riskgame))))
Sending msg to client play-fork-run-1b4830e1-38e5-47a4-aa65-35a257c57114: TaskFinished(18,1271,Some(AttributeKey[scala.collection.Seq[sbt.Attributed[java.io.File]]]("unmanagedJars") in Scope(Build: file:/Users/Arul/Downloads/Project_RiskGame/, , Project: ProjectReference(file:/Users/Arul/Downloads/Project_RiskGame/,riskgame), Config: compile)),true,None)
Sending msg to client play-fork-run-1b4830e1-38e5-47a4-aa65-35a257c57114: TaskStarted(18,1270,None)
Sending msg to client play-fork-run-1b4830e1-38e5-47a4-aa65-35a257c57114: TaskFinished(18,1225,Some(AttributeKey[sbt.IvyConfiguration]("ivyConfiguration") in Scope(Build: file:/Users/Arul/Downloads/Project_RiskGame/, , Project: ProjectReference(file:/Users/Arul/Downloads/Project_RiskGame/,riskgame))),true,None)
Sending msg to client play-fork-run-1b4830e1-38e5-47a4-aa65-35a257c57114: TaskStarted(18,1223,Some(AttributeKey[sbt.IvySbt]("ivySbt") in Scope(Build: file:/Users/Arul/Downloads/Project_RiskGame/, , Project: ProjectReference(file:/Users/Arul/Downloads/Project_RiskGame/,riskgame))))
Sending msg to client play-fork-run-1b4830e1-38e5-47a4-aa65-35a257c57114: TaskFinished(18,1270,None,true,None)
Sending msg to client play-fork-run-1b4830e1-38e5-47a4-aa65-35a257c57114: TaskStarted(18,1269,None)
Sending msg to client play-fork-run-1b4830e1-38e5-47a4-aa65-35a257c57114: TaskFinished(18,1223,Some(AttributeKey[sbt.IvySbt]("ivySbt") in Scope(Build: file:/Users/Arul/Downloads/Project_RiskGame/, , Project: ProjectReference(file:/Users/Arul/Downloads/Project_RiskGame/,riskgame))),true,None)
Sending msg to client play-fork-run-1b4830e1-38e5-47a4-aa65-35a257c57114: TaskStarted(18,1216,Some(AttributeKey[sbt.IvySbt$Module]("ivyModule") in Scope(Build: file:/Users/Arul/Downloads/Project_RiskGame/, , Project: ProjectReference(file:/Users/Arul/Downloads/Project_RiskGame/,riskgame))))
Sending msg to client play-fork-run-1b4830e1-38e5-47a4-aa65-35a257c57114: TaskFinished(18,1269,None,true,None)
Sending msg to client play-fork-run-1b4830e1-38e5-47a4-aa65-35a257c57114: TaskFinished(18,1256,None,true,None)
Sending msg to client play-fork-run-1b4830e1-38e5-47a4-aa65-35a257c57114: TaskStarted(18,1255,Some(AttributeKey[scala.collection.Seq[sbt.Attributed[java.io.File]]]("unmanagedClasspath") in Scope(Build: file:/Users/Arul/Downloads/Project_RiskGame/, , Project: ProjectReference(file:/Users/Arul/Downloads/Project_RiskGame/,riskgame), Config: runtime)))
Sending msg to client play-fork-run-1b4830e1-38e5-47a4-aa65-35a257c57114: TaskFinished(18,1216,Some(AttributeKey[sbt.IvySbt$Module]("ivyModule") in Scope(Build: file:/Users/Arul/Downloads/Project_RiskGame/, , Project: ProjectReference(file:/Users/Arul/Downloads/Project_RiskGame/,riskgame))),true,None)
Sending msg to client play-fork-run-1b4830e1-38e5-47a4-aa65-35a257c57114: TaskStarted(18,1213,Some(AttributeKey[sbt.UpdateReport]("update") in Scope(Build: file:/Users/Arul/Downloads/Project_RiskGame/, , Project: ProjectReference(file:/Users/Arul/Downloads/Project_RiskGame/,riskgame))))
Sending msg to client play-fork-run-1b4830e1-38e5-47a4-aa65-35a257c57114: TaskFinished(18,1255,Some(AttributeKey[scala.collection.Seq[sbt.Attributed[java.io.File]]]("unmanagedClasspath") in Scope(Build: file:/Users/Arul/Downloads/Project_RiskGame/, , Project: ProjectReference(file:/Users/Arul/Downloads/Project_RiskGame/,riskgame), Config: runtime)),true,None)
Sending msg to client play-fork-run-1b4830e1-38e5-47a4-aa65-35a257c57114: TaskFinished(18,1213,Some(AttributeKey[sbt.UpdateReport]("update") in Scope(Build: file:/Users/Arul/Downloads/Project_RiskGame/, , Project: ProjectReference(file:/Users/Arul/Downloads/Project_RiskGame/,riskgame))),true,None)
Sending msg to client play-fork-run-1b4830e1-38e5-47a4-aa65-35a257c57114: TaskStarted(18,1212,Some(AttributeKey[sbt.UpdateReport]("update") in Scope(Build: file:/Users/Arul/Downloads/Project_RiskGame/, , Project: ProjectReference(file:/Users/Arul/Downloads/Project_RiskGame/,riskgame))))
Sending msg to client play-fork-run-1b4830e1-38e5-47a4-aa65-35a257c57114: TaskFinished(18,1212,Some(AttributeKey[sbt.UpdateReport]("update") in Scope(Build: file:/Users/Arul/Downloads/Project_RiskGame/, , Project: ProjectReference(file:/Users/Arul/Downloads/Project_RiskGame/,riskgame))),true,None)
Sending msg to client play-fork-run-1b4830e1-38e5-47a4-aa65-35a257c57114: TaskStarted(18,1211,Some(AttributeKey[scala.collection.Seq[sbt.Attributed[java.io.File]]]("managedClasspath") in Scope(Build: file:/Users/Arul/Downloads/Project_RiskGame/, , Project: ProjectReference(file:/Users/Arul/Downloads/Project_RiskGame/,riskgame), Config: docs)))
Sending msg to client play-fork-run-1b4830e1-38e5-47a4-aa65-35a257c57114: TaskStarted(18,1252,Some(AttributeKey[sbt.Configuration]("classpathConfiguration") in Scope(Build: file:/Users/Arul/Downloads/Project_RiskGame/, , Project: ProjectReference(file:/Users/Arul/Downloads/Project_RiskGame/,riskgame), Config: compile)))
Sending msg to client play-fork-run-1b4830e1-38e5-47a4-aa65-35a257c57114: TaskFinished(18,1252,Some(AttributeKey[sbt.Configuration]("classpathConfiguration") in Scope(Build: file:/Users/Arul/Downloads/Project_RiskGame/, , Project: ProjectReference(file:/Users/Arul/Downloads/Project_RiskGame/,riskgame), Config: compile)),true,None)
Sending msg to client play-fork-run-1b4830e1-38e5-47a4-aa65-35a257c57114: TaskStarted(18,1251,None)
Sending msg to client play-fork-run-1b4830e1-38e5-47a4-aa65-35a257c57114: TaskFinished(18,1251,None,true,None)
Sending msg to client play-fork-run-1b4830e1-38e5-47a4-aa65-35a257c57114: TaskStarted(18,1250,Some(AttributeKey[sbt.Configuration]("classpathConfiguration") in Scope(Build: file:/Users/Arul/Downloads/Project_RiskGame/, , Project: ProjectReference(file:/Users/Arul/Downloads/Project_RiskGame/,riskgame), Config: runtime)))
Sending msg to client play-fork-run-1b4830e1-38e5-47a4-aa65-35a257c57114: TaskFinished(18,1250,Some(AttributeKey[sbt.Configuration]("classpathConfiguration") in Scope(Build: file:/Users/Arul/Downloads/Project_RiskGame/, , Project: ProjectReference(file:/Users/Arul/Downloads/Project_RiskGame/,riskgame), Config: runtime)),true,None)
Sending msg to client play-fork-run-1b4830e1-38e5-47a4-aa65-35a257c57114: TaskStarted(18,1249,None)
Sending msg to client play-fork-run-1b4830e1-38e5-47a4-aa65-35a257c57114: TaskFinished(18,1249,None,true,None)
Sending msg to client play-fork-run-1b4830e1-38e5-47a4-aa65-35a257c57114: TaskStarted(18,1248,Some(AttributeKey[scala.collection.Seq[sbt.Attributed[java.io.File]]]("managedClasspath") in Scope(Build: file:/Users/Arul/Downloads/Project_RiskGame/, , Project: ProjectReference(file:/Users/Arul/Downloads/Project_RiskGame/,riskgame), Config: runtime)))
Sending msg to client play-fork-run-1b4830e1-38e5-47a4-aa65-35a257c57114: TaskFinished(18,1248,Some(AttributeKey[scala.collection.Seq[sbt.Attributed[java.io.File]]]("managedClasspath") in Scope(Build: file:/Users/Arul/Downloads/Project_RiskGame/, , Project: ProjectReference(file:/Users/Arul/Downloads/Project_RiskGame/,riskgame), Config: runtime)),true,None)
Sending msg to client play-fork-run-1b4830e1-38e5-47a4-aa65-35a257c57114: TaskStarted(18,1247,None)
Sending msg to client play-fork-run-1b4830e1-38e5-47a4-aa65-35a257c57114: TaskFinished(18,1247,None,true,None)
Sending msg to client play-fork-run-1b4830e1-38e5-47a4-aa65-35a257c57114: TaskStarted(18,1246,Some(AttributeKey[scala.collection.Seq[sbt.Attributed[java.io.File]]]("playDependencyClasspath") in Scope(Build: file:/Users/Arul/Downloads/Project_RiskGame/, , Project: ProjectReference(file:/Users/Arul/Downloads/Project_RiskGame/,riskgame))))
Sending msg to client play-fork-run-1b4830e1-38e5-47a4-aa65-35a257c57114: TaskFinished(18,1246,Some(AttributeKey[scala.collection.Seq[sbt.Attributed[java.io.File]]]("playDependencyClasspath") in Scope(Build: file:/Users/Arul/Downloads/Project_RiskGame/, , Project: ProjectReference(file:/Users/Arul/Downloads/Project_RiskGame/,riskgame))),true,None)
Sending msg to client play-fork-run-1b4830e1-38e5-47a4-aa65-35a257c57114: TaskFinished(18,1211,Some(AttributeKey[scala.collection.Seq[sbt.Attributed[java.io.File]]]("managedClasspath") in Scope(Build: file:/Users/Arul/Downloads/Project_RiskGame/, , Project: ProjectReference(file:/Users/Arul/Downloads/Project_RiskGame/,riskgame), Config: docs)),true,None)
Sending msg to client play-fork-run-1b4830e1-38e5-47a4-aa65-35a257c57114: TaskStarted(18,1259,Some(AttributeKey[scala.Option[java.io.File]]("playDocsJar") in Scope(Build: file:/Users/Arul/Downloads/Project_RiskGame/, , Project: ProjectReference(file:/Users/Arul/Downloads/Project_RiskGame/,riskgame))))
Sending msg to client play-fork-run-1b4830e1-38e5-47a4-aa65-35a257c57114: TaskFinished(18,1259,Some(AttributeKey[scala.Option[java.io.File]]("playDocsJar") in Scope(Build: file:/Users/Arul/Downloads/Project_RiskGame/, , Project: ProjectReference(file:/Users/Arul/Downloads/Project_RiskGame/,riskgame))),true,None)
Sending msg to client play-fork-run-1b4830e1-38e5-47a4-aa65-35a257c57114: TaskStarted(18,1210,Some(AttributeKey[play.forkrun.protocol.ForkConfig]("playForkConfig") in Scope(Build: file:/Users/Arul/Downloads/Project_RiskGame/, , Project: ProjectReference(file:/Users/Arul/Downloads/Project_RiskGame/,riskgame))))
Sending msg to client play-fork-run-1b4830e1-38e5-47a4-aa65-35a257c57114: TaskFinished(18,1210,Some(AttributeKey[play.forkrun.protocol.ForkConfig]("playForkConfig") in Scope(Build: file:/Users/Arul/Downloads/Project_RiskGame/, , Project: ProjectReference(file:/Users/Arul/Downloads/Project_RiskGame/,riskgame))),true,None)
Sending msg to client play-fork-run-1b4830e1-38e5-47a4-aa65-35a257c57114: ValueChanged(AttributeKey[play.forkrun.protocol.ForkConfig]("playForkConfig") in Scope(Build: file:/Users/Arul/Downloads/Project_RiskGame/, , Project: ProjectReference(file:/Users/Arul/Downloads/Project_RiskGame/,riskgame)),TaskSuccess(BuildValue(LazyValue(ForkConfig(/Users/Arul/Downloads/Project_RiskGame,List(),List(/Users/Arul/Downloads/Project_RiskGame/lib/fest-assert-1.4.jar, /Users/Arul/Downloads/Project_RiskGame/lib/fest-util-1.1.6.jar, /Users/Arul/Downloads/Project_RiskGame/lib/hamcrest-core-1.3.jar, /Users/Arul/Downloads/Project_RiskGame/lib/junit-4.11-extended-1.0.4.jar, /Users/Arul/Downloads/Project_RiskGame/lib/junit-4.11.jar, /Users/Arul/.ivy2/cache/org.scala-lang/scala-library/jars/scala-library-2.11.7.jar, /Users/Arul/.ivy2/cache/com.typesafe.play/twirl-api_2.11/jars/twirl-api_2.11-1.1.1.jar, /Users/Arul/.ivy2/cache/org.apache.commons/commons-lang3/jars/commons-lang3-3.4.jar, /Users/Arul/.ivy2/cache/org.scala-lang.modules/scala-xml_2.11/bundles/scala-xml_2.11-1.0.1.jar, /Users/Arul/.ivy2/cache/com.typesafe.play/play-server_2.11/jars/play-server_2.11-2.4.2.jar, /Users/Arul/.ivy2/cache/com.typesafe.play/play_2.11/jars/play_2.11-2.4.2.jar, /Users/Arul/.ivy2/cache/com.typesafe.play/build-link/jars/build-link-2.4.2.jar, /Users/Arul/.ivy2/cache/com.typesafe.play/play-exceptions/jars/play-exceptions-2.4.2.jar, /Users/Arul/.ivy2/cache/org.javassist/javassist/bundles/javassist-3.19.0-GA.jar, /Users/Arul/.ivy2/cache/com.typesafe.play/play-iteratees_2.11/jars/play-iteratees_2.11-2.4.2.jar, /Users/Arul/.ivy2/cache/org.scala-stm/scala-stm_2.11/jars/scala-stm_2.11-0.7.jar, /Users/Arul/.ivy2/cache/com.typesafe/config/bundles/config-1.3.0.jar, /Users/Arul/.ivy2/cache/com.typesafe.play/play-json_2.11/jars/play-json_2.11-2.4.2.jar, /Users/Arul/.ivy2/cache/com.typesafe.play/play-functional_2.11/jars/play-functional_2.11-2.4.2.jar, /Users/Arul/.ivy2/cache/com.typesafe.play/play-datacommons_2.11/jars/play-datacommons_2.11-2.4.2.jar, /Users/Arul/.ivy2/cache/joda-time/joda-time/jars/joda-time-2.8.1.jar, /Users/Arul/.ivy2/cache/org.joda/joda-convert/jars/joda-convert-1.7.jar, /Users/Arul/.ivy2/cache/org.scala-lang/scala-reflect/jars/scala-reflect-2.11.6.jar, /Users/Arul/.ivy2/cache/com.fasterxml.jackson.core/jackson-core/bundles/jackson-core-2.5.4.jar, /Users/Arul/.ivy2/cache/com.fasterxml.jackson.core/jackson-annotations/bundles/jackson-annotations-2.5.4.jar, /Users/Arul/.ivy2/cache/com.fasterxml.jackson.core/jackson-databind/bundles/jackson-databind-2.5.4.jar, /Users/Arul/.ivy2/cache/com.fasterxml.jackson.datatype/jackson-datatype-jdk8/bundles/jackson-datatype-jdk8-2.5.4.jar, /Users/Arul/.ivy2/cache/com.fasterxml.jackson.datatype/jackson-datatype-jsr310/bundles/jackson-datatype-jsr310-2.5.4.jar, /Users/Arul/.ivy2/cache/com.typesafe.play/play-netty-utils/jars/play-netty-utils-2.4.2.jar, /Users/Arul/.ivy2/cache/org.slf4j/slf4j-api/jars/slf4j-api-1.7.12.jar, /Users/Arul/.ivy2/cache/org.slf4j/jul-to-slf4j/jars/jul-to-slf4j-1.7.12.jar, /Users/Arul/.ivy2/cache/org.slf4j/jcl-over-slf4j/jars/jcl-over-slf4j-1.7.12.jar, /Users/Arul/.ivy2/cache/org.scala-lang.modules/scala-parser-combinators_2.11/bundles/scala-parser-combinators_2.11-1.0.1.jar, /Users/Arul/.ivy2/cache/ch.qos.logback/logback-core/jars/logback-core-1.1.3.jar, /Users/Arul/.ivy2/cache/ch.qos.logback/logback-classic/jars/logback-classic-1.1.3.jar, /Users/Arul/.ivy2/cache/com.typesafe.akka/akka-actor_2.11/jars/akka-actor_2.11-2.3.11.jar, /Users/Arul/.ivy2/cache/com.typesafe.akka/akka-slf4j_2.11/jars/akka-slf4j_2.11-2.3.11.jar, /Users/Arul/.ivy2/cache/commons-codec/commons-codec/jars/commons-codec-1.10.jar, /Users/Arul/.ivy2/cache/xerces/xercesImpl/jars/xercesImpl-2.11.0.jar, /Users/Arul/.ivy2/cache/xml-apis/xml-apis/jars/xml-apis-1.4.01.jar, /Users/Arul/.ivy2/cache/javax.transaction/jta/jars/jta-1.1.jar, /Users/Arul/.ivy2/cache/com.google.inject/guice/jars/guice-4.0.jar, /Users/Arul/.ivy2/cache/javax.inject/javax.inject/jars/javax.inject-1.jar, /Users/Arul/.ivy2/cache/aopalliance/aopalliance/jars/aopalliance-1.0.jar, /Users/Arul/.ivy2/cache/com.google.inject.extensions/guice-assistedinject/jars/guice-assistedinject-4.0.jar, /Users/Arul/.ivy2/cache/com.typesafe.play/play-java_2.11/jars/play-java_2.11-2.4.2.jar, /Users/Arul/.ivy2/cache/org.scala-lang.modules/scala-java8-compat_2.11/bundles/scala-java8-compat_2.11-0.3.0.jar, /Users/Arul/.ivy2/cache/org.yaml/snakeyaml/bundles/snakeyaml-1.15.jar, /Users/Arul/.ivy2/cache/org.hibernate/hibernate-validator/jars/hibernate-validator-5.0.3.Final.jar, /Users/Arul/.ivy2/cache/javax.validation/validation-api/jars/validation-api-1.1.0.Final.jar, /Users/Arul/.ivy2/cache/com.fasterxml/classmate/bundles/classmate-1.0.0.jar, /Users/Arul/.ivy2/cache/org.jboss.logging/jboss-logging/jars/jboss-logging-3.2.1.Final.jar, /Users/Arul/.ivy2/cache/org.springframework/spring-context/jars/spring-context-4.1.6.RELEASE.jar, /Users/Arul/.ivy2/cache/org.springframework/spring-core/jars/spring-core-4.1.6.RELEASE.jar, /Users/Arul/.ivy2/cache/org.springframework/spring-beans/jars/spring-beans-4.1.6.RELEASE.jar, /Users/Arul/.ivy2/cache/org.reflections/reflections/jars/reflections-0.9.9.jar, /Users/Arul/.ivy2/cache/com.google.guava/guava/bundles/guava-18.0.jar, /Users/Arul/.ivy2/cache/com.google.code.findbugs/annotations/jars/annotations-2.0.1.jar, /Users/Arul/.ivy2/cache/net.jodah/typetools/bundles/typetools-0.4.1.jar, /Users/Arul/.ivy2/cache/com.google.code.findbugs/jsr305/jars/jsr305-2.0.3.jar, /Users/Arul/.ivy2/cache/org.apache.tomcat/tomcat-servlet-api/jars/tomcat-servlet-api-8.0.21.jar, /Users/Arul/.ivy2/cache/com.typesafe.play/play-netty-server_2.11/jars/play-netty-server_2.11-2.4.2.jar, /Users/Arul/.ivy2/cache/io.netty/netty/bundles/netty-3.10.3.Final.jar, /Users/Arul/.ivy2/cache/com.typesafe.netty/netty-http-pipelining/jars/netty-http-pipelining-1.1.4.jar, /Users/Arul/.ivy2/cache/com.typesafe.play/play-java-jdbc_2.11/jars/play-java-jdbc_2.11-2.4.2.jar, /Users/Arul/.ivy2/cache/com.typesafe.play/play-jdbc_2.11/jars/play-jdbc_2.11-2.4.2.jar, /Users/Arul/.ivy2/cache/com.typesafe.play/play-jdbc-api_2.11/jars/play-jdbc-api_2.11-2.4.2.jar, /Users/Arul/.ivy2/cache/com.jolbox/bonecp/bundles/bonecp-0.8.0.RELEASE.jar, /Users/Arul/.ivy2/cache/com.zaxxer/HikariCP/bundles/HikariCP-2.3.7.jar, /Users/Arul/.ivy2/cache/com.h2database/h2/jars/h2-1.4.187.jar, /Users/Arul/.ivy2/cache/tyrex/tyrex/jars/tyrex-1.0.1.jar, /Users/Arul/.ivy2/cache/com.typesafe.play/play-cache_2.11/jars/play-cache_2.11-2.4.2.jar, /Users/Arul/.ivy2/cache/net.sf.ehcache/ehcache-core/jars/ehcache-core-2.6.11.jar, /Users/Arul/.ivy2/cache/com.typesafe.play/play-java-ws_2.11/jars/play-java-ws_2.11-2.4.2.jar, /Users/Arul/.ivy2/cache/com.typesafe.play/play-ws_2.11/jars/play-ws_2.11-2.4.2.jar, /Users/Arul/.ivy2/cache/com.ning/async-http-client/jars/async-http-client-1.9.21.jar, /Users/Arul/.ivy2/cache/oauth.signpost/signpost-core/jars/signpost-core-1.2.1.2.jar, /Users/Arul/.ivy2/cache/oauth.signpost/signpost-commonshttp4/jars/signpost-commonshttp4-1.2.1.2.jar, /Users/Arul/.ivy2/cache/org.apache.httpcomponents/httpcore/jars/httpcore-4.0.1.jar, /Users/Arul/.ivy2/cache/org.apache.httpcomponents/httpclient/jars/httpclient-4.0.1.jar, /Users/Arul/.ivy2/cache/commons-logging/commons-logging/jars/commons-logging-1.1.1.jar, /Users/Arul/.ivy2/cache/mysql/mysql-connector-java/jars/mysql-connector-java-5.1.18.jar),List((public/,/Users/Arul/Downloads/Project_RiskGame/target/web/public/main)),List(/Users/Arul/.ivy2/cache/com.typesafe.play/play-omnidoc_2.11/jars/play-omnidoc_2.11-2.4.2.jar, /Users/Arul/.ivy2/cache/org.scala-lang/scala-library/jars/scala-library-2.11.6.jar, /Users/Arul/.ivy2/cache/com.typesafe.play/play-docs_2.11/jars/play-docs_2.11-2.4.2.jar, /Users/Arul/.ivy2/cache/com.typesafe.play/play-netty-server_2.11/jars/play-netty-server_2.11-2.4.2.jar, /Users/Arul/.ivy2/cache/com.typesafe.play/play-server_2.11/jars/play-server_2.11-2.4.2.jar, /Users/Arul/.ivy2/cache/com.typesafe.play/play_2.11/jars/play_2.11-2.4.2.jar, /Users/Arul/.ivy2/cache/com.typesafe.play/build-link/jars/build-link-2.4.2.jar, /Users/Arul/.ivy2/cache/com.typesafe.play/play-exceptions/jars/play-exceptions-2.4.2.jar, /Users/Arul/.ivy2/cache/org.javassist/javassist/bundles/javassist-3.19.0-GA.jar, /Users/Arul/.ivy2/cache/com.typesafe.play/play-iteratees_2.11/jars/play-iteratees_2.11-2.4.2.jar, /Users/Arul/.ivy2/cache/org.scala-stm/scala-stm_2.11/jars/scala-stm_2.11-0.7.jar, /Users/Arul/.ivy2/cache/com.typesafe/config/bundles/config-1.3.0.jar, /Users/Arul/.ivy2/cache/com.typesafe.play/play-json_2.11/jars/play-json_2.11-2.4.2.jar, /Users/Arul/.ivy2/cache/com.typesafe.play/play-functional_2.11/jars/play-functional_2.11-2.4.2.jar, /Users/Arul/.ivy2/cache/com.typesafe.play/play-datacommons_2.11/jars/play-datacommons_2.11-2.4.2.jar, /Users/Arul/.ivy2/cache/joda-time/joda-time/jars/joda-time-2.8.1.jar, /Users/Arul/.ivy2/cache/org.joda/joda-convert/jars/joda-convert-1.7.jar, /Users/Arul/.ivy2/cache/org.scala-lang/scala-reflect/jars/scala-reflect-2.11.6.jar, /Users/Arul/.ivy2/cache/com.fasterxml.jackson.core/jackson-core/bundles/jackson-core-2.5.4.jar, /Users/Arul/.ivy2/cache/com.fasterxml.jackson.core/jackson-annotations/bundles/jackson-annotations-2.5.4.jar, /Users/Arul/.ivy2/cache/com.fasterxml.jackson.core/jackson-databind/bundles/jackson-databind-2.5.4.jar, /Users/Arul/.ivy2/cache/com.fasterxml.jackson.datatype/jackson-datatype-jdk8/bundles/jackson-datatype-jdk8-2.5.4.jar, /Users/Arul/.ivy2/cache/com.fasterxml.jackson.datatype/jackson-datatype-jsr310/bundles/jackson-datatype-jsr310-2.5.4.jar, /Users/Arul/.ivy2/cache/com.typesafe.play/play-netty-utils/jars/play-netty-utils-2.4.2.jar, /Users/Arul/.ivy2/cache/org.slf4j/slf4j-api/jars/slf4j-api-1.7.12.jar, /Users/Arul/.ivy2/cache/org.slf4j/jul-to-slf4j/jars/jul-to-slf4j-1.7.12.jar, /Users/Arul/.ivy2/cache/org.slf4j/jcl-over-slf4j/jars/jcl-over-slf4j-1.7.12.jar, /Users/Arul/.ivy2/cache/com.typesafe.play/twirl-api_2.11/jars/twirl-api_2.11-1.1.1.jar, /Users/Arul/.ivy2/cache/org.apache.commons/commons-lang3/jars/commons-lang3-3.4.jar, /Users/Arul/.ivy2/cache/org.scala-lang.modules/scala-xml_2.11/bundles/scala-xml_2.11-1.0.1.jar, /Users/Arul/.ivy2/cache/org.scala-lang.modules/scala-parser-combinators_2.11/bundles/scala-parser-combinators_2.11-1.0.1.jar, /Users/Arul/.ivy2/cache/ch.qos.logback/logback-core/jars/logback-core-1.1.3.jar, /Users/Arul/.ivy2/cache/ch.qos.logback/logback-classic/jars/logback-classic-1.1.3.jar, /Users/Arul/.ivy2/cache/com.typesafe.akka/akka-actor_2.11/jars/akka-actor_2.11-2.3.11.jar, /Users/Arul/.ivy2/cache/com.typesafe.akka/akka-slf4j_2.11/jars/akka-slf4j_2.11-2.3.11.jar, /Users/Arul/.ivy2/cache/commons-codec/commons-codec/jars/commons-codec-1.10.jar, /Users/Arul/.ivy2/cache/xerces/xercesImpl/jars/xercesImpl-2.11.0.jar, /Users/Arul/.ivy2/cache/xml-apis/xml-apis/jars/xml-apis-1.4.01.jar, /Users/Arul/.ivy2/cache/javax.transaction/jta/jars/jta-1.1.jar, /Users/Arul/.ivy2/cache/com.google.inject/guice/jars/guice-4.0.jar, /Users/Arul/.ivy2/cache/javax.inject/javax.inject/jars/javax.inject-1.jar, /Users/Arul/.ivy2/cache/aopalliance/aopalliance/jars/aopalliance-1.0.jar, /Users/Arul/.ivy2/cache/com.google.guava/guava/bundles/guava-16.0.1.jar, /Users/Arul/.ivy2/cache/com.google.inject.extensions/guice-assistedinject/jars/guice-assistedinject-4.0.jar, /Users/Arul/.ivy2/cache/io.netty/netty/bundles/netty-3.10.3.Final.jar, /Users/Arul/.ivy2/cache/com.typesafe.netty/netty-http-pipelining/jars/netty-http-pipelining-1.1.4.jar, /Users/Arul/.ivy2/cache/com.typesafe.play/play-doc_2.11/jars/play-doc_2.11-1.2.2.jar, /Users/Arul/.ivy2/cache/org.pegdown/pegdown/jars/pegdown-1.4.0.jar, /Users/Arul/.ivy2/cache/org.parboiled/parboiled-java/bundles/parboiled-java-1.1.5.jar, /Users/Arul/.ivy2/cache/org.parboiled/parboiled-core/bundles/parboiled-core-1.1.5.jar, /Users/Arul/.ivy2/cache/org.ow2.asm/asm/jars/asm-4.1.jar, /Users/Arul/.ivy2/cache/org.ow2.asm/asm-tree/jars/asm-tree-4.1.jar, /Users/Arul/.ivy2/cache/org.ow2.asm/asm-analysis/jars/asm-analysis-4.1.jar, /Users/Arul/.ivy2/cache/org.ow2.asm/asm-util/jars/asm-util-4.1.jar, /Users/Arul/.ivy2/cache/commons-io/commons-io/jars/commons-io-2.4.jar),Some(/Users/Arul/.ivy2/cache/com.typesafe.play/play-omnidoc_2.11/jars/play-omnidoc_2.11-2.4.2.jar),List(),9000,0.0.0.0,DefaultWatchService,List(/Users/Arul/Downloads/Project_RiskGame/public, /Users/Arul/Downloads/Project_RiskGame/conf, /Users/Arul/Downloads/Project_RiskGame/app),/Users/Arul/Downloads/Project_RiskGame/target,500,riskgame/playForkNotifyStart,riskgame/playForkReload,300000,play.core.server.DevServerStart),scala.pickling.PicklerUnpickler$DelegatingPicklerUnpickler@7bbe8d4a),ForkConfig(/Users/Arul/Downloads/Project_RiskGame,List(),List(/Users/Arul/Downloads/Project_RiskGame/lib/fest-assert-1.4.jar, /Users/Arul/Downloads/Project_RiskGame/lib/fest-util-1.1.6.jar, /Users/Arul/Downloads/Project_RiskGame/lib/hamcrest-core-1.3.jar, /Users/Arul/Downloads/Project_RiskGame/lib/junit-4.11-extended-1.0.4.jar, /Users/Arul/Downloads/Project_RiskGame/lib/junit-4.11.jar, /Users/Arul/.ivy2/cache/org.scala-lang/scala-library/jars/scala-library-2.11.7.jar, /Users/Arul/.ivy2/cache/com.typesafe.play/twirl-api_2.11/jars/twirl-api_2.11-1.1.1.jar, /Users/Arul/.ivy2/cache/org.apache.commons/commons-lang3/jars/commons-lang3-3.4.jar, /Users/Arul/.ivy2/cache/org.scala-lang.modules/scala-xml_2.11/bundles/scala-xml_2.11-1.0.1.jar, /Users/Arul/.ivy2/cache/com.typesafe.play/play-server_2.11/jars/play-server_2.11-2.4.2.jar, /Users/Arul/.ivy2/cache/com.typesafe.play/play_2.11/jars/play_2.11-2.4.2.jar, /Users/Arul/.ivy2/cache/com.typesafe.play/build-link/jars/build-link-2.4.2.jar, /Users/Arul/.ivy2/cache/com.typesafe.play/play-exceptions/jars/play-exceptions-2.4.2.jar, /Users/Arul/.ivy2/cache/org.javassist/javassist/bundles/javassist-3.19.0-GA.jar, /Users/Arul/.ivy2/cache/com.typesafe.play/play-iteratees_2.11/jars/play-iteratees_2.11-2.4.2.jar, /Users/Arul/.ivy2/cache/org.scala-stm/scala-stm_2.11/jars/scala-stm_2.11-0.7.jar, /Users/Arul/.ivy2/cache/com.typesafe/config/bundles/config-1.3.0.jar, /Users/Arul/.ivy2/cache/com.typesafe.play/play-json_2.11/jars/play-json_2.11-2.4.2.jar, /Users/Arul/.ivy2/cache/com.typesafe.play/play-functional_2.11/jars/play-functional_2.11-2.4.2.jar, /Users/Arul/.ivy2/cache/com.typesafe.play/play-datacommons_2.11/jars/play-datacommons_2.11-2.4.2.jar, /Users/Arul/.ivy2/cache/joda-time/joda-time/jars/joda-time-2.8.1.jar, /Users/Arul/.ivy2/cache/org.joda/joda-convert/jars/joda-convert-1.7.jar, /Users/Arul/.ivy2/cache/org.scala-lang/scala-reflect/jars/scala-reflect-2.11.6.jar, /Users/Arul/.ivy2/cache/com.fasterxml.jackson.core/jackson-core/bundles/jackson-core-2.5.4.jar, /Users/Arul/.ivy2/cache/com.fasterxml.jackson.core/jackson-annotations/bundles/jackson-annotations-2.5.4.jar, /Users/Arul/.ivy2/cache/com.fasterxml.jackson.core/jackson-databind/bundles/jackson-databind-2.5.4.jar, /Users/Arul/.ivy2/cache/com.fasterxml.jackson.datatype/jackson-datatype-jdk8/bundles/jackson-datatype-jdk8-2.5.4.jar, /Users/Arul/.ivy2/cache/com.fasterxml.jackson.datatype/jackson-datatype-jsr310/bundles/jackson-datatype-jsr310-2.5.4.jar, /Users/Arul/.ivy2/cache/com.typesafe.play/play-netty-utils/jars/play-netty-utils-2.4.2.jar, /Users/Arul/.ivy2/cache/org.slf4j/slf4j-api/jars/slf4j-api-1.7.12.jar, /Users/Arul/.ivy2/cache/org.slf4j/jul-to-slf4j/jars/jul-to-slf4j-1.7.12.jar, /Users/Arul/.ivy2/cache/org.slf4j/jcl-over-slf4j/jars/jcl-over-slf4j-1.7.12.jar, /Users/Arul/.ivy2/cache/org.scala-lang.modules/scala-parser-combinators_2.11/bundles/scala-parser-combinators_2.11-1.0.1.jar, /Users/Arul/.ivy2/cache/ch.qos.logback/logback-core/jars/logback-core-1.1.3.jar, /Users/Arul/.ivy2/cache/ch.qos.logback/logback-classic/jars/logback-classic-1.1.3.jar, /Users/Arul/.ivy2/cache/com.typesafe.akka/akka-actor_2.11/jars/akka-actor_2.11-2.3.11.jar, /Users/Arul/.ivy2/cache/com.typesafe.akka/akka-slf4j_2.11/jars/akka-slf4j_2.11-2.3.11.jar, /Users/Arul/.ivy2/cache/commons-codec/commons-codec/jars/commons-codec-1.10.jar, /Users/Arul/.ivy2/cache/xerces/xercesImpl/jars/xercesImpl-2.11.0.jar, /Users/Arul/.ivy2/cache/xml-apis/xml-apis/jars/xml-apis-1.4.01.jar, /Users/Arul/.ivy2/cache/javax.transaction/jta/jars/jta-1.1.jar, /Users/Arul/.ivy2/cache/com.google.inject/guice/jars/guice-4.0.jar, /Users/Arul/.ivy2/cache/javax.inject/javax.inject/jars/javax.inject-1.jar, /Users/Arul/.ivy2/cache/aopalliance/aopalliance/jars/aopalliance-1.0.jar, /Users/Arul/.ivy2/cache/com.google.inject.extensions/guice-assistedinject/jars/guice-assistedinject-4.0.jar, /Users/Arul/.ivy2/cache/com.typesafe.play/play-java_2.11/jars/play-java_2.11-2.4.2.jar, /Users/Arul/.ivy2/cache/org.scala-lang.modules/scala-java8-compat_2.11/bundles/scala-java8-compat_2.11-0.3.0.jar, /Users/Arul/.ivy2/cache/org.yaml/snakeyaml/bundles/snakeyaml-1.15.jar, /Users/Arul/.ivy2/cache/org.hibernate/hibernate-validator/jars/hibernate-validator-5.0.3.Final.jar, /Users/Arul/.ivy2/cache/javax.validation/validation-api/jars/validation-api-1.1.0.Final.jar, /Users/Arul/.ivy2/cache/com.fasterxml/classmate/bundles/classmate-1.0.0.jar, /Users/Arul/.ivy2/cache/org.jboss.logging/jboss-logging/jars/jboss-logging-3.2.1.Final.jar, /Users/Arul/.ivy2/cache/org.springframework/spring-context/jars/spring-context-4.1.6.RELEASE.jar, /Users/Arul/.ivy2/cache/org.springframework/spring-core/jars/spring-core-4.1.6.RELEASE.jar, /Users/Arul/.ivy2/cache/org.springframework/spring-beans/jars/spring-beans-4.1.6.RELEASE.jar, /Users/Arul/.ivy2/cache/org.reflections/reflections/jars/reflections-0.9.9.jar, /Users/Arul/.ivy2/cache/com.google.guava/guava/bundles/guava-18.0.jar, /Users/Arul/.ivy2/cache/com.google.code.findbugs/annotations/jars/annotations-2.0.1.jar, /Users/Arul/.ivy2/cache/net.jodah/typetools/bundles/typetools-0.4.1.jar, /Users/Arul/.ivy2/cache/com.google.code.findbugs/jsr305/jars/jsr305-2.0.3.jar, /Users/Arul/.ivy2/cache/org.apache.tomcat/tomcat-servlet-api/jars/tomcat-servlet-api-8.0.21.jar, /Users/Arul/.ivy2/cache/com.typesafe.play/play-netty-server_2.11/jars/play-netty-server_2.11-2.4.2.jar, /Users/Arul/.ivy2/cache/io.netty/netty/bundles/netty-3.10.3.Final.jar, /Users/Arul/.ivy2/cache/com.typesafe.netty/netty-http-pipelining/jars/netty-http-pipelining-1.1.4.jar, /Users/Arul/.ivy2/cache/com.typesafe.play/play-java-jdbc_2.11/jars/play-java-jdbc_2.11-2.4.2.jar, /Users/Arul/.ivy2/cache/com.typesafe.play/play-jdbc_2.11/jars/play-jdbc_2.11-2.4.2.jar, /Users/Arul/.ivy2/cache/com.typesafe.play/play-jdbc-api_2.11/jars/play-jdbc-api_2.11-2.4.2.jar, /Users/Arul/.ivy2/cache/com.jolbox/bonecp/bundles/bonecp-0.8.0.RELEASE.jar, /Users/Arul/.ivy2/cache/com.zaxxer/HikariCP/bundles/HikariCP-2.3.7.jar, /Users/Arul/.ivy2/cache/com.h2database/h2/jars/h2-1.4.187.jar, /Users/Arul/.ivy2/cache/tyrex/tyrex/jars/tyrex-1.0.1.jar, /Users/Arul/.ivy2/cache/com.typesafe.play/play-cache_2.11/jars/play-cache_2.11-2.4.2.jar, /Users/Arul/.ivy2/cache/net.sf.ehcache/ehcache-core/jars/ehcache-core-2.6.11.jar, /Users/Arul/.ivy2/cache/com.typesafe.play/play-java-ws_2.11/jars/play-java-ws_2.11-2.4.2.jar, /Users/Arul/.ivy2/cache/com.typesafe.play/play-ws_2.11/jars/play-ws_2.11-2.4.2.jar, /Users/Arul/.ivy2/cache/com.ning/async-http-client/jars/async-http-client-1.9.21.jar, /Users/Arul/.ivy2/cache/oauth.signpost/signpost-core/jars/signpost-core-1.2.1.2.jar, /Users/Arul/.ivy2/cache/oauth.signpost/signpost-commonshttp4/jars/signpost-commonshttp4-1.2.1.2.jar, /Users/Arul/.ivy2/cache/org.apache.httpcomponents/httpcore/jars/httpcore-4.0.1.jar, /Users/Arul/.ivy2/cache/org.apache.httpcomponents/httpclient/jars/httpclient-4.0.1.jar, /Users/Arul/.ivy2/cache/commons-logging/commons-logging/jars/commons-logging-1.1.1.jar, /Users/Arul/.ivy2/cache/mysql/mysql-connector-java/jars/mysql-connector-java-5.1.18.jar),List((public/,/Users/Arul/Downloads/Project_RiskGame/target/web/public/main)),List(/Users/Arul/.ivy2/cache/com.typesafe.play/play-omnidoc_2.11/jars/play-omnidoc_2.11-2.4.2.jar, /Users/Arul/.ivy2/cache/org.scala-lang/scala-library/jars/scala-library-2.11.6.jar, /Users/Arul/.ivy2/cache/com.typesafe.play/play-docs_2.11/jars/play-docs_2.11-2.4.2.jar, /Users/Arul/.ivy2/cache/com.typesafe.play/play-netty-server_2.11/jars/play-netty-server_2.11-2.4.2.jar, /Users/Arul/.ivy2/cache/com.typesafe.play/play-server_2.11/jars/play-server_2.11-2.4.2.jar, /Users/Arul/.ivy2/cache/com.typesafe.play/play_2.11/jars/play_2.11-2.4.2.jar, /Users/Arul/.ivy2/cache/com.typesafe.play/build-link/jars/build-link-2.4.2.jar, /Users/Arul/.ivy2/cache/com.typesafe.play/play-exceptions/jars/play-exceptions-2.4.2.jar, /Users/Arul/.ivy2/cache/org.javassist/javassist/bundles/javassist-3.19.0-GA.jar, /Users/Arul/.ivy2/cache/com.typesafe.play/play-iteratees_2.11/jars/play-iteratees_2.11-2.4.2.jar, /Users/Arul/.ivy2/cache/org.scala-stm/scala-stm_2.11/jars/scala-stm_2.11-0.7.jar, /Users/Arul/.ivy2/cache/com.typesafe/config/bundles/config-1.3.0.jar, /Users/Arul/.ivy2/cache/com.typesafe.play/play-json_2.11/jars/play-json_2.11-2.4.2.jar, /Users/Arul/.ivy2/cache/com.typesafe.play/play-functional_2.11/jars/play-functional_2.11-2.4.2.jar, /Users/Arul/.ivy2/cache/com.typesafe.play/play-datacommons_2.11/jars/play-datacommons_2.11-2.4.2.jar, /Users/Arul/.ivy2/cache/joda-time/joda-time/jars/joda-time-2.8.1.jar, /Users/Arul/.ivy2/cache/org.joda/joda-convert/jars/joda-convert-1.7.jar, /Users/Arul/.ivy2/cache/org.scala-lang/scala-reflect/jars/scala-reflect-2.11.6.jar, /Users/Arul/.ivy2/cache/com.fasterxml.jackson.core/jackson-core/bundles/jackson-core-2.5.4.jar, /Users/Arul/.ivy2/cache/com.fasterxml.jackson.core/jackson-annotations/bundles/jackson-annotations-2.5.4.jar, /Users/Arul/.ivy2/cache/com.fasterxml.jackson.core/jackson-databind/bundles/jackson-databind-2.5.4.jar, /Users/Arul/.ivy2/cache/com.fasterxml.jackson.datatype/jackson-datatype-jdk8/bundles/jackson-datatype-jdk8-2.5.4.jar, /Users/Arul/.ivy2/cache/com.fasterxml.jackson.datatype/jackson-datatype-jsr310/bundles/jackson-datatype-jsr310-2.5.4.jar, /Users/Arul/.ivy2/cache/com.typesafe.play/play-netty-utils/jars/play-netty-utils-2.4.2.jar, /Users/Arul/.ivy2/cache/org.slf4j/slf4j-api/jars/slf4j-api-1.7.12.jar, /Users/Arul/.ivy2/cache/org.slf4j/jul-to-slf4j/jars/jul-to-slf4j-1.7.12.jar, /Users/Arul/.ivy2/cache/org.slf4j/jcl-over-slf4j/jars/jcl-over-slf4j-1.7.12.jar, /Users/Arul/.ivy2/cache/com.typesafe.play/twirl-api_2.11/jars/twirl-api_2.11-1.1.1.jar, /Users/Arul/.ivy2/cache/org.apache.commons/commons-lang3/jars/commons-lang3-3.4.jar, /Users/Arul/.ivy2/cache/org.scala-lang.modules/scala-xml_2.11/bundles/scala-xml_2.11-1.0.1.jar, /Users/Arul/.ivy2/cache/org.scala-lang.modules/scala-parser-combinators_2.11/bundles/scala-parser-combinators_2.11-1.0.1.jar, /Users/Arul/.ivy2/cache/ch.qos.logback/logback-core/jars/logback-core-1.1.3.jar, /Users/Arul/.ivy2/cache/ch.qos.logback/logback-classic/jars/logback-classic-1.1.3.jar, /Users/Arul/.ivy2/cache/com.typesafe.akka/akka-actor_2.11/jars/akka-actor_2.11-2.3.11.jar, /Users/Arul/.ivy2/cache/com.typesafe.akka/akka-slf4j_2.11/jars/akka-slf4j_2.11-2.3.11.jar, /Users/Arul/.ivy2/cache/commons-codec/commons-codec/jars/commons-codec-1.10.jar, /Users/Arul/.ivy2/cache/xerces/xercesImpl/jars/xercesImpl-2.11.0.jar, /Users/Arul/.ivy2/cache/xml-apis/xml-apis/jars/xml-apis-1.4.01.jar, /Users/Arul/.ivy2/cache/javax.transaction/jta/jars/jta-1.1.jar, /Users/Arul/.ivy2/cache/com.google.inject/guice/jars/guice-4.0.jar, /Users/Arul/.ivy2/cache/javax.inject/javax.inject/jars/javax.inject-1.jar, /Users/Arul/.ivy2/cache/aopalliance/aopalliance/jars/aopalliance-1.0.jar, /Users/Arul/.ivy2/cache/com.google.guava/guava/bundles/guava-16.0.1.jar, /Users/Arul/.ivy2/cache/com.google.inject.extensions/guice-assistedinject/jars/guice-assistedinject-4.0.jar, /Users/Arul/.ivy2/cache/io.netty/netty/bundles/netty-3.10.3.Final.jar, /Users/Arul/.ivy2/cache/com.typesafe.netty/netty-http-pipelining/jars/netty-http-pipelining-1.1.4.jar, /Users/Arul/.ivy2/cache/com.typesafe.play/play-doc_2.11/jars/play-doc_2.11-1.2.2.jar, /Users/Arul/.ivy2/cache/org.pegdown/pegdown/jars/pegdown-1.4.0.jar, /Users/Arul/.ivy2/cache/org.parboiled/parboiled-java/bundles/parboiled-java-1.1.5.jar, /Users/Arul/.ivy2/cache/org.parboiled/parboiled-core/bundles/parboiled-core-1.1.5.jar, /Users/Arul/.ivy2/cache/org.ow2.asm/asm/jars/asm-4.1.jar, /Users/Arul/.ivy2/cache/org.ow2.asm/asm-tree/jars/asm-tree-4.1.jar, /Users/Arul/.ivy2/cache/org.ow2.asm/asm-analysis/jars/asm-analysis-4.1.jar, /Users/Arul/.ivy2/cache/org.ow2.asm/asm-util/jars/asm-util-4.1.jar, /Users/Arul/.ivy2/cache/commons-io/commons-io/jars/commons-io-2.4.jar),Some(/Users/Arul/.ivy2/cache/com.typesafe.play/play-omnidoc_2.11/jars/play-omnidoc_2.11-2.4.2.jar),List(),9000,0.0.0.0,DefaultWatchService,List(/Users/Arul/Downloads/Project_RiskGame/public, /Users/Arul/Downloads/Project_RiskGame/conf, /Users/Arul/Downloads/Project_RiskGame/app),/Users/Arul/Downloads/Project_RiskGame/target,500,riskgame/playForkNotifyStart,riskgame/playForkReload,300000,play.core.server.DevServerStart))))
Sending msg to client play-fork-run-1b4830e1-38e5-47a4-aa65-35a257c57114: TaskStarted(18,1209,None)
Sending msg to client play-fork-run-1b4830e1-38e5-47a4-aa65-35a257c57114: TaskFinished(18,1209,None,true,None)
Sending msg to client play-fork-run-1b4830e1-38e5-47a4-aa65-35a257c57114: TaskStarted(18,1208,None)
Sending msg to client play-fork-run-1b4830e1-38e5-47a4-aa65-35a257c57114: TaskFinished(18,1208,None,true,None)
Sending msg to client play-fork-run-1b4830e1-38e5-47a4-aa65-35a257c57114: DetachedLogEvent(LogMessage(debug,cancel strategy finish enabled=false lastCommand=Some(LastCommand(CommandExecutionWork(ExecutionId(18),{file:/Users/Arul/Downloads/Project_RiskGame/}riskgame/*:playForkConfig,Set(LiveClient(play-fork-run 1b4830e1-38e5-47a4-aa65-35a257c57114)),sbt.server.WorkCancellationStatus$$anon$1@21550d05)))))
Sending msg to client play-fork-run-1b4830e1-38e5-47a4-aa65-35a257c57114: DetachedLogEvent(LogSuccess(Total time: 1 s, completed Jul 6, 2017 7:08:04 PM))
Sending msg to client play-fork-run-1b4830e1-38e5-47a4-aa65-35a257c57114: DetachedLogEvent(LogMessage(debug,> server-post-command-cleanup))
Sending msg to client play-fork-run-1b4830e1-38e5-47a4-aa65-35a257c57114: ExecutionSuccess(18)
Sending msg to client play-fork-run-1b4830e1-38e5-47a4-aa65-35a257c57114: DetachedLogEvent(LogMessage(debug,> server-handle-next-server-request))
Sending msg to client play-fork-run-1b4830e1-38e5-47a4-aa65-35a257c57114: BackgroundJobLogEvent(3,LogMessage(info,))
Sending msg to client play-fork-run-1b4830e1-38e5-47a4-aa65-35a257c57114: BackgroundJobLogEvent(3,LogMessage(info,[35m--- (Running the application, auto-reloading is enabled) ---[0m))
Sending msg to client play-fork-run-1b4830e1-38e5-47a4-aa65-35a257c57114: BackgroundJobLogEvent(3,LogMessage(info,))
Sending msg to client play-fork-run-1b4830e1-38e5-47a4-aa65-35a257c57114: BackgroundJobLogEvent(3,LogMessage(info,p.a.l.c.ActorSystemProvider - Starting application default Akka system: application))
Sending msg to client play-fork-run-1b4830e1-38e5-47a4-aa65-35a257c57114: BackgroundJobLogEvent(3,LogMessage(info,p.c.s.NettyServer - Listening for HTTP on /0:0:0:0:0:0:0:0:9000))
Sending msg to client play-fork-run-1b4830e1-38e5-47a4-aa65-35a257c57114: BackgroundJobLogEvent(3,LogMessage(info,))
Got request: ExecutionRequest(riskgame/playForkNotifyStart http://localhost:9000)
Reading next message from client.
Sending msg to client play-fork-run-1b4830e1-38e5-47a4-aa65-35a257c57114: (8,ExecutionRequestReceived(19))
Sending msg to client play-fork-run-1b4830e1-38e5-47a4-aa65-35a257c57114: ExecutionWaiting(19,riskgame/playForkNotifyStart http://localhost:9000,ClientInfo(1b4830e1-38e5-47a4-aa65-35a257c57114,play-fork-run,Play Fork Run,1,Vector()))
Sending msg to client play-fork-run-1b4830e1-38e5-47a4-aa65-35a257c57114: BackgroundJobLogEvent(3,LogMessage(info,[32m(Server started, use Ctrl+D to stop and go back to the console...)[0m))
Sending msg to client play-fork-run-1b4830e1-38e5-47a4-aa65-35a257c57114: ExecutionStarting(19)
Sending msg to client play-fork-run-1b4830e1-38e5-47a4-aa65-35a257c57114: DetachedLogEvent(LogMessage(debug,> riskgame/playForkNotifyStart http://localhost:9000))
Sending msg to client play-fork-run-1b4830e1-38e5-47a4-aa65-35a257c57114: BackgroundJobLogEvent(3,LogMessage(info,))
Sending msg to client play-fork-run-1b4830e1-38e5-47a4-aa65-35a257c57114: DetachedLogEvent(LogMessage(debug,Evaluating tasks: *:playForkNotifyStart))
Sending msg to client play-fork-run-1b4830e1-38e5-47a4-aa65-35a257c57114: DetachedLogEvent(LogMessage(debug,Running task... Cancel: sbt.server.ServerTaskCancellation@1c1c83da, check cycles: false))
Sending msg to client play-fork-run-1b4830e1-38e5-47a4-aa65-35a257c57114: DetachedLogEvent(LogMessage(debug,cancel strategy start enabled=true lastCommand=Some(LastCommand(CommandExecutionWork(ExecutionId(19),riskgame/playForkNotifyStart http://localhost:9000,Set(LiveClient(play-fork-run 1b4830e1-38e5-47a4-aa65-35a257c57114)),sbt.server.WorkCancellationStatus$$anon$1@57d2235a)))))
Sending msg to client play-fork-run-1b4830e1-38e5-47a4-aa65-35a257c57114: TaskStarted(19,1286,Some(AttributeKey[sbt.SendEventService]("sendEventService") in Scope(Global)))
Sending msg to client play-fork-run-1b4830e1-38e5-47a4-aa65-35a257c57114: TaskFinished(19,1286,Some(AttributeKey[sbt.SendEventService]("sendEventService") in Scope(Global)),true,None)
Sending msg to client play-fork-run-1b4830e1-38e5-47a4-aa65-35a257c57114: TaskStarted(19,1285,Some(AttributeKey[scala.Function1[java.lang.String,void]]("playForkStarted") in Scope(Build: file:/Users/Arul/Downloads/Project_RiskGame/, , Project: ProjectReference(file:/Users/Arul/Downloads/Project_RiskGame/,riskgame))))
Sending msg to client play-fork-run-1b4830e1-38e5-47a4-aa65-35a257c57114: TaskFinished(19,1285,Some(AttributeKey[scala.Function1[java.lang.String,void]]("playForkStarted") in Scope(Build: file:/Users/Arul/Downloads/Project_RiskGame/, , Project: ProjectReference(file:/Users/Arul/Downloads/Project_RiskGame/,riskgame))),true,None)
Sending msg to client play-fork-run-1b4830e1-38e5-47a4-aa65-35a257c57114: TaskStarted(19,1284,Some(AttributeKey[void]("playForkNotifyStart") in Scope(Build: file:/Users/Arul/Downloads/Project_RiskGame/, , Project: ProjectReference(file:/Users/Arul/Downloads/Project_RiskGame/,riskgame))))
Sending msg to client play-fork-run-1b4830e1-38e5-47a4-aa65-35a257c57114: TaskEvent(1284,LazyValue(PlayServerStarted(http://localhost:9000),play.forkrun.protocol.Serializers$PlayForkrunProtocolPlayServerStartedPickler1$2$@448bd53c))
Sending msg to client play-fork-run-1b4830e1-38e5-47a4-aa65-35a257c57114: TaskFinished(19,1284,Some(AttributeKey[void]("playForkNotifyStart") in Scope(Build: file:/Users/Arul/Downloads/Project_RiskGame/, , Project: ProjectReference(file:/Users/Arul/Downloads/Project_RiskGame/,riskgame))),true,None)
Sending msg to client play-fork-run-1b4830e1-38e5-47a4-aa65-35a257c57114: TaskStarted(19,1283,None)
Sending msg to client play-fork-run-1b4830e1-38e5-47a4-aa65-35a257c57114: TaskFinished(19,1283,None,true,None)
Sending msg to client play-fork-run-1b4830e1-38e5-47a4-aa65-35a257c57114: TaskStarted(19,1282,None)
Sending msg to client play-fork-run-1b4830e1-38e5-47a4-aa65-35a257c57114: TaskFinished(19,1282,None,true,None)
Sending msg to client play-fork-run-1b4830e1-38e5-47a4-aa65-35a257c57114: DetachedLogEvent(LogMessage(debug,cancel strategy finish enabled=false lastCommand=Some(LastCommand(CommandExecutionWork(ExecutionId(19),riskgame/playForkNotifyStart http://localhost:9000,Set(LiveClient(play-fork-run 1b4830e1-38e5-47a4-aa65-35a257c57114)),sbt.server.WorkCancellationStatus$$anon$1@57d2235a)))))
Sending msg to client play-fork-run-1b4830e1-38e5-47a4-aa65-35a257c57114: DetachedLogEvent(LogSuccess(Total time: 0 s, completed Jul 6, 2017 7:08:10 PM))
Sending msg to client play-fork-run-1b4830e1-38e5-47a4-aa65-35a257c57114: DetachedLogEvent(LogMessage(debug,> server-post-command-cleanup))
Sending msg to client play-fork-run-1b4830e1-38e5-47a4-aa65-35a257c57114: ExecutionSuccess(19)
Sending msg to client play-fork-run-1b4830e1-38e5-47a4-aa65-35a257c57114: DetachedLogEvent(LogMessage(debug,> server-handle-next-server-request))
Sending msg to client play-fork-run-1b4830e1-38e5-47a4-aa65-35a257c57114: ExecutionWaiting(20,jobStop 3,ClientInfo(988c8772-0202-4612-8e6a-e8e48dc579ea,activator,Activator,3,Vector()))
Sending msg to client play-fork-run-1b4830e1-38e5-47a4-aa65-35a257c57114: ExecutionStarting(20)
Sending msg to client play-fork-run-1b4830e1-38e5-47a4-aa65-35a257c57114: DetachedLogEvent(LogMessage(debug,> jobStop 3))
Sending msg to client play-fork-run-1b4830e1-38e5-47a4-aa65-35a257c57114: DetachedLogEvent(LogMessage(debug,Evaluating tasks: *:jobStop))
Sending msg to client play-fork-run-1b4830e1-38e5-47a4-aa65-35a257c57114: DetachedLogEvent(LogMessage(debug,Running task... Cancel: sbt.server.ServerTaskCancellation@1e99cf94, check cycles: false))
Sending msg to client play-fork-run-1b4830e1-38e5-47a4-aa65-35a257c57114: DetachedLogEvent(LogMessage(debug,cancel strategy start enabled=true lastCommand=Some(LastCommand(CommandExecutionWork(ExecutionId(20),jobStop 3,Set(LiveClient(activator 988c8772-0202-4612-8e6a-e8e48dc579ea)),sbt.server.WorkCancellationStatus$$anon$1@53876bca)))))
Sending msg to client play-fork-run-1b4830e1-38e5-47a4-aa65-35a257c57114: TaskStarted(20,1289,Some(AttributeKey[void]("jobStop") in Scope(Global)))
Sending msg to client play-fork-run-1b4830e1-38e5-47a4-aa65-35a257c57114: TaskFinished(20,1289,Some(AttributeKey[void]("jobStop") in Scope(Global)),true,None)
Sending msg to client play-fork-run-1b4830e1-38e5-47a4-aa65-35a257c57114: TaskStarted(20,1288,None)
Sending msg to client play-fork-run-1b4830e1-38e5-47a4-aa65-35a257c57114: TaskFinished(20,1288,None,true,None)
Sending msg to client play-fork-run-1b4830e1-38e5-47a4-aa65-35a257c57114: BackgroundJobLogEvent(3,LogMessage(info,Stopping Play fork run ...))
Sending msg to client play-fork-run-1b4830e1-38e5-47a4-aa65-35a257c57114: TaskStarted(20,1287,None)
Sending msg to client play-fork-run-1b4830e1-38e5-47a4-aa65-35a257c57114: TaskFinished(20,1287,None,true,None)
Sending msg to client play-fork-run-1b4830e1-38e5-47a4-aa65-35a257c57114: DetachedLogEvent(LogMessage(debug,cancel strategy finish enabled=false lastCommand=Some(LastCommand(CommandExecutionWork(ExecutionId(20),jobStop 3,Set(LiveClient(activator 988c8772-0202-4612-8e6a-e8e48dc579ea)),sbt.server.WorkCancellationStatus$$anon$1@53876bca)))))
Sending msg to client play-fork-run-1b4830e1-38e5-47a4-aa65-35a257c57114: DetachedLogEvent(LogSuccess(Total time: 0 s, completed Jul 6, 2017 7:08:20 PM))
Sending msg to client play-fork-run-1b4830e1-38e5-47a4-aa65-35a257c57114: DetachedLogEvent(LogMessage(debug,> server-post-command-cleanup))
Sending msg to client play-fork-run-1b4830e1-38e5-47a4-aa65-35a257c57114: ExecutionSuccess(20)
Sending msg to client play-fork-run-1b4830e1-38e5-47a4-aa65-35a257c57114: DetachedLogEvent(LogMessage(debug,> server-handle-next-server-request))
Got request: UnlistenToEvents()
Reading next message from client.
Sending msg to client play-fork-run-1b4830e1-38e5-47a4-aa65-35a257c57114: (9,ReceivedResponse())
Got request: UnlistenToValue(AttributeKey[play.forkrun.protocol.ForkConfig]("playForkConfig") in Scope(Build: file:/Users/Arul/Downloads/Project_RiskGame/, , Project: ProjectReference(file:/Users/Arul/Downloads/Project_RiskGame/,riskgame)))
Reading next message from client.
Client play-fork-run-1b4830e1-38e5-47a4-aa65-35a257c57114 EOF, shutting down.
Stopping client.
Client play-fork-run-1b4830e1-38e5-47a4-aa65-35a257c57114 thread exiting.
Dropping message (10,ReceivedResponse()) to dead client play-fork-run-1b4830e1-38e5-47a4-aa65-35a257c57114
Dropping message (0,ReceivedResponse()) to dead client play-fork-run-1b4830e1-38e5-47a4-aa65-35a257c57114
