New log file opened at Thu Jul 27 16:59:41 EDT 2017 by 3395@Aruls-Air.wv.cc.cmu.edu
Sending msg to client play-fork-run-dfadc0f8-d845-47e6-81c1-e3ec67dfa428: DetachedLogEvent(LogMessage(debug,sbt client logs are in: /Users/Arul/Documents/RISK_GAME_DEVELOPMENT/Project_RiskGame/.sbtserver/connections/play-fork-run-dfadc0f8-d845-47e6-81c1-e3ec67dfa428.log))
Sending msg to client play-fork-run-dfadc0f8-d845-47e6-81c1-e3ec67dfa428: DetachedLogEvent(LogMessage(debug,sbt server socket logs are in: /Users/Arul/Documents/RISK_GAME_DEVELOPMENT/Project_RiskGame/.sbtserver/connections/master.log))
Reading next message from client.
Sending msg to client play-fork-run-dfadc0f8-d845-47e6-81c1-e3ec67dfa428: DetachedLogEvent(LogMessage(debug,sbt general server logs are in: /Users/Arul/Documents/RISK_GAME_DEVELOPMENT/Project_RiskGame/.sbtserver/master.log))
Got request: DaemonRequest(true)
Reading next message from client.
Sending msg to client play-fork-run-dfadc0f8-d845-47e6-81c1-e3ec67dfa428: (3,ReceivedResponse())
Got request: ListenToEvents()
Reading next message from client.
Sending msg to client play-fork-run-dfadc0f8-d845-47e6-81c1-e3ec67dfa428: BackgroundJobStarted(207,BackgroundJobInfo(40,backgroundRun,AttributeKey[sbt.BackgroundJobHandle]("backgroundRun") in Scope(Build: file:/Users/Arul/Documents/RISK_GAME_DEVELOPMENT/Project_RiskGame/, , Project: ProjectReference(file:/Users/Arul/Documents/RISK_GAME_DEVELOPMENT/Project_RiskGame/,riskgame), Config: compile)))
Sending msg to client play-fork-run-dfadc0f8-d845-47e6-81c1-e3ec67dfa428: BackgroundJobStarted(204,BackgroundJobInfo(39,backgroundRun,AttributeKey[sbt.BackgroundJobHandle]("backgroundRun") in Scope(Build: file:/Users/Arul/Documents/RISK_GAME_DEVELOPMENT/Project_RiskGame/, , Project: ProjectReference(file:/Users/Arul/Documents/RISK_GAME_DEVELOPMENT/Project_RiskGame/,riskgame), Config: compile)))
Sending msg to client play-fork-run-dfadc0f8-d845-47e6-81c1-e3ec67dfa428: (4,ReceivedResponse())
Got request: KeyLookupRequest(riskgame/playForkConfig)
Reading next message from client.
Sending msg to client play-fork-run-dfadc0f8-d845-47e6-81c1-e3ec67dfa428: (5,KeyLookupResponse(riskgame/playForkConfig,Vector(AttributeKey[play.forkrun.protocol.ForkConfig]("playForkConfig") in Scope(Build: file:/Users/Arul/Documents/RISK_GAME_DEVELOPMENT/Project_RiskGame/, , Project: ProjectReference(file:/Users/Arul/Documents/RISK_GAME_DEVELOPMENT/Project_RiskGame/,riskgame)))))
Got request: ListenToValue(AttributeKey[play.forkrun.protocol.ForkConfig]("playForkConfig") in Scope(Build: file:/Users/Arul/Documents/RISK_GAME_DEVELOPMENT/Project_RiskGame/, , Project: ProjectReference(file:/Users/Arul/Documents/RISK_GAME_DEVELOPMENT/Project_RiskGame/,riskgame)))
Reading next message from client.
Got request: KeyExecutionRequest(AttributeKey[play.forkrun.protocol.ForkConfig]("playForkConfig") in Scope(Build: file:/Users/Arul/Documents/RISK_GAME_DEVELOPMENT/Project_RiskGame/, , Project: ProjectReference(file:/Users/Arul/Documents/RISK_GAME_DEVELOPMENT/Project_RiskGame/,riskgame)))
Reading next message from client.
Sending msg to client play-fork-run-dfadc0f8-d845-47e6-81c1-e3ec67dfa428: (6,ReceivedResponse())
Sending msg to client play-fork-run-dfadc0f8-d845-47e6-81c1-e3ec67dfa428: (7,ExecutionRequestReceived(208))
Sending msg to client play-fork-run-dfadc0f8-d845-47e6-81c1-e3ec67dfa428: ExecutionWaiting(208,{file:/Users/Arul/Documents/RISK_GAME_DEVELOPMENT/Project_RiskGame/}riskgame/*:playForkConfig,ClientInfo(dfadc0f8-d845-47e6-81c1-e3ec67dfa428,play-fork-run,Play Fork Run,1,Vector()))
Sending msg to client play-fork-run-dfadc0f8-d845-47e6-81c1-e3ec67dfa428: ExecutionStarting(208)
Sending msg to client play-fork-run-dfadc0f8-d845-47e6-81c1-e3ec67dfa428: DetachedLogEvent(LogMessage(debug,> {file:/Users/Arul/Documents/RISK_GAME_DEVELOPMENT/Project_RiskGame/}riskgame/*:playForkConfig))
Sending msg to client play-fork-run-dfadc0f8-d845-47e6-81c1-e3ec67dfa428: DetachedLogEvent(LogMessage(debug,Evaluating tasks: *:playForkConfig))
Sending msg to client play-fork-run-dfadc0f8-d845-47e6-81c1-e3ec67dfa428: DetachedLogEvent(LogMessage(debug,Running task... Cancel: sbt.server.ServerTaskCancellation@4068bab2, check cycles: false))
Sending msg to client play-fork-run-dfadc0f8-d845-47e6-81c1-e3ec67dfa428: DetachedLogEvent(LogMessage(debug,cancel strategy start enabled=true lastCommand=Some(LastCommand(CommandExecutionWork(ExecutionId(208),{file:/Users/Arul/Documents/RISK_GAME_DEVELOPMENT/Project_RiskGame/}riskgame/*:playForkConfig,Set(LiveClient(play-fork-run dfadc0f8-d845-47e6-81c1-e3ec67dfa428)),sbt.server.WorkCancellationStatus$$anon$1@22d15d1a)))))
Sending msg to client play-fork-run-dfadc0f8-d845-47e6-81c1-e3ec67dfa428: TaskStarted(208,14075,None)
Sending msg to client play-fork-run-dfadc0f8-d845-47e6-81c1-e3ec67dfa428: TaskStarted(208,14076,None)
Sending msg to client play-fork-run-dfadc0f8-d845-47e6-81c1-e3ec67dfa428: TaskStarted(208,14077,None)
Sending msg to client play-fork-run-dfadc0f8-d845-47e6-81c1-e3ec67dfa428: TaskStarted(208,14084,None)
Sending msg to client play-fork-run-dfadc0f8-d845-47e6-81c1-e3ec67dfa428: TaskStarted(208,14088,Some(AttributeKey[scala.collection.Seq[sbt.Resolver]]("externalResolvers") in Scope(Build: file:/Users/Arul/Documents/RISK_GAME_DEVELOPMENT/Project_RiskGame/, , Project: ProjectReference(file:/Users/Arul/Documents/RISK_GAME_DEVELOPMENT/Project_RiskGame/,riskgame))))
Sending msg to client play-fork-run-dfadc0f8-d845-47e6-81c1-e3ec67dfa428: TaskStarted(208,14092,None)
Sending msg to client play-fork-run-dfadc0f8-d845-47e6-81c1-e3ec67dfa428: TaskStarted(208,14093,Some(AttributeKey[scala.Option[scala.collection.Seq[sbt.Resolver]]]("bootResolvers") in Scope(Build: file:/Users/Arul/Documents/RISK_GAME_DEVELOPMENT/Project_RiskGame/, , Project: ProjectReference(file:/Users/Arul/Documents/RISK_GAME_DEVELOPMENT/Project_RiskGame/,riskgame))))
Sending msg to client play-fork-run-dfadc0f8-d845-47e6-81c1-e3ec67dfa428: TaskStarted(208,14095,Some(AttributeKey[scala.collection.Seq[sbt.Credentials]]("credentials") in Scope(Global)))
Sending msg to client play-fork-run-dfadc0f8-d845-47e6-81c1-e3ec67dfa428: TaskStarted(208,14097,Some(AttributeKey[java.lang.String]("updateCacheName") in Scope(Build: file:/Users/Arul/Documents/RISK_GAME_DEVELOPMENT/Project_RiskGame/, , Project: ProjectReference(file:/Users/Arul/Documents/RISK_GAME_DEVELOPMENT/Project_RiskGame/,riskgame))))
Sending msg to client play-fork-run-dfadc0f8-d845-47e6-81c1-e3ec67dfa428: TaskStarted(208,14099,None)
Sending msg to client play-fork-run-dfadc0f8-d845-47e6-81c1-e3ec67dfa428: TaskStarted(208,14100,Some(AttributeKey[boolean]("skip") in Scope(Global)))
Sending msg to client play-fork-run-dfadc0f8-d845-47e6-81c1-e3ec67dfa428: TaskStarted(208,14107,Some(AttributeKey[scala.Tuple2[java.lang.String,java.io.File]]("playPrefixAndAssets") in Scope(Build: file:/Users/Arul/Documents/RISK_GAME_DEVELOPMENT/Project_RiskGame/, , Project: ProjectReference(file:/Users/Arul/Documents/RISK_GAME_DEVELOPMENT/Project_RiskGame/,riskgame))))
Sending msg to client play-fork-run-dfadc0f8-d845-47e6-81c1-e3ec67dfa428: TaskStarted(208,14108,Some(AttributeKey[scala.collection.Seq[java.lang.String]]("javaOptions") in Scope(Global)))
Sending msg to client play-fork-run-dfadc0f8-d845-47e6-81c1-e3ec67dfa428: TaskStarted(208,14117,None)
Sending msg to client play-fork-run-dfadc0f8-d845-47e6-81c1-e3ec67dfa428: TaskStarted(208,14122,Some(AttributeKey[scala.Option[java.lang.String]]("mainClass") in Scope(Build: file:/Users/Arul/Documents/RISK_GAME_DEVELOPMENT/Project_RiskGame/, , Project: ProjectReference(file:/Users/Arul/Documents/RISK_GAME_DEVELOPMENT/Project_RiskGame/,riskgame), Config: compile, Task: AttributeKey[void]("run"))))
Sending msg to client play-fork-run-dfadc0f8-d845-47e6-81c1-e3ec67dfa428: TaskStarted(208,14124,None)
Sending msg to client play-fork-run-dfadc0f8-d845-47e6-81c1-e3ec67dfa428: TaskFinished(208,14075,None,true,None)
Sending msg to client play-fork-run-dfadc0f8-d845-47e6-81c1-e3ec67dfa428: TaskFinished(208,14084,None,true,None)
Sending msg to client play-fork-run-dfadc0f8-d845-47e6-81c1-e3ec67dfa428: TaskStarted(208,14083,Some(AttributeKey[sbt.BuildStructure]("buildStructure") in Scope(Global)))
Sending msg to client play-fork-run-dfadc0f8-d845-47e6-81c1-e3ec67dfa428: TaskStarted(208,14101,Some(AttributeKey[java.io.File]("dependencyCacheDirectory") in Scope(Build: file:/Users/Arul/Documents/RISK_GAME_DEVELOPMENT/Project_RiskGame/, , Project: ProjectReference(file:/Users/Arul/Documents/RISK_GAME_DEVELOPMENT/Project_RiskGame/,riskgame))))
Sending msg to client play-fork-run-dfadc0f8-d845-47e6-81c1-e3ec67dfa428: TaskFinished(208,14092,None,true,None)
Sending msg to client play-fork-run-dfadc0f8-d845-47e6-81c1-e3ec67dfa428: TaskStarted(208,14091,None)
Sending msg to client play-fork-run-dfadc0f8-d845-47e6-81c1-e3ec67dfa428: TaskStarted(208,14094,None)
Sending msg to client play-fork-run-dfadc0f8-d845-47e6-81c1-e3ec67dfa428: TaskStarted(208,14096,None)
Sending msg to client play-fork-run-dfadc0f8-d845-47e6-81c1-e3ec67dfa428: TaskStarted(208,14102,None)
Sending msg to client play-fork-run-dfadc0f8-d845-47e6-81c1-e3ec67dfa428: TaskStarted(208,14105,None)
Sending msg to client play-fork-run-dfadc0f8-d845-47e6-81c1-e3ec67dfa428: TaskStarted(208,14112,None)
Sending msg to client play-fork-run-dfadc0f8-d845-47e6-81c1-e3ec67dfa428: TaskStarted(208,14119,None)
Sending msg to client play-fork-run-dfadc0f8-d845-47e6-81c1-e3ec67dfa428: TaskStarted(208,14121,None)
Sending msg to client play-fork-run-dfadc0f8-d845-47e6-81c1-e3ec67dfa428: TaskFinished(208,14076,None,true,None)
Sending msg to client play-fork-run-dfadc0f8-d845-47e6-81c1-e3ec67dfa428: TaskStarted(208,14074,Some(AttributeKey[scala.collection.Seq[sbt.UpdateReport]]("transitiveUpdate") in Scope(Build: file:/Users/Arul/Documents/RISK_GAME_DEVELOPMENT/Project_RiskGame/, , Project: ProjectReference(file:/Users/Arul/Documents/RISK_GAME_DEVELOPMENT/Project_RiskGame/,riskgame))))
Sending msg to client play-fork-run-dfadc0f8-d845-47e6-81c1-e3ec67dfa428: TaskFinished(208,14088,Some(AttributeKey[scala.collection.Seq[sbt.Resolver]]("externalResolvers") in Scope(Build: file:/Users/Arul/Documents/RISK_GAME_DEVELOPMENT/Project_RiskGame/, , Project: ProjectReference(file:/Users/Arul/Documents/RISK_GAME_DEVELOPMENT/Project_RiskGame/,riskgame))),true,None)
Sending msg to client play-fork-run-dfadc0f8-d845-47e6-81c1-e3ec67dfa428: TaskFinished(208,14095,Some(AttributeKey[scala.collection.Seq[sbt.Credentials]]("credentials") in Scope(Global)),true,None)
Sending msg to client play-fork-run-dfadc0f8-d845-47e6-81c1-e3ec67dfa428: TaskFinished(208,14077,None,true,None)
Sending msg to client play-fork-run-dfadc0f8-d845-47e6-81c1-e3ec67dfa428: TaskFinished(208,14093,Some(AttributeKey[scala.Option[scala.collection.Seq[sbt.Resolver]]]("bootResolvers") in Scope(Build: file:/Users/Arul/Documents/RISK_GAME_DEVELOPMENT/Project_RiskGame/, , Project: ProjectReference(file:/Users/Arul/Documents/RISK_GAME_DEVELOPMENT/Project_RiskGame/,riskgame))),true,None)
Sending msg to client play-fork-run-dfadc0f8-d845-47e6-81c1-e3ec67dfa428: TaskFinished(208,14097,Some(AttributeKey[java.lang.String]("updateCacheName") in Scope(Build: file:/Users/Arul/Documents/RISK_GAME_DEVELOPMENT/Project_RiskGame/, , Project: ProjectReference(file:/Users/Arul/Documents/RISK_GAME_DEVELOPMENT/Project_RiskGame/,riskgame))),true,None)
Sending msg to client play-fork-run-dfadc0f8-d845-47e6-81c1-e3ec67dfa428: TaskFinished(208,14099,None,true,None)
Sending msg to client play-fork-run-dfadc0f8-d845-47e6-81c1-e3ec67dfa428: TaskFinished(208,14100,Some(AttributeKey[boolean]("skip") in Scope(Global)),true,None)
Sending msg to client play-fork-run-dfadc0f8-d845-47e6-81c1-e3ec67dfa428: TaskFinished(208,14107,Some(AttributeKey[scala.Tuple2[java.lang.String,java.io.File]]("playPrefixAndAssets") in Scope(Build: file:/Users/Arul/Documents/RISK_GAME_DEVELOPMENT/Project_RiskGame/, , Project: ProjectReference(file:/Users/Arul/Documents/RISK_GAME_DEVELOPMENT/Project_RiskGame/,riskgame))),true,None)
Sending msg to client play-fork-run-dfadc0f8-d845-47e6-81c1-e3ec67dfa428: TaskStarted(208,14106,Some(AttributeKey[scala.collection.Seq[scala.Tuple2[java.lang.String,java.io.File]]]("playAllAssets") in Scope(Build: file:/Users/Arul/Documents/RISK_GAME_DEVELOPMENT/Project_RiskGame/, , Project: ProjectReference(file:/Users/Arul/Documents/RISK_GAME_DEVELOPMENT/Project_RiskGame/,riskgame))))
Sending msg to client play-fork-run-dfadc0f8-d845-47e6-81c1-e3ec67dfa428: TaskFinished(208,14108,Some(AttributeKey[scala.collection.Seq[java.lang.String]]("javaOptions") in Scope(Global)),true,None)
Sending msg to client play-fork-run-dfadc0f8-d845-47e6-81c1-e3ec67dfa428: TaskFinished(208,14117,None,true,None)
Sending msg to client play-fork-run-dfadc0f8-d845-47e6-81c1-e3ec67dfa428: TaskFinished(208,14122,Some(AttributeKey[scala.Option[java.lang.String]]("mainClass") in Scope(Build: file:/Users/Arul/Documents/RISK_GAME_DEVELOPMENT/Project_RiskGame/, , Project: ProjectReference(file:/Users/Arul/Documents/RISK_GAME_DEVELOPMENT/Project_RiskGame/,riskgame), Config: compile, Task: AttributeKey[void]("run"))),true,None)
Sending msg to client play-fork-run-dfadc0f8-d845-47e6-81c1-e3ec67dfa428: TaskFinished(208,14124,None,true,None)
Sending msg to client play-fork-run-dfadc0f8-d845-47e6-81c1-e3ec67dfa428: TaskFinished(208,14083,Some(AttributeKey[sbt.BuildStructure]("buildStructure") in Scope(Global)),true,None)
Sending msg to client play-fork-run-dfadc0f8-d845-47e6-81c1-e3ec67dfa428: TaskStarted(208,14082,Some(AttributeKey[sbt.Settings[sbt.Scope]]("settingsData") in Scope(Global)))
Sending msg to client play-fork-run-dfadc0f8-d845-47e6-81c1-e3ec67dfa428: TaskFinished(208,14101,Some(AttributeKey[java.io.File]("dependencyCacheDirectory") in Scope(Build: file:/Users/Arul/Documents/RISK_GAME_DEVELOPMENT/Project_RiskGame/, , Project: ProjectReference(file:/Users/Arul/Documents/RISK_GAME_DEVELOPMENT/Project_RiskGame/,riskgame))),true,None)
Sending msg to client play-fork-run-dfadc0f8-d845-47e6-81c1-e3ec67dfa428: TaskFinished(208,14091,None,true,None)
Sending msg to client play-fork-run-dfadc0f8-d845-47e6-81c1-e3ec67dfa428: TaskFinished(208,14094,None,true,None)
Sending msg to client play-fork-run-dfadc0f8-d845-47e6-81c1-e3ec67dfa428: TaskFinished(208,14096,None,true,None)
Sending msg to client play-fork-run-dfadc0f8-d845-47e6-81c1-e3ec67dfa428: TaskFinished(208,14102,None,true,None)
Sending msg to client play-fork-run-dfadc0f8-d845-47e6-81c1-e3ec67dfa428: TaskFinished(208,14105,None,true,None)
Sending msg to client play-fork-run-dfadc0f8-d845-47e6-81c1-e3ec67dfa428: TaskStarted(208,14104,Some(AttributeKey[scala.collection.immutable.Map[sbt.ModuleID,sbt.SourcePosition]]("dependencyPositions") in Scope(Build: file:/Users/Arul/Documents/RISK_GAME_DEVELOPMENT/Project_RiskGame/, , Project: ProjectReference(file:/Users/Arul/Documents/RISK_GAME_DEVELOPMENT/Project_RiskGame/,riskgame))))
Sending msg to client play-fork-run-dfadc0f8-d845-47e6-81c1-e3ec67dfa428: TaskFinished(208,14112,None,true,None)
Sending msg to client play-fork-run-dfadc0f8-d845-47e6-81c1-e3ec67dfa428: TaskFinished(208,14119,None,true,None)
Sending msg to client play-fork-run-dfadc0f8-d845-47e6-81c1-e3ec67dfa428: TaskFinished(208,14121,None,true,None)
Sending msg to client play-fork-run-dfadc0f8-d845-47e6-81c1-e3ec67dfa428: TaskFinished(208,14074,Some(AttributeKey[scala.collection.Seq[sbt.UpdateReport]]("transitiveUpdate") in Scope(Build: file:/Users/Arul/Documents/RISK_GAME_DEVELOPMENT/Project_RiskGame/, , Project: ProjectReference(file:/Users/Arul/Documents/RISK_GAME_DEVELOPMENT/Project_RiskGame/,riskgame))),true,None)
Sending msg to client play-fork-run-dfadc0f8-d845-47e6-81c1-e3ec67dfa428: TaskFinished(208,14106,Some(AttributeKey[scala.collection.Seq[scala.Tuple2[java.lang.String,java.io.File]]]("playAllAssets") in Scope(Build: file:/Users/Arul/Documents/RISK_GAME_DEVELOPMENT/Project_RiskGame/, , Project: ProjectReference(file:/Users/Arul/Documents/RISK_GAME_DEVELOPMENT/Project_RiskGame/,riskgame))),true,None)
Sending msg to client play-fork-run-dfadc0f8-d845-47e6-81c1-e3ec67dfa428: TaskFinished(208,14082,Some(AttributeKey[sbt.Settings[sbt.Scope]]("settingsData") in Scope(Global)),true,None)
Sending msg to client play-fork-run-dfadc0f8-d845-47e6-81c1-e3ec67dfa428: TaskStarted(208,14081,Some(AttributeKey[scala.collection.Seq[sbt.ModuleID]]("projectDependencies") in Scope(Build: file:/Users/Arul/Documents/RISK_GAME_DEVELOPMENT/Project_RiskGame/, , Project: ProjectReference(file:/Users/Arul/Documents/RISK_GAME_DEVELOPMENT/Project_RiskGame/,riskgame))))
Sending msg to client play-fork-run-dfadc0f8-d845-47e6-81c1-e3ec67dfa428: TaskStarted(208,14090,Some(AttributeKey[scala.collection.immutable.Map[org.apache.ivy.core.module.id.ModuleRevisionId,org.apache.ivy.core.module.descriptor.ModuleDescriptor]]("projectDescriptors") in Scope(Build: file:/Users/Arul/Documents/RISK_GAME_DEVELOPMENT/Project_RiskGame/, , Project: ProjectReference(file:/Users/Arul/Documents/RISK_GAME_DEVELOPMENT/Project_RiskGame/,riskgame))))
Sending msg to client play-fork-run-dfadc0f8-d845-47e6-81c1-e3ec67dfa428: TaskStarted(208,14098,None)
Sending msg to client play-fork-run-dfadc0f8-d845-47e6-81c1-e3ec67dfa428: TaskStarted(208,14120,None)
Sending msg to client play-fork-run-dfadc0f8-d845-47e6-81c1-e3ec67dfa428: TaskStarted(208,14123,Some(AttributeKey[scala.collection.Seq[java.io.File]]("playMonitoredFiles") in Scope(Build: file:/Users/Arul/Documents/RISK_GAME_DEVELOPMENT/Project_RiskGame/, , Project: ProjectReference(file:/Users/Arul/Documents/RISK_GAME_DEVELOPMENT/Project_RiskGame/,riskgame))))
Sending msg to client play-fork-run-dfadc0f8-d845-47e6-81c1-e3ec67dfa428: TaskFinished(208,14104,Some(AttributeKey[scala.collection.immutable.Map[sbt.ModuleID,sbt.SourcePosition]]("dependencyPositions") in Scope(Build: file:/Users/Arul/Documents/RISK_GAME_DEVELOPMENT/Project_RiskGame/, , Project: ProjectReference(file:/Users/Arul/Documents/RISK_GAME_DEVELOPMENT/Project_RiskGame/,riskgame))),true,None)
Sending msg to client play-fork-run-dfadc0f8-d845-47e6-81c1-e3ec67dfa428: TaskStarted(208,14103,Some(AttributeKey[sbt.UnresolvedWarningConfiguration]("unresolvedWarningConfiguration") in Scope(Build: file:/Users/Arul/Documents/RISK_GAME_DEVELOPMENT/Project_RiskGame/, , Project: ProjectReference(file:/Users/Arul/Documents/RISK_GAME_DEVELOPMENT/Project_RiskGame/,riskgame), Task: AttributeKey[sbt.UpdateReport]("update"))))
Sending msg to client play-fork-run-dfadc0f8-d845-47e6-81c1-e3ec67dfa428: TaskFinished(208,14081,Some(AttributeKey[scala.collection.Seq[sbt.ModuleID]]("projectDependencies") in Scope(Build: file:/Users/Arul/Documents/RISK_GAME_DEVELOPMENT/Project_RiskGame/, , Project: ProjectReference(file:/Users/Arul/Documents/RISK_GAME_DEVELOPMENT/Project_RiskGame/,riskgame))),true,None)
Sending msg to client play-fork-run-dfadc0f8-d845-47e6-81c1-e3ec67dfa428: TaskStarted(208,14080,Some(AttributeKey[scala.collection.Seq[sbt.ModuleID]]("allDependencies") in Scope(Build: file:/Users/Arul/Documents/RISK_GAME_DEVELOPMENT/Project_RiskGame/, , Project: ProjectReference(file:/Users/Arul/Documents/RISK_GAME_DEVELOPMENT/Project_RiskGame/,riskgame))))
Sending msg to client play-fork-run-dfadc0f8-d845-47e6-81c1-e3ec67dfa428: TaskStarted(208,14127,None)
Sending msg to client play-fork-run-dfadc0f8-d845-47e6-81c1-e3ec67dfa428: TaskStarted(208,14128,None)
Sending msg to client play-fork-run-dfadc0f8-d845-47e6-81c1-e3ec67dfa428: TaskStarted(208,14132,None)
Sending msg to client play-fork-run-dfadc0f8-d845-47e6-81c1-e3ec67dfa428: TaskStarted(208,14133,None)
Sending msg to client play-fork-run-dfadc0f8-d845-47e6-81c1-e3ec67dfa428: TaskStarted(208,14136,None)
Sending msg to client play-fork-run-dfadc0f8-d845-47e6-81c1-e3ec67dfa428: TaskStarted(208,14138,None)
Sending msg to client play-fork-run-dfadc0f8-d845-47e6-81c1-e3ec67dfa428: TaskStarted(208,14139,None)
Sending msg to client play-fork-run-dfadc0f8-d845-47e6-81c1-e3ec67dfa428: TaskStarted(208,14140,None)
Sending msg to client play-fork-run-dfadc0f8-d845-47e6-81c1-e3ec67dfa428: TaskFinished(208,14103,Some(AttributeKey[sbt.UnresolvedWarningConfiguration]("unresolvedWarningConfiguration") in Scope(Build: file:/Users/Arul/Documents/RISK_GAME_DEVELOPMENT/Project_RiskGame/, , Project: ProjectReference(file:/Users/Arul/Documents/RISK_GAME_DEVELOPMENT/Project_RiskGame/,riskgame), Task: AttributeKey[sbt.UpdateReport]("update"))),true,None)
Sending msg to client play-fork-run-dfadc0f8-d845-47e6-81c1-e3ec67dfa428: TaskFinished(208,14080,Some(AttributeKey[scala.collection.Seq[sbt.ModuleID]]("allDependencies") in Scope(Build: file:/Users/Arul/Documents/RISK_GAME_DEVELOPMENT/Project_RiskGame/, , Project: ProjectReference(file:/Users/Arul/Documents/RISK_GAME_DEVELOPMENT/Project_RiskGame/,riskgame))),true,None)
Sending msg to client play-fork-run-dfadc0f8-d845-47e6-81c1-e3ec67dfa428: TaskStarted(208,14079,Some(AttributeKey[sbt.ModuleSettings]("moduleSettings") in Scope(Build: file:/Users/Arul/Documents/RISK_GAME_DEVELOPMENT/Project_RiskGame/, , Project: ProjectReference(file:/Users/Arul/Documents/RISK_GAME_DEVELOPMENT/Project_RiskGame/,riskgame))))
Sending msg to client play-fork-run-dfadc0f8-d845-47e6-81c1-e3ec67dfa428: TaskFinished(208,14127,None,true,None)
Sending msg to client play-fork-run-dfadc0f8-d845-47e6-81c1-e3ec67dfa428: TaskStarted(208,14126,None)
Sending msg to client play-fork-run-dfadc0f8-d845-47e6-81c1-e3ec67dfa428: TaskFinished(208,14128,None,true,None)
Sending msg to client play-fork-run-dfadc0f8-d845-47e6-81c1-e3ec67dfa428: TaskFinished(208,14098,None,true,None)
Sending msg to client play-fork-run-dfadc0f8-d845-47e6-81c1-e3ec67dfa428: TaskFinished(208,14132,None,true,None)
Sending msg to client play-fork-run-dfadc0f8-d845-47e6-81c1-e3ec67dfa428: TaskFinished(208,14133,None,true,None)
Sending msg to client play-fork-run-dfadc0f8-d845-47e6-81c1-e3ec67dfa428: TaskStarted(208,14131,Some(AttributeKey[scala.collection.Seq[sbt.Attributed[java.io.File]]]("unmanagedJars") in Scope(Build: file:/Users/Arul/Documents/RISK_GAME_DEVELOPMENT/Project_RiskGame/, , Project: ProjectReference(file:/Users/Arul/Documents/RISK_GAME_DEVELOPMENT/Project_RiskGame/,riskgame), Config: runtime)))
Sending msg to client play-fork-run-dfadc0f8-d845-47e6-81c1-e3ec67dfa428: TaskFinished(208,14136,None,true,None)
Sending msg to client play-fork-run-dfadc0f8-d845-47e6-81c1-e3ec67dfa428: TaskStarted(208,14135,None)
Sending msg to client play-fork-run-dfadc0f8-d845-47e6-81c1-e3ec67dfa428: TaskFinished(208,14138,None,true,None)
Sending msg to client play-fork-run-dfadc0f8-d845-47e6-81c1-e3ec67dfa428: TaskFinished(208,14139,None,true,None)
Sending msg to client play-fork-run-dfadc0f8-d845-47e6-81c1-e3ec67dfa428: TaskStarted(208,14137,Some(AttributeKey[scala.collection.Seq[sbt.Attributed[java.io.File]]]("unmanagedJars") in Scope(Build: file:/Users/Arul/Documents/RISK_GAME_DEVELOPMENT/Project_RiskGame/, , Project: ProjectReference(file:/Users/Arul/Documents/RISK_GAME_DEVELOPMENT/Project_RiskGame/,riskgame), Config: compile)))
Sending msg to client play-fork-run-dfadc0f8-d845-47e6-81c1-e3ec67dfa428: TaskFinished(208,14140,None,true,None)
Sending msg to client play-fork-run-dfadc0f8-d845-47e6-81c1-e3ec67dfa428: TaskFinished(208,14123,Some(AttributeKey[scala.collection.Seq[java.io.File]]("playMonitoredFiles") in Scope(Build: file:/Users/Arul/Documents/RISK_GAME_DEVELOPMENT/Project_RiskGame/, , Project: ProjectReference(file:/Users/Arul/Documents/RISK_GAME_DEVELOPMENT/Project_RiskGame/,riskgame))),true,None)
Sending msg to client play-fork-run-dfadc0f8-d845-47e6-81c1-e3ec67dfa428: TaskFinished(208,14079,Some(AttributeKey[sbt.ModuleSettings]("moduleSettings") in Scope(Build: file:/Users/Arul/Documents/RISK_GAME_DEVELOPMENT/Project_RiskGame/, , Project: ProjectReference(file:/Users/Arul/Documents/RISK_GAME_DEVELOPMENT/Project_RiskGame/,riskgame))),true,None)
Sending msg to client play-fork-run-dfadc0f8-d845-47e6-81c1-e3ec67dfa428: TaskFinished(208,14126,None,true,None)
Sending msg to client play-fork-run-dfadc0f8-d845-47e6-81c1-e3ec67dfa428: TaskFinished(208,14090,Some(AttributeKey[scala.collection.immutable.Map[org.apache.ivy.core.module.id.ModuleRevisionId,org.apache.ivy.core.module.descriptor.ModuleDescriptor]]("projectDescriptors") in Scope(Build: file:/Users/Arul/Documents/RISK_GAME_DEVELOPMENT/Project_RiskGame/, , Project: ProjectReference(file:/Users/Arul/Documents/RISK_GAME_DEVELOPMENT/Project_RiskGame/,riskgame))),true,None)
Sending msg to client play-fork-run-dfadc0f8-d845-47e6-81c1-e3ec67dfa428: TaskStarted(208,14089,Some(AttributeKey[sbt.Resolver]("projectResolver") in Scope(Build: file:/Users/Arul/Documents/RISK_GAME_DEVELOPMENT/Project_RiskGame/, , Project: ProjectReference(file:/Users/Arul/Documents/RISK_GAME_DEVELOPMENT/Project_RiskGame/,riskgame))))
Sending msg to client play-fork-run-dfadc0f8-d845-47e6-81c1-e3ec67dfa428: TaskFinished(208,14131,Some(AttributeKey[scala.collection.Seq[sbt.Attributed[java.io.File]]]("unmanagedJars") in Scope(Build: file:/Users/Arul/Documents/RISK_GAME_DEVELOPMENT/Project_RiskGame/, , Project: ProjectReference(file:/Users/Arul/Documents/RISK_GAME_DEVELOPMENT/Project_RiskGame/,riskgame), Config: runtime)),true,None)
Sending msg to client play-fork-run-dfadc0f8-d845-47e6-81c1-e3ec67dfa428: TaskStarted(208,14141,None)
Sending msg to client play-fork-run-dfadc0f8-d845-47e6-81c1-e3ec67dfa428: TaskFinished(208,14137,Some(AttributeKey[scala.collection.Seq[sbt.Attributed[java.io.File]]]("unmanagedJars") in Scope(Build: file:/Users/Arul/Documents/RISK_GAME_DEVELOPMENT/Project_RiskGame/, , Project: ProjectReference(file:/Users/Arul/Documents/RISK_GAME_DEVELOPMENT/Project_RiskGame/,riskgame), Config: compile)),true,None)
Sending msg to client play-fork-run-dfadc0f8-d845-47e6-81c1-e3ec67dfa428: TaskFinished(208,14089,Some(AttributeKey[sbt.Resolver]("projectResolver") in Scope(Build: file:/Users/Arul/Documents/RISK_GAME_DEVELOPMENT/Project_RiskGame/, , Project: ProjectReference(file:/Users/Arul/Documents/RISK_GAME_DEVELOPMENT/Project_RiskGame/,riskgame))),true,None)
Sending msg to client play-fork-run-dfadc0f8-d845-47e6-81c1-e3ec67dfa428: TaskStarted(208,14087,Some(AttributeKey[scala.collection.Seq[sbt.Resolver]]("fullResolvers") in Scope(Build: file:/Users/Arul/Documents/RISK_GAME_DEVELOPMENT/Project_RiskGame/, , Project: ProjectReference(file:/Users/Arul/Documents/RISK_GAME_DEVELOPMENT/Project_RiskGame/,riskgame))))
Sending msg to client play-fork-run-dfadc0f8-d845-47e6-81c1-e3ec67dfa428: TaskFinished(208,14141,None,true,None)
Sending msg to client play-fork-run-dfadc0f8-d845-47e6-81c1-e3ec67dfa428: TaskFinished(208,14135,None,true,None)
Sending msg to client play-fork-run-dfadc0f8-d845-47e6-81c1-e3ec67dfa428: TaskStarted(208,14134,Some(AttributeKey[scala.collection.Seq[sbt.Attributed[java.io.File]]]("unmanagedJars") in Scope(Build: file:/Users/Arul/Documents/RISK_GAME_DEVELOPMENT/Project_RiskGame/, , Project: ProjectReference(file:/Users/Arul/Documents/RISK_GAME_DEVELOPMENT/Project_RiskGame/,riskgame), Config: compile)))
Sending msg to client play-fork-run-dfadc0f8-d845-47e6-81c1-e3ec67dfa428: TaskFinished(208,14087,Some(AttributeKey[scala.collection.Seq[sbt.Resolver]]("fullResolvers") in Scope(Build: file:/Users/Arul/Documents/RISK_GAME_DEVELOPMENT/Project_RiskGame/, , Project: ProjectReference(file:/Users/Arul/Documents/RISK_GAME_DEVELOPMENT/Project_RiskGame/,riskgame))),true,None)
Sending msg to client play-fork-run-dfadc0f8-d845-47e6-81c1-e3ec67dfa428: TaskStarted(208,14086,Some(AttributeKey[sbt.IvyConfiguration]("ivyConfiguration") in Scope(Build: file:/Users/Arul/Documents/RISK_GAME_DEVELOPMENT/Project_RiskGame/, , Project: ProjectReference(file:/Users/Arul/Documents/RISK_GAME_DEVELOPMENT/Project_RiskGame/,riskgame))))
Sending msg to client play-fork-run-dfadc0f8-d845-47e6-81c1-e3ec67dfa428: TaskFinished(208,14134,Some(AttributeKey[scala.collection.Seq[sbt.Attributed[java.io.File]]]("unmanagedJars") in Scope(Build: file:/Users/Arul/Documents/RISK_GAME_DEVELOPMENT/Project_RiskGame/, , Project: ProjectReference(file:/Users/Arul/Documents/RISK_GAME_DEVELOPMENT/Project_RiskGame/,riskgame), Config: compile)),true,None)
Sending msg to client play-fork-run-dfadc0f8-d845-47e6-81c1-e3ec67dfa428: TaskStarted(208,14130,None)
Sending msg to client play-fork-run-dfadc0f8-d845-47e6-81c1-e3ec67dfa428: TaskFinished(208,14086,Some(AttributeKey[sbt.IvyConfiguration]("ivyConfiguration") in Scope(Build: file:/Users/Arul/Documents/RISK_GAME_DEVELOPMENT/Project_RiskGame/, , Project: ProjectReference(file:/Users/Arul/Documents/RISK_GAME_DEVELOPMENT/Project_RiskGame/,riskgame))),true,None)
Sending msg to client play-fork-run-dfadc0f8-d845-47e6-81c1-e3ec67dfa428: TaskStarted(208,14085,Some(AttributeKey[sbt.IvySbt]("ivySbt") in Scope(Build: file:/Users/Arul/Documents/RISK_GAME_DEVELOPMENT/Project_RiskGame/, , Project: ProjectReference(file:/Users/Arul/Documents/RISK_GAME_DEVELOPMENT/Project_RiskGame/,riskgame))))
Sending msg to client play-fork-run-dfadc0f8-d845-47e6-81c1-e3ec67dfa428: TaskFinished(208,14130,None,true,None)
Sending msg to client play-fork-run-dfadc0f8-d845-47e6-81c1-e3ec67dfa428: TaskStarted(208,14129,None)
Sending msg to client play-fork-run-dfadc0f8-d845-47e6-81c1-e3ec67dfa428: TaskFinished(208,14085,Some(AttributeKey[sbt.IvySbt]("ivySbt") in Scope(Build: file:/Users/Arul/Documents/RISK_GAME_DEVELOPMENT/Project_RiskGame/, , Project: ProjectReference(file:/Users/Arul/Documents/RISK_GAME_DEVELOPMENT/Project_RiskGame/,riskgame))),true,None)
Sending msg to client play-fork-run-dfadc0f8-d845-47e6-81c1-e3ec67dfa428: TaskStarted(208,14078,Some(AttributeKey[sbt.IvySbt$Module]("ivyModule") in Scope(Build: file:/Users/Arul/Documents/RISK_GAME_DEVELOPMENT/Project_RiskGame/, , Project: ProjectReference(file:/Users/Arul/Documents/RISK_GAME_DEVELOPMENT/Project_RiskGame/,riskgame))))
Sending msg to client play-fork-run-dfadc0f8-d845-47e6-81c1-e3ec67dfa428: TaskFinished(208,14129,None,true,None)
Sending msg to client play-fork-run-dfadc0f8-d845-47e6-81c1-e3ec67dfa428: TaskFinished(208,14120,None,true,None)
Sending msg to client play-fork-run-dfadc0f8-d845-47e6-81c1-e3ec67dfa428: TaskStarted(208,14118,Some(AttributeKey[scala.collection.Seq[sbt.Attributed[java.io.File]]]("unmanagedClasspath") in Scope(Build: file:/Users/Arul/Documents/RISK_GAME_DEVELOPMENT/Project_RiskGame/, , Project: ProjectReference(file:/Users/Arul/Documents/RISK_GAME_DEVELOPMENT/Project_RiskGame/,riskgame), Config: runtime)))
Sending msg to client play-fork-run-dfadc0f8-d845-47e6-81c1-e3ec67dfa428: TaskFinished(208,14078,Some(AttributeKey[sbt.IvySbt$Module]("ivyModule") in Scope(Build: file:/Users/Arul/Documents/RISK_GAME_DEVELOPMENT/Project_RiskGame/, , Project: ProjectReference(file:/Users/Arul/Documents/RISK_GAME_DEVELOPMENT/Project_RiskGame/,riskgame))),true,None)
Sending msg to client play-fork-run-dfadc0f8-d845-47e6-81c1-e3ec67dfa428: TaskStarted(208,14073,Some(AttributeKey[sbt.UpdateReport]("update") in Scope(Build: file:/Users/Arul/Documents/RISK_GAME_DEVELOPMENT/Project_RiskGame/, , Project: ProjectReference(file:/Users/Arul/Documents/RISK_GAME_DEVELOPMENT/Project_RiskGame/,riskgame))))
Sending msg to client play-fork-run-dfadc0f8-d845-47e6-81c1-e3ec67dfa428: TaskFinished(208,14118,Some(AttributeKey[scala.collection.Seq[sbt.Attributed[java.io.File]]]("unmanagedClasspath") in Scope(Build: file:/Users/Arul/Documents/RISK_GAME_DEVELOPMENT/Project_RiskGame/, , Project: ProjectReference(file:/Users/Arul/Documents/RISK_GAME_DEVELOPMENT/Project_RiskGame/,riskgame), Config: runtime)),true,None)
Sending msg to client play-fork-run-dfadc0f8-d845-47e6-81c1-e3ec67dfa428: TaskFinished(208,14073,Some(AttributeKey[sbt.UpdateReport]("update") in Scope(Build: file:/Users/Arul/Documents/RISK_GAME_DEVELOPMENT/Project_RiskGame/, , Project: ProjectReference(file:/Users/Arul/Documents/RISK_GAME_DEVELOPMENT/Project_RiskGame/,riskgame))),true,None)
Sending msg to client play-fork-run-dfadc0f8-d845-47e6-81c1-e3ec67dfa428: TaskStarted(208,14072,Some(AttributeKey[sbt.UpdateReport]("update") in Scope(Build: file:/Users/Arul/Documents/RISK_GAME_DEVELOPMENT/Project_RiskGame/, , Project: ProjectReference(file:/Users/Arul/Documents/RISK_GAME_DEVELOPMENT/Project_RiskGame/,riskgame))))
Sending msg to client play-fork-run-dfadc0f8-d845-47e6-81c1-e3ec67dfa428: TaskFinished(208,14072,Some(AttributeKey[sbt.UpdateReport]("update") in Scope(Build: file:/Users/Arul/Documents/RISK_GAME_DEVELOPMENT/Project_RiskGame/, , Project: ProjectReference(file:/Users/Arul/Documents/RISK_GAME_DEVELOPMENT/Project_RiskGame/,riskgame))),true,None)
Sending msg to client play-fork-run-dfadc0f8-d845-47e6-81c1-e3ec67dfa428: TaskStarted(208,14071,Some(AttributeKey[scala.collection.Seq[sbt.Attributed[java.io.File]]]("managedClasspath") in Scope(Build: file:/Users/Arul/Documents/RISK_GAME_DEVELOPMENT/Project_RiskGame/, , Project: ProjectReference(file:/Users/Arul/Documents/RISK_GAME_DEVELOPMENT/Project_RiskGame/,riskgame), Config: docs)))
Sending msg to client play-fork-run-dfadc0f8-d845-47e6-81c1-e3ec67dfa428: TaskStarted(208,14116,Some(AttributeKey[sbt.Configuration]("classpathConfiguration") in Scope(Build: file:/Users/Arul/Documents/RISK_GAME_DEVELOPMENT/Project_RiskGame/, , Project: ProjectReference(file:/Users/Arul/Documents/RISK_GAME_DEVELOPMENT/Project_RiskGame/,riskgame), Config: compile)))
Sending msg to client play-fork-run-dfadc0f8-d845-47e6-81c1-e3ec67dfa428: TaskFinished(208,14116,Some(AttributeKey[sbt.Configuration]("classpathConfiguration") in Scope(Build: file:/Users/Arul/Documents/RISK_GAME_DEVELOPMENT/Project_RiskGame/, , Project: ProjectReference(file:/Users/Arul/Documents/RISK_GAME_DEVELOPMENT/Project_RiskGame/,riskgame), Config: compile)),true,None)
Sending msg to client play-fork-run-dfadc0f8-d845-47e6-81c1-e3ec67dfa428: TaskStarted(208,14115,None)
Sending msg to client play-fork-run-dfadc0f8-d845-47e6-81c1-e3ec67dfa428: TaskFinished(208,14115,None,true,None)
Sending msg to client play-fork-run-dfadc0f8-d845-47e6-81c1-e3ec67dfa428: TaskStarted(208,14114,Some(AttributeKey[sbt.Configuration]("classpathConfiguration") in Scope(Build: file:/Users/Arul/Documents/RISK_GAME_DEVELOPMENT/Project_RiskGame/, , Project: ProjectReference(file:/Users/Arul/Documents/RISK_GAME_DEVELOPMENT/Project_RiskGame/,riskgame), Config: runtime)))
Sending msg to client play-fork-run-dfadc0f8-d845-47e6-81c1-e3ec67dfa428: TaskFinished(208,14114,Some(AttributeKey[sbt.Configuration]("classpathConfiguration") in Scope(Build: file:/Users/Arul/Documents/RISK_GAME_DEVELOPMENT/Project_RiskGame/, , Project: ProjectReference(file:/Users/Arul/Documents/RISK_GAME_DEVELOPMENT/Project_RiskGame/,riskgame), Config: runtime)),true,None)
Sending msg to client play-fork-run-dfadc0f8-d845-47e6-81c1-e3ec67dfa428: TaskStarted(208,14113,None)
Sending msg to client play-fork-run-dfadc0f8-d845-47e6-81c1-e3ec67dfa428: TaskFinished(208,14113,None,true,None)
Sending msg to client play-fork-run-dfadc0f8-d845-47e6-81c1-e3ec67dfa428: TaskStarted(208,14111,Some(AttributeKey[scala.collection.Seq[sbt.Attributed[java.io.File]]]("managedClasspath") in Scope(Build: file:/Users/Arul/Documents/RISK_GAME_DEVELOPMENT/Project_RiskGame/, , Project: ProjectReference(file:/Users/Arul/Documents/RISK_GAME_DEVELOPMENT/Project_RiskGame/,riskgame), Config: runtime)))
Sending msg to client play-fork-run-dfadc0f8-d845-47e6-81c1-e3ec67dfa428: TaskFinished(208,14111,Some(AttributeKey[scala.collection.Seq[sbt.Attributed[java.io.File]]]("managedClasspath") in Scope(Build: file:/Users/Arul/Documents/RISK_GAME_DEVELOPMENT/Project_RiskGame/, , Project: ProjectReference(file:/Users/Arul/Documents/RISK_GAME_DEVELOPMENT/Project_RiskGame/,riskgame), Config: runtime)),true,None)
Sending msg to client play-fork-run-dfadc0f8-d845-47e6-81c1-e3ec67dfa428: TaskStarted(208,14110,None)
Sending msg to client play-fork-run-dfadc0f8-d845-47e6-81c1-e3ec67dfa428: TaskFinished(208,14110,None,true,None)
Sending msg to client play-fork-run-dfadc0f8-d845-47e6-81c1-e3ec67dfa428: TaskStarted(208,14109,Some(AttributeKey[scala.collection.Seq[sbt.Attributed[java.io.File]]]("playDependencyClasspath") in Scope(Build: file:/Users/Arul/Documents/RISK_GAME_DEVELOPMENT/Project_RiskGame/, , Project: ProjectReference(file:/Users/Arul/Documents/RISK_GAME_DEVELOPMENT/Project_RiskGame/,riskgame))))
Sending msg to client play-fork-run-dfadc0f8-d845-47e6-81c1-e3ec67dfa428: TaskFinished(208,14109,Some(AttributeKey[scala.collection.Seq[sbt.Attributed[java.io.File]]]("playDependencyClasspath") in Scope(Build: file:/Users/Arul/Documents/RISK_GAME_DEVELOPMENT/Project_RiskGame/, , Project: ProjectReference(file:/Users/Arul/Documents/RISK_GAME_DEVELOPMENT/Project_RiskGame/,riskgame))),true,None)
Sending msg to client play-fork-run-dfadc0f8-d845-47e6-81c1-e3ec67dfa428: TaskFinished(208,14071,Some(AttributeKey[scala.collection.Seq[sbt.Attributed[java.io.File]]]("managedClasspath") in Scope(Build: file:/Users/Arul/Documents/RISK_GAME_DEVELOPMENT/Project_RiskGame/, , Project: ProjectReference(file:/Users/Arul/Documents/RISK_GAME_DEVELOPMENT/Project_RiskGame/,riskgame), Config: docs)),true,None)
Sending msg to client play-fork-run-dfadc0f8-d845-47e6-81c1-e3ec67dfa428: TaskStarted(208,14125,Some(AttributeKey[scala.Option[java.io.File]]("playDocsJar") in Scope(Build: file:/Users/Arul/Documents/RISK_GAME_DEVELOPMENT/Project_RiskGame/, , Project: ProjectReference(file:/Users/Arul/Documents/RISK_GAME_DEVELOPMENT/Project_RiskGame/,riskgame))))
Sending msg to client play-fork-run-dfadc0f8-d845-47e6-81c1-e3ec67dfa428: TaskFinished(208,14125,Some(AttributeKey[scala.Option[java.io.File]]("playDocsJar") in Scope(Build: file:/Users/Arul/Documents/RISK_GAME_DEVELOPMENT/Project_RiskGame/, , Project: ProjectReference(file:/Users/Arul/Documents/RISK_GAME_DEVELOPMENT/Project_RiskGame/,riskgame))),true,None)
Sending msg to client play-fork-run-dfadc0f8-d845-47e6-81c1-e3ec67dfa428: TaskStarted(208,14070,Some(AttributeKey[play.forkrun.protocol.ForkConfig]("playForkConfig") in Scope(Build: file:/Users/Arul/Documents/RISK_GAME_DEVELOPMENT/Project_RiskGame/, , Project: ProjectReference(file:/Users/Arul/Documents/RISK_GAME_DEVELOPMENT/Project_RiskGame/,riskgame))))
Sending msg to client play-fork-run-dfadc0f8-d845-47e6-81c1-e3ec67dfa428: TaskFinished(208,14070,Some(AttributeKey[play.forkrun.protocol.ForkConfig]("playForkConfig") in Scope(Build: file:/Users/Arul/Documents/RISK_GAME_DEVELOPMENT/Project_RiskGame/, , Project: ProjectReference(file:/Users/Arul/Documents/RISK_GAME_DEVELOPMENT/Project_RiskGame/,riskgame))),true,None)
Sending msg to client play-fork-run-dfadc0f8-d845-47e6-81c1-e3ec67dfa428: ValueChanged(AttributeKey[play.forkrun.protocol.ForkConfig]("playForkConfig") in Scope(Build: file:/Users/Arul/Documents/RISK_GAME_DEVELOPMENT/Project_RiskGame/, , Project: ProjectReference(file:/Users/Arul/Documents/RISK_GAME_DEVELOPMENT/Project_RiskGame/,riskgame)),TaskSuccess(BuildValue(LazyValue(ForkConfig(/Users/Arul/Documents/RISK_GAME_DEVELOPMENT/Project_RiskGame,List(),List(/Users/Arul/Documents/RISK_GAME_DEVELOPMENT/Project_RiskGame/lib/fest-assert-1.4.jar, /Users/Arul/Documents/RISK_GAME_DEVELOPMENT/Project_RiskGame/lib/fest-util-1.1.6.jar, /Users/Arul/Documents/RISK_GAME_DEVELOPMENT/Project_RiskGame/lib/hamcrest-core-1.3.jar, /Users/Arul/Documents/RISK_GAME_DEVELOPMENT/Project_RiskGame/lib/junit-4.11-extended-1.0.4.jar, /Users/Arul/Documents/RISK_GAME_DEVELOPMENT/Project_RiskGame/lib/junit-4.11.jar, /Users/Arul/.ivy2/cache/org.scala-lang/scala-library/jars/scala-library-2.11.7.jar, /Users/Arul/.ivy2/cache/com.typesafe.play/twirl-api_2.11/jars/twirl-api_2.11-1.1.1.jar, /Users/Arul/.ivy2/cache/org.apache.commons/commons-lang3/jars/commons-lang3-3.4.jar, /Users/Arul/.ivy2/cache/org.scala-lang.modules/scala-xml_2.11/bundles/scala-xml_2.11-1.0.1.jar, /Users/Arul/.ivy2/cache/com.typesafe.play/play-server_2.11/jars/play-server_2.11-2.4.2.jar, /Users/Arul/.ivy2/cache/com.typesafe.play/play_2.11/jars/play_2.11-2.4.2.jar, /Users/Arul/.ivy2/cache/com.typesafe.play/build-link/jars/build-link-2.4.2.jar, /Users/Arul/.ivy2/cache/com.typesafe.play/play-exceptions/jars/play-exceptions-2.4.2.jar, /Users/Arul/.ivy2/cache/org.javassist/javassist/bundles/javassist-3.19.0-GA.jar, /Users/Arul/.ivy2/cache/com.typesafe.play/play-iteratees_2.11/jars/play-iteratees_2.11-2.4.2.jar, /Users/Arul/.ivy2/cache/org.scala-stm/scala-stm_2.11/jars/scala-stm_2.11-0.7.jar, /Users/Arul/.ivy2/cache/com.typesafe/config/bundles/config-1.3.0.jar, /Users/Arul/.ivy2/cache/com.typesafe.play/play-json_2.11/jars/play-json_2.11-2.4.2.jar, /Users/Arul/.ivy2/cache/com.typesafe.play/play-functional_2.11/jars/play-functional_2.11-2.4.2.jar, /Users/Arul/.ivy2/cache/com.typesafe.play/play-datacommons_2.11/jars/play-datacommons_2.11-2.4.2.jar, /Users/Arul/.ivy2/cache/joda-time/joda-time/jars/joda-time-2.8.1.jar, /Users/Arul/.ivy2/cache/org.joda/joda-convert/jars/joda-convert-1.7.jar, /Users/Arul/.ivy2/cache/org.scala-lang/scala-reflect/jars/scala-reflect-2.11.6.jar, /Users/Arul/.ivy2/cache/com.fasterxml.jackson.core/jackson-core/bundles/jackson-core-2.5.4.jar, /Users/Arul/.ivy2/cache/com.fasterxml.jackson.core/jackson-annotations/bundles/jackson-annotations-2.5.4.jar, /Users/Arul/.ivy2/cache/com.fasterxml.jackson.core/jackson-databind/bundles/jackson-databind-2.5.4.jar, /Users/Arul/.ivy2/cache/com.fasterxml.jackson.datatype/jackson-datatype-jdk8/bundles/jackson-datatype-jdk8-2.5.4.jar, /Users/Arul/.ivy2/cache/com.fasterxml.jackson.datatype/jackson-datatype-jsr310/bundles/jackson-datatype-jsr310-2.5.4.jar, /Users/Arul/.ivy2/cache/com.typesafe.play/play-netty-utils/jars/play-netty-utils-2.4.2.jar, /Users/Arul/.ivy2/cache/org.slf4j/slf4j-api/jars/slf4j-api-1.7.12.jar, /Users/Arul/.ivy2/cache/org.slf4j/jul-to-slf4j/jars/jul-to-slf4j-1.7.12.jar, /Users/Arul/.ivy2/cache/org.slf4j/jcl-over-slf4j/jars/jcl-over-slf4j-1.7.12.jar, /Users/Arul/.ivy2/cache/org.scala-lang.modules/scala-parser-combinators_2.11/bundles/scala-parser-combinators_2.11-1.0.1.jar, /Users/Arul/.ivy2/cache/ch.qos.logback/logback-core/jars/logback-core-1.1.3.jar, /Users/Arul/.ivy2/cache/ch.qos.logback/logback-classic/jars/logback-classic-1.1.3.jar, /Users/Arul/.ivy2/cache/com.typesafe.akka/akka-actor_2.11/jars/akka-actor_2.11-2.3.11.jar, /Users/Arul/.ivy2/cache/com.typesafe.akka/akka-slf4j_2.11/jars/akka-slf4j_2.11-2.3.11.jar, /Users/Arul/.ivy2/cache/commons-codec/commons-codec/jars/commons-codec-1.10.jar, /Users/Arul/.ivy2/cache/xerces/xercesImpl/jars/xercesImpl-2.11.0.jar, /Users/Arul/.ivy2/cache/xml-apis/xml-apis/jars/xml-apis-1.4.01.jar, /Users/Arul/.ivy2/cache/javax.transaction/jta/jars/jta-1.1.jar, /Users/Arul/.ivy2/cache/com.google.inject/guice/jars/guice-4.0.jar, /Users/Arul/.ivy2/cache/javax.inject/javax.inject/jars/javax.inject-1.jar, /Users/Arul/.ivy2/cache/aopalliance/aopalliance/jars/aopalliance-1.0.jar, /Users/Arul/.ivy2/cache/com.google.inject.extensions/guice-assistedinject/jars/guice-assistedinject-4.0.jar, /Users/Arul/.ivy2/cache/com.typesafe.play/play-java_2.11/jars/play-java_2.11-2.4.2.jar, /Users/Arul/.ivy2/cache/org.scala-lang.modules/scala-java8-compat_2.11/bundles/scala-java8-compat_2.11-0.3.0.jar, /Users/Arul/.ivy2/cache/org.yaml/snakeyaml/bundles/snakeyaml-1.15.jar, /Users/Arul/.ivy2/cache/org.hibernate/hibernate-validator/jars/hibernate-validator-5.0.3.Final.jar, /Users/Arul/.ivy2/cache/javax.validation/validation-api/jars/validation-api-1.1.0.Final.jar, /Users/Arul/.ivy2/cache/com.fasterxml/classmate/bundles/classmate-1.0.0.jar, /Users/Arul/.ivy2/cache/org.jboss.logging/jboss-logging/jars/jboss-logging-3.2.1.Final.jar, /Users/Arul/.ivy2/cache/org.springframework/spring-context/jars/spring-context-4.1.6.RELEASE.jar, /Users/Arul/.ivy2/cache/org.springframework/spring-core/jars/spring-core-4.1.6.RELEASE.jar, /Users/Arul/.ivy2/cache/org.springframework/spring-beans/jars/spring-beans-4.1.6.RELEASE.jar, /Users/Arul/.ivy2/cache/org.reflections/reflections/jars/reflections-0.9.9.jar, /Users/Arul/.ivy2/cache/com.google.guava/guava/bundles/guava-18.0.jar, /Users/Arul/.ivy2/cache/com.google.code.findbugs/annotations/jars/annotations-2.0.1.jar, /Users/Arul/.ivy2/cache/net.jodah/typetools/bundles/typetools-0.4.1.jar, /Users/Arul/.ivy2/cache/com.google.code.findbugs/jsr305/jars/jsr305-2.0.3.jar, /Users/Arul/.ivy2/cache/org.apache.tomcat/tomcat-servlet-api/jars/tomcat-servlet-api-8.0.21.jar, /Users/Arul/.ivy2/cache/com.typesafe.play/play-netty-server_2.11/jars/play-netty-server_2.11-2.4.2.jar, /Users/Arul/.ivy2/cache/io.netty/netty/bundles/netty-3.10.3.Final.jar, /Users/Arul/.ivy2/cache/com.typesafe.netty/netty-http-pipelining/jars/netty-http-pipelining-1.1.4.jar, /Users/Arul/.ivy2/cache/com.typesafe.play/play-java-jdbc_2.11/jars/play-java-jdbc_2.11-2.4.2.jar, /Users/Arul/.ivy2/cache/com.typesafe.play/play-jdbc_2.11/jars/play-jdbc_2.11-2.4.2.jar, /Users/Arul/.ivy2/cache/com.typesafe.play/play-jdbc-api_2.11/jars/play-jdbc-api_2.11-2.4.2.jar, /Users/Arul/.ivy2/cache/com.jolbox/bonecp/bundles/bonecp-0.8.0.RELEASE.jar, /Users/Arul/.ivy2/cache/com.zaxxer/HikariCP/bundles/HikariCP-2.3.7.jar, /Users/Arul/.ivy2/cache/com.h2database/h2/jars/h2-1.4.187.jar, /Users/Arul/.ivy2/cache/tyrex/tyrex/jars/tyrex-1.0.1.jar, /Users/Arul/.ivy2/cache/com.typesafe.play/play-cache_2.11/jars/play-cache_2.11-2.4.2.jar, /Users/Arul/.ivy2/cache/net.sf.ehcache/ehcache-core/jars/ehcache-core-2.6.11.jar, /Users/Arul/.ivy2/cache/com.typesafe.play/play-java-ws_2.11/jars/play-java-ws_2.11-2.4.2.jar, /Users/Arul/.ivy2/cache/com.typesafe.play/play-ws_2.11/jars/play-ws_2.11-2.4.2.jar, /Users/Arul/.ivy2/cache/com.ning/async-http-client/jars/async-http-client-1.9.21.jar, /Users/Arul/.ivy2/cache/oauth.signpost/signpost-core/jars/signpost-core-1.2.1.2.jar, /Users/Arul/.ivy2/cache/oauth.signpost/signpost-commonshttp4/jars/signpost-commonshttp4-1.2.1.2.jar, /Users/Arul/.ivy2/cache/org.apache.httpcomponents/httpcore/jars/httpcore-4.0.1.jar, /Users/Arul/.ivy2/cache/org.apache.httpcomponents/httpclient/jars/httpclient-4.0.1.jar, /Users/Arul/.ivy2/cache/commons-logging/commons-logging/jars/commons-logging-1.1.1.jar, /Users/Arul/.ivy2/cache/mysql/mysql-connector-java/jars/mysql-connector-java-5.1.18.jar),List((public/,/Users/Arul/Documents/RISK_GAME_DEVELOPMENT/Project_RiskGame/target/web/public/main)),List(/Users/Arul/.ivy2/cache/com.typesafe.play/play-omnidoc_2.11/jars/play-omnidoc_2.11-2.4.2.jar, /Users/Arul/.ivy2/cache/org.scala-lang/scala-library/jars/scala-library-2.11.6.jar, /Users/Arul/.ivy2/cache/com.typesafe.play/play-docs_2.11/jars/play-docs_2.11-2.4.2.jar, /Users/Arul/.ivy2/cache/com.typesafe.play/play-netty-server_2.11/jars/play-netty-server_2.11-2.4.2.jar, /Users/Arul/.ivy2/cache/com.typesafe.play/play-server_2.11/jars/play-server_2.11-2.4.2.jar, /Users/Arul/.ivy2/cache/com.typesafe.play/play_2.11/jars/play_2.11-2.4.2.jar, /Users/Arul/.ivy2/cache/com.typesafe.play/build-link/jars/build-link-2.4.2.jar, /Users/Arul/.ivy2/cache/com.typesafe.play/play-exceptions/jars/play-exceptions-2.4.2.jar, /Users/Arul/.ivy2/cache/org.javassist/javassist/bundles/javassist-3.19.0-GA.jar, /Users/Arul/.ivy2/cache/com.typesafe.play/play-iteratees_2.11/jars/play-iteratees_2.11-2.4.2.jar, /Users/Arul/.ivy2/cache/org.scala-stm/scala-stm_2.11/jars/scala-stm_2.11-0.7.jar, /Users/Arul/.ivy2/cache/com.typesafe/config/bundles/config-1.3.0.jar, /Users/Arul/.ivy2/cache/com.typesafe.play/play-json_2.11/jars/play-json_2.11-2.4.2.jar, /Users/Arul/.ivy2/cache/com.typesafe.play/play-functional_2.11/jars/play-functional_2.11-2.4.2.jar, /Users/Arul/.ivy2/cache/com.typesafe.play/play-datacommons_2.11/jars/play-datacommons_2.11-2.4.2.jar, /Users/Arul/.ivy2/cache/joda-time/joda-time/jars/joda-time-2.8.1.jar, /Users/Arul/.ivy2/cache/org.joda/joda-convert/jars/joda-convert-1.7.jar, /Users/Arul/.ivy2/cache/org.scala-lang/scala-reflect/jars/scala-reflect-2.11.6.jar, /Users/Arul/.ivy2/cache/com.fasterxml.jackson.core/jackson-core/bundles/jackson-core-2.5.4.jar, /Users/Arul/.ivy2/cache/com.fasterxml.jackson.core/jackson-annotations/bundles/jackson-annotations-2.5.4.jar, /Users/Arul/.ivy2/cache/com.fasterxml.jackson.core/jackson-databind/bundles/jackson-databind-2.5.4.jar, /Users/Arul/.ivy2/cache/com.fasterxml.jackson.datatype/jackson-datatype-jdk8/bundles/jackson-datatype-jdk8-2.5.4.jar, /Users/Arul/.ivy2/cache/com.fasterxml.jackson.datatype/jackson-datatype-jsr310/bundles/jackson-datatype-jsr310-2.5.4.jar, /Users/Arul/.ivy2/cache/com.typesafe.play/play-netty-utils/jars/play-netty-utils-2.4.2.jar, /Users/Arul/.ivy2/cache/org.slf4j/slf4j-api/jars/slf4j-api-1.7.12.jar, /Users/Arul/.ivy2/cache/org.slf4j/jul-to-slf4j/jars/jul-to-slf4j-1.7.12.jar, /Users/Arul/.ivy2/cache/org.slf4j/jcl-over-slf4j/jars/jcl-over-slf4j-1.7.12.jar, /Users/Arul/.ivy2/cache/com.typesafe.play/twirl-api_2.11/jars/twirl-api_2.11-1.1.1.jar, /Users/Arul/.ivy2/cache/org.apache.commons/commons-lang3/jars/commons-lang3-3.4.jar, /Users/Arul/.ivy2/cache/org.scala-lang.modules/scala-xml_2.11/bundles/scala-xml_2.11-1.0.1.jar, /Users/Arul/.ivy2/cache/org.scala-lang.modules/scala-parser-combinators_2.11/bundles/scala-parser-combinators_2.11-1.0.1.jar, /Users/Arul/.ivy2/cache/ch.qos.logback/logback-core/jars/logback-core-1.1.3.jar, /Users/Arul/.ivy2/cache/ch.qos.logback/logback-classic/jars/logback-classic-1.1.3.jar, /Users/Arul/.ivy2/cache/com.typesafe.akka/akka-actor_2.11/jars/akka-actor_2.11-2.3.11.jar, /Users/Arul/.ivy2/cache/com.typesafe.akka/akka-slf4j_2.11/jars/akka-slf4j_2.11-2.3.11.jar, /Users/Arul/.ivy2/cache/commons-codec/commons-codec/jars/commons-codec-1.10.jar, /Users/Arul/.ivy2/cache/xerces/xercesImpl/jars/xercesImpl-2.11.0.jar, /Users/Arul/.ivy2/cache/xml-apis/xml-apis/jars/xml-apis-1.4.01.jar, /Users/Arul/.ivy2/cache/javax.transaction/jta/jars/jta-1.1.jar, /Users/Arul/.ivy2/cache/com.google.inject/guice/jars/guice-4.0.jar, /Users/Arul/.ivy2/cache/javax.inject/javax.inject/jars/javax.inject-1.jar, /Users/Arul/.ivy2/cache/aopalliance/aopalliance/jars/aopalliance-1.0.jar, /Users/Arul/.ivy2/cache/com.google.guava/guava/bundles/guava-16.0.1.jar, /Users/Arul/.ivy2/cache/com.google.inject.extensions/guice-assistedinject/jars/guice-assistedinject-4.0.jar, /Users/Arul/.ivy2/cache/io.netty/netty/bundles/netty-3.10.3.Final.jar, /Users/Arul/.ivy2/cache/com.typesafe.netty/netty-http-pipelining/jars/netty-http-pipelining-1.1.4.jar, /Users/Arul/.ivy2/cache/com.typesafe.play/play-doc_2.11/jars/play-doc_2.11-1.2.2.jar, /Users/Arul/.ivy2/cache/org.pegdown/pegdown/jars/pegdown-1.4.0.jar, /Users/Arul/.ivy2/cache/org.parboiled/parboiled-java/bundles/parboiled-java-1.1.5.jar, /Users/Arul/.ivy2/cache/org.parboiled/parboiled-core/bundles/parboiled-core-1.1.5.jar, /Users/Arul/.ivy2/cache/org.ow2.asm/asm/jars/asm-4.1.jar, /Users/Arul/.ivy2/cache/org.ow2.asm/asm-tree/jars/asm-tree-4.1.jar, /Users/Arul/.ivy2/cache/org.ow2.asm/asm-analysis/jars/asm-analysis-4.1.jar, /Users/Arul/.ivy2/cache/org.ow2.asm/asm-util/jars/asm-util-4.1.jar, /Users/Arul/.ivy2/cache/commons-io/commons-io/jars/commons-io-2.4.jar),Some(/Users/Arul/.ivy2/cache/com.typesafe.play/play-omnidoc_2.11/jars/play-omnidoc_2.11-2.4.2.jar),List(),9000,0.0.0.0,DefaultWatchService,List(/Users/Arul/Documents/RISK_GAME_DEVELOPMENT/Project_RiskGame/public, /Users/Arul/Documents/RISK_GAME_DEVELOPMENT/Project_RiskGame/conf, /Users/Arul/Documents/RISK_GAME_DEVELOPMENT/Project_RiskGame/app),/Users/Arul/Documents/RISK_GAME_DEVELOPMENT/Project_RiskGame/target,500,riskgame/playForkNotifyStart,riskgame/playForkReload,300000,play.core.server.DevServerStart),scala.pickling.PicklerUnpickler$DelegatingPicklerUnpickler@5e8302d5),ForkConfig(/Users/Arul/Documents/RISK_GAME_DEVELOPMENT/Project_RiskGame,List(),List(/Users/Arul/Documents/RISK_GAME_DEVELOPMENT/Project_RiskGame/lib/fest-assert-1.4.jar, /Users/Arul/Documents/RISK_GAME_DEVELOPMENT/Project_RiskGame/lib/fest-util-1.1.6.jar, /Users/Arul/Documents/RISK_GAME_DEVELOPMENT/Project_RiskGame/lib/hamcrest-core-1.3.jar, /Users/Arul/Documents/RISK_GAME_DEVELOPMENT/Project_RiskGame/lib/junit-4.11-extended-1.0.4.jar, /Users/Arul/Documents/RISK_GAME_DEVELOPMENT/Project_RiskGame/lib/junit-4.11.jar, /Users/Arul/.ivy2/cache/org.scala-lang/scala-library/jars/scala-library-2.11.7.jar, /Users/Arul/.ivy2/cache/com.typesafe.play/twirl-api_2.11/jars/twirl-api_2.11-1.1.1.jar, /Users/Arul/.ivy2/cache/org.apache.commons/commons-lang3/jars/commons-lang3-3.4.jar, /Users/Arul/.ivy2/cache/org.scala-lang.modules/scala-xml_2.11/bundles/scala-xml_2.11-1.0.1.jar, /Users/Arul/.ivy2/cache/com.typesafe.play/play-server_2.11/jars/play-server_2.11-2.4.2.jar, /Users/Arul/.ivy2/cache/com.typesafe.play/play_2.11/jars/play_2.11-2.4.2.jar, /Users/Arul/.ivy2/cache/com.typesafe.play/build-link/jars/build-link-2.4.2.jar, /Users/Arul/.ivy2/cache/com.typesafe.play/play-exceptions/jars/play-exceptions-2.4.2.jar, /Users/Arul/.ivy2/cache/org.javassist/javassist/bundles/javassist-3.19.0-GA.jar, /Users/Arul/.ivy2/cache/com.typesafe.play/play-iteratees_2.11/jars/play-iteratees_2.11-2.4.2.jar, /Users/Arul/.ivy2/cache/org.scala-stm/scala-stm_2.11/jars/scala-stm_2.11-0.7.jar, /Users/Arul/.ivy2/cache/com.typesafe/config/bundles/config-1.3.0.jar, /Users/Arul/.ivy2/cache/com.typesafe.play/play-json_2.11/jars/play-json_2.11-2.4.2.jar, /Users/Arul/.ivy2/cache/com.typesafe.play/play-functional_2.11/jars/play-functional_2.11-2.4.2.jar, /Users/Arul/.ivy2/cache/com.typesafe.play/play-datacommons_2.11/jars/play-datacommons_2.11-2.4.2.jar, /Users/Arul/.ivy2/cache/joda-time/joda-time/jars/joda-time-2.8.1.jar, /Users/Arul/.ivy2/cache/org.joda/joda-convert/jars/joda-convert-1.7.jar, /Users/Arul/.ivy2/cache/org.scala-lang/scala-reflect/jars/scala-reflect-2.11.6.jar, /Users/Arul/.ivy2/cache/com.fasterxml.jackson.core/jackson-core/bundles/jackson-core-2.5.4.jar, /Users/Arul/.ivy2/cache/com.fasterxml.jackson.core/jackson-annotations/bundles/jackson-annotations-2.5.4.jar, /Users/Arul/.ivy2/cache/com.fasterxml.jackson.core/jackson-databind/bundles/jackson-databind-2.5.4.jar, /Users/Arul/.ivy2/cache/com.fasterxml.jackson.datatype/jackson-datatype-jdk8/bundles/jackson-datatype-jdk8-2.5.4.jar, /Users/Arul/.ivy2/cache/com.fasterxml.jackson.datatype/jackson-datatype-jsr310/bundles/jackson-datatype-jsr310-2.5.4.jar, /Users/Arul/.ivy2/cache/com.typesafe.play/play-netty-utils/jars/play-netty-utils-2.4.2.jar, /Users/Arul/.ivy2/cache/org.slf4j/slf4j-api/jars/slf4j-api-1.7.12.jar, /Users/Arul/.ivy2/cache/org.slf4j/jul-to-slf4j/jars/jul-to-slf4j-1.7.12.jar, /Users/Arul/.ivy2/cache/org.slf4j/jcl-over-slf4j/jars/jcl-over-slf4j-1.7.12.jar, /Users/Arul/.ivy2/cache/org.scala-lang.modules/scala-parser-combinators_2.11/bundles/scala-parser-combinators_2.11-1.0.1.jar, /Users/Arul/.ivy2/cache/ch.qos.logback/logback-core/jars/logback-core-1.1.3.jar, /Users/Arul/.ivy2/cache/ch.qos.logback/logback-classic/jars/logback-classic-1.1.3.jar, /Users/Arul/.ivy2/cache/com.typesafe.akka/akka-actor_2.11/jars/akka-actor_2.11-2.3.11.jar, /Users/Arul/.ivy2/cache/com.typesafe.akka/akka-slf4j_2.11/jars/akka-slf4j_2.11-2.3.11.jar, /Users/Arul/.ivy2/cache/commons-codec/commons-codec/jars/commons-codec-1.10.jar, /Users/Arul/.ivy2/cache/xerces/xercesImpl/jars/xercesImpl-2.11.0.jar, /Users/Arul/.ivy2/cache/xml-apis/xml-apis/jars/xml-apis-1.4.01.jar, /Users/Arul/.ivy2/cache/javax.transaction/jta/jars/jta-1.1.jar, /Users/Arul/.ivy2/cache/com.google.inject/guice/jars/guice-4.0.jar, /Users/Arul/.ivy2/cache/javax.inject/javax.inject/jars/javax.inject-1.jar, /Users/Arul/.ivy2/cache/aopalliance/aopalliance/jars/aopalliance-1.0.jar, /Users/Arul/.ivy2/cache/com.google.inject.extensions/guice-assistedinject/jars/guice-assistedinject-4.0.jar, /Users/Arul/.ivy2/cache/com.typesafe.play/play-java_2.11/jars/play-java_2.11-2.4.2.jar, /Users/Arul/.ivy2/cache/org.scala-lang.modules/scala-java8-compat_2.11/bundles/scala-java8-compat_2.11-0.3.0.jar, /Users/Arul/.ivy2/cache/org.yaml/snakeyaml/bundles/snakeyaml-1.15.jar, /Users/Arul/.ivy2/cache/org.hibernate/hibernate-validator/jars/hibernate-validator-5.0.3.Final.jar, /Users/Arul/.ivy2/cache/javax.validation/validation-api/jars/validation-api-1.1.0.Final.jar, /Users/Arul/.ivy2/cache/com.fasterxml/classmate/bundles/classmate-1.0.0.jar, /Users/Arul/.ivy2/cache/org.jboss.logging/jboss-logging/jars/jboss-logging-3.2.1.Final.jar, /Users/Arul/.ivy2/cache/org.springframework/spring-context/jars/spring-context-4.1.6.RELEASE.jar, /Users/Arul/.ivy2/cache/org.springframework/spring-core/jars/spring-core-4.1.6.RELEASE.jar, /Users/Arul/.ivy2/cache/org.springframework/spring-beans/jars/spring-beans-4.1.6.RELEASE.jar, /Users/Arul/.ivy2/cache/org.reflections/reflections/jars/reflections-0.9.9.jar, /Users/Arul/.ivy2/cache/com.google.guava/guava/bundles/guava-18.0.jar, /Users/Arul/.ivy2/cache/com.google.code.findbugs/annotations/jars/annotations-2.0.1.jar, /Users/Arul/.ivy2/cache/net.jodah/typetools/bundles/typetools-0.4.1.jar, /Users/Arul/.ivy2/cache/com.google.code.findbugs/jsr305/jars/jsr305-2.0.3.jar, /Users/Arul/.ivy2/cache/org.apache.tomcat/tomcat-servlet-api/jars/tomcat-servlet-api-8.0.21.jar, /Users/Arul/.ivy2/cache/com.typesafe.play/play-netty-server_2.11/jars/play-netty-server_2.11-2.4.2.jar, /Users/Arul/.ivy2/cache/io.netty/netty/bundles/netty-3.10.3.Final.jar, /Users/Arul/.ivy2/cache/com.typesafe.netty/netty-http-pipelining/jars/netty-http-pipelining-1.1.4.jar, /Users/Arul/.ivy2/cache/com.typesafe.play/play-java-jdbc_2.11/jars/play-java-jdbc_2.11-2.4.2.jar, /Users/Arul/.ivy2/cache/com.typesafe.play/play-jdbc_2.11/jars/play-jdbc_2.11-2.4.2.jar, /Users/Arul/.ivy2/cache/com.typesafe.play/play-jdbc-api_2.11/jars/play-jdbc-api_2.11-2.4.2.jar, /Users/Arul/.ivy2/cache/com.jolbox/bonecp/bundles/bonecp-0.8.0.RELEASE.jar, /Users/Arul/.ivy2/cache/com.zaxxer/HikariCP/bundles/HikariCP-2.3.7.jar, /Users/Arul/.ivy2/cache/com.h2database/h2/jars/h2-1.4.187.jar, /Users/Arul/.ivy2/cache/tyrex/tyrex/jars/tyrex-1.0.1.jar, /Users/Arul/.ivy2/cache/com.typesafe.play/play-cache_2.11/jars/play-cache_2.11-2.4.2.jar, /Users/Arul/.ivy2/cache/net.sf.ehcache/ehcache-core/jars/ehcache-core-2.6.11.jar, /Users/Arul/.ivy2/cache/com.typesafe.play/play-java-ws_2.11/jars/play-java-ws_2.11-2.4.2.jar, /Users/Arul/.ivy2/cache/com.typesafe.play/play-ws_2.11/jars/play-ws_2.11-2.4.2.jar, /Users/Arul/.ivy2/cache/com.ning/async-http-client/jars/async-http-client-1.9.21.jar, /Users/Arul/.ivy2/cache/oauth.signpost/signpost-core/jars/signpost-core-1.2.1.2.jar, /Users/Arul/.ivy2/cache/oauth.signpost/signpost-commonshttp4/jars/signpost-commonshttp4-1.2.1.2.jar, /Users/Arul/.ivy2/cache/org.apache.httpcomponents/httpcore/jars/httpcore-4.0.1.jar, /Users/Arul/.ivy2/cache/org.apache.httpcomponents/httpclient/jars/httpclient-4.0.1.jar, /Users/Arul/.ivy2/cache/commons-logging/commons-logging/jars/commons-logging-1.1.1.jar, /Users/Arul/.ivy2/cache/mysql/mysql-connector-java/jars/mysql-connector-java-5.1.18.jar),List((public/,/Users/Arul/Documents/RISK_GAME_DEVELOPMENT/Project_RiskGame/target/web/public/main)),List(/Users/Arul/.ivy2/cache/com.typesafe.play/play-omnidoc_2.11/jars/play-omnidoc_2.11-2.4.2.jar, /Users/Arul/.ivy2/cache/org.scala-lang/scala-library/jars/scala-library-2.11.6.jar, /Users/Arul/.ivy2/cache/com.typesafe.play/play-docs_2.11/jars/play-docs_2.11-2.4.2.jar, /Users/Arul/.ivy2/cache/com.typesafe.play/play-netty-server_2.11/jars/play-netty-server_2.11-2.4.2.jar, /Users/Arul/.ivy2/cache/com.typesafe.play/play-server_2.11/jars/play-server_2.11-2.4.2.jar, /Users/Arul/.ivy2/cache/com.typesafe.play/play_2.11/jars/play_2.11-2.4.2.jar, /Users/Arul/.ivy2/cache/com.typesafe.play/build-link/jars/build-link-2.4.2.jar, /Users/Arul/.ivy2/cache/com.typesafe.play/play-exceptions/jars/play-exceptions-2.4.2.jar, /Users/Arul/.ivy2/cache/org.javassist/javassist/bundles/javassist-3.19.0-GA.jar, /Users/Arul/.ivy2/cache/com.typesafe.play/play-iteratees_2.11/jars/play-iteratees_2.11-2.4.2.jar, /Users/Arul/.ivy2/cache/org.scala-stm/scala-stm_2.11/jars/scala-stm_2.11-0.7.jar, /Users/Arul/.ivy2/cache/com.typesafe/config/bundles/config-1.3.0.jar, /Users/Arul/.ivy2/cache/com.typesafe.play/play-json_2.11/jars/play-json_2.11-2.4.2.jar, /Users/Arul/.ivy2/cache/com.typesafe.play/play-functional_2.11/jars/play-functional_2.11-2.4.2.jar, /Users/Arul/.ivy2/cache/com.typesafe.play/play-datacommons_2.11/jars/play-datacommons_2.11-2.4.2.jar, /Users/Arul/.ivy2/cache/joda-time/joda-time/jars/joda-time-2.8.1.jar, /Users/Arul/.ivy2/cache/org.joda/joda-convert/jars/joda-convert-1.7.jar, /Users/Arul/.ivy2/cache/org.scala-lang/scala-reflect/jars/scala-reflect-2.11.6.jar, /Users/Arul/.ivy2/cache/com.fasterxml.jackson.core/jackson-core/bundles/jackson-core-2.5.4.jar, /Users/Arul/.ivy2/cache/com.fasterxml.jackson.core/jackson-annotations/bundles/jackson-annotations-2.5.4.jar, /Users/Arul/.ivy2/cache/com.fasterxml.jackson.core/jackson-databind/bundles/jackson-databind-2.5.4.jar, /Users/Arul/.ivy2/cache/com.fasterxml.jackson.datatype/jackson-datatype-jdk8/bundles/jackson-datatype-jdk8-2.5.4.jar, /Users/Arul/.ivy2/cache/com.fasterxml.jackson.datatype/jackson-datatype-jsr310/bundles/jackson-datatype-jsr310-2.5.4.jar, /Users/Arul/.ivy2/cache/com.typesafe.play/play-netty-utils/jars/play-netty-utils-2.4.2.jar, /Users/Arul/.ivy2/cache/org.slf4j/slf4j-api/jars/slf4j-api-1.7.12.jar, /Users/Arul/.ivy2/cache/org.slf4j/jul-to-slf4j/jars/jul-to-slf4j-1.7.12.jar, /Users/Arul/.ivy2/cache/org.slf4j/jcl-over-slf4j/jars/jcl-over-slf4j-1.7.12.jar, /Users/Arul/.ivy2/cache/com.typesafe.play/twirl-api_2.11/jars/twirl-api_2.11-1.1.1.jar, /Users/Arul/.ivy2/cache/org.apache.commons/commons-lang3/jars/commons-lang3-3.4.jar, /Users/Arul/.ivy2/cache/org.scala-lang.modules/scala-xml_2.11/bundles/scala-xml_2.11-1.0.1.jar, /Users/Arul/.ivy2/cache/org.scala-lang.modules/scala-parser-combinators_2.11/bundles/scala-parser-combinators_2.11-1.0.1.jar, /Users/Arul/.ivy2/cache/ch.qos.logback/logback-core/jars/logback-core-1.1.3.jar, /Users/Arul/.ivy2/cache/ch.qos.logback/logback-classic/jars/logback-classic-1.1.3.jar, /Users/Arul/.ivy2/cache/com.typesafe.akka/akka-actor_2.11/jars/akka-actor_2.11-2.3.11.jar, /Users/Arul/.ivy2/cache/com.typesafe.akka/akka-slf4j_2.11/jars/akka-slf4j_2.11-2.3.11.jar, /Users/Arul/.ivy2/cache/commons-codec/commons-codec/jars/commons-codec-1.10.jar, /Users/Arul/.ivy2/cache/xerces/xercesImpl/jars/xercesImpl-2.11.0.jar, /Users/Arul/.ivy2/cache/xml-apis/xml-apis/jars/xml-apis-1.4.01.jar, /Users/Arul/.ivy2/cache/javax.transaction/jta/jars/jta-1.1.jar, /Users/Arul/.ivy2/cache/com.google.inject/guice/jars/guice-4.0.jar, /Users/Arul/.ivy2/cache/javax.inject/javax.inject/jars/javax.inject-1.jar, /Users/Arul/.ivy2/cache/aopalliance/aopalliance/jars/aopalliance-1.0.jar, /Users/Arul/.ivy2/cache/com.google.guava/guava/bundles/guava-16.0.1.jar, /Users/Arul/.ivy2/cache/com.google.inject.extensions/guice-assistedinject/jars/guice-assistedinject-4.0.jar, /Users/Arul/.ivy2/cache/io.netty/netty/bundles/netty-3.10.3.Final.jar, /Users/Arul/.ivy2/cache/com.typesafe.netty/netty-http-pipelining/jars/netty-http-pipelining-1.1.4.jar, /Users/Arul/.ivy2/cache/com.typesafe.play/play-doc_2.11/jars/play-doc_2.11-1.2.2.jar, /Users/Arul/.ivy2/cache/org.pegdown/pegdown/jars/pegdown-1.4.0.jar, /Users/Arul/.ivy2/cache/org.parboiled/parboiled-java/bundles/parboiled-java-1.1.5.jar, /Users/Arul/.ivy2/cache/org.parboiled/parboiled-core/bundles/parboiled-core-1.1.5.jar, /Users/Arul/.ivy2/cache/org.ow2.asm/asm/jars/asm-4.1.jar, /Users/Arul/.ivy2/cache/org.ow2.asm/asm-tree/jars/asm-tree-4.1.jar, /Users/Arul/.ivy2/cache/org.ow2.asm/asm-analysis/jars/asm-analysis-4.1.jar, /Users/Arul/.ivy2/cache/org.ow2.asm/asm-util/jars/asm-util-4.1.jar, /Users/Arul/.ivy2/cache/commons-io/commons-io/jars/commons-io-2.4.jar),Some(/Users/Arul/.ivy2/cache/com.typesafe.play/play-omnidoc_2.11/jars/play-omnidoc_2.11-2.4.2.jar),List(),9000,0.0.0.0,DefaultWatchService,List(/Users/Arul/Documents/RISK_GAME_DEVELOPMENT/Project_RiskGame/public, /Users/Arul/Documents/RISK_GAME_DEVELOPMENT/Project_RiskGame/conf, /Users/Arul/Documents/RISK_GAME_DEVELOPMENT/Project_RiskGame/app),/Users/Arul/Documents/RISK_GAME_DEVELOPMENT/Project_RiskGame/target,500,riskgame/playForkNotifyStart,riskgame/playForkReload,300000,play.core.server.DevServerStart))))
Sending msg to client play-fork-run-dfadc0f8-d845-47e6-81c1-e3ec67dfa428: TaskStarted(208,14069,None)
Sending msg to client play-fork-run-dfadc0f8-d845-47e6-81c1-e3ec67dfa428: TaskFinished(208,14069,None,true,None)
Sending msg to client play-fork-run-dfadc0f8-d845-47e6-81c1-e3ec67dfa428: TaskStarted(208,14068,None)
Sending msg to client play-fork-run-dfadc0f8-d845-47e6-81c1-e3ec67dfa428: TaskFinished(208,14068,None,true,None)
Sending msg to client play-fork-run-dfadc0f8-d845-47e6-81c1-e3ec67dfa428: DetachedLogEvent(LogMessage(debug,cancel strategy finish enabled=false lastCommand=Some(LastCommand(CommandExecutionWork(ExecutionId(208),{file:/Users/Arul/Documents/RISK_GAME_DEVELOPMENT/Project_RiskGame/}riskgame/*:playForkConfig,Set(LiveClient(play-fork-run dfadc0f8-d845-47e6-81c1-e3ec67dfa428)),sbt.server.WorkCancellationStatus$$anon$1@22d15d1a)))))
Sending msg to client play-fork-run-dfadc0f8-d845-47e6-81c1-e3ec67dfa428: DetachedLogEvent(LogSuccess(Total time: 1 s, completed Jul 27, 2017 4:59:42 PM))
Sending msg to client play-fork-run-dfadc0f8-d845-47e6-81c1-e3ec67dfa428: DetachedLogEvent(LogMessage(debug,> server-post-command-cleanup))
Sending msg to client play-fork-run-dfadc0f8-d845-47e6-81c1-e3ec67dfa428: ExecutionSuccess(208)
Sending msg to client play-fork-run-dfadc0f8-d845-47e6-81c1-e3ec67dfa428: DetachedLogEvent(LogMessage(debug,> server-handle-next-server-request))
Sending msg to client play-fork-run-dfadc0f8-d845-47e6-81c1-e3ec67dfa428: BackgroundJobLogEvent(40,LogMessage(info,))
Sending msg to client play-fork-run-dfadc0f8-d845-47e6-81c1-e3ec67dfa428: BackgroundJobLogEvent(40,LogMessage(info,[35m--- (Running the application, auto-reloading is enabled) ---[0m))
Sending msg to client play-fork-run-dfadc0f8-d845-47e6-81c1-e3ec67dfa428: BackgroundJobLogEvent(40,LogMessage(info,))
Sending msg to client play-fork-run-dfadc0f8-d845-47e6-81c1-e3ec67dfa428: BackgroundJobLogEvent(40,LogMessage(info,p.a.l.c.ActorSystemProvider - Starting application default Akka system: application))
Sending msg to client play-fork-run-dfadc0f8-d845-47e6-81c1-e3ec67dfa428: BackgroundJobLogEvent(40,LogMessage(error,Play fork run has failed due to:))
Sending msg to client play-fork-run-dfadc0f8-d845-47e6-81c1-e3ec67dfa428: BackgroundJobLogEvent(40,LogMessage(error,java.lang.reflect.InvocationTargetException))
Sending msg to client play-fork-run-dfadc0f8-d845-47e6-81c1-e3ec67dfa428: BackgroundJobLogEvent(40,LogMessage(error,	at sun.reflect.NativeMethodAccessorImpl.invoke0(Native Method)))
Sending msg to client play-fork-run-dfadc0f8-d845-47e6-81c1-e3ec67dfa428: BackgroundJobLogEvent(40,LogMessage(error,	at sun.reflect.NativeMethodAccessorImpl.invoke(NativeMethodAccessorImpl.java:62)))
Sending msg to client play-fork-run-dfadc0f8-d845-47e6-81c1-e3ec67dfa428: BackgroundJobLogEvent(40,LogMessage(error,	at sun.reflect.DelegatingMethodAccessorImpl.invoke(DelegatingMethodAccessorImpl.java:43)))
Sending msg to client play-fork-run-dfadc0f8-d845-47e6-81c1-e3ec67dfa428: BackgroundJobLogEvent(40,LogMessage(error,	at java.lang.reflect.Method.invoke(Method.java:498)))
Sending msg to client play-fork-run-dfadc0f8-d845-47e6-81c1-e3ec67dfa428: BackgroundJobLogEvent(40,LogMessage(error,	at play.runsupport.Reloader$.startDevMode(Reloader.scala:207)))
Sending msg to client play-fork-run-dfadc0f8-d845-47e6-81c1-e3ec67dfa428: BackgroundJobLogEvent(40,LogMessage(error,	at play.forkrun.ForkRun$.startServer(ForkRun.scala:82)))
Sending msg to client play-fork-run-dfadc0f8-d845-47e6-81c1-e3ec67dfa428: BackgroundJobLogEvent(40,LogMessage(error,	at play.forkrun.ForkRun.run(ForkRun.scala:177)))
Sending msg to client play-fork-run-dfadc0f8-d845-47e6-81c1-e3ec67dfa428: BackgroundJobLogEvent(40,LogMessage(error,	at play.forkrun.ForkRun$$anonfun$settingUp$1.applyOrElse(ForkRun.scala:166)))
Sending msg to client play-fork-run-dfadc0f8-d845-47e6-81c1-e3ec67dfa428: BackgroundJobLogEvent(40,LogMessage(error,	at akka.actor.Actor$class.aroundReceive(Actor.scala:465)))
Sending msg to client play-fork-run-dfadc0f8-d845-47e6-81c1-e3ec67dfa428: BackgroundJobLogEvent(40,LogMessage(error,	at play.forkrun.ForkRun.aroundReceive(ForkRun.scala:152)))
Sending msg to client play-fork-run-dfadc0f8-d845-47e6-81c1-e3ec67dfa428: BackgroundJobLogEvent(40,LogMessage(error,	at akka.actor.ActorCell.receiveMessage(ActorCell.scala:516)))
Sending msg to client play-fork-run-dfadc0f8-d845-47e6-81c1-e3ec67dfa428: BackgroundJobLogEvent(40,LogMessage(error,	at akka.actor.ActorCell.invoke(ActorCell.scala:487)))
Sending msg to client play-fork-run-dfadc0f8-d845-47e6-81c1-e3ec67dfa428: BackgroundJobLogEvent(40,LogMessage(error,	at akka.dispatch.Mailbox.processMailbox(Mailbox.scala:254)))
Sending msg to client play-fork-run-dfadc0f8-d845-47e6-81c1-e3ec67dfa428: BackgroundJobLogEvent(40,LogMessage(error,	at akka.dispatch.Mailbox.run(Mailbox.scala:221)))
Sending msg to client play-fork-run-dfadc0f8-d845-47e6-81c1-e3ec67dfa428: BackgroundJobLogEvent(40,LogMessage(error,	at akka.dispatch.Mailbox.exec(Mailbox.scala:231)))
Sending msg to client play-fork-run-dfadc0f8-d845-47e6-81c1-e3ec67dfa428: BackgroundJobLogEvent(40,LogMessage(error,	at scala.concurrent.forkjoin.ForkJoinTask.doExec(ForkJoinTask.java:260)))
Sending msg to client play-fork-run-dfadc0f8-d845-47e6-81c1-e3ec67dfa428: BackgroundJobLogEvent(40,LogMessage(error,	at scala.concurrent.forkjoin.ForkJoinPool$WorkQueue.runTask(ForkJoinPool.java:1339)))
Sending msg to client play-fork-run-dfadc0f8-d845-47e6-81c1-e3ec67dfa428: BackgroundJobLogEvent(40,LogMessage(error,	at scala.concurrent.forkjoin.ForkJoinPool.runWorker(ForkJoinPool.java:1979)))
Sending msg to client play-fork-run-dfadc0f8-d845-47e6-81c1-e3ec67dfa428: BackgroundJobLogEvent(40,LogMessage(error,	at scala.concurrent.forkjoin.ForkJoinWorkerThread.run(ForkJoinWorkerThread.java:107)))
Sending msg to client play-fork-run-dfadc0f8-d845-47e6-81c1-e3ec67dfa428: BackgroundJobLogEvent(40,LogMessage(error,Caused by: org.jboss.netty.channel.ChannelException: Failed to bind to: /0.0.0.0:9000))
Sending msg to client play-fork-run-dfadc0f8-d845-47e6-81c1-e3ec67dfa428: BackgroundJobLogEvent(40,LogMessage(error,	at org.jboss.netty.bootstrap.ServerBootstrap.bind(ServerBootstrap.java:272)))
Sending msg to client play-fork-run-dfadc0f8-d845-47e6-81c1-e3ec67dfa428: BackgroundJobLogEvent(40,LogMessage(error,	at play.core.server.NettyServer$$anonfun$1.apply(NettyServer.scala:132)))
Sending msg to client play-fork-run-dfadc0f8-d845-47e6-81c1-e3ec67dfa428: BackgroundJobLogEvent(40,LogMessage(error,	at play.core.server.NettyServer$$anonfun$1.apply(NettyServer.scala:129)))
Sending msg to client play-fork-run-dfadc0f8-d845-47e6-81c1-e3ec67dfa428: BackgroundJobLogEvent(40,LogMessage(error,	at scala.Option.map(Option.scala:146)))
Sending msg to client play-fork-run-dfadc0f8-d845-47e6-81c1-e3ec67dfa428: BackgroundJobLogEvent(40,LogMessage(error,	at play.core.server.NettyServer.<init>(NettyServer.scala:129)))
Sending msg to client play-fork-run-dfadc0f8-d845-47e6-81c1-e3ec67dfa428: BackgroundJobLogEvent(40,LogMessage(error,	at play.core.server.NettyServerProvider.createServer(NettyServer.scala:200)))
Sending msg to client play-fork-run-dfadc0f8-d845-47e6-81c1-e3ec67dfa428: BackgroundJobLogEvent(40,LogMessage(error,	at play.core.server.NettyServerProvider.createServer(NettyServer.scala:199)))
Sending msg to client play-fork-run-dfadc0f8-d845-47e6-81c1-e3ec67dfa428: BackgroundJobLogEvent(40,LogMessage(error,	at play.core.server.DevServerStart$$anonfun$mainDev$1.apply(DevServerStart.scala:208)))
Sending msg to client play-fork-run-dfadc0f8-d845-47e6-81c1-e3ec67dfa428: BackgroundJobLogEvent(40,LogMessage(error,	at play.core.server.DevServerStart$$anonfun$mainDev$1.apply(DevServerStart.scala:61)))
Sending msg to client play-fork-run-dfadc0f8-d845-47e6-81c1-e3ec67dfa428: BackgroundJobLogEvent(40,LogMessage(error,	at play.utils.Threads$.withContextClassLoader(Threads.scala:21)))
Sending msg to client play-fork-run-dfadc0f8-d845-47e6-81c1-e3ec67dfa428: BackgroundJobLogEvent(40,LogMessage(error,	at play.core.server.DevServerStart$.mainDev(DevServerStart.scala:60)))
Sending msg to client play-fork-run-dfadc0f8-d845-47e6-81c1-e3ec67dfa428: BackgroundJobLogEvent(40,LogMessage(error,	at play.core.server.DevServerStart$.mainDevHttpMode(DevServerStart.scala:50)))
Sending msg to client play-fork-run-dfadc0f8-d845-47e6-81c1-e3ec67dfa428: BackgroundJobLogEvent(40,LogMessage(error,	at play.core.server.DevServerStart.mainDevHttpMode(DevServerStart.scala)))
Sending msg to client play-fork-run-dfadc0f8-d845-47e6-81c1-e3ec67dfa428: BackgroundJobLogEvent(40,LogMessage(error,	... 19 more))
Sending msg to client play-fork-run-dfadc0f8-d845-47e6-81c1-e3ec67dfa428: BackgroundJobLogEvent(40,LogMessage(error,Caused by: java.net.BindException: Address already in use))
Sending msg to client play-fork-run-dfadc0f8-d845-47e6-81c1-e3ec67dfa428: BackgroundJobLogEvent(40,LogMessage(error,	at sun.nio.ch.Net.bind0(Native Method)))
Sending msg to client play-fork-run-dfadc0f8-d845-47e6-81c1-e3ec67dfa428: BackgroundJobLogEvent(40,LogMessage(error,	at sun.nio.ch.Net.bind(Net.java:433)))
Sending msg to client play-fork-run-dfadc0f8-d845-47e6-81c1-e3ec67dfa428: BackgroundJobLogEvent(40,LogMessage(error,	at sun.nio.ch.Net.bind(Net.java:425)))
Sending msg to client play-fork-run-dfadc0f8-d845-47e6-81c1-e3ec67dfa428: BackgroundJobLogEvent(40,LogMessage(error,	at sun.nio.ch.ServerSocketChannelImpl.bind(ServerSocketChannelImpl.java:223)))
Sending msg to client play-fork-run-dfadc0f8-d845-47e6-81c1-e3ec67dfa428: BackgroundJobLogEvent(40,LogMessage(error,	at sun.nio.ch.ServerSocketAdaptor.bind(ServerSocketAdaptor.java:74)))
Sending msg to client play-fork-run-dfadc0f8-d845-47e6-81c1-e3ec67dfa428: BackgroundJobLogEvent(40,LogMessage(error,	at org.jboss.netty.channel.socket.nio.NioServerBoss$RegisterTask.run(NioServerBoss.java:193)))
Sending msg to client play-fork-run-dfadc0f8-d845-47e6-81c1-e3ec67dfa428: BackgroundJobLogEvent(40,LogMessage(error,	at org.jboss.netty.channel.socket.nio.AbstractNioSelector.processTaskQueue(AbstractNioSelector.java:391)))
Sending msg to client play-fork-run-dfadc0f8-d845-47e6-81c1-e3ec67dfa428: BackgroundJobLogEvent(40,LogMessage(error,	at org.jboss.netty.channel.socket.nio.AbstractNioSelector.run(AbstractNioSelector.java:315)))
Sending msg to client play-fork-run-dfadc0f8-d845-47e6-81c1-e3ec67dfa428: BackgroundJobLogEvent(40,LogMessage(error,	at org.jboss.netty.channel.socket.nio.NioServerBoss.run(NioServerBoss.java:42)))
Sending msg to client play-fork-run-dfadc0f8-d845-47e6-81c1-e3ec67dfa428: BackgroundJobLogEvent(40,LogMessage(error,	at org.jboss.netty.util.ThreadRenamingRunnable.run(ThreadRenamingRunnable.java:108)))
Sending msg to client play-fork-run-dfadc0f8-d845-47e6-81c1-e3ec67dfa428: BackgroundJobLogEvent(40,LogMessage(error,	at org.jboss.netty.util.internal.DeadLockProofWorker$1.run(DeadLockProofWorker.java:42)))
Sending msg to client play-fork-run-dfadc0f8-d845-47e6-81c1-e3ec67dfa428: BackgroundJobLogEvent(40,LogMessage(error,	at java.util.concurrent.ThreadPoolExecutor.runWorker(ThreadPoolExecutor.java:1142)))
Sending msg to client play-fork-run-dfadc0f8-d845-47e6-81c1-e3ec67dfa428: BackgroundJobLogEvent(40,LogMessage(error,	at java.util.concurrent.ThreadPoolExecutor$Worker.run(ThreadPoolExecutor.java:617)))
Sending msg to client play-fork-run-dfadc0f8-d845-47e6-81c1-e3ec67dfa428: BackgroundJobLogEvent(40,LogMessage(error,	at java.lang.Thread.run(Thread.java:745)))
Got request: UnlistenToEvents()
Reading next message from client.
Sending msg to client play-fork-run-dfadc0f8-d845-47e6-81c1-e3ec67dfa428: (8,ReceivedResponse())
Got request: UnlistenToValue(AttributeKey[play.forkrun.protocol.ForkConfig]("playForkConfig") in Scope(Build: file:/Users/Arul/Documents/RISK_GAME_DEVELOPMENT/Project_RiskGame/, , Project: ProjectReference(file:/Users/Arul/Documents/RISK_GAME_DEVELOPMENT/Project_RiskGame/,riskgame)))
Reading next message from client.
Client play-fork-run-dfadc0f8-d845-47e6-81c1-e3ec67dfa428 EOF, shutting down.
Stopping client.
Client play-fork-run-dfadc0f8-d845-47e6-81c1-e3ec67dfa428 thread exiting.
Dropping message (9,ReceivedResponse()) to dead client play-fork-run-dfadc0f8-d845-47e6-81c1-e3ec67dfa428
Dropping message (0,ReceivedResponse()) to dead client play-fork-run-dfadc0f8-d845-47e6-81c1-e3ec67dfa428
