2017-11-22 13:56:56,441 [INFO] from play.api.libs.concurrent.ActorSystemProvider in play-fork-run-akka.actor.default-dispatcher-6 - Starting application default Akka system: application
2017-11-22 13:56:56,781 [INFO] from play.core.server.NettyServer in play-fork-run-akka.actor.default-dispatcher-6 - Listening for HTTP on /0:0:0:0:0:0:0:0:9000
2017-11-22 13:57:16,317 [WARN] from application in ForkJoinPool-1-worker-1 - Logger configuration in conf files is deprecated and has no effect. Use a logback configuration file instead.
2017-11-22 13:57:18,657 [WARN] from application in ForkJoinPool-1-worker-1 - application.conf @ file:/Users/Arul/Documents/RISK_GAME_DEVELOPMENT/target/scala-2.11/classes/application.conf: 38: user is deprecated, use username instead
2017-11-22 13:57:18,700 [INFO] from application in ForkJoinPool-1-worker-1 - Creating Pool for datasource 'default'
2017-11-22 13:57:20,310 [INFO] from play.api.db.DefaultDBApi in ForkJoinPool-1-worker-1 - Database [default] connected at jdbc:mysql://127.0.0.1/RISK_GAME_DB
2017-11-22 13:57:21,130 [INFO] from play.api.libs.concurrent.ActorSystemProvider in ForkJoinPool-1-worker-1 - Starting application default Akka system: application
2017-11-22 13:57:21,388 [INFO] from play.api.Play in ForkJoinPool-1-worker-1 - Application started (Dev)
2017-11-22 13:57:31,407 [WARN] from application in application-akka.actor.default-dispatcher-4 - application.conf @ file:/Users/Arul/Documents/RISK_GAME_DEVELOPMENT/target/scala-2.11/classes/application.conf: 8: application.secret is deprecated, use play.crypto.secret instead
2017-11-22 14:00:36,290 [INFO] from play.api.libs.concurrent.ActorSystemProvider in application-akka.actor.default-dispatcher-2 - Shutdown application default Akka system: application
2017-11-22 14:00:36,397 [INFO] from application in application-akka.actor.default-dispatcher-2 - Shutting down connection pool.
2017-11-22 14:00:36,523 [WARN] from application in application-akka.actor.default-dispatcher-2 - Logger configuration in conf files is deprecated and has no effect. Use a logback configuration file instead.
2017-11-22 14:00:36,627 [WARN] from application in application-akka.actor.default-dispatcher-2 - application.conf @ file:/Users/Arul/Documents/RISK_GAME_DEVELOPMENT/target/scala-2.11/classes/application.conf: 38: user is deprecated, use username instead
2017-11-22 14:00:36,627 [INFO] from application in application-akka.actor.default-dispatcher-2 - Creating Pool for datasource 'default'
2017-11-22 14:00:36,673 [INFO] from play.api.db.DefaultDBApi in application-akka.actor.default-dispatcher-2 - Database [default] connected at jdbc:mysql://127.0.0.1/RISK_GAME_DB
2017-11-22 14:00:36,837 [INFO] from play.api.libs.concurrent.ActorSystemProvider in application-akka.actor.default-dispatcher-2 - Starting application default Akka system: application
2017-11-22 14:00:36,871 [INFO] from play.api.Play in application-akka.actor.default-dispatcher-2 - Application started (Dev)
2017-11-22 14:00:36,901 [WARN] from application in application-akka.actor.default-dispatcher-2 - application.conf @ file:/Users/Arul/Documents/RISK_GAME_DEVELOPMENT/target/scala-2.11/classes/application.conf: 8: application.secret is deprecated, use play.crypto.secret instead
2017-11-22 14:01:03,408 [INFO] from play.api.libs.concurrent.ActorSystemProvider in application-akka.actor.default-dispatcher-2 - Shutdown application default Akka system: application
2017-11-22 14:01:03,429 [INFO] from application in application-akka.actor.default-dispatcher-2 - Shutting down connection pool.
2017-11-22 14:01:03,546 [WARN] from application in application-akka.actor.default-dispatcher-2 - Logger configuration in conf files is deprecated and has no effect. Use a logback configuration file instead.
2017-11-22 14:01:03,673 [WARN] from application in application-akka.actor.default-dispatcher-2 - application.conf @ file:/Users/Arul/Documents/RISK_GAME_DEVELOPMENT/target/scala-2.11/classes/application.conf: 38: user is deprecated, use username instead
2017-11-22 14:01:03,674 [INFO] from application in application-akka.actor.default-dispatcher-2 - Creating Pool for datasource 'default'
2017-11-22 14:01:03,715 [INFO] from play.api.db.DefaultDBApi in application-akka.actor.default-dispatcher-2 - Database [default] connected at jdbc:mysql://127.0.0.1/RISK_GAME_DB
2017-11-22 14:01:03,840 [INFO] from play.api.libs.concurrent.ActorSystemProvider in application-akka.actor.default-dispatcher-2 - Starting application default Akka system: application
2017-11-22 14:01:03,891 [INFO] from play.api.Play in application-akka.actor.default-dispatcher-2 - Application started (Dev)
2017-11-22 14:01:03,922 [WARN] from application in application-akka.actor.default-dispatcher-3 - application.conf @ file:/Users/Arul/Documents/RISK_GAME_DEVELOPMENT/target/scala-2.11/classes/application.conf: 8: application.secret is deprecated, use play.crypto.secret instead
2017-11-22 14:01:35,425 [INFO] from play.api.libs.concurrent.ActorSystemProvider in application-akka.actor.default-dispatcher-3 - Shutdown application default Akka system: application
2017-11-22 14:01:35,444 [INFO] from application in application-akka.actor.default-dispatcher-3 - Shutting down connection pool.
2017-11-22 14:01:35,521 [WARN] from application in application-akka.actor.default-dispatcher-3 - Logger configuration in conf files is deprecated and has no effect. Use a logback configuration file instead.
2017-11-22 14:01:35,640 [WARN] from application in application-akka.actor.default-dispatcher-3 - application.conf @ file:/Users/Arul/Documents/RISK_GAME_DEVELOPMENT/target/scala-2.11/classes/application.conf: 38: user is deprecated, use username instead
2017-11-22 14:01:35,641 [INFO] from application in application-akka.actor.default-dispatcher-3 - Creating Pool for datasource 'default'
2017-11-22 14:01:35,679 [INFO] from play.api.db.DefaultDBApi in application-akka.actor.default-dispatcher-3 - Database [default] connected at jdbc:mysql://127.0.0.1/RISK_GAME_DB
2017-11-22 14:01:35,811 [INFO] from play.api.libs.concurrent.ActorSystemProvider in application-akka.actor.default-dispatcher-3 - Starting application default Akka system: application
2017-11-22 14:01:35,859 [INFO] from play.api.Play in application-akka.actor.default-dispatcher-3 - Application started (Dev)
2017-11-22 14:01:35,887 [WARN] from application in application-akka.actor.default-dispatcher-3 - application.conf @ file:/Users/Arul/Documents/RISK_GAME_DEVELOPMENT/target/scala-2.11/classes/application.conf: 8: application.secret is deprecated, use play.crypto.secret instead
2017-11-22 14:04:18,321 [INFO] from play.api.libs.concurrent.ActorSystemProvider in application-akka.actor.default-dispatcher-3 - Shutdown application default Akka system: application
2017-11-22 14:04:18,351 [INFO] from application in application-akka.actor.default-dispatcher-3 - Shutting down connection pool.
2017-11-22 14:04:18,638 [WARN] from application in application-akka.actor.default-dispatcher-3 - Logger configuration in conf files is deprecated and has no effect. Use a logback configuration file instead.
2017-11-22 14:04:18,818 [WARN] from application in application-akka.actor.default-dispatcher-3 - application.conf @ file:/Users/Arul/Documents/RISK_GAME_DEVELOPMENT/target/scala-2.11/classes/application.conf: 38: user is deprecated, use username instead
2017-11-22 14:04:18,819 [INFO] from application in application-akka.actor.default-dispatcher-3 - Creating Pool for datasource 'default'
2017-11-22 14:04:18,860 [INFO] from play.api.db.DefaultDBApi in application-akka.actor.default-dispatcher-3 - Database [default] connected at jdbc:mysql://127.0.0.1/RISK_GAME_DB
2017-11-22 14:04:19,022 [INFO] from play.api.libs.concurrent.ActorSystemProvider in application-akka.actor.default-dispatcher-3 - Starting application default Akka system: application
2017-11-22 14:04:19,061 [INFO] from play.api.Play in application-akka.actor.default-dispatcher-3 - Application started (Dev)
2017-11-22 14:04:19,093 [WARN] from application in application-akka.actor.default-dispatcher-2 - application.conf @ file:/Users/Arul/Documents/RISK_GAME_DEVELOPMENT/target/scala-2.11/classes/application.conf: 8: application.secret is deprecated, use play.crypto.secret instead
2017-11-22 14:06:19,325 [INFO] from play.api.libs.concurrent.ActorSystemProvider in application-akka.actor.default-dispatcher-6 - Shutdown application default Akka system: application
2017-11-22 14:06:19,357 [INFO] from application in application-akka.actor.default-dispatcher-6 - Shutting down connection pool.
2017-11-22 14:06:19,635 [WARN] from application in application-akka.actor.default-dispatcher-6 - Logger configuration in conf files is deprecated and has no effect. Use a logback configuration file instead.
2017-11-22 14:06:19,735 [WARN] from application in application-akka.actor.default-dispatcher-6 - application.conf @ file:/Users/Arul/Documents/RISK_GAME_DEVELOPMENT/target/scala-2.11/classes/application.conf: 38: user is deprecated, use username instead
2017-11-22 14:06:19,737 [INFO] from application in application-akka.actor.default-dispatcher-6 - Creating Pool for datasource 'default'
2017-11-22 14:06:19,769 [INFO] from play.api.db.DefaultDBApi in application-akka.actor.default-dispatcher-6 - Database [default] connected at jdbc:mysql://127.0.0.1/RISK_GAME_DB
2017-11-22 14:06:19,825 [INFO] from play.api.libs.concurrent.ActorSystemProvider in application-akka.actor.default-dispatcher-6 - Starting application default Akka system: application
2017-11-22 14:06:19,874 [INFO] from play.api.Play in application-akka.actor.default-dispatcher-6 - Application started (Dev)
2017-11-22 14:06:19,973 [WARN] from application in application-akka.actor.default-dispatcher-3 - application.conf @ file:/Users/Arul/Documents/RISK_GAME_DEVELOPMENT/target/scala-2.11/classes/application.conf: 8: application.secret is deprecated, use play.crypto.secret instead
2017-11-22 14:07:48,662 [INFO] from play.api.libs.concurrent.ActorSystemProvider in application-akka.actor.default-dispatcher-4 - Shutdown application default Akka system: application
2017-11-22 14:07:48,682 [INFO] from application in application-akka.actor.default-dispatcher-4 - Shutting down connection pool.
2017-11-22 14:07:48,810 [WARN] from application in application-akka.actor.default-dispatcher-4 - Logger configuration in conf files is deprecated and has no effect. Use a logback configuration file instead.
2017-11-22 14:07:48,943 [WARN] from application in application-akka.actor.default-dispatcher-4 - application.conf @ file:/Users/Arul/Documents/RISK_GAME_DEVELOPMENT/target/scala-2.11/classes/application.conf: 38: user is deprecated, use username instead
2017-11-22 14:07:48,944 [INFO] from application in application-akka.actor.default-dispatcher-4 - Creating Pool for datasource 'default'
2017-11-22 14:07:48,972 [INFO] from play.api.db.DefaultDBApi in application-akka.actor.default-dispatcher-4 - Database [default] connected at jdbc:mysql://127.0.0.1/RISK_GAME_DB
2017-11-22 14:07:49,099 [INFO] from play.api.libs.concurrent.ActorSystemProvider in application-akka.actor.default-dispatcher-4 - Starting application default Akka system: application
2017-11-22 14:07:49,154 [INFO] from play.api.Play in application-akka.actor.default-dispatcher-4 - Application started (Dev)
2017-11-22 14:07:49,181 [WARN] from application in application-akka.actor.default-dispatcher-3 - application.conf @ file:/Users/Arul/Documents/RISK_GAME_DEVELOPMENT/target/scala-2.11/classes/application.conf: 8: application.secret is deprecated, use play.crypto.secret instead
2017-11-22 14:10:47,401 [INFO] from play.api.libs.concurrent.ActorSystemProvider in application-akka.actor.default-dispatcher-10 - Shutdown application default Akka system: application
2017-11-22 14:10:47,431 [INFO] from application in application-akka.actor.default-dispatcher-10 - Shutting down connection pool.
2017-11-22 14:10:47,684 [WARN] from application in application-akka.actor.default-dispatcher-10 - Logger configuration in conf files is deprecated and has no effect. Use a logback configuration file instead.
2017-11-22 14:10:47,769 [WARN] from application in application-akka.actor.default-dispatcher-10 - application.conf @ file:/Users/Arul/Documents/RISK_GAME_DEVELOPMENT/target/scala-2.11/classes/application.conf: 38: user is deprecated, use username instead
2017-11-22 14:10:47,772 [INFO] from application in application-akka.actor.default-dispatcher-10 - Creating Pool for datasource 'default'
2017-11-22 14:10:47,800 [INFO] from play.api.db.DefaultDBApi in application-akka.actor.default-dispatcher-10 - Database [default] connected at jdbc:mysql://127.0.0.1/RISK_GAME_DB
2017-11-22 14:10:47,862 [INFO] from play.api.libs.concurrent.ActorSystemProvider in application-akka.actor.default-dispatcher-10 - Starting application default Akka system: application
2017-11-22 14:10:47,912 [INFO] from play.api.Play in application-akka.actor.default-dispatcher-10 - Application started (Dev)
2017-11-22 14:10:47,948 [WARN] from application in application-akka.actor.default-dispatcher-3 - application.conf @ file:/Users/Arul/Documents/RISK_GAME_DEVELOPMENT/target/scala-2.11/classes/application.conf: 8: application.secret is deprecated, use play.crypto.secret instead
2017-11-22 14:11:22,632 [INFO] from play.api.libs.concurrent.ActorSystemProvider in application-akka.actor.default-dispatcher-4 - Shutdown application default Akka system: application
2017-11-22 14:11:22,660 [INFO] from application in application-akka.actor.default-dispatcher-4 - Shutting down connection pool.
2017-11-22 14:11:22,753 [WARN] from application in application-akka.actor.default-dispatcher-4 - Logger configuration in conf files is deprecated and has no effect. Use a logback configuration file instead.
2017-11-22 14:11:22,836 [WARN] from application in application-akka.actor.default-dispatcher-4 - application.conf @ file:/Users/Arul/Documents/RISK_GAME_DEVELOPMENT/target/scala-2.11/classes/application.conf: 38: user is deprecated, use username instead
2017-11-22 14:11:22,839 [INFO] from application in application-akka.actor.default-dispatcher-4 - Creating Pool for datasource 'default'
2017-11-22 14:11:22,872 [INFO] from play.api.db.DefaultDBApi in application-akka.actor.default-dispatcher-4 - Database [default] connected at jdbc:mysql://127.0.0.1/RISK_GAME_DB
2017-11-22 14:11:23,003 [INFO] from play.api.libs.concurrent.ActorSystemProvider in application-akka.actor.default-dispatcher-4 - Starting application default Akka system: application
2017-11-22 14:11:23,039 [INFO] from play.api.Play in application-akka.actor.default-dispatcher-4 - Application started (Dev)
2017-11-22 14:11:23,064 [WARN] from application in application-akka.actor.default-dispatcher-3 - application.conf @ file:/Users/Arul/Documents/RISK_GAME_DEVELOPMENT/target/scala-2.11/classes/application.conf: 8: application.secret is deprecated, use play.crypto.secret instead
2017-11-22 14:11:59,344 [INFO] from play.api.libs.concurrent.ActorSystemProvider in application-akka.actor.default-dispatcher-8 - Shutdown application default Akka system: application
2017-11-22 14:11:59,370 [INFO] from application in application-akka.actor.default-dispatcher-8 - Shutting down connection pool.
2017-11-22 14:11:59,469 [WARN] from application in application-akka.actor.default-dispatcher-8 - Logger configuration in conf files is deprecated and has no effect. Use a logback configuration file instead.
2017-11-22 14:11:59,677 [WARN] from application in application-akka.actor.default-dispatcher-8 - application.conf @ file:/Users/Arul/Documents/RISK_GAME_DEVELOPMENT/target/scala-2.11/classes/application.conf: 38: user is deprecated, use username instead
2017-11-22 14:11:59,678 [INFO] from application in application-akka.actor.default-dispatcher-8 - Creating Pool for datasource 'default'
2017-11-22 14:11:59,708 [INFO] from play.api.db.DefaultDBApi in application-akka.actor.default-dispatcher-8 - Database [default] connected at jdbc:mysql://127.0.0.1/RISK_GAME_DB
2017-11-22 14:11:59,819 [INFO] from play.api.libs.concurrent.ActorSystemProvider in application-akka.actor.default-dispatcher-8 - Starting application default Akka system: application
2017-11-22 14:11:59,882 [INFO] from play.api.Play in application-akka.actor.default-dispatcher-8 - Application started (Dev)
2017-11-22 14:11:59,922 [WARN] from application in application-akka.actor.default-dispatcher-2 - application.conf @ file:/Users/Arul/Documents/RISK_GAME_DEVELOPMENT/target/scala-2.11/classes/application.conf: 8: application.secret is deprecated, use play.crypto.secret instead
2017-11-22 14:12:36,262 [INFO] from play.api.libs.concurrent.ActorSystemProvider in application-akka.actor.default-dispatcher-2 - Shutdown application default Akka system: application
2017-11-22 14:12:36,268 [INFO] from application in application-akka.actor.default-dispatcher-2 - Shutting down connection pool.
2017-11-22 14:12:36,343 [WARN] from application in application-akka.actor.default-dispatcher-2 - Logger configuration in conf files is deprecated and has no effect. Use a logback configuration file instead.
2017-11-22 14:12:36,408 [WARN] from application in application-akka.actor.default-dispatcher-2 - application.conf @ file:/Users/Arul/Documents/RISK_GAME_DEVELOPMENT/target/scala-2.11/classes/application.conf: 38: user is deprecated, use username instead
2017-11-22 14:12:36,409 [INFO] from application in application-akka.actor.default-dispatcher-2 - Creating Pool for datasource 'default'
2017-11-22 14:12:36,427 [INFO] from play.api.db.DefaultDBApi in application-akka.actor.default-dispatcher-2 - Database [default] connected at jdbc:mysql://127.0.0.1/RISK_GAME_DB
2017-11-22 14:12:36,490 [INFO] from play.api.libs.concurrent.ActorSystemProvider in application-akka.actor.default-dispatcher-2 - Starting application default Akka system: application
2017-11-22 14:12:36,522 [INFO] from play.api.Play in application-akka.actor.default-dispatcher-2 - Application started (Dev)
2017-11-22 14:12:36,545 [WARN] from application in application-akka.actor.default-dispatcher-3 - application.conf @ file:/Users/Arul/Documents/RISK_GAME_DEVELOPMENT/target/scala-2.11/classes/application.conf: 8: application.secret is deprecated, use play.crypto.secret instead
2017-11-22 14:14:54,493 [INFO] from play.api.libs.concurrent.ActorSystemProvider in application-akka.actor.default-dispatcher-8 - Shutdown application default Akka system: application
2017-11-22 14:14:54,524 [INFO] from application in application-akka.actor.default-dispatcher-8 - Shutting down connection pool.
2017-11-22 14:14:54,806 [WARN] from application in application-akka.actor.default-dispatcher-8 - Logger configuration in conf files is deprecated and has no effect. Use a logback configuration file instead.
2017-11-22 14:14:54,887 [WARN] from application in application-akka.actor.default-dispatcher-8 - application.conf @ file:/Users/Arul/Documents/RISK_GAME_DEVELOPMENT/target/scala-2.11/classes/application.conf: 38: user is deprecated, use username instead
2017-11-22 14:14:54,888 [INFO] from application in application-akka.actor.default-dispatcher-8 - Creating Pool for datasource 'default'
2017-11-22 14:14:54,913 [INFO] from play.api.db.DefaultDBApi in application-akka.actor.default-dispatcher-8 - Database [default] connected at jdbc:mysql://127.0.0.1/RISK_GAME_DB
2017-11-22 14:14:55,006 [INFO] from play.api.libs.concurrent.ActorSystemProvider in application-akka.actor.default-dispatcher-8 - Starting application default Akka system: application
2017-11-22 14:14:55,125 [INFO] from play.api.Play in application-akka.actor.default-dispatcher-8 - Application started (Dev)
2017-11-22 14:14:55,158 [WARN] from application in application-akka.actor.default-dispatcher-2 - application.conf @ file:/Users/Arul/Documents/RISK_GAME_DEVELOPMENT/target/scala-2.11/classes/application.conf: 8: application.secret is deprecated, use play.crypto.secret instead
2017-11-22 14:15:47,529 [INFO] from play.api.libs.concurrent.ActorSystemProvider in application-akka.actor.default-dispatcher-2 - Shutdown application default Akka system: application
2017-11-22 14:15:47,555 [INFO] from application in application-akka.actor.default-dispatcher-2 - Shutting down connection pool.
2017-11-22 14:15:47,609 [WARN] from application in application-akka.actor.default-dispatcher-2 - Logger configuration in conf files is deprecated and has no effect. Use a logback configuration file instead.
2017-11-22 14:15:47,667 [WARN] from application in application-akka.actor.default-dispatcher-2 - application.conf @ file:/Users/Arul/Documents/RISK_GAME_DEVELOPMENT/target/scala-2.11/classes/application.conf: 38: user is deprecated, use username instead
2017-11-22 14:15:47,676 [INFO] from application in application-akka.actor.default-dispatcher-2 - Creating Pool for datasource 'default'
2017-11-22 14:15:47,693 [INFO] from play.api.db.DefaultDBApi in application-akka.actor.default-dispatcher-2 - Database [default] connected at jdbc:mysql://127.0.0.1/RISK_GAME_DB
2017-11-22 14:15:47,744 [INFO] from play.api.libs.concurrent.ActorSystemProvider in application-akka.actor.default-dispatcher-2 - Starting application default Akka system: application
2017-11-22 14:15:47,796 [INFO] from play.api.Play in application-akka.actor.default-dispatcher-2 - Application started (Dev)
2017-11-22 14:15:47,825 [WARN] from application in application-akka.actor.default-dispatcher-3 - application.conf @ file:/Users/Arul/Documents/RISK_GAME_DEVELOPMENT/target/scala-2.11/classes/application.conf: 8: application.secret is deprecated, use play.crypto.secret instead
2017-11-22 14:16:44,501 [INFO] from play.api.libs.concurrent.ActorSystemProvider in application-akka.actor.default-dispatcher-5 - Shutdown application default Akka system: application
2017-11-22 14:16:44,523 [INFO] from application in application-akka.actor.default-dispatcher-5 - Shutting down connection pool.
2017-11-22 14:16:44,705 [WARN] from application in application-akka.actor.default-dispatcher-5 - Logger configuration in conf files is deprecated and has no effect. Use a logback configuration file instead.
2017-11-22 14:16:44,768 [WARN] from application in application-akka.actor.default-dispatcher-5 - application.conf @ file:/Users/Arul/Documents/RISK_GAME_DEVELOPMENT/target/scala-2.11/classes/application.conf: 38: user is deprecated, use username instead
2017-11-22 14:16:44,769 [INFO] from application in application-akka.actor.default-dispatcher-5 - Creating Pool for datasource 'default'
2017-11-22 14:16:44,790 [INFO] from play.api.db.DefaultDBApi in application-akka.actor.default-dispatcher-5 - Database [default] connected at jdbc:mysql://127.0.0.1/RISK_GAME_DB
2017-11-22 14:16:44,859 [INFO] from play.api.libs.concurrent.ActorSystemProvider in application-akka.actor.default-dispatcher-5 - Starting application default Akka system: application
2017-11-22 14:16:44,897 [INFO] from play.api.Play in application-akka.actor.default-dispatcher-5 - Application started (Dev)
2017-11-22 14:16:44,934 [WARN] from application in application-akka.actor.default-dispatcher-3 - application.conf @ file:/Users/Arul/Documents/RISK_GAME_DEVELOPMENT/target/scala-2.11/classes/application.conf: 8: application.secret is deprecated, use play.crypto.secret instead
2017-11-22 14:17:43,471 [INFO] from play.api.libs.concurrent.ActorSystemProvider in application-akka.actor.default-dispatcher-5 - Shutdown application default Akka system: application
2017-11-22 14:17:43,497 [INFO] from application in application-akka.actor.default-dispatcher-5 - Shutting down connection pool.
2017-11-22 14:17:43,662 [WARN] from application in application-akka.actor.default-dispatcher-5 - Logger configuration in conf files is deprecated and has no effect. Use a logback configuration file instead.
2017-11-22 14:17:43,730 [WARN] from application in application-akka.actor.default-dispatcher-5 - application.conf @ file:/Users/Arul/Documents/RISK_GAME_DEVELOPMENT/target/scala-2.11/classes/application.conf: 38: user is deprecated, use username instead
2017-11-22 14:17:43,731 [INFO] from application in application-akka.actor.default-dispatcher-5 - Creating Pool for datasource 'default'
2017-11-22 14:17:43,747 [INFO] from play.api.db.DefaultDBApi in application-akka.actor.default-dispatcher-5 - Database [default] connected at jdbc:mysql://127.0.0.1/RISK_GAME_DB
2017-11-22 14:17:43,800 [INFO] from play.api.libs.concurrent.ActorSystemProvider in application-akka.actor.default-dispatcher-5 - Starting application default Akka system: application
2017-11-22 14:17:43,842 [INFO] from play.api.Play in application-akka.actor.default-dispatcher-5 - Application started (Dev)
2017-11-22 14:17:43,872 [WARN] from application in application-akka.actor.default-dispatcher-3 - application.conf @ file:/Users/Arul/Documents/RISK_GAME_DEVELOPMENT/target/scala-2.11/classes/application.conf: 8: application.secret is deprecated, use play.crypto.secret instead
2017-11-22 14:25:07,809 [INFO] from play.api.libs.concurrent.ActorSystemProvider in application-akka.actor.default-dispatcher-7 - Shutdown application default Akka system: application
2017-11-22 14:25:07,857 [INFO] from application in application-akka.actor.default-dispatcher-7 - Shutting down connection pool.
2017-11-22 14:25:08,100 [WARN] from application in application-akka.actor.default-dispatcher-7 - Logger configuration in conf files is deprecated and has no effect. Use a logback configuration file instead.
2017-11-22 14:25:08,251 [WARN] from application in application-akka.actor.default-dispatcher-7 - application.conf @ file:/Users/Arul/Documents/RISK_GAME_DEVELOPMENT/target/scala-2.11/classes/application.conf: 38: user is deprecated, use username instead
2017-11-22 14:25:08,260 [INFO] from application in application-akka.actor.default-dispatcher-7 - Creating Pool for datasource 'default'
2017-11-22 14:25:08,281 [INFO] from play.api.db.DefaultDBApi in application-akka.actor.default-dispatcher-7 - Database [default] connected at jdbc:mysql://127.0.0.1/RISK_GAME_DB
2017-11-22 14:25:08,383 [INFO] from play.api.libs.concurrent.ActorSystemProvider in application-akka.actor.default-dispatcher-7 - Starting application default Akka system: application
2017-11-22 14:25:08,412 [INFO] from play.api.Play in application-akka.actor.default-dispatcher-7 - Application started (Dev)
2017-11-22 14:25:08,440 [WARN] from application in application-akka.actor.default-dispatcher-2 - application.conf @ file:/Users/Arul/Documents/RISK_GAME_DEVELOPMENT/target/scala-2.11/classes/application.conf: 8: application.secret is deprecated, use play.crypto.secret instead
2017-11-22 14:28:28,010 [INFO] from play.api.libs.concurrent.ActorSystemProvider in application-akka.actor.default-dispatcher-6 - Shutdown application default Akka system: application
2017-11-22 14:28:28,149 [INFO] from application in application-akka.actor.default-dispatcher-6 - Shutting down connection pool.
2017-11-22 14:28:28,637 [WARN] from application in application-akka.actor.default-dispatcher-6 - Logger configuration in conf files is deprecated and has no effect. Use a logback configuration file instead.
2017-11-22 14:28:28,759 [WARN] from application in application-akka.actor.default-dispatcher-6 - application.conf @ file:/Users/Arul/Documents/RISK_GAME_DEVELOPMENT/target/scala-2.11/classes/application.conf: 38: user is deprecated, use username instead
2017-11-22 14:28:28,761 [INFO] from application in application-akka.actor.default-dispatcher-6 - Creating Pool for datasource 'default'
2017-11-22 14:28:28,795 [INFO] from play.api.db.DefaultDBApi in application-akka.actor.default-dispatcher-6 - Database [default] connected at jdbc:mysql://127.0.0.1/RISK_GAME_DB
2017-11-22 14:28:29,071 [INFO] from play.api.libs.concurrent.ActorSystemProvider in application-akka.actor.default-dispatcher-6 - Starting application default Akka system: application
2017-11-22 14:28:29,130 [INFO] from play.api.Play in application-akka.actor.default-dispatcher-6 - Application started (Dev)
2017-11-22 14:28:41,395 [WARN] from application in application-akka.actor.default-dispatcher-2 - application.conf @ file:/Users/Arul/Documents/RISK_GAME_DEVELOPMENT/target/scala-2.11/classes/application.conf: 8: application.secret is deprecated, use play.crypto.secret instead
2017-11-22 14:29:20,711 [INFO] from play.api.libs.concurrent.ActorSystemProvider in application-akka.actor.default-dispatcher-10 - Shutdown application default Akka system: application
2017-11-22 14:29:20,733 [INFO] from application in application-akka.actor.default-dispatcher-10 - Shutting down connection pool.
2017-11-22 14:29:20,812 [WARN] from application in application-akka.actor.default-dispatcher-10 - Logger configuration in conf files is deprecated and has no effect. Use a logback configuration file instead.
2017-11-22 14:29:20,928 [WARN] from application in application-akka.actor.default-dispatcher-10 - application.conf @ file:/Users/Arul/Documents/RISK_GAME_DEVELOPMENT/target/scala-2.11/classes/application.conf: 38: user is deprecated, use username instead
2017-11-22 14:29:20,929 [INFO] from application in application-akka.actor.default-dispatcher-10 - Creating Pool for datasource 'default'
2017-11-22 14:29:20,955 [INFO] from play.api.db.DefaultDBApi in application-akka.actor.default-dispatcher-10 - Database [default] connected at jdbc:mysql://127.0.0.1/RISK_GAME_DB
2017-11-22 14:29:21,017 [INFO] from play.api.libs.concurrent.ActorSystemProvider in application-akka.actor.default-dispatcher-10 - Starting application default Akka system: application
2017-11-22 14:29:21,056 [INFO] from play.api.Play in application-akka.actor.default-dispatcher-10 - Application started (Dev)
2017-11-22 14:29:21,092 [WARN] from application in application-akka.actor.default-dispatcher-4 - application.conf @ file:/Users/Arul/Documents/RISK_GAME_DEVELOPMENT/target/scala-2.11/classes/application.conf: 8: application.secret is deprecated, use play.crypto.secret instead
2017-11-22 14:30:06,208 [INFO] from play.api.libs.concurrent.ActorSystemProvider in application-akka.actor.default-dispatcher-9 - Shutdown application default Akka system: application
2017-11-22 14:30:06,243 [INFO] from application in application-akka.actor.default-dispatcher-9 - Shutting down connection pool.
2017-11-22 14:30:06,324 [WARN] from application in application-akka.actor.default-dispatcher-9 - Logger configuration in conf files is deprecated and has no effect. Use a logback configuration file instead.
2017-11-22 14:30:06,473 [WARN] from application in application-akka.actor.default-dispatcher-9 - application.conf @ file:/Users/Arul/Documents/RISK_GAME_DEVELOPMENT/target/scala-2.11/classes/application.conf: 38: user is deprecated, use username instead
2017-11-22 14:30:06,481 [INFO] from application in application-akka.actor.default-dispatcher-9 - Creating Pool for datasource 'default'
2017-11-22 14:30:06,501 [INFO] from play.api.db.DefaultDBApi in application-akka.actor.default-dispatcher-9 - Database [default] connected at jdbc:mysql://127.0.0.1/RISK_GAME_DB
2017-11-22 14:30:06,560 [INFO] from play.api.libs.concurrent.ActorSystemProvider in application-akka.actor.default-dispatcher-9 - Starting application default Akka system: application
2017-11-22 14:30:06,622 [INFO] from play.api.Play in application-akka.actor.default-dispatcher-9 - Application started (Dev)
2017-11-22 14:30:06,649 [WARN] from application in application-akka.actor.default-dispatcher-2 - application.conf @ file:/Users/Arul/Documents/RISK_GAME_DEVELOPMENT/target/scala-2.11/classes/application.conf: 8: application.secret is deprecated, use play.crypto.secret instead
2017-11-22 14:30:41,313 [INFO] from play.api.libs.concurrent.ActorSystemProvider in application-akka.actor.default-dispatcher-4 - Shutdown application default Akka system: application
2017-11-22 14:30:41,347 [INFO] from application in application-akka.actor.default-dispatcher-4 - Shutting down connection pool.
2017-11-22 14:30:41,404 [WARN] from application in application-akka.actor.default-dispatcher-4 - Logger configuration in conf files is deprecated and has no effect. Use a logback configuration file instead.
2017-11-22 14:30:41,441 [WARN] from application in application-akka.actor.default-dispatcher-4 - application.conf @ file:/Users/Arul/Documents/RISK_GAME_DEVELOPMENT/target/scala-2.11/classes/application.conf: 38: user is deprecated, use username instead
2017-11-22 14:30:41,441 [INFO] from application in application-akka.actor.default-dispatcher-4 - Creating Pool for datasource 'default'
2017-11-22 14:30:41,461 [INFO] from play.api.db.DefaultDBApi in application-akka.actor.default-dispatcher-4 - Database [default] connected at jdbc:mysql://127.0.0.1/RISK_GAME_DB
2017-11-22 14:30:41,505 [INFO] from play.api.libs.concurrent.ActorSystemProvider in application-akka.actor.default-dispatcher-4 - Starting application default Akka system: application
2017-11-22 14:30:41,543 [INFO] from play.api.Play in application-akka.actor.default-dispatcher-4 - Application started (Dev)
2017-11-22 14:30:41,569 [WARN] from application in application-akka.actor.default-dispatcher-4 - application.conf @ file:/Users/Arul/Documents/RISK_GAME_DEVELOPMENT/target/scala-2.11/classes/application.conf: 8: application.secret is deprecated, use play.crypto.secret instead
2017-11-22 14:33:09,749 [INFO] from play.api.libs.concurrent.ActorSystemProvider in application-akka.actor.default-dispatcher-3 - Shutdown application default Akka system: application
2017-11-22 14:33:09,778 [INFO] from application in application-akka.actor.default-dispatcher-3 - Shutting down connection pool.
2017-11-22 14:33:10,004 [WARN] from application in application-akka.actor.default-dispatcher-3 - Logger configuration in conf files is deprecated and has no effect. Use a logback configuration file instead.
2017-11-22 14:33:10,087 [WARN] from application in application-akka.actor.default-dispatcher-3 - application.conf @ file:/Users/Arul/Documents/RISK_GAME_DEVELOPMENT/target/scala-2.11/classes/application.conf: 38: user is deprecated, use username instead
2017-11-22 14:33:10,089 [INFO] from application in application-akka.actor.default-dispatcher-3 - Creating Pool for datasource 'default'
2017-11-22 14:33:10,121 [INFO] from play.api.db.DefaultDBApi in application-akka.actor.default-dispatcher-3 - Database [default] connected at jdbc:mysql://127.0.0.1/RISK_GAME_DB
2017-11-22 14:33:10,203 [INFO] from play.api.libs.concurrent.ActorSystemProvider in application-akka.actor.default-dispatcher-3 - Starting application default Akka system: application
2017-11-22 14:33:10,238 [INFO] from play.api.Play in application-akka.actor.default-dispatcher-3 - Application started (Dev)
2017-11-22 14:33:10,325 [WARN] from application in application-akka.actor.default-dispatcher-3 - application.conf @ file:/Users/Arul/Documents/RISK_GAME_DEVELOPMENT/target/scala-2.11/classes/application.conf: 8: application.secret is deprecated, use play.crypto.secret instead
2017-11-22 14:33:10,402 [ERROR] from play.core.server.netty.PlayDefaultUpstreamHandler in application-akka.actor.default-dispatcher-3 - Cannot invoke the action
java.lang.NullPointerException: null
	at utility.StartGameUtility.isGameCompleteForAllPlayers(StartGameUtility.java:459) ~[classes/:na]
	at controllers.GameController.performStep(GameController.java:567) ~[classes/:2.4.2]
	at router.Routes$$anonfun$routes$1$$anonfun$applyOrElse$25$$anonfun$apply$25.apply(Routes.scala:756) ~[classes/:na]
	at router.Routes$$anonfun$routes$1$$anonfun$applyOrElse$25$$anonfun$apply$25.apply(Routes.scala:756) ~[classes/:na]
	at play.core.routing.HandlerInvokerFactory$$anon$4.resultCall(HandlerInvoker.scala:136) ~[play_2.11-2.4.2.jar:2.4.2]
	at play.core.routing.HandlerInvokerFactory$JavaActionInvokerFactory$$anon$14$$anon$3$$anon$1.invocation(HandlerInvoker.scala:127) ~[play_2.11-2.4.2.jar:2.4.2]
	at play.core.j.JavaAction$$anon$1.call(JavaAction.scala:70) ~[play_2.11-2.4.2.jar:2.4.2]
	at play.http.DefaultHttpRequestHandler$1.call(DefaultHttpRequestHandler.java:20) ~[play_2.11-2.4.2.jar:2.4.2]
	at play.core.j.JavaAction$$anonfun$7.apply(JavaAction.scala:94) ~[play_2.11-2.4.2.jar:2.4.2]
	at play.core.j.JavaAction$$anonfun$7.apply(JavaAction.scala:94) ~[play_2.11-2.4.2.jar:2.4.2]
	at scala.concurrent.impl.Future$PromiseCompletingRunnable.liftedTree1$1(Future.scala:24) ~[scala-library-2.11.7.jar:na]
	at scala.concurrent.impl.Future$PromiseCompletingRunnable.run(Future.scala:24) ~[scala-library-2.11.7.jar:na]
	at play.core.j.HttpExecutionContext$$anon$2.run(HttpExecutionContext.scala:40) ~[play_2.11-2.4.2.jar:2.4.2]
	at play.api.libs.iteratee.Execution$trampoline$.execute(Execution.scala:70) ~[play-iteratees_2.11-2.4.2.jar:2.4.2]
	at play.core.j.HttpExecutionContext.execute(HttpExecutionContext.scala:32) ~[play_2.11-2.4.2.jar:2.4.2]
	at scala.concurrent.impl.Future$.apply(Future.scala:31) ~[scala-library-2.11.7.jar:na]
	at scala.concurrent.Future$.apply(Future.scala:492) ~[scala-library-2.11.7.jar:na]
	at play.core.j.JavaAction.apply(JavaAction.scala:94) ~[play_2.11-2.4.2.jar:2.4.2]
	at play.api.mvc.Action$$anonfun$apply$1$$anonfun$apply$4$$anonfun$apply$5.apply(Action.scala:105) ~[play_2.11-2.4.2.jar:2.4.2]
	at play.api.mvc.Action$$anonfun$apply$1$$anonfun$apply$4$$anonfun$apply$5.apply(Action.scala:105) ~[play_2.11-2.4.2.jar:2.4.2]
	at play.utils.Threads$.withContextClassLoader(Threads.scala:21) ~[play_2.11-2.4.2.jar:2.4.2]
	at play.api.mvc.Action$$anonfun$apply$1$$anonfun$apply$4.apply(Action.scala:104) ~[play_2.11-2.4.2.jar:2.4.2]
	at play.api.mvc.Action$$anonfun$apply$1$$anonfun$apply$4.apply(Action.scala:103) ~[play_2.11-2.4.2.jar:2.4.2]
	at scala.Option.map(Option.scala:146) ~[scala-library-2.11.7.jar:na]
	at play.api.mvc.Action$$anonfun$apply$1.apply(Action.scala:103) ~[play_2.11-2.4.2.jar:2.4.2]
	at play.api.mvc.Action$$anonfun$apply$1.apply(Action.scala:96) ~[play_2.11-2.4.2.jar:2.4.2]
	at play.api.libs.iteratee.Iteratee$$anonfun$mapM$1.apply(Iteratee.scala:524) ~[play-iteratees_2.11-2.4.2.jar:2.4.2]
	at play.api.libs.iteratee.Iteratee$$anonfun$mapM$1.apply(Iteratee.scala:524) ~[play-iteratees_2.11-2.4.2.jar:2.4.2]
	at play.api.libs.iteratee.Iteratee$$anonfun$flatMapM$1.apply(Iteratee.scala:560) ~[play-iteratees_2.11-2.4.2.jar:2.4.2]
	at play.api.libs.iteratee.Iteratee$$anonfun$flatMapM$1.apply(Iteratee.scala:560) ~[play-iteratees_2.11-2.4.2.jar:2.4.2]
	at play.api.libs.iteratee.Iteratee$$anonfun$flatMap$1$$anonfun$apply$14.apply(Iteratee.scala:537) ~[play-iteratees_2.11-2.4.2.jar:2.4.2]
	at play.api.libs.iteratee.Iteratee$$anonfun$flatMap$1$$anonfun$apply$14.apply(Iteratee.scala:537) ~[play-iteratees_2.11-2.4.2.jar:2.4.2]
	at scala.concurrent.impl.Future$PromiseCompletingRunnable.liftedTree1$1(Future.scala:24) ~[scala-library-2.11.7.jar:na]
	at scala.concurrent.impl.Future$PromiseCompletingRunnable.run(Future.scala:24) ~[scala-library-2.11.7.jar:na]
	at akka.dispatch.TaskInvocation.run(AbstractDispatcher.scala:40) [akka-actor_2.11-2.3.11.jar:na]
	at akka.dispatch.ForkJoinExecutorConfigurator$AkkaForkJoinTask.exec(AbstractDispatcher.scala:397) [akka-actor_2.11-2.3.11.jar:na]
	at scala.concurrent.forkjoin.ForkJoinTask.doExec(ForkJoinTask.java:260) [scala-library-2.11.7.jar:na]
	at scala.concurrent.forkjoin.ForkJoinPool$WorkQueue.runTask(ForkJoinPool.java:1339) [scala-library-2.11.7.jar:na]
	at scala.concurrent.forkjoin.ForkJoinPool.runWorker(ForkJoinPool.java:1979) [scala-library-2.11.7.jar:na]
	at scala.concurrent.forkjoin.ForkJoinWorkerThread.run(ForkJoinWorkerThread.java:107) [scala-library-2.11.7.jar:na]
2017-11-22 14:33:10,447 [ERROR] from application in application-akka.actor.default-dispatcher-3 - 

! @764dj4556 - Internal server error, for (POST) [/performstep] ->
 
play.api.http.HttpErrorHandlerExceptions$$anon$1: Execution exception[[NullPointerException: null]]
	at play.api.http.HttpErrorHandlerExceptions$.throwableToUsefulException(HttpErrorHandler.scala:265) ~[play_2.11-2.4.2.jar:2.4.2]
	at play.api.http.DefaultHttpErrorHandler.onServerError(HttpErrorHandler.scala:191) ~[play_2.11-2.4.2.jar:2.4.2]
	at play.api.GlobalSettings$class.onError(GlobalSettings.scala:179) [play_2.11-2.4.2.jar:2.4.2]
	at play.api.DefaultGlobal$.onError(GlobalSettings.scala:212) [play_2.11-2.4.2.jar:2.4.2]
	at play.api.http.GlobalSettingsHttpErrorHandler.onServerError(HttpErrorHandler.scala:94) [play_2.11-2.4.2.jar:2.4.2]
	at play.core.server.netty.PlayDefaultUpstreamHandler$$anonfun$3.applyOrElse(PlayDefaultUpstreamHandler.scala:273) [play-netty-server_2.11-2.4.2.jar:2.4.2]
	at play.core.server.netty.PlayDefaultUpstreamHandler$$anonfun$3.applyOrElse(PlayDefaultUpstreamHandler.scala:269) [play-netty-server_2.11-2.4.2.jar:2.4.2]
	at scala.concurrent.Future$$anonfun$recoverWith$1.apply(Future.scala:344) [scala-library-2.11.7.jar:na]
	at scala.concurrent.Future$$anonfun$recoverWith$1.apply(Future.scala:343) [scala-library-2.11.7.jar:na]
	at scala.concurrent.impl.CallbackRunnable.run(Promise.scala:32) [scala-library-2.11.7.jar:na]
	at play.api.libs.iteratee.Execution$trampoline$.executeScheduled(Execution.scala:109) [play-iteratees_2.11-2.4.2.jar:2.4.2]
	at play.api.libs.iteratee.Execution$trampoline$.execute(Execution.scala:71) [play-iteratees_2.11-2.4.2.jar:2.4.2]
	at scala.concurrent.impl.CallbackRunnable.executeWithValue(Promise.scala:40) [scala-library-2.11.7.jar:na]
	at scala.concurrent.impl.Promise$DefaultPromise.tryComplete(Promise.scala:248) [scala-library-2.11.7.jar:na]
	at scala.concurrent.Promise$class.complete(Promise.scala:55) [scala-library-2.11.7.jar:na]
	at scala.concurrent.impl.Promise$DefaultPromise.complete(Promise.scala:153) [scala-library-2.11.7.jar:na]
	at scala.concurrent.impl.Future$PromiseCompletingRunnable.run(Future.scala:23) [scala-library-2.11.7.jar:na]
	at akka.dispatch.TaskInvocation.run(AbstractDispatcher.scala:40) [akka-actor_2.11-2.3.11.jar:na]
	at akka.dispatch.ForkJoinExecutorConfigurator$AkkaForkJoinTask.exec(AbstractDispatcher.scala:397) [akka-actor_2.11-2.3.11.jar:na]
	at scala.concurrent.forkjoin.ForkJoinTask.doExec(ForkJoinTask.java:260) [scala-library-2.11.7.jar:na]
	at scala.concurrent.forkjoin.ForkJoinPool$WorkQueue.runTask(ForkJoinPool.java:1339) [scala-library-2.11.7.jar:na]
	at scala.concurrent.forkjoin.ForkJoinPool.runWorker(ForkJoinPool.java:1979) [scala-library-2.11.7.jar:na]
	at scala.concurrent.forkjoin.ForkJoinWorkerThread.run(ForkJoinWorkerThread.java:107) [scala-library-2.11.7.jar:na]
Caused by: java.lang.NullPointerException: null
	at utility.StartGameUtility.isGameCompleteForAllPlayers(StartGameUtility.java:459) ~[classes/:na]
	at controllers.GameController.performStep(GameController.java:567) ~[classes/:2.4.2]
	at router.Routes$$anonfun$routes$1$$anonfun$applyOrElse$25$$anonfun$apply$25.apply(Routes.scala:756) ~[classes/:na]
	at router.Routes$$anonfun$routes$1$$anonfun$applyOrElse$25$$anonfun$apply$25.apply(Routes.scala:756) ~[classes/:na]
	at play.core.routing.HandlerInvokerFactory$$anon$4.resultCall(HandlerInvoker.scala:136) ~[play_2.11-2.4.2.jar:2.4.2]
	at play.core.routing.HandlerInvokerFactory$JavaActionInvokerFactory$$anon$14$$anon$3$$anon$1.invocation(HandlerInvoker.scala:127) ~[play_2.11-2.4.2.jar:2.4.2]
	at play.core.j.JavaAction$$anon$1.call(JavaAction.scala:70) ~[play_2.11-2.4.2.jar:2.4.2]
	at play.http.DefaultHttpRequestHandler$1.call(DefaultHttpRequestHandler.java:20) ~[play_2.11-2.4.2.jar:2.4.2]
	at play.core.j.JavaAction$$anonfun$7.apply(JavaAction.scala:94) ~[play_2.11-2.4.2.jar:2.4.2]
	at play.core.j.JavaAction$$anonfun$7.apply(JavaAction.scala:94) ~[play_2.11-2.4.2.jar:2.4.2]
	at scala.concurrent.impl.Future$PromiseCompletingRunnable.liftedTree1$1(Future.scala:24) [scala-library-2.11.7.jar:na]
	at scala.concurrent.impl.Future$PromiseCompletingRunnable.run(Future.scala:24) [scala-library-2.11.7.jar:na]
	at play.core.j.HttpExecutionContext$$anon$2.run(HttpExecutionContext.scala:40) ~[play_2.11-2.4.2.jar:2.4.2]
	at play.api.libs.iteratee.Execution$trampoline$.execute(Execution.scala:70) [play-iteratees_2.11-2.4.2.jar:2.4.2]
	at play.core.j.HttpExecutionContext.execute(HttpExecutionContext.scala:32) ~[play_2.11-2.4.2.jar:2.4.2]
	at scala.concurrent.impl.Future$.apply(Future.scala:31) ~[scala-library-2.11.7.jar:na]
	at scala.concurrent.Future$.apply(Future.scala:492) ~[scala-library-2.11.7.jar:na]
	at play.core.j.JavaAction.apply(JavaAction.scala:94) ~[play_2.11-2.4.2.jar:2.4.2]
	at play.api.mvc.Action$$anonfun$apply$1$$anonfun$apply$4$$anonfun$apply$5.apply(Action.scala:105) ~[play_2.11-2.4.2.jar:2.4.2]
	at play.api.mvc.Action$$anonfun$apply$1$$anonfun$apply$4$$anonfun$apply$5.apply(Action.scala:105) ~[play_2.11-2.4.2.jar:2.4.2]
	at play.utils.Threads$.withContextClassLoader(Threads.scala:21) ~[play_2.11-2.4.2.jar:2.4.2]
	at play.api.mvc.Action$$anonfun$apply$1$$anonfun$apply$4.apply(Action.scala:104) ~[play_2.11-2.4.2.jar:2.4.2]
	at play.api.mvc.Action$$anonfun$apply$1$$anonfun$apply$4.apply(Action.scala:103) ~[play_2.11-2.4.2.jar:2.4.2]
	at scala.Option.map(Option.scala:146) ~[scala-library-2.11.7.jar:na]
	at play.api.mvc.Action$$anonfun$apply$1.apply(Action.scala:103) ~[play_2.11-2.4.2.jar:2.4.2]
	at play.api.mvc.Action$$anonfun$apply$1.apply(Action.scala:96) ~[play_2.11-2.4.2.jar:2.4.2]
	at play.api.libs.iteratee.Iteratee$$anonfun$mapM$1.apply(Iteratee.scala:524) ~[play-iteratees_2.11-2.4.2.jar:2.4.2]
	at play.api.libs.iteratee.Iteratee$$anonfun$mapM$1.apply(Iteratee.scala:524) ~[play-iteratees_2.11-2.4.2.jar:2.4.2]
	at play.api.libs.iteratee.Iteratee$$anonfun$flatMapM$1.apply(Iteratee.scala:560) ~[play-iteratees_2.11-2.4.2.jar:2.4.2]
	at play.api.libs.iteratee.Iteratee$$anonfun$flatMapM$1.apply(Iteratee.scala:560) ~[play-iteratees_2.11-2.4.2.jar:2.4.2]
	at play.api.libs.iteratee.Iteratee$$anonfun$flatMap$1$$anonfun$apply$14.apply(Iteratee.scala:537) ~[play-iteratees_2.11-2.4.2.jar:2.4.2]
	at play.api.libs.iteratee.Iteratee$$anonfun$flatMap$1$$anonfun$apply$14.apply(Iteratee.scala:537) ~[play-iteratees_2.11-2.4.2.jar:2.4.2]
	at scala.concurrent.impl.Future$PromiseCompletingRunnable.liftedTree1$1(Future.scala:24) [scala-library-2.11.7.jar:na]
	at scala.concurrent.impl.Future$PromiseCompletingRunnable.run(Future.scala:24) [scala-library-2.11.7.jar:na]
	... 6 common frames omitted
2017-11-22 14:38:12,157 [INFO] from play.api.libs.concurrent.ActorSystemProvider in application-akka.actor.default-dispatcher-6 - Shutdown application default Akka system: application
2017-11-22 14:38:12,195 [INFO] from application in application-akka.actor.default-dispatcher-6 - Shutting down connection pool.
2017-11-22 14:38:12,430 [WARN] from application in application-akka.actor.default-dispatcher-6 - Logger configuration in conf files is deprecated and has no effect. Use a logback configuration file instead.
2017-11-22 14:38:12,502 [WARN] from application in application-akka.actor.default-dispatcher-6 - application.conf @ file:/Users/Arul/Documents/RISK_GAME_DEVELOPMENT/target/scala-2.11/classes/application.conf: 38: user is deprecated, use username instead
2017-11-22 14:38:12,503 [INFO] from application in application-akka.actor.default-dispatcher-6 - Creating Pool for datasource 'default'
2017-11-22 14:38:12,532 [INFO] from play.api.db.DefaultDBApi in application-akka.actor.default-dispatcher-6 - Database [default] connected at jdbc:mysql://127.0.0.1/RISK_GAME_DB
2017-11-22 14:38:12,607 [INFO] from play.api.libs.concurrent.ActorSystemProvider in application-akka.actor.default-dispatcher-6 - Starting application default Akka system: application
2017-11-22 14:38:12,649 [INFO] from play.api.Play in application-akka.actor.default-dispatcher-6 - Application started (Dev)
2017-11-22 14:38:12,684 [WARN] from application in application-akka.actor.default-dispatcher-3 - application.conf @ file:/Users/Arul/Documents/RISK_GAME_DEVELOPMENT/target/scala-2.11/classes/application.conf: 8: application.secret is deprecated, use play.crypto.secret instead
2017-11-22 14:38:40,468 [INFO] from play.api.libs.concurrent.ActorSystemProvider in application-akka.actor.default-dispatcher-11 - Shutdown application default Akka system: application
2017-11-22 14:38:40,488 [INFO] from application in application-akka.actor.default-dispatcher-11 - Shutting down connection pool.
2017-11-22 14:38:40,549 [WARN] from application in application-akka.actor.default-dispatcher-11 - Logger configuration in conf files is deprecated and has no effect. Use a logback configuration file instead.
2017-11-22 14:38:40,591 [WARN] from application in application-akka.actor.default-dispatcher-11 - application.conf @ file:/Users/Arul/Documents/RISK_GAME_DEVELOPMENT/target/scala-2.11/classes/application.conf: 38: user is deprecated, use username instead
2017-11-22 14:38:40,593 [INFO] from application in application-akka.actor.default-dispatcher-11 - Creating Pool for datasource 'default'
2017-11-22 14:38:40,608 [INFO] from play.api.db.DefaultDBApi in application-akka.actor.default-dispatcher-11 - Database [default] connected at jdbc:mysql://127.0.0.1/RISK_GAME_DB
2017-11-22 14:38:40,660 [INFO] from play.api.libs.concurrent.ActorSystemProvider in application-akka.actor.default-dispatcher-11 - Starting application default Akka system: application
2017-11-22 14:38:40,698 [INFO] from play.api.Play in application-akka.actor.default-dispatcher-11 - Application started (Dev)
2017-11-22 14:38:40,724 [WARN] from application in application-akka.actor.default-dispatcher-2 - application.conf @ file:/Users/Arul/Documents/RISK_GAME_DEVELOPMENT/target/scala-2.11/classes/application.conf: 8: application.secret is deprecated, use play.crypto.secret instead
2017-11-22 14:40:13,134 [INFO] from play.api.libs.concurrent.ActorSystemProvider in application-akka.actor.default-dispatcher-2 - Shutdown application default Akka system: application
2017-11-22 14:40:13,161 [INFO] from application in application-akka.actor.default-dispatcher-2 - Shutting down connection pool.
2017-11-22 14:40:13,255 [WARN] from application in application-akka.actor.default-dispatcher-2 - Logger configuration in conf files is deprecated and has no effect. Use a logback configuration file instead.
2017-11-22 14:40:13,362 [WARN] from application in application-akka.actor.default-dispatcher-2 - application.conf @ file:/Users/Arul/Documents/RISK_GAME_DEVELOPMENT/target/scala-2.11/classes/application.conf: 38: user is deprecated, use username instead
2017-11-22 14:40:13,362 [INFO] from application in application-akka.actor.default-dispatcher-2 - Creating Pool for datasource 'default'
2017-11-22 14:40:13,392 [INFO] from play.api.db.DefaultDBApi in application-akka.actor.default-dispatcher-2 - Database [default] connected at jdbc:mysql://127.0.0.1/RISK_GAME_DB
2017-11-22 14:40:13,472 [INFO] from play.api.libs.concurrent.ActorSystemProvider in application-akka.actor.default-dispatcher-2 - Starting application default Akka system: application
2017-11-22 14:40:13,506 [INFO] from play.api.Play in application-akka.actor.default-dispatcher-2 - Application started (Dev)
2017-11-22 14:40:13,531 [WARN] from application in application-akka.actor.default-dispatcher-2 - application.conf @ file:/Users/Arul/Documents/RISK_GAME_DEVELOPMENT/target/scala-2.11/classes/application.conf: 8: application.secret is deprecated, use play.crypto.secret instead
2017-11-22 15:12:40,408 [INFO] from play.api.libs.concurrent.ActorSystemProvider in application-akka.actor.default-dispatcher-2 - Shutdown application default Akka system: application
2017-11-22 15:12:40,445 [INFO] from application in application-akka.actor.default-dispatcher-2 - Shutting down connection pool.
2017-11-22 15:12:40,754 [WARN] from application in application-akka.actor.default-dispatcher-2 - Logger configuration in conf files is deprecated and has no effect. Use a logback configuration file instead.
2017-11-22 15:12:40,806 [WARN] from application in application-akka.actor.default-dispatcher-2 - application.conf @ file:/Users/Arul/Documents/RISK_GAME_DEVELOPMENT/target/scala-2.11/classes/application.conf: 38: user is deprecated, use username instead
2017-11-22 15:12:40,806 [INFO] from application in application-akka.actor.default-dispatcher-2 - Creating Pool for datasource 'default'
2017-11-22 15:12:40,820 [INFO] from play.api.db.DefaultDBApi in application-akka.actor.default-dispatcher-2 - Database [default] connected at jdbc:mysql://127.0.0.1/RISK_GAME_DB
2017-11-22 15:12:40,864 [INFO] from play.api.libs.concurrent.ActorSystemProvider in application-akka.actor.default-dispatcher-2 - Starting application default Akka system: application
2017-11-22 15:12:40,896 [INFO] from play.api.Play in application-akka.actor.default-dispatcher-2 - Application started (Dev)
2017-11-22 15:12:40,931 [WARN] from application in application-akka.actor.default-dispatcher-6 - application.conf @ file:/Users/Arul/Documents/RISK_GAME_DEVELOPMENT/target/scala-2.11/classes/application.conf: 8: application.secret is deprecated, use play.crypto.secret instead
2017-11-22 15:13:54,771 [INFO] from play.api.libs.concurrent.ActorSystemProvider in play-fork-run-akka.actor.default-dispatcher-103 - Shutdown application default Akka system: application
2017-11-22 15:13:54,799 [INFO] from application in play-fork-run-akka.actor.default-dispatcher-103 - Shutting down connection pool.
